2019-08-27 17:01:01,741:INFO: Network Matrix Builder
2019-08-27 17:01:01,741:INFO: Sabri Eyuboglu  -- SNAP Group
2019-08-27 17:01:01,741:INFO: ======================================
2019-08-27 17:01:01,741:INFO: Loading PPI Network...
2019-08-27 17:01:05,749:INFO: Building matrix...
2019-08-27 17:01:09,143:INFO: Saving matrix...
2019-08-27 17:02:40,044:INFO: Network Matrix Builder
2019-08-27 17:02:40,045:INFO: Sabri Eyuboglu  -- SNAP Group
2019-08-27 17:02:40,045:INFO: ======================================
2019-08-27 17:02:40,045:INFO: Loading PPI Network...
2019-08-27 17:02:41,389:INFO: Building matrix...
2019-08-27 17:02:46,232:INFO: Saving matrix...
2019-09-15 21:51:54,379:INFO: Network Matrix Builder
2019-09-15 21:51:54,380:INFO: Sabri Eyuboglu  -- SNAP Group
2019-09-15 21:51:54,380:INFO: ======================================
2019-09-15 21:51:54,380:INFO: Loading PPI Network...
2019-09-15 21:52:28,449:INFO: Building matrix...
2019-09-15 21:53:02,917:INFO: Saving matrix...
2019-09-16 10:46:18,083:INFO: Network Matrix Builder
2019-09-16 10:46:18,084:INFO: Sabri Eyuboglu  -- SNAP Group
2019-09-16 10:46:18,084:INFO: ======================================
2019-09-16 10:46:18,085:INFO: Loading PPI Network...
2019-09-16 10:46:18,433:INFO: Building matrix...
2019-09-16 10:46:21,018:INFO: Saving matrix...
