2023-11-26 17:25:19,240:INFO: Node set expansion evaluation
2023-11-26 17:25:19,240:INFO: Sabri Eyuboglu, Marinka Zitnik and Jure Leskovec  -- SNAP Group
2023-11-26 17:25:19,240:INFO: ======================================
2023-11-26 17:25:19,240:INFO: Loading Network...
2023-11-26 17:25:22,739:INFO: Loading Associations...
2023-11-26 17:26:10,841:INFO: Node set expansion evaluation
2023-11-26 17:26:10,841:INFO: Sabri Eyuboglu, Marinka Zitnik and Jure Leskovec  -- SNAP Group
2023-11-26 17:26:10,841:INFO: ======================================
2023-11-26 17:26:10,841:INFO: Loading Network...
2023-11-26 17:26:14,209:INFO: Loading Associations...
2023-11-26 17:26:28,425:INFO: Node set expansion evaluation
2023-11-26 17:26:28,425:INFO: Sabri Eyuboglu, Marinka Zitnik and Jure Leskovec  -- SNAP Group
2023-11-26 17:26:28,425:INFO: ======================================
2023-11-26 17:26:28,425:INFO: Loading Network...
2023-11-26 17:26:32,014:INFO: Loading Associations...
2023-11-26 17:31:54,034:INFO: Node set expansion evaluation
2023-11-26 17:31:54,034:INFO: Sabri Eyuboglu, Marinka Zitnik and Jure Leskovec  -- SNAP Group
2023-11-26 17:31:54,034:INFO: ======================================
2023-11-26 17:31:54,034:INFO: Loading Network...
2023-11-26 17:31:57,628:INFO: Loading Associations...
2023-11-26 17:31:57,629:INFO: Training Models...
2023-11-26 17:31:57,629:INFO: Training model for test 0
2023-11-26 17:34:10,578:INFO: Node set expansion evaluation
2023-11-26 17:34:10,578:INFO: Sabri Eyuboglu, Marinka Zitnik and Jure Leskovec  -- SNAP Group
2023-11-26 17:34:10,578:INFO: ======================================
2023-11-26 17:34:10,578:INFO: Loading Network...
2023-11-26 17:34:14,168:INFO: Loading Associations...
2023-11-26 17:34:14,169:INFO: Training Models...
2023-11-26 17:34:14,169:INFO: Training model for test 0
2023-11-26 17:34:14,170:INFO: Milieu
2023-11-26 17:34:14,170:INFO: Setting parameters...
2023-11-26 17:34:43,271:INFO: Node set expansion evaluation
2023-11-26 17:34:43,271:INFO: Sabri Eyuboglu, Marinka Zitnik and Jure Leskovec  -- SNAP Group
2023-11-26 17:34:43,271:INFO: ======================================
2023-11-26 17:34:43,271:INFO: Loading Network...
2023-11-26 17:34:46,658:INFO: Loading Associations...
2023-11-26 17:34:46,659:INFO: Training Models...
2023-11-26 17:34:46,659:INFO: Training model for test 0
2023-11-26 17:34:46,660:INFO: Milieu
2023-11-26 17:34:46,660:INFO: Setting parameters...
2023-11-26 17:34:46,660:INFO: Building model...
2023-11-26 17:34:47,180:INFO: Building optimizer...
2023-11-26 17:34:47,180:INFO: Done.
