2019-04-22 17:03:09,389:INFO: Disease Protein Prediction
2019-04-22 17:03:09,389:INFO: Sabri Eyuboglu  -- SNAP Group
2019-04-22 17:03:09,389:INFO: ======================================
2019-04-22 17:03:09,389:INFO: Loading Disease Associations...
2019-04-22 17:03:09,420:INFO: Loading Network...
2019-04-22 17:03:22,283:INFO: Loading enrichment study...
2019-04-22 17:03:42,518:INFO: Loading predictions...
2019-04-22 17:10:46,670:INFO: Disease Protein Prediction
2019-04-22 17:10:46,670:INFO: Sabri Eyuboglu  -- SNAP Group
2019-04-22 17:10:46,670:INFO: ======================================
2019-04-22 17:10:46,671:INFO: Loading Disease Associations...
2019-04-22 17:10:46,697:INFO: Loading Network...
2019-04-22 17:11:17,625:INFO: Disease Protein Prediction
2019-04-22 17:11:17,625:INFO: Sabri Eyuboglu  -- SNAP Group
2019-04-22 17:11:17,626:INFO: ======================================
2019-04-22 17:11:17,626:INFO: Loading Disease Associations...
2019-04-22 17:11:17,648:INFO: Loading Network...
2019-04-22 17:11:30,695:INFO: Loading enrichment study...
2019-04-22 17:11:50,829:INFO: Loading predictions...
2019-04-22 17:14:12,026:INFO: Loading enrichment results...
2019-04-22 17:20:17,271:INFO: Disease Protein Prediction
2019-04-22 17:20:17,272:INFO: Sabri Eyuboglu  -- SNAP Group
2019-04-22 17:20:17,272:INFO: ======================================
2019-04-22 17:20:17,272:INFO: Loading Disease Associations...
2019-04-22 17:20:17,295:INFO: Loading Network...
2019-04-22 17:20:30,165:INFO: Loading enrichment study...
2019-04-22 17:20:50,820:INFO: Loading predictions...
2019-04-22 17:23:08,976:INFO: Loading enrichment results...
2019-04-22 17:31:02,503:INFO: Disease Protein Prediction
2019-04-22 17:31:02,503:INFO: Sabri Eyuboglu  -- SNAP Group
2019-04-22 17:31:02,504:INFO: ======================================
2019-04-22 17:31:02,504:INFO: Loading Disease Associations...
2019-04-22 17:31:02,526:INFO: Loading Network...
2019-04-22 17:31:15,486:INFO: Loading enrichment study...
2019-04-22 17:31:36,249:INFO: Loading predictions...
2019-04-22 17:33:55,453:INFO: Loading enrichment results...
2019-04-22 17:45:59,206:INFO: Disease Protein Prediction
2019-04-22 17:45:59,206:INFO: Sabri Eyuboglu  -- SNAP Group
2019-04-22 17:45:59,207:INFO: ======================================
2019-04-22 17:45:59,207:INFO: Loading Disease Associations...
2019-04-22 17:45:59,235:INFO: Loading Network...
2019-04-22 17:46:12,068:INFO: Loading enrichment study...
2019-04-22 17:46:32,015:INFO: Loading predictions...
2019-04-22 17:48:51,465:INFO: Loading enrichment results...
2019-04-22 17:50:02,059:INFO: Disease Protein Prediction
2019-04-22 17:50:02,059:INFO: Sabri Eyuboglu  -- SNAP Group
2019-04-22 17:50:02,060:INFO: ======================================
2019-04-22 17:50:02,060:INFO: Loading Disease Associations...
2019-04-22 17:50:02,082:INFO: Loading Network...
2019-04-22 17:50:15,147:INFO: Loading enrichment study...
2019-04-22 17:50:35,558:INFO: Loading predictions...
2019-04-22 17:52:55,306:INFO: Loading enrichment results...
2019-04-22 18:01:01,114:INFO: Disease Protein Prediction
2019-04-22 18:01:01,115:INFO: Sabri Eyuboglu  -- SNAP Group
2019-04-22 18:01:01,115:INFO: ======================================
2019-04-22 18:01:01,115:INFO: Loading Disease Associations...
2019-04-22 18:01:01,154:INFO: Loading Network...
2019-04-22 18:01:14,054:INFO: Loading enrichment study...
2019-04-22 18:01:34,045:INFO: Loading predictions...
2019-04-22 18:03:55,486:INFO: Loading enrichment results...
2019-04-22 18:31:40,855:INFO: Disease Protein Prediction
2019-04-22 18:31:40,856:INFO: Sabri Eyuboglu  -- SNAP Group
2019-04-22 18:31:40,856:INFO: ======================================
2019-04-22 18:31:40,856:INFO: Loading Disease Associations...
2019-04-22 18:31:40,887:INFO: Loading Network...
2019-04-22 18:31:53,776:INFO: Loading enrichment study...
2019-04-22 18:32:13,673:INFO: Loading predictions...
2019-04-22 18:32:56,877:INFO: Disease Protein Prediction
2019-04-22 18:32:56,877:INFO: Sabri Eyuboglu  -- SNAP Group
2019-04-22 18:32:56,877:INFO: ======================================
2019-04-22 18:32:56,877:INFO: Loading Disease Associations...
2019-04-22 18:32:56,904:INFO: Loading Network...
2019-04-22 18:33:11,832:INFO: Loading enrichment study...
2019-04-22 18:33:31,957:INFO: Loading predictions...
2019-04-22 18:45:36,335:INFO: Disease Protein Prediction
2019-04-22 18:45:36,335:INFO: Sabri Eyuboglu  -- SNAP Group
2019-04-22 18:45:36,335:INFO: ======================================
2019-04-22 18:45:36,335:INFO: Loading Disease Associations...
2019-04-22 18:45:36,363:INFO: Loading Network...
2019-04-22 18:45:49,648:INFO: Loading enrichment study...
2019-04-22 18:46:08,880:INFO: Loading predictions...
2019-04-22 18:50:51,374:INFO: Disease Protein Prediction
2019-04-22 18:50:51,375:INFO: Sabri Eyuboglu  -- SNAP Group
2019-04-22 18:50:51,375:INFO: ======================================
2019-04-22 18:50:51,375:INFO: Loading Disease Associations...
2019-04-22 18:50:51,406:INFO: Loading Network...
2019-04-22 18:51:04,337:INFO: Loading enrichment study...
2019-04-22 18:51:24,252:INFO: Loading predictions...
2019-04-22 18:58:27,903:INFO: Disease Protein Prediction
2019-04-22 18:58:27,903:INFO: Sabri Eyuboglu  -- SNAP Group
2019-04-22 18:58:27,903:INFO: ======================================
2019-04-22 18:58:27,903:INFO: Loading Disease Associations...
2019-04-22 18:58:27,992:INFO: Loading Network...
2019-04-22 18:58:40,875:INFO: Loading enrichment study...
2019-04-22 18:59:01,071:INFO: Loading predictions...
2019-04-22 19:01:17,605:INFO: Loading outputs...
2019-04-22 21:34:08,791:INFO: Disease Protein Prediction
2019-04-22 21:34:08,792:INFO: Sabri Eyuboglu  -- SNAP Group
2019-04-22 21:34:08,792:INFO: ======================================
2019-04-22 21:34:08,792:INFO: Loading Disease Associations...
2019-04-22 21:34:09,003:INFO: Loading Network...
2019-04-22 21:34:21,795:INFO: Loading enrichment study...
2019-04-22 21:34:42,545:INFO: Loading predictions...
2019-04-22 21:37:03,306:INFO: Loading outputs...
2019-04-24 12:42:38,848:INFO: Disease Protein Prediction
2019-04-24 12:42:38,850:INFO: Sabri Eyuboglu  -- SNAP Group
2019-04-24 12:42:38,850:INFO: ======================================
2019-04-24 12:42:38,852:INFO: Loading Disease Associations...
2019-04-24 12:42:38,930:INFO: Loading Network...
2019-04-24 12:42:55,373:INFO: Loading enrichment study...
2019-04-24 12:43:09,908:INFO: Loading predictions...
2019-04-28 13:36:21,962:INFO: Disease Protein Prediction
2019-04-28 13:36:21,963:INFO: Sabri Eyuboglu  -- SNAP Group
2019-04-28 13:36:21,964:INFO: ======================================
2019-04-28 13:36:21,965:INFO: Loading Disease Associations...
2019-04-28 13:36:22,039:INFO: Loading Network...
2019-04-28 13:36:29,296:INFO: Loading enrichment study...
2019-04-28 13:36:40,807:INFO: Loading predictions...
2019-04-29 14:14:00,281:INFO: Disease Protein Prediction
2019-04-29 14:14:00,283:INFO: Sabri Eyuboglu  -- SNAP Group
2019-04-29 14:14:00,284:INFO: ======================================
2019-04-29 14:14:00,286:INFO: Loading Disease Associations...
2019-04-29 14:14:00,353:INFO: Loading Network...
