2019-06-13 17:43:50,257:INFO: Disease Protein Prediction in the PPI Network
2019-06-13 17:43:50,257:INFO: Sabri Eyuboglu  -- SNAP Group
2019-06-13 17:43:50,258:INFO: ======================================
2019-06-13 17:43:50,258:INFO: Loading PPI Network...
2019-06-13 17:44:08,524:INFO: Disease Protein Prediction in the PPI Network
2019-06-13 17:44:08,525:INFO: Sabri Eyuboglu  -- SNAP Group
2019-06-13 17:44:08,525:INFO: ======================================
2019-06-13 17:44:08,525:INFO: Loading PPI Network...
2019-06-13 17:44:14,723:INFO: Loading Disease Associations...
2019-06-13 17:45:49,582:INFO: Disease Protein Prediction in the PPI Network
2019-06-13 17:45:49,583:INFO: Sabri Eyuboglu  -- SNAP Group
2019-06-13 17:45:49,583:INFO: ======================================
2019-06-13 17:45:49,583:INFO: Loading PPI Network...
2019-06-13 17:45:56,152:INFO: Loading Disease Associations...
2019-06-13 17:47:17,954:INFO: Disease Protein Prediction in the PPI Network
2019-06-13 17:47:17,955:INFO: Sabri Eyuboglu  -- SNAP Group
2019-06-13 17:47:17,955:INFO: ======================================
2019-06-13 17:47:17,955:INFO: Loading PPI Network...
2019-06-13 17:47:25,691:INFO: Loading Disease Associations...
2019-06-13 17:47:25,799:INFO: Training Models...
2019-06-13 17:47:25,844:INFO: Training model for test 3
2019-06-13 17:47:44,571:INFO: Disease Protein Prediction in the PPI Network
2019-06-13 17:47:44,571:INFO: Sabri Eyuboglu  -- SNAP Group
2019-06-13 17:47:44,571:INFO: ======================================
2019-06-13 17:47:44,572:INFO: Loading PPI Network...
2019-06-13 17:47:50,477:INFO: Loading Disease Associations...
2019-06-13 17:47:50,543:INFO: Training Models...
2019-06-13 17:47:50,545:INFO: Training model for test 3
2019-06-13 17:48:04,738:INFO: Starting training for 10 epoch(s)
2019-06-13 17:48:04,739:INFO: Epoch 1/10
2019-06-13 17:48:04,740:INFO: Train
2019-06-13 17:48:06,890:INFO: - Train metrics: recall_at_100: 0.159 ; loss: 1.434
2019-06-13 17:48:06,890:INFO: Evaluate
2019-06-13 17:48:08,304:INFO: - Evaluate metrics: recall_at_100: 0.140 ; loss: 1.215
2019-06-13 17:48:08,304:INFO: - Found new best recall_at_100
2019-06-13 17:48:08,382:INFO: Epoch 2/10
2019-06-13 17:48:08,383:INFO: Train
2019-06-13 17:48:10,526:INFO: - Train metrics: recall_at_100: 0.106 ; loss: 1.165
2019-06-13 17:48:10,527:INFO: Evaluate
2019-06-13 17:48:11,999:INFO: - Evaluate metrics: recall_at_100: 0.136 ; loss: 1.094
2019-06-13 17:48:12,033:INFO: Epoch 3/10
2019-06-13 17:48:12,034:INFO: Train
2019-06-13 17:48:14,234:INFO: - Train metrics: recall_at_100: 0.147 ; loss: 1.113
2019-06-13 17:48:14,235:INFO: Evaluate
2019-06-13 17:48:15,543:INFO: - Evaluate metrics: recall_at_100: 0.145 ; loss: 1.105
2019-06-13 17:48:15,543:INFO: - Found new best recall_at_100
2019-06-13 17:48:15,662:INFO: Epoch 4/10
2019-06-13 17:48:15,662:INFO: Train
2019-06-13 17:48:17,571:INFO: - Train metrics: recall_at_100: 0.173 ; loss: 1.087
2019-06-13 17:48:17,572:INFO: Evaluate
2019-06-13 17:48:19,724:INFO: - Evaluate metrics: recall_at_100: 0.122 ; loss: 1.076
2019-06-13 17:48:19,761:INFO: Epoch 5/10
2019-06-13 17:48:19,761:INFO: Train
2019-06-13 17:48:21,667:INFO: - Train metrics: recall_at_100: 0.148 ; loss: 1.084
2019-06-13 17:48:21,668:INFO: Evaluate
2019-06-13 17:48:22,983:INFO: - Evaluate metrics: recall_at_100: 0.138 ; loss: 1.078
2019-06-13 17:48:23,030:INFO: Epoch 6/10
2019-06-13 17:48:23,030:INFO: Train
2019-06-13 17:48:25,180:INFO: - Train metrics: recall_at_100: 0.145 ; loss: 1.090
2019-06-13 17:48:25,180:INFO: Evaluate
2019-06-13 17:48:26,496:INFO: - Evaluate metrics: recall_at_100: 0.158 ; loss: 1.086
2019-06-13 17:48:26,496:INFO: - Found new best recall_at_100
2019-06-13 17:48:26,608:INFO: Epoch 7/10
2019-06-13 17:48:26,609:INFO: Train
2019-06-13 17:48:28,536:INFO: - Train metrics: recall_at_100: 0.138 ; loss: 1.098
2019-06-13 17:48:28,536:INFO: Evaluate
2019-06-13 17:48:29,970:INFO: - Evaluate metrics: recall_at_100: 0.144 ; loss: 1.081
2019-06-13 17:48:30,020:INFO: Epoch 8/10
2019-06-13 17:48:30,020:INFO: Train
2019-06-13 17:48:32,130:INFO: - Train metrics: recall_at_100: 0.125 ; loss: 1.087
2019-06-13 17:48:32,130:INFO: Evaluate
2019-06-13 17:48:33,590:INFO: - Evaluate metrics: recall_at_100: 0.151 ; loss: 1.095
2019-06-13 17:48:33,622:INFO: Epoch 9/10
2019-06-13 17:48:33,623:INFO: Train
2019-06-13 17:48:35,529:INFO: - Train metrics: recall_at_100: 0.141 ; loss: 1.105
2019-06-13 17:48:35,529:INFO: Evaluate
2019-06-13 17:48:36,874:INFO: - Evaluate metrics: recall_at_100: 0.126 ; loss: 1.086
2019-06-13 17:48:36,926:INFO: Epoch 10/10
2019-06-13 17:48:36,927:INFO: Train
2019-06-13 17:48:39,007:INFO: - Train metrics: recall_at_100: 0.140 ; loss: 1.100
2019-06-13 17:48:39,007:INFO: Evaluate
2019-06-13 17:48:40,307:INFO: - Evaluate metrics: recall_at_100: 0.126 ; loss: 1.104
2019-06-13 17:49:02,439:INFO: Training model for test 9
2019-06-13 17:49:05,341:INFO: Starting training for 10 epoch(s)
2019-06-13 17:49:05,341:INFO: Epoch 1/10
2019-06-13 17:49:05,341:INFO: Train
2019-06-13 17:49:07,483:INFO: - Train metrics: recall_at_100: 0.004 ; loss: 1.419
2019-06-13 17:49:07,483:INFO: Evaluate
2019-06-13 17:49:08,842:INFO: - Evaluate metrics: recall_at_100: 0.137 ; loss: 1.171
2019-06-13 17:49:08,844:INFO: - Found new best recall_at_100
2019-06-13 17:49:08,955:INFO: Epoch 2/10
2019-06-13 17:49:08,955:INFO: Train
2019-06-13 17:49:10,969:INFO: - Train metrics: recall_at_100: 0.120 ; loss: 1.183
2019-06-13 17:49:10,970:INFO: Evaluate
2019-06-13 17:49:12,243:INFO: - Evaluate metrics: recall_at_100: 0.120 ; loss: 1.112
2019-06-13 17:49:12,283:INFO: Epoch 3/10
2019-06-13 17:49:12,283:INFO: Train
2019-06-13 17:49:14,302:INFO: - Train metrics: recall_at_100: 0.160 ; loss: 1.152
2019-06-13 17:49:14,302:INFO: Evaluate
2019-06-13 17:49:15,758:INFO: - Evaluate metrics: recall_at_100: 0.122 ; loss: 1.100
2019-06-13 17:49:15,790:INFO: Epoch 4/10
2019-06-13 17:49:15,790:INFO: Train
2019-06-13 17:49:17,839:INFO: - Train metrics: recall_at_100: 0.125 ; loss: 1.128
2019-06-13 17:49:17,839:INFO: Evaluate
2019-06-13 17:49:19,195:INFO: - Evaluate metrics: recall_at_100: 0.171 ; loss: 1.074
2019-06-13 17:49:19,196:INFO: - Found new best recall_at_100
2019-06-13 17:49:19,317:INFO: Epoch 5/10
2019-06-13 17:49:19,317:INFO: Train
2019-06-13 17:49:21,263:INFO: - Train metrics: recall_at_100: 0.145 ; loss: 1.097
2019-06-13 17:49:21,264:INFO: Evaluate
2019-06-13 17:49:22,685:INFO: - Evaluate metrics: recall_at_100: 0.162 ; loss: 1.094
2019-06-13 17:49:22,723:INFO: Epoch 6/10
2019-06-13 17:49:22,723:INFO: Train
2019-06-13 17:49:25,022:INFO: - Train metrics: recall_at_100: 0.150 ; loss: 1.097
2019-06-13 17:49:25,023:INFO: Evaluate
2019-06-13 17:49:26,519:INFO: - Evaluate metrics: recall_at_100: 0.148 ; loss: 1.087
2019-06-13 17:49:26,560:INFO: Epoch 7/10
2019-06-13 17:49:26,560:INFO: Train
2019-06-13 17:49:28,710:INFO: - Train metrics: recall_at_100: 0.124 ; loss: 1.099
2019-06-13 17:49:28,710:INFO: Evaluate
2019-06-13 17:49:30,113:INFO: - Evaluate metrics: recall_at_100: 0.130 ; loss: 1.090
2019-06-13 17:49:30,158:INFO: Epoch 8/10
2019-06-13 17:49:30,159:INFO: Train
2019-06-13 17:49:32,139:INFO: - Train metrics: recall_at_100: 0.144 ; loss: 1.084
2019-06-13 17:49:32,139:INFO: Evaluate
2019-06-13 17:49:33,568:INFO: - Evaluate metrics: recall_at_100: 0.154 ; loss: 1.072
2019-06-13 17:49:33,610:INFO: Epoch 9/10
2019-06-13 17:49:33,611:INFO: Train
2019-06-13 17:49:35,634:INFO: - Train metrics: recall_at_100: 0.142 ; loss: 1.082
2019-06-13 17:49:35,634:INFO: Evaluate
2019-06-13 17:49:37,189:INFO: - Evaluate metrics: recall_at_100: 0.130 ; loss: 1.092
2019-06-13 17:49:37,229:INFO: Epoch 10/10
2019-06-13 17:49:37,229:INFO: Train
2019-06-13 17:49:39,379:INFO: - Train metrics: recall_at_100: 0.130 ; loss: 1.108
2019-06-13 17:49:39,380:INFO: Evaluate
2019-06-13 17:49:40,729:INFO: - Evaluate metrics: recall_at_100: 0.118 ; loss: 1.109
2019-06-13 17:50:03,306:INFO: Training model for test 8
2019-06-13 17:50:06,184:INFO: Starting training for 10 epoch(s)
2019-06-13 17:50:06,184:INFO: Epoch 1/10
2019-06-13 17:50:06,184:INFO: Train
2019-06-13 17:50:08,208:INFO: - Train metrics: recall_at_100: 0.116 ; loss: 1.576
2019-06-13 17:50:08,208:INFO: Evaluate
2019-06-13 17:50:09,677:INFO: - Evaluate metrics: recall_at_100: 0.100 ; loss: 1.347
2019-06-13 17:50:09,677:INFO: - Found new best recall_at_100
2019-06-13 17:50:09,834:INFO: Epoch 2/10
2019-06-13 17:50:09,834:INFO: Train
2019-06-13 17:50:11,878:INFO: - Train metrics: recall_at_100: 0.101 ; loss: 1.225
2019-06-13 17:50:11,879:INFO: Evaluate
2019-06-13 17:50:13,285:INFO: - Evaluate metrics: recall_at_100: 0.129 ; loss: 1.180
2019-06-13 17:50:13,286:INFO: - Found new best recall_at_100
2019-06-13 17:50:13,378:INFO: Epoch 3/10
2019-06-13 17:50:13,378:INFO: Train
2019-06-13 17:50:15,456:INFO: - Train metrics: recall_at_100: 0.128 ; loss: 1.139
2019-06-13 17:50:15,457:INFO: Evaluate
2019-06-13 17:50:16,908:INFO: - Evaluate metrics: recall_at_100: 0.112 ; loss: 1.112
2019-06-13 17:50:16,948:INFO: Epoch 4/10
2019-06-13 17:50:16,948:INFO: Train
2019-06-13 17:50:18,998:INFO: - Train metrics: recall_at_100: 0.111 ; loss: 1.111
2019-06-13 17:50:18,998:INFO: Evaluate
2019-06-13 17:50:20,332:INFO: - Evaluate metrics: recall_at_100: 0.137 ; loss: 1.154
2019-06-13 17:50:20,332:INFO: - Found new best recall_at_100
2019-06-13 17:50:20,457:INFO: Epoch 5/10
2019-06-13 17:50:20,458:INFO: Train
2019-06-13 17:50:22,434:INFO: - Train metrics: recall_at_100: 0.162 ; loss: 1.123
2019-06-13 17:50:22,435:INFO: Evaluate
2019-06-13 17:50:23,705:INFO: - Evaluate metrics: recall_at_100: 0.135 ; loss: 1.112
2019-06-13 17:50:23,745:INFO: Epoch 6/10
2019-06-13 17:50:23,745:INFO: Train
2019-06-13 17:50:25,840:INFO: - Train metrics: recall_at_100: 0.151 ; loss: 1.085
2019-06-13 17:50:25,841:INFO: Evaluate
2019-06-13 17:50:27,274:INFO: - Evaluate metrics: recall_at_100: 0.123 ; loss: 1.092
2019-06-13 17:50:27,314:INFO: Epoch 7/10
2019-06-13 17:50:27,314:INFO: Train
2019-06-13 17:50:29,476:INFO: - Train metrics: recall_at_100: 0.131 ; loss: 1.084
2019-06-13 17:50:29,477:INFO: Evaluate
2019-06-13 17:50:30,859:INFO: - Evaluate metrics: recall_at_100: 0.142 ; loss: 1.099
2019-06-13 17:50:30,859:INFO: - Found new best recall_at_100
2019-06-13 17:50:30,971:INFO: Epoch 8/10
2019-06-13 17:50:30,971:INFO: Train
2019-06-13 17:50:33,040:INFO: - Train metrics: recall_at_100: 0.165 ; loss: 1.110
2019-06-13 17:50:33,041:INFO: Evaluate
2019-06-13 17:50:34,526:INFO: - Evaluate metrics: recall_at_100: 0.144 ; loss: 1.085
2019-06-13 17:50:34,527:INFO: - Found new best recall_at_100
2019-06-13 17:50:34,638:INFO: Epoch 9/10
2019-06-13 17:50:34,639:INFO: Train
2019-06-13 17:50:36,681:INFO: - Train metrics: recall_at_100: 0.172 ; loss: 1.100
2019-06-13 17:50:36,681:INFO: Evaluate
2019-06-13 17:50:38,147:INFO: - Evaluate metrics: recall_at_100: 0.118 ; loss: 1.070
2019-06-13 17:50:38,191:INFO: Epoch 10/10
2019-06-13 17:50:38,191:INFO: Train
2019-06-13 17:50:40,131:INFO: - Train metrics: recall_at_100: 0.140 ; loss: 1.091
2019-06-13 17:50:40,131:INFO: Evaluate
2019-06-13 17:50:41,485:INFO: - Evaluate metrics: recall_at_100: 0.127 ; loss: 1.119
2019-06-13 17:51:03,326:INFO: Training model for test 2
2019-06-13 17:51:06,289:INFO: Starting training for 10 epoch(s)
2019-06-13 17:51:06,289:INFO: Epoch 1/10
2019-06-13 17:51:06,290:INFO: Train
2019-06-13 17:51:08,377:INFO: - Train metrics: recall_at_100: 0.115 ; loss: 1.497
2019-06-13 17:51:08,377:INFO: Evaluate
2019-06-13 17:51:09,858:INFO: - Evaluate metrics: recall_at_100: 0.107 ; loss: 1.477
2019-06-13 17:51:09,859:INFO: - Found new best recall_at_100
2019-06-13 17:51:09,973:INFO: Epoch 2/10
2019-06-13 17:51:09,974:INFO: Train
2019-06-13 17:51:12,240:INFO: - Train metrics: recall_at_100: 0.126 ; loss: 1.216
2019-06-13 17:51:12,241:INFO: Evaluate
2019-06-13 17:51:13,722:INFO: - Evaluate metrics: recall_at_100: 0.146 ; loss: 1.163
2019-06-13 17:51:13,722:INFO: - Found new best recall_at_100
2019-06-13 17:51:13,832:INFO: Epoch 3/10
2019-06-13 17:51:13,832:INFO: Train
2019-06-13 17:51:16,005:INFO: - Train metrics: recall_at_100: 0.149 ; loss: 1.120
2019-06-13 17:51:16,005:INFO: Evaluate
2019-06-13 17:51:17,275:INFO: - Evaluate metrics: recall_at_100: 0.158 ; loss: 1.152
2019-06-13 17:51:17,275:INFO: - Found new best recall_at_100
2019-06-13 17:51:17,393:INFO: Epoch 4/10
2019-06-13 17:51:17,393:INFO: Train
2019-06-13 17:51:19,546:INFO: - Train metrics: recall_at_100: 0.152 ; loss: 1.117
2019-06-13 17:51:19,547:INFO: Evaluate
2019-06-13 17:51:20,922:INFO: - Evaluate metrics: recall_at_100: 0.139 ; loss: 1.159
2019-06-13 17:51:20,958:INFO: Epoch 5/10
2019-06-13 17:51:20,958:INFO: Train
2019-06-13 17:51:23,044:INFO: - Train metrics: recall_at_100: 0.140 ; loss: 1.090
2019-06-13 17:51:23,044:INFO: Evaluate
2019-06-13 17:51:24,362:INFO: - Evaluate metrics: recall_at_100: 0.114 ; loss: 1.209
2019-06-13 17:51:24,404:INFO: Epoch 6/10
2019-06-13 17:51:24,404:INFO: Train
2019-06-13 17:51:26,465:INFO: - Train metrics: recall_at_100: 0.144 ; loss: 1.085
2019-06-13 17:51:26,466:INFO: Evaluate
2019-06-13 17:51:27,882:INFO: - Evaluate metrics: recall_at_100: 0.145 ; loss: 1.197
2019-06-13 17:51:27,918:INFO: Epoch 7/10
2019-06-13 17:51:27,918:INFO: Train
2019-06-13 17:51:29,842:INFO: - Train metrics: recall_at_100: 0.164 ; loss: 1.092
2019-06-13 17:51:29,842:INFO: Evaluate
2019-06-13 17:51:31,522:INFO: - Evaluate metrics: recall_at_100: 0.128 ; loss: 1.162
2019-06-13 17:51:31,957:INFO: Epoch 8/10
2019-06-13 17:51:31,957:INFO: Train
2019-06-13 17:51:34,111:INFO: - Train metrics: recall_at_100: 0.161 ; loss: 1.086
2019-06-13 17:51:34,111:INFO: Evaluate
2019-06-13 17:51:35,536:INFO: - Evaluate metrics: recall_at_100: 0.118 ; loss: 1.184
2019-06-13 17:51:35,581:INFO: Epoch 9/10
2019-06-13 17:51:35,581:INFO: Train
2019-06-13 17:51:37,828:INFO: - Train metrics: recall_at_100: 0.167 ; loss: 1.084
2019-06-13 17:51:37,828:INFO: Evaluate
2019-06-13 17:51:39,215:INFO: - Evaluate metrics: recall_at_100: 0.169 ; loss: 1.145
2019-06-13 17:51:39,216:INFO: - Found new best recall_at_100
2019-06-13 17:51:39,326:INFO: Epoch 10/10
2019-06-13 17:51:39,326:INFO: Train
2019-06-13 17:51:41,497:INFO: - Train metrics: recall_at_100: 0.166 ; loss: 1.092
2019-06-13 17:51:41,498:INFO: Evaluate
2019-06-13 17:51:43,007:INFO: - Evaluate metrics: recall_at_100: 0.146 ; loss: 1.151
2019-06-13 17:52:04,759:INFO: Training model for test 4
2019-06-13 17:52:07,781:INFO: Starting training for 10 epoch(s)
2019-06-13 17:52:07,781:INFO: Epoch 1/10
2019-06-13 17:52:07,782:INFO: Train
2019-06-13 17:52:09,844:INFO: - Train metrics: recall_at_100: 0.001 ; loss: 1.487
2019-06-13 17:52:09,845:INFO: Evaluate
2019-06-13 17:52:11,172:INFO: - Evaluate metrics: recall_at_100: 0.112 ; loss: 1.217
2019-06-13 17:52:11,174:INFO: - Found new best recall_at_100
2019-06-13 17:52:11,263:INFO: Epoch 2/10
2019-06-13 17:52:11,263:INFO: Train
2019-06-13 17:52:13,451:INFO: - Train metrics: recall_at_100: 0.104 ; loss: 1.184
2019-06-13 17:52:13,451:INFO: Evaluate
2019-06-13 17:52:14,774:INFO: - Evaluate metrics: recall_at_100: 0.146 ; loss: 1.172
2019-06-13 17:52:14,774:INFO: - Found new best recall_at_100
2019-06-13 17:52:14,879:INFO: Epoch 3/10
2019-06-13 17:52:14,879:INFO: Train
2019-06-13 17:52:16,923:INFO: - Train metrics: recall_at_100: 0.164 ; loss: 1.129
2019-06-13 17:52:16,924:INFO: Evaluate
2019-06-13 17:52:18,423:INFO: - Evaluate metrics: recall_at_100: 0.146 ; loss: 1.118
2019-06-13 17:52:18,423:INFO: - Found new best recall_at_100
2019-06-13 17:52:18,523:INFO: Epoch 4/10
2019-06-13 17:52:18,524:INFO: Train
2019-06-13 17:52:20,467:INFO: - Train metrics: recall_at_100: 0.142 ; loss: 1.099
2019-06-13 17:52:20,468:INFO: Evaluate
2019-06-13 17:52:21,809:INFO: - Evaluate metrics: recall_at_100: 0.152 ; loss: 1.138
2019-06-13 17:52:21,810:INFO: - Found new best recall_at_100
2019-06-13 17:52:21,923:INFO: Epoch 5/10
2019-06-13 17:52:21,923:INFO: Train
2019-06-13 17:52:24,068:INFO: - Train metrics: recall_at_100: 0.136 ; loss: 1.103
2019-06-13 17:52:24,068:INFO: Evaluate
2019-06-13 17:52:25,506:INFO: - Evaluate metrics: recall_at_100: 0.182 ; loss: 1.112
2019-06-13 17:52:25,507:INFO: - Found new best recall_at_100
2019-06-13 17:52:25,619:INFO: Epoch 6/10
2019-06-13 17:52:25,620:INFO: Train
2019-06-13 17:52:27,706:INFO: - Train metrics: recall_at_100: 0.130 ; loss: 1.103
2019-06-13 17:52:27,707:INFO: Evaluate
2019-06-13 17:52:29,111:INFO: - Evaluate metrics: recall_at_100: 0.161 ; loss: 1.110
2019-06-13 17:52:29,149:INFO: Epoch 7/10
2019-06-13 17:52:29,150:INFO: Train
2019-06-13 17:52:31,208:INFO: - Train metrics: recall_at_100: 0.157 ; loss: 1.089
2019-06-13 17:52:31,208:INFO: Evaluate
2019-06-13 17:52:32,670:INFO: - Evaluate metrics: recall_at_100: 0.180 ; loss: 1.105
2019-06-13 17:52:32,709:INFO: Epoch 8/10
2019-06-13 17:52:32,710:INFO: Train
2019-06-13 17:52:34,752:INFO: - Train metrics: recall_at_100: 0.127 ; loss: 1.091
2019-06-13 17:52:34,752:INFO: Evaluate
2019-06-13 17:52:36,263:INFO: - Evaluate metrics: recall_at_100: 0.133 ; loss: 1.141
2019-06-13 17:52:36,295:INFO: Epoch 9/10
2019-06-13 17:52:36,296:INFO: Train
2019-06-13 17:52:38,277:INFO: - Train metrics: recall_at_100: 0.132 ; loss: 1.095
2019-06-13 17:52:38,278:INFO: Evaluate
2019-06-13 17:52:39,636:INFO: - Evaluate metrics: recall_at_100: 0.155 ; loss: 1.139
2019-06-13 17:52:39,667:INFO: Epoch 10/10
2019-06-13 17:52:39,668:INFO: Train
2019-06-13 17:52:41,724:INFO: - Train metrics: recall_at_100: 0.162 ; loss: 1.096
2019-06-13 17:52:41,724:INFO: Evaluate
2019-06-13 17:52:43,152:INFO: - Evaluate metrics: recall_at_100: 0.157 ; loss: 1.121
2019-06-13 17:53:05,029:INFO: Training model for test 5
2019-06-13 17:53:07,977:INFO: Starting training for 10 epoch(s)
2019-06-13 17:53:07,977:INFO: Epoch 1/10
2019-06-13 17:53:07,978:INFO: Train
2019-06-13 17:53:09,997:INFO: - Train metrics: recall_at_100: 0.119 ; loss: 1.423
2019-06-13 17:53:09,998:INFO: Evaluate
2019-06-13 17:53:11,441:INFO: - Evaluate metrics: recall_at_100: 0.117 ; loss: 1.133
2019-06-13 17:53:11,441:INFO: - Found new best recall_at_100
2019-06-13 17:53:11,572:INFO: Epoch 2/10
2019-06-13 17:53:11,572:INFO: Train
2019-06-13 17:53:13,569:INFO: - Train metrics: recall_at_100: 0.161 ; loss: 1.154
2019-06-13 17:53:13,569:INFO: Evaluate
2019-06-13 17:53:14,877:INFO: - Evaluate metrics: recall_at_100: 0.129 ; loss: 1.113
2019-06-13 17:53:14,878:INFO: - Found new best recall_at_100
2019-06-13 17:53:15,025:INFO: Epoch 3/10
2019-06-13 17:53:15,025:INFO: Train
2019-06-13 17:53:17,285:INFO: - Train metrics: recall_at_100: 0.132 ; loss: 1.118
2019-06-13 17:53:17,286:INFO: Evaluate
2019-06-13 17:53:18,615:INFO: - Evaluate metrics: recall_at_100: 0.151 ; loss: 1.065
2019-06-13 17:53:18,615:INFO: - Found new best recall_at_100
2019-06-13 17:53:18,730:INFO: Epoch 4/10
2019-06-13 17:53:18,730:INFO: Train
2019-06-13 17:53:20,639:INFO: - Train metrics: recall_at_100: 0.158 ; loss: 1.090
2019-06-13 17:53:20,640:INFO: Evaluate
2019-06-13 17:53:22,022:INFO: - Evaluate metrics: recall_at_100: 0.155 ; loss: 1.095
2019-06-13 17:53:22,023:INFO: - Found new best recall_at_100
2019-06-13 17:53:22,121:INFO: Epoch 5/10
2019-06-13 17:53:22,121:INFO: Train
2019-06-13 17:53:24,150:INFO: - Train metrics: recall_at_100: 0.184 ; loss: 1.100
2019-06-13 17:53:24,151:INFO: Evaluate
2019-06-13 17:53:25,565:INFO: - Evaluate metrics: recall_at_100: 0.142 ; loss: 1.095
2019-06-13 17:53:25,610:INFO: Epoch 6/10
2019-06-13 17:53:25,610:INFO: Train
2019-06-13 17:53:27,538:INFO: - Train metrics: recall_at_100: 0.151 ; loss: 1.116
2019-06-13 17:53:27,539:INFO: Evaluate
2019-06-13 17:53:28,910:INFO: - Evaluate metrics: recall_at_100: 0.168 ; loss: 1.126
2019-06-13 17:53:28,910:INFO: - Found new best recall_at_100
2019-06-13 17:53:29,033:INFO: Epoch 7/10
2019-06-13 17:53:29,034:INFO: Train
2019-06-13 17:53:31,294:INFO: - Train metrics: recall_at_100: 0.166 ; loss: 1.112
2019-06-13 17:53:31,294:INFO: Evaluate
2019-06-13 17:53:32,813:INFO: - Evaluate metrics: recall_at_100: 0.142 ; loss: 1.108
2019-06-13 17:53:32,843:INFO: Epoch 8/10
2019-06-13 17:53:32,844:INFO: Train
2019-06-13 17:53:34,811:INFO: - Train metrics: recall_at_100: 0.157 ; loss: 1.089
2019-06-13 17:53:34,811:INFO: Evaluate
2019-06-13 17:53:36,145:INFO: - Evaluate metrics: recall_at_100: 0.135 ; loss: 1.093
2019-06-13 17:53:36,181:INFO: Epoch 9/10
2019-06-13 17:53:36,181:INFO: Train
2019-06-13 17:53:38,261:INFO: - Train metrics: recall_at_100: 0.190 ; loss: 1.095
2019-06-13 17:53:38,261:INFO: Evaluate
2019-06-13 17:53:39,759:INFO: - Evaluate metrics: recall_at_100: 0.117 ; loss: 1.088
2019-06-13 17:53:39,804:INFO: Epoch 10/10
2019-06-13 17:53:39,804:INFO: Train
2019-06-13 17:53:41,999:INFO: - Train metrics: recall_at_100: 0.169 ; loss: 1.094
2019-06-13 17:53:42,000:INFO: Evaluate
2019-06-13 17:53:43,467:INFO: - Evaluate metrics: recall_at_100: 0.142 ; loss: 1.087
2019-06-13 17:54:06,744:INFO: Training model for test 7
2019-06-13 17:54:09,978:INFO: Starting training for 10 epoch(s)
2019-06-13 17:54:09,979:INFO: Epoch 1/10
2019-06-13 17:54:09,979:INFO: Train
2019-06-13 17:54:12,001:INFO: - Train metrics: recall_at_100: 0.152 ; loss: 1.530
2019-06-13 17:54:12,002:INFO: Evaluate
2019-06-13 17:54:14,673:INFO: - Evaluate metrics: recall_at_100: 0.141 ; loss: 1.407
2019-06-13 17:54:14,674:INFO: - Found new best recall_at_100
2019-06-13 17:54:14,781:INFO: Epoch 2/10
2019-06-13 17:54:14,782:INFO: Train
2019-06-13 17:54:16,820:INFO: - Train metrics: recall_at_100: 0.121 ; loss: 1.247
2019-06-13 17:54:16,820:INFO: Evaluate
2019-06-13 17:54:18,114:INFO: - Evaluate metrics: recall_at_100: 0.155 ; loss: 1.116
2019-06-13 17:54:18,114:INFO: - Found new best recall_at_100
2019-06-13 17:54:18,218:INFO: Epoch 3/10
2019-06-13 17:54:18,218:INFO: Train
2019-06-13 17:54:20,322:INFO: - Train metrics: recall_at_100: 0.182 ; loss: 1.126
2019-06-13 17:54:20,323:INFO: Evaluate
2019-06-13 17:54:21,931:INFO: - Evaluate metrics: recall_at_100: 0.161 ; loss: 1.128
2019-06-13 17:54:21,932:INFO: - Found new best recall_at_100
2019-06-13 17:54:22,021:INFO: Epoch 4/10
2019-06-13 17:54:22,022:INFO: Train
2019-06-13 17:54:24,112:INFO: - Train metrics: recall_at_100: 0.182 ; loss: 1.109
2019-06-13 17:54:24,112:INFO: Evaluate
2019-06-13 17:54:25,612:INFO: - Evaluate metrics: recall_at_100: 0.163 ; loss: 1.112
2019-06-13 17:54:25,612:INFO: - Found new best recall_at_100
2019-06-13 17:54:25,723:INFO: Epoch 5/10
2019-06-13 17:54:25,723:INFO: Train
2019-06-13 17:54:27,809:INFO: - Train metrics: recall_at_100: 0.126 ; loss: 1.126
2019-06-13 17:54:27,809:INFO: Evaluate
2019-06-13 17:54:30,045:INFO: - Evaluate metrics: recall_at_100: 0.136 ; loss: 1.124
2019-06-13 17:54:30,086:INFO: Epoch 6/10
2019-06-13 17:54:30,087:INFO: Train
2019-06-13 17:54:32,046:INFO: - Train metrics: recall_at_100: 0.192 ; loss: 1.097
2019-06-13 17:54:32,047:INFO: Evaluate
2019-06-13 17:54:33,461:INFO: - Evaluate metrics: recall_at_100: 0.185 ; loss: 1.094
2019-06-13 17:54:33,462:INFO: - Found new best recall_at_100
2019-06-13 17:54:33,559:INFO: Epoch 7/10
2019-06-13 17:54:33,560:INFO: Train
2019-06-13 17:54:35,533:INFO: - Train metrics: recall_at_100: 0.151 ; loss: 1.096
2019-06-13 17:54:35,533:INFO: Evaluate
2019-06-13 17:54:36,841:INFO: - Evaluate metrics: recall_at_100: 0.154 ; loss: 1.079
2019-06-13 17:54:36,900:INFO: Epoch 8/10
2019-06-13 17:54:36,901:INFO: Train
2019-06-13 17:54:38,990:INFO: - Train metrics: recall_at_100: 0.144 ; loss: 1.088
2019-06-13 17:54:38,991:INFO: Evaluate
2019-06-13 17:54:40,497:INFO: - Evaluate metrics: recall_at_100: 0.157 ; loss: 1.082
2019-06-13 17:54:40,533:INFO: Epoch 9/10
2019-06-13 17:54:40,533:INFO: Train
2019-06-13 17:54:42,551:INFO: - Train metrics: recall_at_100: 0.153 ; loss: 1.084
2019-06-13 17:54:42,551:INFO: Evaluate
2019-06-13 17:54:43,997:INFO: - Evaluate metrics: recall_at_100: 0.164 ; loss: 1.072
2019-06-13 17:54:44,031:INFO: Epoch 10/10
2019-06-13 17:54:44,031:INFO: Train
2019-06-13 17:54:46,037:INFO: - Train metrics: recall_at_100: 0.135 ; loss: 1.094
2019-06-13 17:54:46,038:INFO: Evaluate
2019-06-13 17:54:47,363:INFO: - Evaluate metrics: recall_at_100: 0.173 ; loss: 1.087
2019-06-13 17:55:10,513:INFO: Training model for test 1
2019-06-13 17:55:13,414:INFO: Starting training for 10 epoch(s)
2019-06-13 17:55:13,414:INFO: Epoch 1/10
2019-06-13 17:55:13,414:INFO: Train
2019-06-13 17:55:15,720:INFO: - Train metrics: recall_at_100: 0.004 ; loss: 1.513
2019-06-13 17:55:15,721:INFO: Evaluate
2019-06-13 17:55:17,118:INFO: - Evaluate metrics: recall_at_100: 0.133 ; loss: 1.261
2019-06-13 17:55:17,119:INFO: - Found new best recall_at_100
2019-06-13 17:55:17,228:INFO: Epoch 2/10
2019-06-13 17:55:17,228:INFO: Train
2019-06-13 17:55:19,297:INFO: - Train metrics: recall_at_100: 0.119 ; loss: 1.182
2019-06-13 17:55:19,297:INFO: Evaluate
2019-06-13 17:55:20,697:INFO: - Evaluate metrics: recall_at_100: 0.107 ; loss: 1.130
2019-06-13 17:55:20,741:INFO: Epoch 3/10
2019-06-13 17:55:20,741:INFO: Train
2019-06-13 17:55:23,022:INFO: - Train metrics: recall_at_100: 0.138 ; loss: 1.130
2019-06-13 17:55:23,022:INFO: Evaluate
2019-06-13 17:55:24,422:INFO: - Evaluate metrics: recall_at_100: 0.123 ; loss: 1.129
2019-06-13 17:55:24,460:INFO: Epoch 4/10
2019-06-13 17:55:24,460:INFO: Train
2019-06-13 17:55:26,520:INFO: - Train metrics: recall_at_100: 0.130 ; loss: 1.115
2019-06-13 17:55:26,521:INFO: Evaluate
2019-06-13 17:55:27,952:INFO: - Evaluate metrics: recall_at_100: 0.167 ; loss: 1.101
2019-06-13 17:55:27,953:INFO: - Found new best recall_at_100
2019-06-13 17:55:28,063:INFO: Epoch 5/10
2019-06-13 17:55:28,063:INFO: Train
2019-06-13 17:55:30,121:INFO: - Train metrics: recall_at_100: 0.150 ; loss: 1.083
2019-06-13 17:55:30,121:INFO: Evaluate
2019-06-13 17:55:31,395:INFO: - Evaluate metrics: recall_at_100: 0.131 ; loss: 1.129
2019-06-13 17:55:31,424:INFO: Epoch 6/10
2019-06-13 17:55:31,424:INFO: Train
2019-06-13 17:55:33,477:INFO: - Train metrics: recall_at_100: 0.160 ; loss: 1.099
2019-06-13 17:55:33,478:INFO: Evaluate
2019-06-13 17:55:34,864:INFO: - Evaluate metrics: recall_at_100: 0.138 ; loss: 1.143
2019-06-13 17:55:34,907:INFO: Epoch 7/10
2019-06-13 17:55:34,908:INFO: Train
2019-06-13 17:55:36,891:INFO: - Train metrics: recall_at_100: 0.145 ; loss: 1.135
2019-06-13 17:55:36,891:INFO: Evaluate
2019-06-13 17:55:38,401:INFO: - Evaluate metrics: recall_at_100: 0.170 ; loss: 1.096
2019-06-13 17:55:38,401:INFO: - Found new best recall_at_100
2019-06-13 17:55:38,507:INFO: Epoch 8/10
2019-06-13 17:55:38,507:INFO: Train
2019-06-13 17:55:40,460:INFO: - Train metrics: recall_at_100: 0.154 ; loss: 1.100
2019-06-13 17:55:40,460:INFO: Evaluate
2019-06-13 17:55:41,763:INFO: - Evaluate metrics: recall_at_100: 0.187 ; loss: 1.104
2019-06-13 17:55:41,764:INFO: - Found new best recall_at_100
2019-06-13 17:55:41,880:INFO: Epoch 9/10
2019-06-13 17:55:41,880:INFO: Train
2019-06-13 17:55:43,954:INFO: - Train metrics: recall_at_100: 0.158 ; loss: 1.094
2019-06-13 17:55:43,954:INFO: Evaluate
2019-06-13 17:55:45,443:INFO: - Evaluate metrics: recall_at_100: 0.144 ; loss: 1.112
2019-06-13 17:55:45,478:INFO: Epoch 10/10
2019-06-13 17:55:45,479:INFO: Train
2019-06-13 17:55:47,596:INFO: - Train metrics: recall_at_100: 0.149 ; loss: 1.084
2019-06-13 17:55:47,596:INFO: Evaluate
2019-06-13 17:55:48,916:INFO: - Evaluate metrics: recall_at_100: 0.165 ; loss: 1.086
2019-06-13 17:56:12,525:INFO: Training model for test 6
2019-06-13 17:56:15,674:INFO: Starting training for 10 epoch(s)
2019-06-13 17:56:15,675:INFO: Epoch 1/10
2019-06-13 17:56:15,675:INFO: Train
2019-06-13 17:56:17,863:INFO: - Train metrics: recall_at_100: 0.006 ; loss: 1.534
2019-06-13 17:56:17,864:INFO: Evaluate
2019-06-13 17:56:19,377:INFO: - Evaluate metrics: recall_at_100: 0.049 ; loss: 1.387
2019-06-13 17:56:19,377:INFO: - Found new best recall_at_100
2019-06-13 17:56:19,476:INFO: Epoch 2/10
2019-06-13 17:56:19,476:INFO: Train
2019-06-13 17:56:21,605:INFO: - Train metrics: recall_at_100: 0.067 ; loss: 1.337
2019-06-13 17:56:21,605:INFO: Evaluate
2019-06-13 17:56:23,139:INFO: - Evaluate metrics: recall_at_100: 0.112 ; loss: 1.174
2019-06-13 17:56:23,140:INFO: - Found new best recall_at_100
2019-06-13 17:56:23,227:INFO: Epoch 3/10
2019-06-13 17:56:23,227:INFO: Train
2019-06-13 17:56:25,210:INFO: - Train metrics: recall_at_100: 0.107 ; loss: 1.162
2019-06-13 17:56:25,211:INFO: Evaluate
2019-06-13 17:56:26,555:INFO: - Evaluate metrics: recall_at_100: 0.139 ; loss: 1.185
2019-06-13 17:56:26,555:INFO: - Found new best recall_at_100
2019-06-13 17:56:26,677:INFO: Epoch 4/10
2019-06-13 17:56:26,678:INFO: Train
2019-06-13 17:56:28,938:INFO: - Train metrics: recall_at_100: 0.142 ; loss: 1.134
2019-06-13 17:56:28,939:INFO: Evaluate
2019-06-13 17:56:30,309:INFO: - Evaluate metrics: recall_at_100: 0.130 ; loss: 1.121
2019-06-13 17:56:30,354:INFO: Epoch 5/10
2019-06-13 17:56:30,355:INFO: Train
2019-06-13 17:56:32,465:INFO: - Train metrics: recall_at_100: 0.133 ; loss: 1.119
2019-06-13 17:56:32,465:INFO: Evaluate
2019-06-13 17:56:34,064:INFO: - Evaluate metrics: recall_at_100: 0.126 ; loss: 1.095
2019-06-13 17:56:34,101:INFO: Epoch 6/10
2019-06-13 17:56:34,102:INFO: Train
2019-06-13 17:56:36,213:INFO: - Train metrics: recall_at_100: 0.157 ; loss: 1.110
2019-06-13 17:56:36,214:INFO: Evaluate
2019-06-13 17:56:37,510:INFO: - Evaluate metrics: recall_at_100: 0.136 ; loss: 1.128
2019-06-13 17:56:37,543:INFO: Epoch 7/10
2019-06-13 17:56:37,543:INFO: Train
2019-06-13 17:56:39,705:INFO: - Train metrics: recall_at_100: 0.164 ; loss: 1.110
2019-06-13 17:56:39,705:INFO: Evaluate
2019-06-13 17:56:41,244:INFO: - Evaluate metrics: recall_at_100: 0.103 ; loss: 1.078
2019-06-13 17:56:41,285:INFO: Epoch 8/10
2019-06-13 17:56:41,285:INFO: Train
2019-06-13 17:56:43,317:INFO: - Train metrics: recall_at_100: 0.112 ; loss: 1.097
2019-06-13 17:56:43,317:INFO: Evaluate
2019-06-13 17:56:44,713:INFO: - Evaluate metrics: recall_at_100: 0.124 ; loss: 1.110
2019-06-13 17:56:44,750:INFO: Epoch 9/10
2019-06-13 17:56:44,750:INFO: Train
2019-06-13 17:56:46,868:INFO: - Train metrics: recall_at_100: 0.151 ; loss: 1.097
2019-06-13 17:56:46,869:INFO: Evaluate
2019-06-13 17:56:48,286:INFO: - Evaluate metrics: recall_at_100: 0.112 ; loss: 1.091
2019-06-13 17:56:48,324:INFO: Epoch 10/10
2019-06-13 17:56:48,324:INFO: Train
2019-06-13 17:56:50,494:INFO: - Train metrics: recall_at_100: 0.151 ; loss: 1.105
2019-06-13 17:56:50,494:INFO: Evaluate
2019-06-13 17:56:52,069:INFO: - Evaluate metrics: recall_at_100: 0.131 ; loss: 1.096
2019-06-13 17:57:14,747:INFO: Training model for test 0
2019-06-13 17:57:17,643:INFO: Starting training for 10 epoch(s)
2019-06-13 17:57:17,643:INFO: Epoch 1/10
2019-06-13 17:57:17,643:INFO: Train
2019-06-13 17:57:19,689:INFO: - Train metrics: recall_at_100: 0.108 ; loss: 1.410
2019-06-13 17:57:19,689:INFO: Evaluate
2019-06-13 17:57:21,104:INFO: - Evaluate metrics: recall_at_100: 0.125 ; loss: 1.157
2019-06-13 17:57:21,104:INFO: - Found new best recall_at_100
2019-06-13 17:57:21,203:INFO: Epoch 2/10
2019-06-13 17:57:21,203:INFO: Train
2019-06-13 17:57:23,237:INFO: - Train metrics: recall_at_100: 0.127 ; loss: 1.157
2019-06-13 17:57:23,237:INFO: Evaluate
2019-06-13 17:57:24,794:INFO: - Evaluate metrics: recall_at_100: 0.145 ; loss: 1.096
2019-06-13 17:57:24,794:INFO: - Found new best recall_at_100
2019-06-13 17:57:24,922:INFO: Epoch 3/10
2019-06-13 17:57:24,922:INFO: Train
2019-06-13 17:57:27,090:INFO: - Train metrics: recall_at_100: 0.112 ; loss: 1.118
2019-06-13 17:57:27,091:INFO: Evaluate
2019-06-13 17:57:28,583:INFO: - Evaluate metrics: recall_at_100: 0.164 ; loss: 1.099
2019-06-13 17:57:28,583:INFO: - Found new best recall_at_100
2019-06-13 17:57:28,717:INFO: Epoch 4/10
2019-06-13 17:57:28,717:INFO: Train
2019-06-13 17:57:30,762:INFO: - Train metrics: recall_at_100: 0.115 ; loss: 1.101
2019-06-13 17:57:30,762:INFO: Evaluate
2019-06-13 17:57:32,248:INFO: - Evaluate metrics: recall_at_100: 0.147 ; loss: 1.089
2019-06-13 17:57:32,276:INFO: Epoch 5/10
2019-06-13 17:57:32,276:INFO: Train
2019-06-13 17:57:34,445:INFO: - Train metrics: recall_at_100: 0.135 ; loss: 1.091
2019-06-13 17:57:34,446:INFO: Evaluate
2019-06-13 17:57:36,029:INFO: - Evaluate metrics: recall_at_100: 0.144 ; loss: 1.081
2019-06-13 17:57:36,064:INFO: Epoch 6/10
2019-06-13 17:57:36,065:INFO: Train
2019-06-13 17:57:38,124:INFO: - Train metrics: recall_at_100: 0.147 ; loss: 1.083
2019-06-13 17:57:38,125:INFO: Evaluate
2019-06-13 17:57:39,746:INFO: - Evaluate metrics: recall_at_100: 0.156 ; loss: 1.086
2019-06-13 17:57:39,774:INFO: Epoch 7/10
2019-06-13 17:57:39,774:INFO: Train
2019-06-13 17:57:42,005:INFO: - Train metrics: recall_at_100: 0.149 ; loss: 1.093
2019-06-13 17:57:42,005:INFO: Evaluate
2019-06-13 17:57:44,269:INFO: - Evaluate metrics: recall_at_100: 0.131 ; loss: 1.084
2019-06-13 17:57:44,307:INFO: Epoch 8/10
2019-06-13 17:57:44,307:INFO: Train
2019-06-13 17:57:46,291:INFO: - Train metrics: recall_at_100: 0.164 ; loss: 1.083
2019-06-13 17:57:46,291:INFO: Evaluate
2019-06-13 17:57:47,802:INFO: - Evaluate metrics: recall_at_100: 0.140 ; loss: 1.068
2019-06-13 17:57:47,833:INFO: Epoch 9/10
2019-06-13 17:57:47,833:INFO: Train
2019-06-13 17:57:49,941:INFO: - Train metrics: recall_at_100: 0.141 ; loss: 1.107
2019-06-13 17:57:49,942:INFO: Evaluate
2019-06-13 17:57:51,388:INFO: - Evaluate metrics: recall_at_100: 0.111 ; loss: 1.100
2019-06-13 17:57:51,454:INFO: Epoch 10/10
2019-06-13 17:57:51,455:INFO: Train
2019-06-13 17:57:53,434:INFO: - Train metrics: recall_at_100: 0.182 ; loss: 1.116
2019-06-13 17:57:53,434:INFO: Evaluate
2019-06-13 17:57:54,976:INFO: - Evaluate metrics: recall_at_100: 0.145 ; loss: 1.090
2019-06-13 17:58:17,142:INFO: Running Experiment...
2019-06-27 04:52:54,744:INFO: Disease Protein Prediction in the PPI Network
2019-06-27 04:52:54,744:INFO: Sabri Eyuboglu  -- SNAP Group
2019-06-27 04:52:54,744:INFO: ======================================
2019-06-27 04:52:54,744:INFO: Loading PPI Network...
2019-06-27 04:53:00,354:INFO: Loading Disease Associations...
2019-06-27 04:53:00,453:INFO: Training Models...
2019-06-27 04:53:00,454:INFO: Training model for test 3
2019-06-27 04:53:06,383:INFO: Starting training for 10 epoch(s)
2019-06-27 04:53:06,383:INFO: Epoch 1/10
2019-06-27 04:53:06,383:INFO: Train
2019-06-27 04:53:08,485:INFO: - Train metrics: recall_at_100: 0.000 ; loss: 1.437
2019-06-27 04:53:08,486:INFO: Evaluate
2019-06-27 04:53:10,051:INFO: - Evaluate metrics: recall_at_100: 0.131 ; loss: 1.197
2019-06-27 04:53:10,052:INFO: - Found new best recall_at_100
2019-06-27 04:53:10,154:INFO: Epoch 2/10
2019-06-27 04:53:10,154:INFO: Train
2019-06-27 04:53:12,425:INFO: - Train metrics: recall_at_100: 0.158 ; loss: 1.151
2019-06-27 04:53:12,425:INFO: Evaluate
2019-06-27 04:53:13,956:INFO: - Evaluate metrics: recall_at_100: 0.136 ; loss: 1.109
2019-06-27 04:53:13,956:INFO: - Found new best recall_at_100
2019-06-27 04:53:14,061:INFO: Epoch 3/10
2019-06-27 04:53:14,061:INFO: Train
2019-06-27 04:53:16,222:INFO: - Train metrics: recall_at_100: 0.124 ; loss: 1.113
2019-06-27 04:53:16,223:INFO: Evaluate
2019-06-27 04:53:17,766:INFO: - Evaluate metrics: recall_at_100: 0.151 ; loss: 1.092
2019-06-27 04:53:17,767:INFO: - Found new best recall_at_100
2019-06-27 04:53:17,879:INFO: Epoch 4/10
2019-06-27 04:53:17,879:INFO: Train
2019-06-27 04:53:20,046:INFO: - Train metrics: recall_at_100: 0.152 ; loss: 1.098
2019-06-27 04:53:20,046:INFO: Evaluate
2019-06-27 04:53:21,431:INFO: - Evaluate metrics: recall_at_100: 0.140 ; loss: 1.093
2019-06-27 04:53:21,476:INFO: Epoch 5/10
2019-06-27 04:53:21,476:INFO: Train
2019-06-27 04:53:23,677:INFO: - Train metrics: recall_at_100: 0.163 ; loss: 1.093
2019-06-27 04:53:23,678:INFO: Evaluate
2019-06-27 04:53:25,257:INFO: - Evaluate metrics: recall_at_100: 0.138 ; loss: 1.086
2019-06-27 04:53:25,286:INFO: Epoch 6/10
2019-06-27 04:53:25,286:INFO: Train
2019-06-27 04:53:27,366:INFO: - Train metrics: recall_at_100: 0.171 ; loss: 1.083
2019-06-27 04:53:27,366:INFO: Evaluate
2019-06-27 04:53:28,880:INFO: - Evaluate metrics: recall_at_100: 0.167 ; loss: 1.099
2019-06-27 04:53:28,880:INFO: - Found new best recall_at_100
2019-06-27 04:53:28,981:INFO: Epoch 7/10
2019-06-27 04:53:28,981:INFO: Train
2019-06-27 04:53:31,279:INFO: - Train metrics: recall_at_100: 0.161 ; loss: 1.087
2019-06-27 04:53:31,279:INFO: Evaluate
2019-06-27 04:53:32,876:INFO: - Evaluate metrics: recall_at_100: 0.160 ; loss: 1.123
2019-06-27 04:53:32,904:INFO: Epoch 8/10
2019-06-27 04:53:32,905:INFO: Train
2019-06-27 04:53:35,123:INFO: - Train metrics: recall_at_100: 0.161 ; loss: 1.095
2019-06-27 04:53:35,123:INFO: Evaluate
2019-06-27 04:53:36,437:INFO: - Evaluate metrics: recall_at_100: 0.149 ; loss: 1.091
2019-06-27 04:53:36,492:INFO: Epoch 9/10
2019-06-27 04:53:36,492:INFO: Train
2019-06-27 04:53:38,640:INFO: - Train metrics: recall_at_100: 0.170 ; loss: 1.091
2019-06-27 04:53:38,641:INFO: Evaluate
2019-06-27 04:53:40,143:INFO: - Evaluate metrics: recall_at_100: 0.139 ; loss: 1.099
2019-06-27 04:53:40,192:INFO: Epoch 10/10
2019-06-27 04:53:40,192:INFO: Train
2019-06-27 04:53:42,276:INFO: - Train metrics: recall_at_100: 0.152 ; loss: 1.088
2019-06-27 04:53:42,276:INFO: Evaluate
2019-06-27 04:53:43,802:INFO: - Evaluate metrics: recall_at_100: 0.135 ; loss: 1.070
2019-06-27 04:54:05,618:INFO: Training model for test 9
2019-06-27 04:54:08,398:INFO: Starting training for 10 epoch(s)
2019-06-27 04:54:08,399:INFO: Epoch 1/10
2019-06-27 04:54:08,399:INFO: Train
2019-06-27 04:54:10,754:INFO: - Train metrics: recall_at_100: 0.003 ; loss: 1.512
2019-06-27 04:54:10,754:INFO: Evaluate
2019-06-27 04:54:12,384:INFO: - Evaluate metrics: recall_at_100: 0.166 ; loss: 1.212
2019-06-27 04:54:12,384:INFO: - Found new best recall_at_100
2019-06-27 04:54:12,531:INFO: Epoch 2/10
2019-06-27 04:54:12,531:INFO: Train
2019-06-27 04:54:14,873:INFO: - Train metrics: recall_at_100: 0.123 ; loss: 1.206
2019-06-27 04:54:14,873:INFO: Evaluate
2019-06-27 04:54:16,509:INFO: - Evaluate metrics: recall_at_100: 0.114 ; loss: 1.175
2019-06-27 04:54:16,545:INFO: Epoch 3/10
2019-06-27 04:54:16,545:INFO: Train
2019-06-27 04:54:18,868:INFO: - Train metrics: recall_at_100: 0.135 ; loss: 1.131
2019-06-27 04:54:18,868:INFO: Evaluate
2019-06-27 04:54:20,502:INFO: - Evaluate metrics: recall_at_100: 0.138 ; loss: 1.136
2019-06-27 04:54:20,551:INFO: Epoch 4/10
2019-06-27 04:54:20,551:INFO: Train
2019-06-27 04:54:22,863:INFO: - Train metrics: recall_at_100: 0.140 ; loss: 1.115
2019-06-27 04:54:22,863:INFO: Evaluate
2019-06-27 04:54:24,450:INFO: - Evaluate metrics: recall_at_100: 0.164 ; loss: 1.064
2019-06-27 04:54:24,486:INFO: Epoch 5/10
2019-06-27 04:54:24,486:INFO: Train
2019-06-27 04:54:26,797:INFO: - Train metrics: recall_at_100: 0.163 ; loss: 1.102
2019-06-27 04:54:26,797:INFO: Evaluate
2019-06-27 04:54:28,588:INFO: - Evaluate metrics: recall_at_100: 0.157 ; loss: 1.074
2019-06-27 04:54:28,629:INFO: Epoch 6/10
2019-06-27 04:54:28,629:INFO: Train
2019-06-27 04:54:31,026:INFO: - Train metrics: recall_at_100: 0.148 ; loss: 1.099
2019-06-27 04:54:31,026:INFO: Evaluate
2019-06-27 04:54:32,759:INFO: - Evaluate metrics: recall_at_100: 0.135 ; loss: 1.097
2019-06-27 04:54:32,788:INFO: Epoch 7/10
2019-06-27 04:54:32,789:INFO: Train
2019-06-27 04:54:35,093:INFO: - Train metrics: recall_at_100: 0.170 ; loss: 1.109
2019-06-27 04:54:35,093:INFO: Evaluate
2019-06-27 04:54:36,743:INFO: - Evaluate metrics: recall_at_100: 0.175 ; loss: 1.105
2019-06-27 04:54:36,744:INFO: - Found new best recall_at_100
2019-06-27 04:54:36,869:INFO: Epoch 8/10
2019-06-27 04:54:36,870:INFO: Train
2019-06-27 04:54:39,214:INFO: - Train metrics: recall_at_100: 0.147 ; loss: 1.103
2019-06-27 04:54:39,214:INFO: Evaluate
2019-06-27 04:54:40,748:INFO: - Evaluate metrics: recall_at_100: 0.165 ; loss: 1.075
2019-06-27 04:54:40,784:INFO: Epoch 9/10
2019-06-27 04:54:40,784:INFO: Train
2019-06-27 04:54:43,102:INFO: - Train metrics: recall_at_100: 0.170 ; loss: 1.098
2019-06-27 04:54:43,103:INFO: Evaluate
2019-06-27 04:54:44,798:INFO: - Evaluate metrics: recall_at_100: 0.135 ; loss: 1.067
2019-06-27 04:54:44,822:INFO: Epoch 10/10
2019-06-27 04:54:44,823:INFO: Train
2019-06-27 04:54:47,228:INFO: - Train metrics: recall_at_100: 0.146 ; loss: 1.095
2019-06-27 04:54:47,229:INFO: Evaluate
2019-06-27 04:54:48,830:INFO: - Evaluate metrics: recall_at_100: 0.140 ; loss: 1.097
2019-06-27 04:55:10,839:INFO: Training model for test 8
2019-06-27 04:55:13,612:INFO: Starting training for 10 epoch(s)
2019-06-27 04:55:13,613:INFO: Epoch 1/10
2019-06-27 04:55:13,613:INFO: Train
2019-06-27 04:55:15,943:INFO: - Train metrics: recall_at_100: 0.130 ; loss: 1.438
2019-06-27 04:55:15,944:INFO: Evaluate
2019-06-27 04:55:17,310:INFO: - Evaluate metrics: recall_at_100: 0.141 ; loss: 1.323
2019-06-27 04:55:17,310:INFO: - Found new best recall_at_100
2019-06-27 04:55:17,402:INFO: Epoch 2/10
2019-06-27 04:55:17,402:INFO: Train
2019-06-27 04:55:19,758:INFO: - Train metrics: recall_at_100: 0.135 ; loss: 1.218
2019-06-27 04:55:19,758:INFO: Evaluate
2019-06-27 04:55:21,341:INFO: - Evaluate metrics: recall_at_100: 0.121 ; loss: 1.108
2019-06-27 04:55:21,376:INFO: Epoch 3/10
2019-06-27 04:55:21,376:INFO: Train
2019-06-27 04:55:23,688:INFO: - Train metrics: recall_at_100: 0.129 ; loss: 1.153
2019-06-27 04:55:23,688:INFO: Evaluate
2019-06-27 04:55:25,329:INFO: - Evaluate metrics: recall_at_100: 0.117 ; loss: 1.141
2019-06-27 04:55:25,367:INFO: Epoch 4/10
2019-06-27 04:55:25,367:INFO: Train
2019-06-27 04:55:27,718:INFO: - Train metrics: recall_at_100: 0.146 ; loss: 1.104
2019-06-27 04:55:27,719:INFO: Evaluate
2019-06-27 04:55:29,298:INFO: - Evaluate metrics: recall_at_100: 0.120 ; loss: 1.107
2019-06-27 04:55:29,330:INFO: Epoch 5/10
2019-06-27 04:55:29,330:INFO: Train
2019-06-27 04:55:31,683:INFO: - Train metrics: recall_at_100: 0.131 ; loss: 1.084
2019-06-27 04:55:31,683:INFO: Evaluate
2019-06-27 04:55:33,317:INFO: - Evaluate metrics: recall_at_100: 0.141 ; loss: 1.094
2019-06-27 04:55:33,356:INFO: Epoch 6/10
2019-06-27 04:55:33,356:INFO: Train
2019-06-27 04:55:35,772:INFO: - Train metrics: recall_at_100: 0.158 ; loss: 1.088
2019-06-27 04:55:35,772:INFO: Evaluate
2019-06-27 04:55:37,345:INFO: - Evaluate metrics: recall_at_100: 0.135 ; loss: 1.104
2019-06-27 04:55:37,373:INFO: Epoch 7/10
2019-06-27 04:55:37,373:INFO: Train
2019-06-27 04:55:39,629:INFO: - Train metrics: recall_at_100: 0.152 ; loss: 1.101
2019-06-27 04:55:39,629:INFO: Evaluate
2019-06-27 04:55:41,294:INFO: - Evaluate metrics: recall_at_100: 0.147 ; loss: 1.111
2019-06-27 04:55:41,294:INFO: - Found new best recall_at_100
2019-06-27 04:55:41,374:INFO: Epoch 8/10
2019-06-27 04:55:41,374:INFO: Train
2019-06-27 04:55:43,631:INFO: - Train metrics: recall_at_100: 0.167 ; loss: 1.107
2019-06-27 04:55:43,632:INFO: Evaluate
2019-06-27 04:55:45,269:INFO: - Evaluate metrics: recall_at_100: 0.128 ; loss: 1.127
2019-06-27 04:55:45,307:INFO: Epoch 9/10
2019-06-27 04:55:45,307:INFO: Train
2019-06-27 04:55:47,526:INFO: - Train metrics: recall_at_100: 0.160 ; loss: 1.103
2019-06-27 04:55:47,526:INFO: Evaluate
2019-06-27 04:55:49,102:INFO: - Evaluate metrics: recall_at_100: 0.126 ; loss: 1.130
2019-06-27 04:55:49,145:INFO: Epoch 10/10
2019-06-27 04:55:49,145:INFO: Train
2019-06-27 04:55:51,401:INFO: - Train metrics: recall_at_100: 0.133 ; loss: 1.112
2019-06-27 04:55:51,401:INFO: Evaluate
2019-06-27 04:55:53,101:INFO: - Evaluate metrics: recall_at_100: 0.135 ; loss: 1.135
2019-06-27 04:56:14,746:INFO: Training model for test 2
2019-06-27 04:56:17,659:INFO: Starting training for 10 epoch(s)
2019-06-27 04:56:17,659:INFO: Epoch 1/10
2019-06-27 04:56:17,659:INFO: Train
2019-06-27 04:56:19,838:INFO: - Train metrics: recall_at_100: 0.129 ; loss: 1.415
2019-06-27 04:56:19,839:INFO: Evaluate
2019-06-27 04:56:21,431:INFO: - Evaluate metrics: recall_at_100: 0.132 ; loss: 1.311
2019-06-27 04:56:21,432:INFO: - Found new best recall_at_100
2019-06-27 04:56:21,567:INFO: Epoch 2/10
2019-06-27 04:56:21,567:INFO: Train
2019-06-27 04:56:23,819:INFO: - Train metrics: recall_at_100: 0.131 ; loss: 1.157
2019-06-27 04:56:23,819:INFO: Evaluate
2019-06-27 04:56:25,461:INFO: - Evaluate metrics: recall_at_100: 0.112 ; loss: 1.162
2019-06-27 04:56:25,495:INFO: Epoch 3/10
2019-06-27 04:56:25,495:INFO: Train
2019-06-27 04:56:27,747:INFO: - Train metrics: recall_at_100: 0.177 ; loss: 1.122
2019-06-27 04:56:27,747:INFO: Evaluate
2019-06-27 04:56:29,309:INFO: - Evaluate metrics: recall_at_100: 0.131 ; loss: 1.137
2019-06-27 04:56:29,344:INFO: Epoch 4/10
2019-06-27 04:56:29,344:INFO: Train
2019-06-27 04:56:31,703:INFO: - Train metrics: recall_at_100: 0.144 ; loss: 1.104
2019-06-27 04:56:31,703:INFO: Evaluate
2019-06-27 04:56:33,300:INFO: - Evaluate metrics: recall_at_100: 0.146 ; loss: 1.138
2019-06-27 04:56:33,300:INFO: - Found new best recall_at_100
2019-06-27 04:56:33,421:INFO: Epoch 5/10
2019-06-27 04:56:33,421:INFO: Train
2019-06-27 04:56:35,625:INFO: - Train metrics: recall_at_100: 0.136 ; loss: 1.081
2019-06-27 04:56:35,626:INFO: Evaluate
2019-06-27 04:56:37,168:INFO: - Evaluate metrics: recall_at_100: 0.132 ; loss: 1.162
2019-06-27 04:56:37,202:INFO: Epoch 6/10
2019-06-27 04:56:37,202:INFO: Train
2019-06-27 04:56:39,437:INFO: - Train metrics: recall_at_100: 0.143 ; loss: 1.083
2019-06-27 04:56:39,437:INFO: Evaluate
2019-06-27 04:56:41,010:INFO: - Evaluate metrics: recall_at_100: 0.163 ; loss: 1.113
2019-06-27 04:56:41,011:INFO: - Found new best recall_at_100
2019-06-27 04:56:41,118:INFO: Epoch 7/10
2019-06-27 04:56:41,118:INFO: Train
2019-06-27 04:56:43,330:INFO: - Train metrics: recall_at_100: 0.157 ; loss: 1.090
2019-06-27 04:56:43,330:INFO: Evaluate
2019-06-27 04:56:45,055:INFO: - Evaluate metrics: recall_at_100: 0.149 ; loss: 1.123
2019-06-27 04:56:45,092:INFO: Epoch 8/10
2019-06-27 04:56:45,092:INFO: Train
2019-06-27 04:56:47,313:INFO: - Train metrics: recall_at_100: 0.116 ; loss: 1.085
2019-06-27 04:56:47,314:INFO: Evaluate
2019-06-27 04:56:48,872:INFO: - Evaluate metrics: recall_at_100: 0.116 ; loss: 1.156
2019-06-27 04:56:48,904:INFO: Epoch 9/10
2019-06-27 04:56:48,904:INFO: Train
2019-06-27 04:56:51,300:INFO: - Train metrics: recall_at_100: 0.148 ; loss: 1.088
2019-06-27 04:56:51,300:INFO: Evaluate
2019-06-27 04:56:52,915:INFO: - Evaluate metrics: recall_at_100: 0.152 ; loss: 1.215
2019-06-27 04:56:52,953:INFO: Epoch 10/10
2019-06-27 04:56:52,953:INFO: Train
2019-06-27 04:56:55,310:INFO: - Train metrics: recall_at_100: 0.127 ; loss: 1.090
2019-06-27 04:56:55,310:INFO: Evaluate
2019-06-27 04:56:56,806:INFO: - Evaluate metrics: recall_at_100: 0.147 ; loss: 1.225
2019-06-27 04:57:19,053:INFO: Training model for test 4
2019-06-27 04:57:21,688:INFO: Starting training for 10 epoch(s)
2019-06-27 04:57:21,688:INFO: Epoch 1/10
2019-06-27 04:57:21,688:INFO: Train
2019-06-27 04:57:24,040:INFO: - Train metrics: recall_at_100: 0.005 ; loss: 1.464
2019-06-27 04:57:24,041:INFO: Evaluate
2019-06-27 04:57:25,693:INFO: - Evaluate metrics: recall_at_100: 0.146 ; loss: 1.251
2019-06-27 04:57:25,694:INFO: - Found new best recall_at_100
2019-06-27 04:57:25,828:INFO: Epoch 2/10
2019-06-27 04:57:25,828:INFO: Train
2019-06-27 04:57:27,994:INFO: - Train metrics: recall_at_100: 0.113 ; loss: 1.178
2019-06-27 04:57:27,994:INFO: Evaluate
2019-06-27 04:57:29,680:INFO: - Evaluate metrics: recall_at_100: 0.128 ; loss: 1.121
2019-06-27 04:57:29,722:INFO: Epoch 3/10
2019-06-27 04:57:29,722:INFO: Train
2019-06-27 04:57:32,018:INFO: - Train metrics: recall_at_100: 0.119 ; loss: 1.124
2019-06-27 04:57:32,018:INFO: Evaluate
2019-06-27 04:57:33,645:INFO: - Evaluate metrics: recall_at_100: 0.172 ; loss: 1.118
2019-06-27 04:57:33,646:INFO: - Found new best recall_at_100
2019-06-27 04:57:33,765:INFO: Epoch 4/10
2019-06-27 04:57:33,766:INFO: Train
2019-06-27 04:57:36,027:INFO: - Train metrics: recall_at_100: 0.138 ; loss: 1.111
2019-06-27 04:57:36,027:INFO: Evaluate
2019-06-27 04:57:37,608:INFO: - Evaluate metrics: recall_at_100: 0.195 ; loss: 1.102
2019-06-27 04:57:37,608:INFO: - Found new best recall_at_100
2019-06-27 04:57:37,709:INFO: Epoch 5/10
2019-06-27 04:57:37,709:INFO: Train
2019-06-27 04:57:39,986:INFO: - Train metrics: recall_at_100: 0.121 ; loss: 1.109
2019-06-27 04:57:39,986:INFO: Evaluate
2019-06-27 04:57:41,575:INFO: - Evaluate metrics: recall_at_100: 0.134 ; loss: 1.109
2019-06-27 04:57:41,611:INFO: Epoch 6/10
2019-06-27 04:57:41,611:INFO: Train
2019-06-27 04:57:43,897:INFO: - Train metrics: recall_at_100: 0.121 ; loss: 1.102
2019-06-27 04:57:43,897:INFO: Evaluate
2019-06-27 04:57:45,492:INFO: - Evaluate metrics: recall_at_100: 0.176 ; loss: 1.115
2019-06-27 04:57:45,524:INFO: Epoch 7/10
2019-06-27 04:57:45,524:INFO: Train
2019-06-27 04:57:47,788:INFO: - Train metrics: recall_at_100: 0.148 ; loss: 1.096
2019-06-27 04:57:47,789:INFO: Evaluate
2019-06-27 04:57:49,401:INFO: - Evaluate metrics: recall_at_100: 0.120 ; loss: 1.129
2019-06-27 04:57:49,443:INFO: Epoch 8/10
2019-06-27 04:57:49,443:INFO: Train
2019-06-27 04:57:51,679:INFO: - Train metrics: recall_at_100: 0.170 ; loss: 1.089
2019-06-27 04:57:51,679:INFO: Evaluate
2019-06-27 04:57:53,260:INFO: - Evaluate metrics: recall_at_100: 0.166 ; loss: 1.104
2019-06-27 04:57:53,291:INFO: Epoch 9/10
2019-06-27 04:57:53,291:INFO: Train
2019-06-27 04:57:55,523:INFO: - Train metrics: recall_at_100: 0.139 ; loss: 1.098
2019-06-27 04:57:55,524:INFO: Evaluate
2019-06-27 04:57:57,197:INFO: - Evaluate metrics: recall_at_100: 0.142 ; loss: 1.135
2019-06-27 04:57:57,225:INFO: Epoch 10/10
2019-06-27 04:57:57,225:INFO: Train
2019-06-27 04:57:59,405:INFO: - Train metrics: recall_at_100: 0.138 ; loss: 1.094
2019-06-27 04:57:59,405:INFO: Evaluate
2019-06-27 04:58:01,104:INFO: - Evaluate metrics: recall_at_100: 0.149 ; loss: 1.108
2019-06-27 04:58:23,387:INFO: Training model for test 5
2019-06-27 04:58:26,164:INFO: Starting training for 10 epoch(s)
2019-06-27 04:58:26,165:INFO: Epoch 1/10
2019-06-27 04:58:26,165:INFO: Train
2019-06-27 04:58:28,652:INFO: - Train metrics: recall_at_100: 0.163 ; loss: 1.432
2019-06-27 04:58:28,652:INFO: Evaluate
2019-06-27 04:58:30,237:INFO: - Evaluate metrics: recall_at_100: 0.140 ; loss: 1.120
2019-06-27 04:58:30,238:INFO: - Found new best recall_at_100
2019-06-27 04:58:30,362:INFO: Epoch 2/10
2019-06-27 04:58:30,362:INFO: Train
2019-06-27 04:58:32,612:INFO: - Train metrics: recall_at_100: 0.130 ; loss: 1.165
2019-06-27 04:58:32,613:INFO: Evaluate
2019-06-27 04:58:34,182:INFO: - Evaluate metrics: recall_at_100: 0.137 ; loss: 1.131
2019-06-27 04:58:34,220:INFO: Epoch 3/10
2019-06-27 04:58:34,220:INFO: Train
2019-06-27 04:58:36,493:INFO: - Train metrics: recall_at_100: 0.158 ; loss: 1.129
2019-06-27 04:58:36,493:INFO: Evaluate
2019-06-27 04:58:38,035:INFO: - Evaluate metrics: recall_at_100: 0.139 ; loss: 1.123
2019-06-27 04:58:38,070:INFO: Epoch 4/10
2019-06-27 04:58:38,070:INFO: Train
2019-06-27 04:58:40,442:INFO: - Train metrics: recall_at_100: 0.156 ; loss: 1.112
2019-06-27 04:58:40,442:INFO: Evaluate
2019-06-27 04:58:42,044:INFO: - Evaluate metrics: recall_at_100: 0.133 ; loss: 1.138
2019-06-27 04:58:42,082:INFO: Epoch 5/10
2019-06-27 04:58:42,082:INFO: Train
2019-06-27 04:58:44,484:INFO: - Train metrics: recall_at_100: 0.157 ; loss: 1.103
2019-06-27 04:58:44,484:INFO: Evaluate
2019-06-27 04:58:46,081:INFO: - Evaluate metrics: recall_at_100: 0.165 ; loss: 1.099
2019-06-27 04:58:46,082:INFO: - Found new best recall_at_100
2019-06-27 04:58:46,193:INFO: Epoch 6/10
2019-06-27 04:58:46,194:INFO: Train
2019-06-27 04:58:48,586:INFO: - Train metrics: recall_at_100: 0.173 ; loss: 1.100
2019-06-27 04:58:48,587:INFO: Evaluate
2019-06-27 04:58:50,180:INFO: - Evaluate metrics: recall_at_100: 0.127 ; loss: 1.083
2019-06-27 04:58:50,218:INFO: Epoch 7/10
2019-06-27 04:58:50,218:INFO: Train
2019-06-27 04:58:52,470:INFO: - Train metrics: recall_at_100: 0.160 ; loss: 1.093
2019-06-27 04:58:52,470:INFO: Evaluate
2019-06-27 04:58:54,058:INFO: - Evaluate metrics: recall_at_100: 0.135 ; loss: 1.102
2019-06-27 04:58:54,093:INFO: Epoch 8/10
2019-06-27 04:58:54,093:INFO: Train
2019-06-27 04:58:56,360:INFO: - Train metrics: recall_at_100: 0.120 ; loss: 1.102
2019-06-27 04:58:56,360:INFO: Evaluate
2019-06-27 04:58:57,978:INFO: - Evaluate metrics: recall_at_100: 0.121 ; loss: 1.134
2019-06-27 04:58:58,015:INFO: Epoch 9/10
2019-06-27 04:58:58,015:INFO: Train
2019-06-27 04:59:00,322:INFO: - Train metrics: recall_at_100: 0.160 ; loss: 1.110
2019-06-27 04:59:00,322:INFO: Evaluate
2019-06-27 04:59:01,906:INFO: - Evaluate metrics: recall_at_100: 0.154 ; loss: 1.148
2019-06-27 04:59:01,943:INFO: Epoch 10/10
2019-06-27 04:59:01,943:INFO: Train
2019-06-27 04:59:04,215:INFO: - Train metrics: recall_at_100: 0.141 ; loss: 1.104
2019-06-27 04:59:04,215:INFO: Evaluate
2019-06-27 04:59:05,920:INFO: - Evaluate metrics: recall_at_100: 0.151 ; loss: 1.135
2019-06-27 04:59:27,707:INFO: Training model for test 7
2019-06-27 04:59:30,456:INFO: Starting training for 10 epoch(s)
2019-06-27 04:59:30,456:INFO: Epoch 1/10
2019-06-27 04:59:30,456:INFO: Train
2019-06-27 04:59:32,788:INFO: - Train metrics: recall_at_100: 0.000 ; loss: 1.506
2019-06-27 04:59:32,788:INFO: Evaluate
2019-06-27 04:59:34,382:INFO: - Evaluate metrics: recall_at_100: 0.126 ; loss: 1.224
2019-06-27 04:59:34,383:INFO: - Found new best recall_at_100
2019-06-27 04:59:34,495:INFO: Epoch 2/10
2019-06-27 04:59:34,495:INFO: Train
2019-06-27 04:59:36,784:INFO: - Train metrics: recall_at_100: 0.103 ; loss: 1.197
2019-06-27 04:59:36,785:INFO: Evaluate
2019-06-27 04:59:38,372:INFO: - Evaluate metrics: recall_at_100: 0.141 ; loss: 1.147
2019-06-27 04:59:38,373:INFO: - Found new best recall_at_100
2019-06-27 04:59:38,476:INFO: Epoch 3/10
2019-06-27 04:59:38,476:INFO: Train
2019-06-27 04:59:40,965:INFO: - Train metrics: recall_at_100: 0.139 ; loss: 1.124
2019-06-27 04:59:40,965:INFO: Evaluate
2019-06-27 04:59:42,665:INFO: - Evaluate metrics: recall_at_100: 0.148 ; loss: 1.133
2019-06-27 04:59:42,666:INFO: - Found new best recall_at_100
2019-06-27 04:59:42,780:INFO: Epoch 4/10
2019-06-27 04:59:42,780:INFO: Train
2019-06-27 04:59:45,019:INFO: - Train metrics: recall_at_100: 0.143 ; loss: 1.119
2019-06-27 04:59:45,019:INFO: Evaluate
2019-06-27 04:59:46,648:INFO: - Evaluate metrics: recall_at_100: 0.156 ; loss: 1.109
2019-06-27 04:59:46,648:INFO: - Found new best recall_at_100
2019-06-27 04:59:46,756:INFO: Epoch 5/10
2019-06-27 04:59:46,757:INFO: Train
2019-06-27 04:59:49,062:INFO: - Train metrics: recall_at_100: 0.131 ; loss: 1.105
2019-06-27 04:59:49,062:INFO: Evaluate
2019-06-27 04:59:50,677:INFO: - Evaluate metrics: recall_at_100: 0.134 ; loss: 1.134
2019-06-27 04:59:50,715:INFO: Epoch 6/10
2019-06-27 04:59:50,715:INFO: Train
2019-06-27 04:59:52,974:INFO: - Train metrics: recall_at_100: 0.138 ; loss: 1.101
2019-06-27 04:59:52,975:INFO: Evaluate
2019-06-27 04:59:54,683:INFO: - Evaluate metrics: recall_at_100: 0.138 ; loss: 1.133
2019-06-27 04:59:54,712:INFO: Epoch 7/10
2019-06-27 04:59:54,712:INFO: Train
2019-06-27 04:59:56,971:INFO: - Train metrics: recall_at_100: 0.149 ; loss: 1.105
2019-06-27 04:59:56,972:INFO: Evaluate
2019-06-27 04:59:58,571:INFO: - Evaluate metrics: recall_at_100: 0.150 ; loss: 1.103
2019-06-27 04:59:58,611:INFO: Epoch 8/10
2019-06-27 04:59:58,611:INFO: Train
2019-06-27 05:00:00,750:INFO: - Train metrics: recall_at_100: 0.123 ; loss: 1.089
2019-06-27 05:00:00,750:INFO: Evaluate
2019-06-27 05:00:02,499:INFO: - Evaluate metrics: recall_at_100: 0.134 ; loss: 1.092
2019-06-27 05:00:02,527:INFO: Epoch 9/10
2019-06-27 05:00:02,527:INFO: Train
2019-06-27 05:00:04,857:INFO: - Train metrics: recall_at_100: 0.144 ; loss: 1.094
2019-06-27 05:00:04,857:INFO: Evaluate
2019-06-27 05:00:06,571:INFO: - Evaluate metrics: recall_at_100: 0.171 ; loss: 1.095
2019-06-27 05:00:06,571:INFO: - Found new best recall_at_100
2019-06-27 05:00:06,679:INFO: Epoch 10/10
2019-06-27 05:00:06,680:INFO: Train
2019-06-27 05:00:09,030:INFO: - Train metrics: recall_at_100: 0.134 ; loss: 1.095
2019-06-27 05:00:09,030:INFO: Evaluate
2019-06-27 05:00:10,553:INFO: - Evaluate metrics: recall_at_100: 0.135 ; loss: 1.117
2019-06-27 05:00:32,576:INFO: Training model for test 1
2019-06-27 05:00:35,307:INFO: Starting training for 10 epoch(s)
2019-06-27 05:00:35,307:INFO: Epoch 1/10
2019-06-27 05:00:35,307:INFO: Train
2019-06-27 05:00:37,620:INFO: - Train metrics: recall_at_100: 0.137 ; loss: 1.368
2019-06-27 05:00:37,620:INFO: Evaluate
2019-06-27 05:00:39,112:INFO: - Evaluate metrics: recall_at_100: 0.138 ; loss: 1.328
2019-06-27 05:00:39,112:INFO: - Found new best recall_at_100
2019-06-27 05:00:39,234:INFO: Epoch 2/10
2019-06-27 05:00:39,235:INFO: Train
2019-06-27 05:00:41,546:INFO: - Train metrics: recall_at_100: 0.124 ; loss: 1.178
2019-06-27 05:00:41,546:INFO: Evaluate
2019-06-27 05:00:43,120:INFO: - Evaluate metrics: recall_at_100: 0.134 ; loss: 1.112
2019-06-27 05:00:43,150:INFO: Epoch 3/10
2019-06-27 05:00:43,150:INFO: Train
2019-06-27 05:00:45,446:INFO: - Train metrics: recall_at_100: 0.125 ; loss: 1.144
2019-06-27 05:00:45,447:INFO: Evaluate
2019-06-27 05:00:47,046:INFO: - Evaluate metrics: recall_at_100: 0.132 ; loss: 1.139
2019-06-27 05:00:47,075:INFO: Epoch 4/10
2019-06-27 05:00:47,076:INFO: Train
2019-06-27 05:00:49,342:INFO: - Train metrics: recall_at_100: 0.136 ; loss: 1.134
2019-06-27 05:00:49,343:INFO: Evaluate
2019-06-27 05:00:50,899:INFO: - Evaluate metrics: recall_at_100: 0.155 ; loss: 1.135
2019-06-27 05:00:50,899:INFO: - Found new best recall_at_100
2019-06-27 05:00:51,022:INFO: Epoch 5/10
2019-06-27 05:00:51,022:INFO: Train
2019-06-27 05:00:53,225:INFO: - Train metrics: recall_at_100: 0.150 ; loss: 1.106
2019-06-27 05:00:53,226:INFO: Evaluate
2019-06-27 05:00:54,799:INFO: - Evaluate metrics: recall_at_100: 0.117 ; loss: 1.101
2019-06-27 05:00:54,841:INFO: Epoch 6/10
2019-06-27 05:00:54,841:INFO: Train
2019-06-27 05:00:57,171:INFO: - Train metrics: recall_at_100: 0.157 ; loss: 1.089
2019-06-27 05:00:57,172:INFO: Evaluate
2019-06-27 05:00:58,768:INFO: - Evaluate metrics: recall_at_100: 0.173 ; loss: 1.088
2019-06-27 05:00:58,769:INFO: - Found new best recall_at_100
2019-06-27 05:00:58,870:INFO: Epoch 7/10
2019-06-27 05:00:58,870:INFO: Train
2019-06-27 05:01:01,101:INFO: - Train metrics: recall_at_100: 0.156 ; loss: 1.086
2019-06-27 05:01:01,102:INFO: Evaluate
2019-06-27 05:01:02,722:INFO: - Evaluate metrics: recall_at_100: 0.174 ; loss: 1.117
2019-06-27 05:01:02,722:INFO: - Found new best recall_at_100
2019-06-27 05:01:02,800:INFO: Epoch 8/10
2019-06-27 05:01:02,800:INFO: Train
2019-06-27 05:01:05,085:INFO: - Train metrics: recall_at_100: 0.179 ; loss: 1.069
2019-06-27 05:01:05,086:INFO: Evaluate
2019-06-27 05:01:06,661:INFO: - Evaluate metrics: recall_at_100: 0.147 ; loss: 1.125
2019-06-27 05:01:06,693:INFO: Epoch 9/10
2019-06-27 05:01:06,694:INFO: Train
2019-06-27 05:01:09,013:INFO: - Train metrics: recall_at_100: 0.178 ; loss: 1.079
2019-06-27 05:01:09,014:INFO: Evaluate
2019-06-27 05:01:10,533:INFO: - Evaluate metrics: recall_at_100: 0.161 ; loss: 1.109
2019-06-27 05:01:10,570:INFO: Epoch 10/10
2019-06-27 05:01:10,570:INFO: Train
2019-06-27 05:01:12,739:INFO: - Train metrics: recall_at_100: 0.136 ; loss: 1.081
2019-06-27 05:01:12,740:INFO: Evaluate
2019-06-27 05:01:14,414:INFO: - Evaluate metrics: recall_at_100: 0.167 ; loss: 1.129
2019-06-27 05:01:36,533:INFO: Training model for test 6
2019-06-27 05:01:38,897:INFO: Starting training for 10 epoch(s)
2019-06-27 05:01:38,897:INFO: Epoch 1/10
2019-06-27 05:01:38,897:INFO: Train
2019-06-27 05:01:40,962:INFO: - Train metrics: recall_at_100: 0.135 ; loss: 1.433
2019-06-27 05:01:40,962:INFO: Evaluate
2019-06-27 05:01:42,314:INFO: - Evaluate metrics: recall_at_100: 0.112 ; loss: 1.219
2019-06-27 05:01:42,314:INFO: - Found new best recall_at_100
2019-06-27 05:01:42,428:INFO: Epoch 2/10
2019-06-27 05:01:42,428:INFO: Train
2019-06-27 05:01:44,381:INFO: - Train metrics: recall_at_100: 0.123 ; loss: 1.183
2019-06-27 05:01:44,381:INFO: Evaluate
2019-06-27 05:01:45,816:INFO: - Evaluate metrics: recall_at_100: 0.098 ; loss: 1.119
2019-06-27 05:01:45,847:INFO: Epoch 3/10
2019-06-27 05:01:45,847:INFO: Train
2019-06-27 05:01:48,065:INFO: - Train metrics: recall_at_100: 0.139 ; loss: 1.116
2019-06-27 05:01:48,065:INFO: Evaluate
2019-06-27 05:01:49,424:INFO: - Evaluate metrics: recall_at_100: 0.121 ; loss: 1.087
2019-06-27 05:01:49,424:INFO: - Found new best recall_at_100
2019-06-27 05:01:49,531:INFO: Epoch 4/10
2019-06-27 05:01:49,531:INFO: Train
2019-06-27 05:01:51,821:INFO: - Train metrics: recall_at_100: 0.126 ; loss: 1.105
2019-06-27 05:01:51,821:INFO: Evaluate
2019-06-27 05:01:53,482:INFO: - Evaluate metrics: recall_at_100: 0.127 ; loss: 1.117
2019-06-27 05:01:53,482:INFO: - Found new best recall_at_100
2019-06-27 05:01:53,608:INFO: Epoch 5/10
2019-06-27 05:01:53,608:INFO: Train
2019-06-27 05:01:55,762:INFO: - Train metrics: recall_at_100: 0.179 ; loss: 1.107
2019-06-27 05:01:55,763:INFO: Evaluate
2019-06-27 05:01:57,368:INFO: - Evaluate metrics: recall_at_100: 0.138 ; loss: 1.080
2019-06-27 05:01:57,368:INFO: - Found new best recall_at_100
2019-06-27 05:01:57,453:INFO: Epoch 6/10
2019-06-27 05:01:57,453:INFO: Train
2019-06-27 05:01:59,674:INFO: - Train metrics: recall_at_100: 0.109 ; loss: 1.096
2019-06-27 05:01:59,675:INFO: Evaluate
2019-06-27 05:02:01,280:INFO: - Evaluate metrics: recall_at_100: 0.142 ; loss: 1.077
2019-06-27 05:02:01,281:INFO: - Found new best recall_at_100
2019-06-27 05:02:01,380:INFO: Epoch 7/10
2019-06-27 05:02:01,380:INFO: Train
2019-06-27 05:02:03,661:INFO: - Train metrics: recall_at_100: 0.168 ; loss: 1.088
2019-06-27 05:02:03,661:INFO: Evaluate
2019-06-27 05:02:05,109:INFO: - Evaluate metrics: recall_at_100: 0.111 ; loss: 1.075
2019-06-27 05:02:05,143:INFO: Epoch 8/10
2019-06-27 05:02:05,143:INFO: Train
2019-06-27 05:02:07,283:INFO: - Train metrics: recall_at_100: 0.151 ; loss: 1.091
2019-06-27 05:02:07,284:INFO: Evaluate
2019-06-27 05:02:08,867:INFO: - Evaluate metrics: recall_at_100: 0.147 ; loss: 1.085
2019-06-27 05:02:08,867:INFO: - Found new best recall_at_100
2019-06-27 05:02:08,979:INFO: Epoch 9/10
2019-06-27 05:02:08,979:INFO: Train
2019-06-27 05:02:11,350:INFO: - Train metrics: recall_at_100: 0.145 ; loss: 1.099
2019-06-27 05:02:11,350:INFO: Evaluate
2019-06-27 05:02:12,997:INFO: - Evaluate metrics: recall_at_100: 0.124 ; loss: 1.097
2019-06-27 05:02:13,036:INFO: Epoch 10/10
2019-06-27 05:02:13,036:INFO: Train
2019-06-27 05:02:15,379:INFO: - Train metrics: recall_at_100: 0.143 ; loss: 1.092
2019-06-27 05:02:15,380:INFO: Evaluate
2019-06-27 05:02:16,957:INFO: - Evaluate metrics: recall_at_100: 0.131 ; loss: 1.091
2019-06-27 05:02:38,781:INFO: Training model for test 0
2019-06-27 05:02:41,245:INFO: Starting training for 10 epoch(s)
2019-06-27 05:02:41,246:INFO: Epoch 1/10
2019-06-27 05:02:41,246:INFO: Train
2019-06-27 05:02:43,234:INFO: - Train metrics: recall_at_100: 0.150 ; loss: 1.432
2019-06-27 05:02:43,234:INFO: Evaluate
2019-06-27 05:02:44,704:INFO: - Evaluate metrics: recall_at_100: 0.136 ; loss: 1.150
2019-06-27 05:02:44,704:INFO: - Found new best recall_at_100
2019-06-27 05:02:44,814:INFO: Epoch 2/10
2019-06-27 05:02:44,815:INFO: Train
2019-06-27 05:02:46,991:INFO: - Train metrics: recall_at_100: 0.142 ; loss: 1.178
2019-06-27 05:02:46,992:INFO: Evaluate
2019-06-27 05:02:48,538:INFO: - Evaluate metrics: recall_at_100: 0.151 ; loss: 1.182
2019-06-27 05:02:48,539:INFO: - Found new best recall_at_100
2019-06-27 05:02:48,649:INFO: Epoch 3/10
2019-06-27 05:02:48,649:INFO: Train
2019-06-27 05:02:50,787:INFO: - Train metrics: recall_at_100: 0.140 ; loss: 1.134
2019-06-27 05:02:50,787:INFO: Evaluate
2019-06-27 05:02:52,191:INFO: - Evaluate metrics: recall_at_100: 0.138 ; loss: 1.114
2019-06-27 05:02:52,226:INFO: Epoch 4/10
2019-06-27 05:02:52,226:INFO: Train
2019-06-27 05:02:54,170:INFO: - Train metrics: recall_at_100: 0.164 ; loss: 1.103
2019-06-27 05:02:54,170:INFO: Evaluate
2019-06-27 05:02:55,675:INFO: - Evaluate metrics: recall_at_100: 0.163 ; loss: 1.079
2019-06-27 05:02:55,676:INFO: - Found new best recall_at_100
2019-06-27 05:02:55,776:INFO: Epoch 5/10
2019-06-27 05:02:55,776:INFO: Train
2019-06-27 05:02:58,002:INFO: - Train metrics: recall_at_100: 0.139 ; loss: 1.100
2019-06-27 05:02:58,002:INFO: Evaluate
2019-06-27 05:02:59,656:INFO: - Evaluate metrics: recall_at_100: 0.130 ; loss: 1.103
2019-06-27 05:02:59,688:INFO: Epoch 6/10
2019-06-27 05:02:59,689:INFO: Train
2019-06-27 05:03:01,929:INFO: - Train metrics: recall_at_100: 0.141 ; loss: 1.103
2019-06-27 05:03:01,930:INFO: Evaluate
2019-06-27 05:03:03,592:INFO: - Evaluate metrics: recall_at_100: 0.173 ; loss: 1.087
2019-06-27 05:03:03,593:INFO: - Found new best recall_at_100
2019-06-27 05:03:03,734:INFO: Epoch 7/10
2019-06-27 05:03:03,734:INFO: Train
2019-06-27 05:03:06,053:INFO: - Train metrics: recall_at_100: 0.142 ; loss: 1.087
2019-06-27 05:03:06,053:INFO: Evaluate
2019-06-27 05:03:07,890:INFO: - Evaluate metrics: recall_at_100: 0.149 ; loss: 1.103
2019-06-27 05:03:07,923:INFO: Epoch 8/10
2019-06-27 05:03:07,923:INFO: Train
2019-06-27 05:03:10,282:INFO: - Train metrics: recall_at_100: 0.142 ; loss: 1.102
2019-06-27 05:03:10,283:INFO: Evaluate
2019-06-27 05:03:11,981:INFO: - Evaluate metrics: recall_at_100: 0.135 ; loss: 1.098
2019-06-27 05:03:12,007:INFO: Epoch 9/10
2019-06-27 05:03:12,008:INFO: Train
2019-06-27 05:03:14,230:INFO: - Train metrics: recall_at_100: 0.126 ; loss: 1.112
2019-06-27 05:03:14,230:INFO: Evaluate
2019-06-27 05:03:15,986:INFO: - Evaluate metrics: recall_at_100: 0.145 ; loss: 1.090
2019-06-27 05:03:16,022:INFO: Epoch 10/10
2019-06-27 05:03:16,022:INFO: Train
2019-06-27 05:03:18,340:INFO: - Train metrics: recall_at_100: 0.139 ; loss: 1.129
2019-06-27 05:03:18,340:INFO: Evaluate
2019-06-27 05:03:20,066:INFO: - Evaluate metrics: recall_at_100: 0.136 ; loss: 1.143
2019-06-27 05:03:41,961:INFO: Running Experiment...
