2019-07-20 12:14:07,765:INFO: Disease Protein Prediction in the PPI Network
2019-07-20 12:14:07,765:INFO: Sabri Eyuboglu  -- SNAP Group
2019-07-20 12:14:07,765:INFO: ======================================
2019-07-20 12:14:07,765:INFO: Loading PPI Network...
2019-07-20 12:14:15,291:INFO: Loading Disease Associations...
2019-07-20 12:14:16,036:INFO: Running Experiment...
2019-07-20 12:24:37,555:INFO: Disease Protein Prediction in the PPI Network
2019-07-20 12:24:37,556:INFO: Sabri Eyuboglu  -- SNAP Group
2019-07-20 12:24:37,556:INFO: ======================================
2019-07-20 12:24:37,556:INFO: Loading PPI Network...
2019-07-20 12:24:48,161:INFO: Loading Disease Associations...
2019-07-20 12:24:49,261:INFO: Running Experiment...
2019-07-20 12:36:51,783:INFO: Disease Protein Prediction in the PPI Network
2019-07-20 12:36:51,784:INFO: Sabri Eyuboglu  -- SNAP Group
2019-07-20 12:36:51,784:INFO: ======================================
2019-07-20 12:36:51,784:INFO: Loading PPI Network...
2019-07-20 12:37:05,785:INFO: Loading Disease Associations...
2019-07-20 12:37:06,954:INFO: Running Experiment...
2019-07-20 12:48:52,806:INFO: Disease Protein Prediction in the PPI Network
2019-07-20 12:48:52,807:INFO: Sabri Eyuboglu  -- SNAP Group
2019-07-20 12:48:52,807:INFO: ======================================
2019-07-20 12:48:52,808:INFO: Loading PPI Network...
2019-07-20 12:49:02,898:INFO: Loading Disease Associations...
2019-07-20 12:49:03,755:INFO: Running Experiment...
2019-07-20 12:59:30,591:INFO: Disease Protein Prediction in the PPI Network
2019-07-20 12:59:30,592:INFO: Sabri Eyuboglu  -- SNAP Group
2019-07-20 12:59:30,592:INFO: ======================================
2019-07-20 12:59:30,592:INFO: Loading PPI Network...
2019-07-20 12:59:41,265:INFO: Loading Disease Associations...
2019-07-20 12:59:42,267:INFO: Running Experiment...
2019-07-20 13:10:00,060:INFO: Disease Protein Prediction in the PPI Network
2019-07-20 13:10:00,061:INFO: Sabri Eyuboglu  -- SNAP Group
2019-07-20 13:10:00,061:INFO: ======================================
2019-07-20 13:10:00,061:INFO: Loading PPI Network...
2019-07-20 13:10:08,604:INFO: Loading Disease Associations...
2019-07-20 13:10:09,918:INFO: Running Experiment...
2019-07-20 13:20:18,170:INFO: Disease Protein Prediction in the PPI Network
2019-07-20 13:20:18,171:INFO: Sabri Eyuboglu  -- SNAP Group
2019-07-20 13:20:18,171:INFO: ======================================
2019-07-20 13:20:18,171:INFO: Loading PPI Network...
2019-07-20 13:20:27,966:INFO: Loading Disease Associations...
2019-07-20 13:20:28,961:INFO: Running Experiment...
2019-07-20 13:31:14,678:INFO: Disease Protein Prediction in the PPI Network
2019-07-20 13:31:14,679:INFO: Sabri Eyuboglu  -- SNAP Group
2019-07-20 13:31:14,679:INFO: ======================================
2019-07-20 13:31:14,679:INFO: Loading PPI Network...
2019-07-20 13:31:24,937:INFO: Loading Disease Associations...
2019-07-20 13:31:26,488:INFO: Running Experiment...
2019-07-20 13:41:57,979:INFO: Disease Protein Prediction in the PPI Network
2019-07-20 13:41:57,979:INFO: Sabri Eyuboglu  -- SNAP Group
2019-07-20 13:41:57,979:INFO: ======================================
2019-07-20 13:41:57,980:INFO: Loading PPI Network...
2019-07-20 13:42:11,522:INFO: Loading Disease Associations...
2019-07-20 13:42:12,821:INFO: Running Experiment...
2019-07-20 13:53:37,184:INFO: Disease Protein Prediction in the PPI Network
2019-07-20 13:53:37,185:INFO: Sabri Eyuboglu  -- SNAP Group
2019-07-20 13:53:37,185:INFO: ======================================
2019-07-20 13:53:37,185:INFO: Loading PPI Network...
2019-07-20 13:53:47,001:INFO: Loading Disease Associations...
2019-07-20 13:53:47,925:INFO: Running Experiment...
