2018-12-19 10:09:35,526:INFO: Disease Protein Prediction in the PPI Network
2018-12-19 10:09:35,526:INFO: Sabri Eyuboglu  -- SNAP Group
2018-12-19 10:09:35,526:INFO: ======================================
2018-12-19 10:09:35,526:INFO: Loading PPI Network...
2018-12-19 10:09:42,765:INFO: Loading Disease Associations...
2018-12-19 10:09:42,842:INFO: Training model for test 1
2018-12-19 10:09:49,851:INFO: Starting training for 5 epoch(s)
2018-12-19 10:09:49,851:INFO: Epoch 1/5
2018-12-19 10:09:49,851:INFO: Train
2018-12-19 10:09:51,895:INFO: - Train metrics: recall_at_100: 0.152 ; loss: 1.340
2018-12-19 10:09:51,895:INFO: Evaluate
2018-12-19 10:09:53,027:INFO: - Evaluate metrics: recall_at_100: 0.150 ; loss: 1.273
2018-12-19 10:09:53,027:INFO: - Found new best recall_at_100
2018-12-19 10:09:53,102:INFO: Epoch 2/5
2018-12-19 10:09:53,102:INFO: Train
2018-12-19 10:09:55,056:INFO: - Train metrics: recall_at_100: 0.167 ; loss: 1.084
2018-12-19 10:09:55,057:INFO: Evaluate
2018-12-19 10:09:56,400:INFO: - Evaluate metrics: recall_at_100: 0.197 ; loss: 1.059
2018-12-19 10:09:56,401:INFO: - Found new best recall_at_100
2018-12-19 10:09:56,505:INFO: Epoch 3/5
2018-12-19 10:09:56,505:INFO: Train
2018-12-19 10:09:58,704:INFO: - Train metrics: recall_at_100: 0.160 ; loss: 1.030
2018-12-19 10:09:58,704:INFO: Evaluate
2018-12-19 10:10:00,017:INFO: - Evaluate metrics: recall_at_100: 0.232 ; loss: 1.041
2018-12-19 10:10:00,018:INFO: - Found new best recall_at_100
2018-12-19 10:10:00,128:INFO: Epoch 4/5
2018-12-19 10:10:00,128:INFO: Train
2018-12-19 10:10:02,182:INFO: - Train metrics: recall_at_100: 0.212 ; loss: 1.011
2018-12-19 10:10:02,182:INFO: Evaluate
2018-12-19 10:10:03,509:INFO: - Evaluate metrics: recall_at_100: 0.212 ; loss: 1.037
2018-12-19 10:10:03,551:INFO: Epoch 5/5
2018-12-19 10:10:03,552:INFO: Train
2018-12-19 10:10:05,803:INFO: - Train metrics: recall_at_100: 0.165 ; loss: 1.016
2018-12-19 10:10:05,803:INFO: Evaluate
2018-12-19 10:10:07,311:INFO: - Evaluate metrics: recall_at_100: 0.198 ; loss: 1.094
2018-12-19 10:10:43,343:INFO: Training model for test 0
2018-12-19 10:10:47,054:INFO: Starting training for 5 epoch(s)
2018-12-19 10:10:47,055:INFO: Epoch 1/5
2018-12-19 10:10:47,055:INFO: Train
2018-12-19 10:10:49,198:INFO: - Train metrics: recall_at_100: 0.112 ; loss: 1.443
2018-12-19 10:10:49,198:INFO: Evaluate
2018-12-19 10:10:50,773:INFO: - Evaluate metrics: recall_at_100: 0.145 ; loss: 1.206
2018-12-19 10:10:50,773:INFO: - Found new best recall_at_100
2018-12-19 10:10:50,877:INFO: Epoch 2/5
2018-12-19 10:10:50,877:INFO: Train
2018-12-19 10:10:52,857:INFO: - Train metrics: recall_at_100: 0.174 ; loss: 1.123
2018-12-19 10:10:52,858:INFO: Evaluate
2018-12-19 10:10:54,158:INFO: - Evaluate metrics: recall_at_100: 0.143 ; loss: 1.056
2018-12-19 10:10:54,196:INFO: Epoch 3/5
2018-12-19 10:10:54,197:INFO: Train
2018-12-19 10:10:56,659:INFO: - Train metrics: recall_at_100: 0.133 ; loss: 1.053
2018-12-19 10:10:56,660:INFO: Evaluate
2018-12-19 10:10:58,170:INFO: - Evaluate metrics: recall_at_100: 0.137 ; loss: 1.033
2018-12-19 10:10:58,242:INFO: Epoch 4/5
2018-12-19 10:10:58,242:INFO: Train
2018-12-19 10:11:00,427:INFO: - Train metrics: recall_at_100: 0.177 ; loss: 1.028
2018-12-19 10:11:00,428:INFO: Evaluate
2018-12-19 10:11:01,928:INFO: - Evaluate metrics: recall_at_100: 0.149 ; loss: 1.020
2018-12-19 10:11:01,928:INFO: - Found new best recall_at_100
2018-12-19 10:11:02,047:INFO: Epoch 5/5
2018-12-19 10:11:02,047:INFO: Train
2018-12-19 10:11:04,245:INFO: - Train metrics: recall_at_100: 0.156 ; loss: 1.019
2018-12-19 10:11:04,246:INFO: Evaluate
2018-12-19 10:11:05,802:INFO: - Evaluate metrics: recall_at_100: 0.138 ; loss: 1.011
2018-12-19 10:11:42,588:INFO: Training model for test 3
2018-12-19 10:11:46,951:INFO: Starting training for 5 epoch(s)
2018-12-19 10:11:46,952:INFO: Epoch 1/5
2018-12-19 10:11:46,952:INFO: Train
2018-12-19 10:11:49,291:INFO: - Train metrics: recall_at_100: 0.149 ; loss: 1.381
2018-12-19 10:11:49,292:INFO: Evaluate
2018-12-19 10:11:50,771:INFO: - Evaluate metrics: recall_at_100: 0.190 ; loss: 1.043
2018-12-19 10:11:50,772:INFO: - Found new best recall_at_100
2018-12-19 10:11:50,878:INFO: Epoch 2/5
2018-12-19 10:11:50,879:INFO: Train
2018-12-19 10:11:53,113:INFO: - Train metrics: recall_at_100: 0.165 ; loss: 1.102
2018-12-19 10:11:53,114:INFO: Evaluate
2018-12-19 10:11:54,348:INFO: - Evaluate metrics: recall_at_100: 0.147 ; loss: 1.073
2018-12-19 10:11:54,386:INFO: Epoch 3/5
2018-12-19 10:11:54,386:INFO: Train
2018-12-19 10:11:56,431:INFO: - Train metrics: recall_at_100: 0.181 ; loss: 1.037
2018-12-19 10:11:56,432:INFO: Evaluate
2018-12-19 10:11:57,893:INFO: - Evaluate metrics: recall_at_100: 0.178 ; loss: 1.047
2018-12-19 10:11:57,939:INFO: Epoch 4/5
2018-12-19 10:11:57,939:INFO: Train
2018-12-19 10:12:00,184:INFO: - Train metrics: recall_at_100: 0.198 ; loss: 1.022
2018-12-19 10:12:00,185:INFO: Evaluate
2018-12-19 10:12:01,410:INFO: - Evaluate metrics: recall_at_100: 0.175 ; loss: 1.027
2018-12-19 10:12:01,447:INFO: Epoch 5/5
2018-12-19 10:12:01,447:INFO: Train
2018-12-19 10:12:03,678:INFO: - Train metrics: recall_at_100: 0.179 ; loss: 1.001
2018-12-19 10:12:03,679:INFO: Evaluate
2018-12-19 10:12:05,036:INFO: - Evaluate metrics: recall_at_100: 0.156 ; loss: 1.093
2018-12-19 10:12:41,289:INFO: Training model for test 2
2018-12-19 10:12:44,862:INFO: Starting training for 5 epoch(s)
2018-12-19 10:12:44,863:INFO: Epoch 1/5
2018-12-19 10:12:44,863:INFO: Train
2018-12-19 10:12:46,914:INFO: - Train metrics: recall_at_100: 0.158 ; loss: 1.469
2018-12-19 10:12:46,914:INFO: Evaluate
2018-12-19 10:12:48,121:INFO: - Evaluate metrics: recall_at_100: 0.135 ; loss: 1.158
2018-12-19 10:12:48,122:INFO: - Found new best recall_at_100
2018-12-19 10:12:48,226:INFO: Epoch 2/5
2018-12-19 10:12:48,226:INFO: Train
2018-12-19 10:12:50,363:INFO: - Train metrics: recall_at_100: 0.158 ; loss: 1.100
2018-12-19 10:12:50,363:INFO: Evaluate
2018-12-19 10:12:51,783:INFO: - Evaluate metrics: recall_at_100: 0.161 ; loss: 1.058
2018-12-19 10:12:51,784:INFO: - Found new best recall_at_100
2018-12-19 10:12:51,871:INFO: Epoch 3/5
2018-12-19 10:12:51,872:INFO: Train
2018-12-19 10:12:54,157:INFO: - Train metrics: recall_at_100: 0.158 ; loss: 1.050
2018-12-19 10:12:54,157:INFO: Evaluate
2018-12-19 10:12:55,640:INFO: - Evaluate metrics: recall_at_100: 0.130 ; loss: 1.132
2018-12-19 10:12:55,680:INFO: Epoch 4/5
2018-12-19 10:12:55,680:INFO: Train
2018-12-19 10:12:57,955:INFO: - Train metrics: recall_at_100: 0.181 ; loss: 1.035
2018-12-19 10:12:57,955:INFO: Evaluate
2018-12-19 10:12:59,373:INFO: - Evaluate metrics: recall_at_100: 0.166 ; loss: 1.074
2018-12-19 10:12:59,374:INFO: - Found new best recall_at_100
2018-12-19 10:12:59,480:INFO: Epoch 5/5
2018-12-19 10:12:59,481:INFO: Train
2018-12-19 10:13:01,571:INFO: - Train metrics: recall_at_100: 0.182 ; loss: 1.019
2018-12-19 10:13:01,572:INFO: Evaluate
2018-12-19 10:13:03,082:INFO: - Evaluate metrics: recall_at_100: 0.157 ; loss: 1.057
2018-12-19 10:13:39,173:INFO: Training model for test 5
2018-12-19 10:13:42,906:INFO: Starting training for 5 epoch(s)
2018-12-19 10:13:42,906:INFO: Epoch 1/5
2018-12-19 10:13:42,906:INFO: Train
2018-12-19 10:13:45,113:INFO: - Train metrics: recall_at_100: 0.000 ; loss: 1.587
2018-12-19 10:13:45,114:INFO: Evaluate
2018-12-19 10:13:46,313:INFO: - Evaluate metrics: recall_at_100: 0.099 ; loss: 1.368
2018-12-19 10:13:46,314:INFO: - Found new best recall_at_100
2018-12-19 10:13:46,419:INFO: Epoch 2/5
2018-12-19 10:13:46,419:INFO: Train
2018-12-19 10:13:48,647:INFO: - Train metrics: recall_at_100: 0.183 ; loss: 1.184
2018-12-19 10:13:48,647:INFO: Evaluate
2018-12-19 10:13:50,053:INFO: - Evaluate metrics: recall_at_100: 0.137 ; loss: 1.128
2018-12-19 10:13:50,053:INFO: - Found new best recall_at_100
2018-12-19 10:13:50,157:INFO: Epoch 3/5
2018-12-19 10:13:50,157:INFO: Train
2018-12-19 10:13:52,226:INFO: - Train metrics: recall_at_100: 0.187 ; loss: 1.078
2018-12-19 10:13:52,227:INFO: Evaluate
2018-12-19 10:13:53,404:INFO: - Evaluate metrics: recall_at_100: 0.129 ; loss: 1.022
2018-12-19 10:13:53,445:INFO: Epoch 4/5
2018-12-19 10:13:53,445:INFO: Train
2018-12-19 10:13:55,746:INFO: - Train metrics: recall_at_100: 0.184 ; loss: 1.060
2018-12-19 10:13:55,747:INFO: Evaluate
2018-12-19 10:13:57,104:INFO: - Evaluate metrics: recall_at_100: 0.140 ; loss: 1.020
2018-12-19 10:13:57,105:INFO: - Found new best recall_at_100
2018-12-19 10:13:57,222:INFO: Epoch 5/5
2018-12-19 10:13:57,222:INFO: Train
2018-12-19 10:13:59,292:INFO: - Train metrics: recall_at_100: 0.141 ; loss: 1.029
2018-12-19 10:13:59,292:INFO: Evaluate
2018-12-19 10:14:00,675:INFO: - Evaluate metrics: recall_at_100: 0.138 ; loss: 1.082
2018-12-19 10:14:36,964:INFO: Training model for test 4
2018-12-19 10:14:40,156:INFO: Starting training for 5 epoch(s)
2018-12-19 10:14:40,156:INFO: Epoch 1/5
2018-12-19 10:14:40,156:INFO: Train
2018-12-19 10:14:42,151:INFO: - Train metrics: recall_at_100: 0.002 ; loss: 1.410
2018-12-19 10:14:42,151:INFO: Evaluate
2018-12-19 10:14:43,358:INFO: - Evaluate metrics: recall_at_100: 0.170 ; loss: 1.241
2018-12-19 10:14:43,358:INFO: - Found new best recall_at_100
2018-12-19 10:14:43,464:INFO: Epoch 2/5
2018-12-19 10:14:43,464:INFO: Train
2018-12-19 10:14:45,478:INFO: - Train metrics: recall_at_100: 0.159 ; loss: 1.077
2018-12-19 10:14:45,478:INFO: Evaluate
2018-12-19 10:14:46,654:INFO: - Evaluate metrics: recall_at_100: 0.188 ; loss: 1.064
2018-12-19 10:14:46,654:INFO: - Found new best recall_at_100
2018-12-19 10:14:46,752:INFO: Epoch 3/5
2018-12-19 10:14:46,752:INFO: Train
2018-12-19 10:14:48,932:INFO: - Train metrics: recall_at_100: 0.143 ; loss: 1.028
2018-12-19 10:14:48,933:INFO: Evaluate
2018-12-19 10:14:50,385:INFO: - Evaluate metrics: recall_at_100: 0.205 ; loss: 1.069
2018-12-19 10:14:50,386:INFO: - Found new best recall_at_100
2018-12-19 10:14:50,511:INFO: Epoch 4/5
2018-12-19 10:14:50,511:INFO: Train
2018-12-19 10:14:52,519:INFO: - Train metrics: recall_at_100: 0.176 ; loss: 1.018
2018-12-19 10:14:52,519:INFO: Evaluate
2018-12-19 10:14:53,731:INFO: - Evaluate metrics: recall_at_100: 0.238 ; loss: 1.026
2018-12-19 10:14:53,731:INFO: - Found new best recall_at_100
2018-12-19 10:14:53,850:INFO: Epoch 5/5
2018-12-19 10:14:53,850:INFO: Train
2018-12-19 10:14:56,147:INFO: - Train metrics: recall_at_100: 0.193 ; loss: 1.015
2018-12-19 10:14:56,151:INFO: Evaluate
2018-12-19 10:14:57,404:INFO: - Evaluate metrics: recall_at_100: 0.201 ; loss: 1.011
2018-12-19 10:15:33,697:INFO: Training model for test 7
2018-12-19 10:15:36,914:INFO: Starting training for 5 epoch(s)
2018-12-19 10:15:36,914:INFO: Epoch 1/5
2018-12-19 10:15:36,915:INFO: Train
2018-12-19 10:15:39,108:INFO: - Train metrics: recall_at_100: 0.001 ; loss: 1.478
2018-12-19 10:15:39,108:INFO: Evaluate
2018-12-19 10:15:40,504:INFO: - Evaluate metrics: recall_at_100: 0.171 ; loss: 1.286
2018-12-19 10:15:40,505:INFO: - Found new best recall_at_100
2018-12-19 10:15:40,621:INFO: Epoch 2/5
2018-12-19 10:15:40,621:INFO: Train
2018-12-19 10:15:42,882:INFO: - Train metrics: recall_at_100: 0.141 ; loss: 1.144
2018-12-19 10:15:42,886:INFO: Evaluate
2018-12-19 10:15:44,047:INFO: - Evaluate metrics: recall_at_100: 0.174 ; loss: 1.087
2018-12-19 10:15:44,047:INFO: - Found new best recall_at_100
2018-12-19 10:15:44,158:INFO: Epoch 3/5
2018-12-19 10:15:44,159:INFO: Train
2018-12-19 10:15:46,397:INFO: - Train metrics: recall_at_100: 0.142 ; loss: 1.067
2018-12-19 10:15:46,397:INFO: Evaluate
2018-12-19 10:15:47,728:INFO: - Evaluate metrics: recall_at_100: 0.177 ; loss: 1.068
2018-12-19 10:15:47,728:INFO: - Found new best recall_at_100
2018-12-19 10:15:47,839:INFO: Epoch 4/5
2018-12-19 10:15:47,839:INFO: Train
2018-12-19 10:15:49,908:INFO: - Train metrics: recall_at_100: 0.160 ; loss: 1.046
2018-12-19 10:15:49,908:INFO: Evaluate
2018-12-19 10:15:51,338:INFO: - Evaluate metrics: recall_at_100: 0.209 ; loss: 1.040
2018-12-19 10:15:51,339:INFO: - Found new best recall_at_100
2018-12-19 10:15:51,458:INFO: Epoch 5/5
2018-12-19 10:15:51,458:INFO: Train
2018-12-19 10:15:53,765:INFO: - Train metrics: recall_at_100: 0.168 ; loss: 1.024
2018-12-19 10:15:53,766:INFO: Evaluate
2018-12-19 10:15:55,081:INFO: - Evaluate metrics: recall_at_100: 0.222 ; loss: 1.004
2018-12-19 10:15:55,082:INFO: - Found new best recall_at_100
2018-12-19 10:16:30,946:INFO: Training model for test 6
2018-12-19 10:16:34,107:INFO: Starting training for 5 epoch(s)
2018-12-19 10:16:34,107:INFO: Epoch 1/5
2018-12-19 10:16:34,107:INFO: Train
2018-12-19 10:16:36,070:INFO: - Train metrics: recall_at_100: 0.000 ; loss: 1.524
2018-12-19 10:16:36,070:INFO: Evaluate
2018-12-19 10:16:37,455:INFO: - Evaluate metrics: recall_at_100: 0.126 ; loss: 1.400
2018-12-19 10:16:37,455:INFO: - Found new best recall_at_100
2018-12-19 10:16:37,572:INFO: Epoch 2/5
2018-12-19 10:16:37,572:INFO: Train
2018-12-19 10:16:39,820:INFO: - Train metrics: recall_at_100: 0.142 ; loss: 1.197
2018-12-19 10:16:39,824:INFO: Evaluate
2018-12-19 10:16:40,995:INFO: - Evaluate metrics: recall_at_100: 0.148 ; loss: 1.091
2018-12-19 10:16:40,996:INFO: - Found new best recall_at_100
2018-12-19 10:16:41,107:INFO: Epoch 3/5
2018-12-19 10:16:41,107:INFO: Train
2018-12-19 10:16:43,371:INFO: - Train metrics: recall_at_100: 0.167 ; loss: 1.089
2018-12-19 10:16:43,371:INFO: Evaluate
2018-12-19 10:16:44,784:INFO: - Evaluate metrics: recall_at_100: 0.147 ; loss: 1.042
2018-12-19 10:16:44,830:INFO: Epoch 4/5
2018-12-19 10:16:44,830:INFO: Train
2018-12-19 10:16:46,897:INFO: - Train metrics: recall_at_100: 0.154 ; loss: 1.050
2018-12-19 10:16:46,897:INFO: Evaluate
2018-12-19 10:16:48,163:INFO: - Evaluate metrics: recall_at_100: 0.150 ; loss: 1.028
2018-12-19 10:16:48,164:INFO: - Found new best recall_at_100
2018-12-19 10:16:48,276:INFO: Epoch 5/5
2018-12-19 10:16:48,276:INFO: Train
2018-12-19 10:16:50,635:INFO: - Train metrics: recall_at_100: 0.176 ; loss: 1.042
2018-12-19 10:16:50,639:INFO: Evaluate
2018-12-19 10:16:52,001:INFO: - Evaluate metrics: recall_at_100: 0.164 ; loss: 1.025
2018-12-19 10:16:52,001:INFO: - Found new best recall_at_100
2018-12-19 10:17:28,500:INFO: Training model for test 9
2018-12-19 10:17:32,024:INFO: Starting training for 5 epoch(s)
2018-12-19 10:17:32,025:INFO: Epoch 1/5
2018-12-19 10:17:32,025:INFO: Train
2018-12-19 10:17:34,045:INFO: - Train metrics: recall_at_100: 0.000 ; loss: 1.587
2018-12-19 10:17:34,046:INFO: Evaluate
2018-12-19 10:17:35,412:INFO: - Evaluate metrics: recall_at_100: 0.151 ; loss: 1.324
2018-12-19 10:17:35,413:INFO: - Found new best recall_at_100
2018-12-19 10:17:35,534:INFO: Epoch 2/5
2018-12-19 10:17:35,535:INFO: Train
2018-12-19 10:17:37,773:INFO: - Train metrics: recall_at_100: 0.172 ; loss: 1.153
2018-12-19 10:17:37,773:INFO: Evaluate
2018-12-19 10:17:39,142:INFO: - Evaluate metrics: recall_at_100: 0.155 ; loss: 1.117
2018-12-19 10:17:39,142:INFO: - Found new best recall_at_100
2018-12-19 10:17:39,259:INFO: Epoch 3/5
2018-12-19 10:17:39,259:INFO: Train
2018-12-19 10:17:41,261:INFO: - Train metrics: recall_at_100: 0.157 ; loss: 1.070
2018-12-19 10:17:41,261:INFO: Evaluate
2018-12-19 10:17:42,633:INFO: - Evaluate metrics: recall_at_100: 0.137 ; loss: 1.062
2018-12-19 10:17:42,671:INFO: Epoch 4/5
2018-12-19 10:17:42,672:INFO: Train
2018-12-19 10:17:44,732:INFO: - Train metrics: recall_at_100: 0.209 ; loss: 1.052
2018-12-19 10:17:44,732:INFO: Evaluate
2018-12-19 10:17:45,885:INFO: - Evaluate metrics: recall_at_100: 0.137 ; loss: 1.093
2018-12-19 10:17:45,921:INFO: Epoch 5/5
2018-12-19 10:17:45,921:INFO: Train
2018-12-19 10:17:47,984:INFO: - Train metrics: recall_at_100: 0.230 ; loss: 1.009
2018-12-19 10:17:47,988:INFO: Evaluate
2018-12-19 10:17:49,149:INFO: - Evaluate metrics: recall_at_100: 0.155 ; loss: 1.046
2018-12-19 10:17:49,149:INFO: - Found new best recall_at_100
2018-12-19 10:18:25,157:INFO: Training model for test 8
2018-12-19 10:18:28,374:INFO: Starting training for 5 epoch(s)
2018-12-19 10:18:28,374:INFO: Epoch 1/5
2018-12-19 10:18:28,374:INFO: Train
2018-12-19 10:18:30,388:INFO: - Train metrics: recall_at_100: 0.001 ; loss: 1.405
2018-12-19 10:18:30,388:INFO: Evaluate
2018-12-19 10:18:31,559:INFO: - Evaluate metrics: recall_at_100: 0.181 ; loss: 1.096
2018-12-19 10:18:31,559:INFO: - Found new best recall_at_100
2018-12-19 10:18:31,668:INFO: Epoch 2/5
2018-12-19 10:18:31,668:INFO: Train
2018-12-19 10:18:33,931:INFO: - Train metrics: recall_at_100: 0.156 ; loss: 1.090
2018-12-19 10:18:33,931:INFO: Evaluate
2018-12-19 10:18:35,107:INFO: - Evaluate metrics: recall_at_100: 0.192 ; loss: 1.034
2018-12-19 10:18:35,107:INFO: - Found new best recall_at_100
2018-12-19 10:18:35,224:INFO: Epoch 3/5
2018-12-19 10:18:35,225:INFO: Train
2018-12-19 10:18:37,278:INFO: - Train metrics: recall_at_100: 0.159 ; loss: 1.045
2018-12-19 10:18:37,282:INFO: Evaluate
2018-12-19 10:18:38,600:INFO: - Evaluate metrics: recall_at_100: 0.205 ; loss: 1.049
2018-12-19 10:18:38,601:INFO: - Found new best recall_at_100
2018-12-19 10:18:38,700:INFO: Epoch 4/5
2018-12-19 10:18:38,700:INFO: Train
2018-12-19 10:18:40,754:INFO: - Train metrics: recall_at_100: 0.194 ; loss: 1.025
2018-12-19 10:18:40,754:INFO: Evaluate
2018-12-19 10:18:41,927:INFO: - Evaluate metrics: recall_at_100: 0.179 ; loss: 1.015
2018-12-19 10:18:41,969:INFO: Epoch 5/5
2018-12-19 10:18:41,970:INFO: Train
2018-12-19 10:18:44,279:INFO: - Train metrics: recall_at_100: 0.187 ; loss: 1.001
2018-12-19 10:18:44,279:INFO: Evaluate
2018-12-19 10:18:45,745:INFO: - Evaluate metrics: recall_at_100: 0.192 ; loss: 1.011
2018-12-19 10:19:21,739:INFO: Running Experiment...
