2019-04-19 16:38:35,035:INFO: Metric Significance of Diseases in the PPI Network
2019-04-19 16:38:35,035:INFO: Sabri Eyuboglu  -- SNAP Group
2019-04-19 16:38:35,035:INFO: ======================================
2019-04-19 16:38:35,035:INFO: Loading Disease Associations...
2019-04-19 16:38:35,051:INFO: Loading Network...
2019-04-19 16:38:44,115:INFO: Loading predictions...
2019-04-19 16:39:04,657:INFO: Loading protein data...
2019-04-19 16:39:25,787:INFO: Metric Significance of Diseases in the PPI Network
2019-04-19 16:39:25,787:INFO: Sabri Eyuboglu  -- SNAP Group
2019-04-19 16:39:25,787:INFO: ======================================
2019-04-19 16:39:25,787:INFO: Loading Disease Associations...
2019-04-19 16:39:25,800:INFO: Loading Network...
2019-04-19 16:39:33,340:INFO: Loading Predictions...
2019-04-19 16:39:53,252:INFO: Loading Protein Data...
2019-04-19 16:40:42,376:INFO: Metric Significance of Diseases in the PPI Network
2019-04-19 16:40:42,376:INFO: Sabri Eyuboglu  -- SNAP Group
2019-04-19 16:40:42,376:INFO: ======================================
2019-04-19 16:40:42,376:INFO: Loading Disease Associations...
2019-04-19 16:40:42,391:INFO: Loading Network...
2019-04-19 16:40:51,321:INFO: Loading Predictions...
2019-04-19 16:41:13,106:INFO: Loading Protein Data...
2019-04-19 16:41:13,140:INFO: Running Experiment...
2019-04-19 16:41:51,582:INFO: Metric Significance of Diseases in the PPI Network
2019-04-19 16:41:51,582:INFO: Sabri Eyuboglu  -- SNAP Group
2019-04-19 16:41:51,582:INFO: ======================================
2019-04-19 16:41:51,582:INFO: Loading Disease Associations...
2019-04-19 16:41:51,601:INFO: Loading Network...
2019-04-19 16:41:59,270:INFO: Loading Predictions...
2019-04-19 16:42:20,206:INFO: Loading Protein Data...
2019-04-19 16:42:20,238:INFO: Running Experiment...
2019-04-19 16:42:51,023:INFO: Metric Significance of Diseases in the PPI Network
2019-04-19 16:42:51,023:INFO: Sabri Eyuboglu  -- SNAP Group
2019-04-19 16:42:51,023:INFO: ======================================
2019-04-19 16:42:51,023:INFO: Loading Disease Associations...
2019-04-19 16:42:51,035:INFO: Loading Network...
2019-04-19 16:42:59,352:INFO: Loading Predictions...
2019-04-19 16:43:20,686:INFO: Loading Protein Data...
2019-04-19 16:43:20,721:INFO: Running Experiment...
2019-04-19 16:46:45,908:INFO: Metric Significance of Diseases in the PPI Network
2019-04-19 16:46:45,908:INFO: Sabri Eyuboglu  -- SNAP Group
2019-04-19 16:46:45,908:INFO: ======================================
2019-04-19 16:46:45,908:INFO: Loading Disease Associations...
2019-04-19 16:46:45,920:INFO: Loading Network...
2019-04-19 16:46:53,914:INFO: Loading Predictions...
2019-04-19 16:47:14,732:INFO: Loading Protein Data...
2019-04-19 16:47:14,764:INFO: Running Experiment...
2019-04-19 16:47:30,220:INFO: Metric Significance of Diseases in the PPI Network
2019-04-19 16:47:30,220:INFO: Sabri Eyuboglu  -- SNAP Group
2019-04-19 16:47:30,220:INFO: ======================================
2019-04-19 16:47:30,220:INFO: Loading Disease Associations...
2019-04-19 16:47:30,233:INFO: Loading Network...
2019-04-19 16:47:38,645:INFO: Loading Predictions...
2019-04-19 16:48:03,571:INFO: Loading Protein Data...
2019-04-19 16:48:03,605:INFO: Running Experiment...
2019-04-19 16:48:15,536:INFO: Metric Significance of Diseases in the PPI Network
2019-04-19 16:48:15,536:INFO: Sabri Eyuboglu  -- SNAP Group
2019-04-19 16:48:15,536:INFO: ======================================
2019-04-19 16:48:15,536:INFO: Loading Disease Associations...
2019-04-19 16:48:15,549:INFO: Loading Network...
2019-04-19 16:48:23,833:INFO: Loading Predictions...
2019-04-19 16:48:45,001:INFO: Loading Protein Data...
2019-04-19 16:48:45,036:INFO: Running Experiment...
2019-04-19 16:49:32,120:INFO: Metric Significance of Diseases in the PPI Network
2019-04-19 16:49:32,120:INFO: Sabri Eyuboglu  -- SNAP Group
2019-04-19 16:49:32,120:INFO: ======================================
2019-04-19 16:49:32,120:INFO: Loading Disease Associations...
2019-04-19 16:49:32,133:INFO: Loading Network...
2019-04-19 16:49:39,755:INFO: Loading Predictions...
2019-04-19 16:50:00,273:INFO: Loading Protein Data...
2019-04-19 16:50:00,307:INFO: Running Experiment...
2019-04-19 16:50:53,931:INFO: Metric Significance of Diseases in the PPI Network
2019-04-19 16:50:53,931:INFO: Sabri Eyuboglu  -- SNAP Group
2019-04-19 16:50:53,931:INFO: ======================================
2019-04-19 16:50:53,931:INFO: Loading Disease Associations...
2019-04-19 16:50:53,944:INFO: Loading Network...
2019-04-19 16:51:01,088:INFO: Loading Predictions...
2019-04-19 16:51:21,285:INFO: Loading Protein Data...
2019-04-19 16:51:21,319:INFO: Running Experiment...
2019-04-19 17:02:31,079:INFO: Metric Significance of Diseases in the PPI Network
2019-04-19 17:02:31,079:INFO: Sabri Eyuboglu  -- SNAP Group
2019-04-19 17:02:31,079:INFO: ======================================
2019-04-19 17:02:31,079:INFO: Loading Disease Associations...
2019-04-19 17:02:31,097:INFO: Loading Network...
2019-04-19 17:02:40,643:INFO: Loading Predictions...
2019-04-19 17:03:04,953:INFO: Loading Protein Data...
2019-04-19 17:03:04,988:INFO: Running Experiment...
2019-04-19 17:03:46,841:INFO: Metric Significance of Diseases in the PPI Network
2019-04-19 17:03:46,841:INFO: Sabri Eyuboglu  -- SNAP Group
2019-04-19 17:03:46,841:INFO: ======================================
2019-04-19 17:03:46,841:INFO: Loading Disease Associations...
2019-04-19 17:03:46,854:INFO: Loading Network...
2019-04-19 17:03:54,273:INFO: Loading Predictions...
2019-04-19 17:04:15,467:INFO: Loading Protein Data...
2019-04-19 17:04:15,498:INFO: Running Experiment...
2019-04-19 17:11:00,608:INFO: Metric Significance of Diseases in the PPI Network
2019-04-19 17:11:00,608:INFO: Sabri Eyuboglu  -- SNAP Group
2019-04-19 17:11:00,608:INFO: ======================================
2019-04-19 17:11:00,608:INFO: Loading Disease Associations...
2019-04-19 17:11:00,620:INFO: Loading Network...
2019-04-19 17:11:09,164:INFO: Loading Predictions...
2019-04-19 17:11:29,596:INFO: Loading Protein Data...
2019-04-19 17:11:29,627:INFO: Running Experiment...
2019-04-19 17:11:57,919:INFO: Metric Significance of Diseases in the PPI Network
2019-04-19 17:11:57,919:INFO: Sabri Eyuboglu  -- SNAP Group
2019-04-19 17:11:57,919:INFO: ======================================
2019-04-19 17:11:57,919:INFO: Loading Disease Associations...
2019-04-19 17:11:57,934:INFO: Loading Network...
2019-04-19 17:12:05,697:INFO: Loading Predictions...
2019-04-19 17:12:25,567:INFO: Loading Protein Data...
2019-04-19 17:12:25,597:INFO: Running Experiment...
2019-04-19 17:15:04,233:INFO: Metric Significance of Diseases in the PPI Network
2019-04-19 17:15:04,233:INFO: Sabri Eyuboglu  -- SNAP Group
2019-04-19 17:15:04,233:INFO: ======================================
2019-04-19 17:15:04,233:INFO: Loading Disease Associations...
2019-04-19 17:15:04,249:INFO: Loading Network...
2019-04-19 17:15:14,126:INFO: Loading Predictions...
2019-04-19 17:15:34,450:INFO: Loading Protein Data...
2019-04-19 17:15:34,489:INFO: Running Experiment...
2019-04-19 17:21:50,070:INFO: Metric Significance of Diseases in the PPI Network
2019-04-19 17:21:50,070:INFO: Sabri Eyuboglu  -- SNAP Group
2019-04-19 17:21:50,071:INFO: ======================================
2019-04-19 17:21:50,071:INFO: Loading Disease Associations...
2019-04-19 17:21:50,084:INFO: Loading Network...
2019-04-19 17:21:59,516:INFO: Loading Predictions...
2019-04-19 17:22:20,398:INFO: Loading Protein Data...
2019-04-19 17:22:20,432:INFO: Running Experiment...
2019-04-19 17:56:39,834:INFO: Metric Significance of Diseases in the PPI Network
2019-04-19 17:56:39,835:INFO: Sabri Eyuboglu  -- SNAP Group
2019-04-19 17:56:39,835:INFO: ======================================
2019-04-19 17:56:39,835:INFO: Loading Disease Associations...
2019-04-19 17:56:39,851:INFO: Loading Network...
2019-04-19 17:56:52,512:INFO: Loading Predictions...
2019-04-19 17:57:19,738:INFO: Loading Protein Data...
2019-04-19 17:57:19,779:INFO: Running Experiment...
2019-04-19 18:00:20,926:INFO: Metric Significance of Diseases in the PPI Network
2019-04-19 18:00:20,926:INFO: Sabri Eyuboglu  -- SNAP Group
2019-04-19 18:00:20,926:INFO: ======================================
2019-04-19 18:00:20,926:INFO: Loading Disease Associations...
2019-04-19 18:00:20,938:INFO: Loading Network...
2019-04-19 18:00:29,432:INFO: Loading Predictions...
2019-04-19 18:00:50,936:INFO: Loading Protein Data...
2019-04-19 18:00:50,975:INFO: Running Experiment...
2019-04-19 18:01:59,776:INFO: Metric Significance of Diseases in the PPI Network
2019-04-19 18:01:59,776:INFO: Sabri Eyuboglu  -- SNAP Group
2019-04-19 18:01:59,776:INFO: ======================================
2019-04-19 18:01:59,776:INFO: Loading Disease Associations...
2019-04-19 18:01:59,789:INFO: Loading Network...
2019-04-19 18:02:08,516:INFO: Loading Predictions...
2019-04-19 18:02:30,316:INFO: Loading Protein Data...
2019-04-19 18:02:30,354:INFO: Running Experiment...
2019-04-19 18:05:28,643:INFO: Metric Significance of Diseases in the PPI Network
2019-04-19 18:05:28,644:INFO: Sabri Eyuboglu  -- SNAP Group
2019-04-19 18:05:28,644:INFO: ======================================
2019-04-19 18:05:28,644:INFO: Loading Disease Associations...
2019-04-19 18:05:28,656:INFO: Loading Network...
2019-04-19 18:05:38,888:INFO: Loading Predictions...
2019-04-19 18:05:59,758:INFO: Loading Protein Data...
2019-04-19 18:05:59,791:INFO: Running Experiment...
2019-04-19 18:06:40,544:INFO: Metric Significance of Diseases in the PPI Network
2019-04-19 18:06:40,544:INFO: Sabri Eyuboglu  -- SNAP Group
2019-04-19 18:06:40,544:INFO: ======================================
2019-04-19 18:06:40,544:INFO: Loading Disease Associations...
2019-04-19 18:06:40,563:INFO: Loading Network...
2019-04-19 18:06:49,008:INFO: Loading Predictions...
2019-04-19 18:07:09,568:INFO: Loading Protein Data...
2019-04-19 18:07:09,602:INFO: Running Experiment...
2019-04-19 18:12:51,545:INFO: Metric Significance of Diseases in the PPI Network
2019-04-19 18:12:51,545:INFO: Sabri Eyuboglu  -- SNAP Group
2019-04-19 18:12:51,545:INFO: ======================================
2019-04-19 18:12:51,545:INFO: Loading Disease Associations...
2019-04-19 18:12:51,559:INFO: Loading Network...
2019-04-19 18:13:01,924:INFO: Loading Predictions...
2019-04-19 18:13:23,117:INFO: Loading Protein Data...
2019-04-19 18:13:23,153:INFO: Running Experiment...
