2019-01-27 19:47:54,976:INFO: Metric Significance of Diseases in the PPI Network
2019-01-27 19:47:54,977:INFO: Sabri Eyuboglu  -- SNAP Group
2019-01-27 19:47:54,977:INFO: ======================================
2019-01-27 19:47:54,977:INFO: Loading Disease Associations...
2019-01-27 19:47:55,038:INFO: Loading Network...
2019-01-27 19:48:03,337:INFO: Loading PPI Matrices...
2019-01-27 19:48:08,301:INFO: Building Degree Buckets...
2019-01-27 19:48:08,367:INFO: Running Experiment...
2019-01-27 20:05:07,089:INFO: Metric Significance of Diseases in the PPI Network
2019-01-27 20:05:07,089:INFO: Sabri Eyuboglu  -- SNAP Group
2019-01-27 20:05:07,089:INFO: ======================================
2019-01-27 20:05:07,089:INFO: Loading Disease Associations...
2019-01-27 20:05:18,801:INFO: Metric Significance of Diseases in the PPI Network
2019-01-27 20:05:18,802:INFO: Sabri Eyuboglu  -- SNAP Group
2019-01-27 20:05:18,802:INFO: ======================================
2019-01-27 20:05:18,802:INFO: Loading Disease Associations...
2019-01-27 20:05:42,698:INFO: Metric Significance of Diseases in the PPI Network
2019-01-27 20:05:42,698:INFO: Sabri Eyuboglu  -- SNAP Group
2019-01-27 20:05:42,698:INFO: ======================================
2019-01-27 20:05:42,698:INFO: Loading Disease Associations...
2019-01-27 20:41:50,900:INFO: Metric Significance of Diseases in the PPI Network
2019-01-27 20:41:50,900:INFO: Sabri Eyuboglu  -- SNAP Group
2019-01-27 20:41:50,900:INFO: ======================================
2019-01-27 20:41:50,900:INFO: Loading Disease Associations...
2019-01-28 19:19:19,995:INFO: Metric Significance of Diseases in the PPI Network
2019-01-28 19:19:19,996:INFO: Sabri Eyuboglu  -- SNAP Group
2019-01-28 19:19:19,996:INFO: ======================================
2019-01-28 19:19:19,996:INFO: Loading Disease Associations...
2019-01-28 19:20:26,281:INFO: Metric Significance of Diseases in the PPI Network
2019-01-28 19:20:26,281:INFO: Sabri Eyuboglu  -- SNAP Group
2019-01-28 19:20:26,281:INFO: ======================================
2019-01-28 19:20:26,281:INFO: Loading Disease Associations...
2019-02-11 11:21:48,966:INFO: Metric Significance of Diseases in the PPI Network
2019-02-11 11:21:48,967:INFO: Sabri Eyuboglu  -- SNAP Group
2019-02-11 11:21:48,967:INFO: ======================================
2019-02-11 11:21:48,967:INFO: Loading Disease Associations...
2019-02-11 11:29:03,812:INFO: Metric Significance of Diseases in the PPI Network
2019-02-11 11:29:03,812:INFO: Sabri Eyuboglu  -- SNAP Group
2019-02-11 11:29:03,812:INFO: ======================================
2019-02-11 11:29:03,812:INFO: Loading Disease Associations...
2019-02-11 11:30:59,180:INFO: Metric Significance of Diseases in the PPI Network
2019-02-11 11:30:59,180:INFO: Sabri Eyuboglu  -- SNAP Group
2019-02-11 11:30:59,180:INFO: ======================================
2019-02-11 11:30:59,180:INFO: Loading Disease Associations...
2019-02-11 11:31:28,515:INFO: Metric Significance of Diseases in the PPI Network
2019-02-11 11:31:28,515:INFO: Sabri Eyuboglu  -- SNAP Group
2019-02-11 11:31:28,516:INFO: ======================================
2019-02-11 11:31:28,516:INFO: Loading Disease Associations...
2019-02-11 11:32:16,889:INFO: Metric Significance of Diseases in the PPI Network
2019-02-11 11:32:16,889:INFO: Sabri Eyuboglu  -- SNAP Group
2019-02-11 11:32:16,890:INFO: ======================================
2019-02-11 11:32:16,890:INFO: Loading Disease Associations...
2019-02-11 11:34:19,111:INFO: Metric Significance of Diseases in the PPI Network
2019-02-11 11:34:19,112:INFO: Sabri Eyuboglu  -- SNAP Group
2019-02-11 11:34:19,112:INFO: ======================================
2019-02-11 11:34:19,112:INFO: Loading Disease Associations...
2019-02-11 11:38:21,995:INFO: Metric Significance of Diseases in the PPI Network
2019-02-11 11:38:21,995:INFO: Sabri Eyuboglu  -- SNAP Group
2019-02-11 11:38:21,995:INFO: ======================================
2019-02-11 11:38:21,996:INFO: Loading Disease Associations...
2019-02-11 11:39:38,088:INFO: Metric Significance of Diseases in the PPI Network
2019-02-11 11:39:38,089:INFO: Sabri Eyuboglu  -- SNAP Group
2019-02-11 11:39:38,089:INFO: ======================================
2019-02-11 11:39:38,089:INFO: Loading Disease Associations...
2019-02-11 11:42:27,993:INFO: Metric Significance of Diseases in the PPI Network
2019-02-11 11:42:27,993:INFO: Sabri Eyuboglu  -- SNAP Group
2019-02-11 11:42:27,993:INFO: ======================================
2019-02-11 11:42:27,993:INFO: Loading Disease Associations...
2019-02-11 11:44:49,544:INFO: Metric Significance of Diseases in the PPI Network
2019-02-11 11:44:49,545:INFO: Sabri Eyuboglu  -- SNAP Group
2019-02-11 11:44:49,545:INFO: ======================================
2019-02-11 11:44:49,545:INFO: Loading Disease Associations...
2019-02-11 11:45:34,705:INFO: Metric Significance of Diseases in the PPI Network
2019-02-11 11:45:34,705:INFO: Sabri Eyuboglu  -- SNAP Group
2019-02-11 11:45:34,705:INFO: ======================================
2019-02-11 11:45:34,705:INFO: Loading Disease Associations...
2019-02-11 11:46:09,579:INFO: Metric Significance of Diseases in the PPI Network
2019-02-11 11:46:09,579:INFO: Sabri Eyuboglu  -- SNAP Group
2019-02-11 11:46:09,579:INFO: ======================================
2019-02-11 11:46:09,579:INFO: Loading Disease Associations...
2019-02-11 11:46:33,519:INFO: Metric Significance of Diseases in the PPI Network
2019-02-11 11:46:33,519:INFO: Sabri Eyuboglu  -- SNAP Group
2019-02-11 11:46:33,519:INFO: ======================================
2019-02-11 11:46:33,520:INFO: Loading Disease Associations...
2019-02-11 11:48:06,480:INFO: Metric Significance of Diseases in the PPI Network
2019-02-11 11:48:06,480:INFO: Sabri Eyuboglu  -- SNAP Group
2019-02-11 11:48:06,480:INFO: ======================================
2019-02-11 11:48:06,480:INFO: Loading Disease Associations...
2019-02-11 11:48:51,780:INFO: Metric Significance of Diseases in the PPI Network
2019-02-11 11:48:51,780:INFO: Sabri Eyuboglu  -- SNAP Group
2019-02-11 11:48:51,780:INFO: ======================================
2019-02-11 11:48:51,781:INFO: Loading Disease Associations...
2019-06-12 15:07:22,920:INFO: Metric Significance of Diseases in the PPI Network
2019-06-12 15:07:22,921:INFO: Sabri Eyuboglu  -- SNAP Group
2019-06-12 15:07:22,921:INFO: ======================================
2019-06-12 15:07:22,921:INFO: Loading Disease Associations...
2019-06-12 15:08:25,756:INFO: Metric Significance of Diseases in the PPI Network
2019-06-12 15:08:25,757:INFO: Sabri Eyuboglu  -- SNAP Group
2019-06-12 15:08:25,757:INFO: ======================================
2019-06-12 15:08:25,757:INFO: Loading Disease Associations...
2019-06-12 15:09:49,427:INFO: Metric Significance of Diseases in the PPI Network
2019-06-12 15:09:49,428:INFO: Sabri Eyuboglu  -- SNAP Group
2019-06-12 15:09:49,428:INFO: ======================================
2019-06-12 15:09:49,428:INFO: Loading Disease Associations...
2019-06-12 15:12:00,554:INFO: Metric Significance of Diseases in the PPI Network
2019-06-12 15:12:00,554:INFO: Sabri Eyuboglu  -- SNAP Group
2019-06-12 15:12:00,554:INFO: ======================================
2019-06-12 15:12:00,554:INFO: Loading Disease Associations...
2019-06-12 15:31:00,624:INFO: Metric Significance of Diseases in the PPI Network
2019-06-12 15:31:00,624:INFO: Sabri Eyuboglu  -- SNAP Group
2019-06-12 15:31:00,624:INFO: ======================================
2019-06-12 15:31:00,624:INFO: Loading Disease Associations...
2019-06-12 15:31:28,375:INFO: Metric Significance of Diseases in the PPI Network
2019-06-12 15:31:28,375:INFO: Sabri Eyuboglu  -- SNAP Group
2019-06-12 15:31:28,375:INFO: ======================================
2019-06-12 15:31:28,375:INFO: Loading Disease Associations...
2019-06-12 15:32:28,086:INFO: Metric Significance of Diseases in the PPI Network
2019-06-12 15:32:28,086:INFO: Sabri Eyuboglu  -- SNAP Group
2019-06-12 15:32:28,086:INFO: ======================================
2019-06-12 15:32:28,086:INFO: Loading Disease Associations...
2019-06-12 15:33:44,239:INFO: Metric Significance of Diseases in the PPI Network
2019-06-12 15:33:44,239:INFO: Sabri Eyuboglu  -- SNAP Group
2019-06-12 15:33:44,239:INFO: ======================================
2019-06-12 15:33:44,239:INFO: Loading Disease Associations...
2019-06-12 15:37:38,450:INFO: Metric Significance of Diseases in the PPI Network
2019-06-12 15:37:38,450:INFO: Sabri Eyuboglu  -- SNAP Group
2019-06-12 15:37:38,450:INFO: ======================================
2019-06-12 15:37:38,450:INFO: Loading Disease Associations...
2019-06-12 15:41:33,135:INFO: Metric Significance of Diseases in the PPI Network
2019-06-12 15:41:33,135:INFO: Sabri Eyuboglu  -- SNAP Group
2019-06-12 15:41:33,135:INFO: ======================================
2019-06-12 15:41:33,135:INFO: Loading Disease Associations...
2019-06-12 15:43:44,220:INFO: Metric Significance of Diseases in the PPI Network
2019-06-12 15:43:44,220:INFO: Sabri Eyuboglu  -- SNAP Group
2019-06-12 15:43:44,220:INFO: ======================================
2019-06-12 15:43:44,220:INFO: Loading Disease Associations...
2019-06-12 16:19:06,722:INFO: Metric Significance of Diseases in the PPI Network
2019-06-12 16:19:06,723:INFO: Sabri Eyuboglu  -- SNAP Group
2019-06-12 16:19:06,723:INFO: ======================================
2019-06-12 16:19:06,723:INFO: Loading Disease Associations...
2019-07-17 14:03:32,819:INFO: Metric Significance of Diseases in the PPI Network
2019-07-17 14:03:32,819:INFO: Sabri Eyuboglu  -- SNAP Group
2019-07-17 14:03:32,819:INFO: ======================================
2019-07-17 14:03:32,819:INFO: Loading Disease Associations...
2019-07-17 14:06:23,615:INFO: Metric Significance of Diseases in the PPI Network
2019-07-17 14:06:23,615:INFO: Sabri Eyuboglu  -- SNAP Group
2019-07-17 14:06:23,615:INFO: ======================================
2019-07-17 14:06:23,615:INFO: Loading Disease Associations...
2019-07-17 14:07:08,333:INFO: Metric Significance of Diseases in the PPI Network
2019-07-17 14:07:08,334:INFO: Sabri Eyuboglu  -- SNAP Group
2019-07-17 14:07:08,334:INFO: ======================================
2019-07-17 14:07:08,334:INFO: Loading Disease Associations...
2019-07-17 14:07:08,727:WARNING: No handles with labels found to put in legend.
2019-07-17 14:07:25,141:WARNING: No handles with labels found to put in legend.
2019-07-17 14:07:42,491:INFO: Metric Significance of Diseases in the PPI Network
2019-07-17 14:07:42,492:INFO: Sabri Eyuboglu  -- SNAP Group
2019-07-17 14:07:42,492:INFO: ======================================
2019-07-17 14:07:42,492:INFO: Loading Disease Associations...
2019-07-17 14:07:42,820:WARNING: No handles with labels found to put in legend.
2019-07-17 14:07:48,814:WARNING: No handles with labels found to put in legend.
2019-07-17 14:08:45,988:INFO: Metric Significance of Diseases in the PPI Network
2019-07-17 14:08:45,989:INFO: Sabri Eyuboglu  -- SNAP Group
2019-07-17 14:08:45,989:INFO: ======================================
2019-07-17 14:08:45,989:INFO: Loading Disease Associations...
2019-07-17 14:09:00,618:INFO: Metric Significance of Diseases in the PPI Network
2019-07-17 14:09:00,618:INFO: Sabri Eyuboglu  -- SNAP Group
2019-07-17 14:09:00,618:INFO: ======================================
2019-07-17 14:09:00,618:INFO: Loading Disease Associations...
2019-07-17 14:09:28,949:INFO: Metric Significance of Diseases in the PPI Network
2019-07-17 14:09:28,949:INFO: Sabri Eyuboglu  -- SNAP Group
2019-07-17 14:09:28,950:INFO: ======================================
2019-07-17 14:09:28,950:INFO: Loading Disease Associations...
2019-07-17 14:13:37,508:INFO: Metric Significance of Diseases in the PPI Network
2019-07-17 14:13:37,509:INFO: Sabri Eyuboglu  -- SNAP Group
2019-07-17 14:13:37,509:INFO: ======================================
2019-07-17 14:13:37,509:INFO: Loading Disease Associations...
2019-07-17 14:14:24,218:INFO: Metric Significance of Diseases in the PPI Network
2019-07-17 14:14:24,218:INFO: Sabri Eyuboglu  -- SNAP Group
2019-07-17 14:14:24,218:INFO: ======================================
2019-07-17 14:14:24,218:INFO: Loading Disease Associations...
2019-07-17 14:14:47,440:INFO: Metric Significance of Diseases in the PPI Network
2019-07-17 14:14:47,440:INFO: Sabri Eyuboglu  -- SNAP Group
2019-07-17 14:14:47,440:INFO: ======================================
2019-07-17 14:14:47,440:INFO: Loading Disease Associations...
2019-07-17 14:15:50,815:INFO: Metric Significance of Diseases in the PPI Network
2019-07-17 14:15:50,815:INFO: Sabri Eyuboglu  -- SNAP Group
2019-07-17 14:15:50,815:INFO: ======================================
2019-07-17 14:15:50,815:INFO: Loading Disease Associations...
2019-07-17 14:16:28,512:INFO: Metric Significance of Diseases in the PPI Network
2019-07-17 14:16:28,512:INFO: Sabri Eyuboglu  -- SNAP Group
2019-07-17 14:16:28,512:INFO: ======================================
2019-07-17 14:16:28,512:INFO: Loading Disease Associations...
2019-07-17 14:16:51,940:INFO: Metric Significance of Diseases in the PPI Network
2019-07-17 14:16:51,940:INFO: Sabri Eyuboglu  -- SNAP Group
2019-07-17 14:16:51,941:INFO: ======================================
2019-07-17 14:16:51,941:INFO: Loading Disease Associations...
2019-07-17 14:17:48,601:INFO: Metric Significance of Diseases in the PPI Network
2019-07-17 14:17:48,602:INFO: Sabri Eyuboglu  -- SNAP Group
2019-07-17 14:17:48,602:INFO: ======================================
2019-07-17 14:17:48,602:INFO: Loading Disease Associations...
2019-07-17 14:17:55,594:INFO: Metric Significance of Diseases in the PPI Network
2019-07-17 14:17:55,594:INFO: Sabri Eyuboglu  -- SNAP Group
2019-07-17 14:17:55,595:INFO: ======================================
2019-07-17 14:17:55,595:INFO: Loading Disease Associations...
2019-07-17 14:19:40,467:INFO: Metric Significance of Diseases in the PPI Network
2019-07-17 14:19:40,468:INFO: Sabri Eyuboglu  -- SNAP Group
2019-07-17 14:19:40,468:INFO: ======================================
2019-07-17 14:19:40,468:INFO: Loading Disease Associations...
2019-07-17 14:19:45,210:INFO: Metric Significance of Diseases in the PPI Network
2019-07-17 14:19:45,210:INFO: Sabri Eyuboglu  -- SNAP Group
2019-07-17 14:19:45,210:INFO: ======================================
2019-07-17 14:19:45,210:INFO: Loading Disease Associations...
2019-07-17 14:20:29,586:INFO: Metric Significance of Diseases in the PPI Network
2019-07-17 14:20:29,586:INFO: Sabri Eyuboglu  -- SNAP Group
2019-07-17 14:20:29,586:INFO: ======================================
2019-07-17 14:20:29,586:INFO: Loading Disease Associations...
2019-07-17 14:22:00,479:INFO: Metric Significance of Diseases in the PPI Network
2019-07-17 14:22:00,479:INFO: Sabri Eyuboglu  -- SNAP Group
2019-07-17 14:22:00,479:INFO: ======================================
2019-07-17 14:22:00,479:INFO: Loading Disease Associations...
2019-07-17 14:24:50,654:INFO: Metric Significance of Diseases in the PPI Network
2019-07-17 14:24:50,654:INFO: Sabri Eyuboglu  -- SNAP Group
2019-07-17 14:24:50,654:INFO: ======================================
2019-07-17 14:24:50,654:INFO: Loading Disease Associations...
2019-07-17 14:25:03,002:INFO: Metric Significance of Diseases in the PPI Network
2019-07-17 14:25:03,002:INFO: Sabri Eyuboglu  -- SNAP Group
2019-07-17 14:25:03,002:INFO: ======================================
2019-07-17 14:25:03,002:INFO: Loading Disease Associations...
2019-07-17 14:25:36,460:INFO: Metric Significance of Diseases in the PPI Network
2019-07-17 14:25:36,461:INFO: Sabri Eyuboglu  -- SNAP Group
2019-07-17 14:25:36,461:INFO: ======================================
2019-07-17 14:25:36,461:INFO: Loading Disease Associations...
2019-07-17 14:27:18,918:INFO: Metric Significance of Diseases in the PPI Network
2019-07-17 14:27:18,919:INFO: Sabri Eyuboglu  -- SNAP Group
2019-07-17 14:27:18,919:INFO: ======================================
2019-07-17 14:27:18,919:INFO: Loading Disease Associations...
2019-07-17 14:27:58,542:INFO: Metric Significance of Diseases in the PPI Network
2019-07-17 14:27:58,542:INFO: Sabri Eyuboglu  -- SNAP Group
2019-07-17 14:27:58,542:INFO: ======================================
2019-07-17 14:27:58,542:INFO: Loading Disease Associations...
2019-07-17 14:28:20,603:INFO: Metric Significance of Diseases in the PPI Network
2019-07-17 14:28:20,603:INFO: Sabri Eyuboglu  -- SNAP Group
2019-07-17 14:28:20,603:INFO: ======================================
2019-07-17 14:28:20,603:INFO: Loading Disease Associations...
2019-07-17 14:33:29,195:INFO: Metric Significance of Diseases in the PPI Network
2019-07-17 14:33:29,196:INFO: Sabri Eyuboglu  -- SNAP Group
2019-07-17 14:33:29,196:INFO: ======================================
2019-07-17 14:33:29,196:INFO: Loading Disease Associations...
2019-07-17 14:33:40,460:INFO: Metric Significance of Diseases in the PPI Network
2019-07-17 14:33:40,461:INFO: Sabri Eyuboglu  -- SNAP Group
2019-07-17 14:33:40,461:INFO: ======================================
2019-07-17 14:33:40,461:INFO: Loading Disease Associations...
2019-07-17 14:34:23,805:INFO: Metric Significance of Diseases in the PPI Network
2019-07-17 14:34:23,805:INFO: Sabri Eyuboglu  -- SNAP Group
2019-07-17 14:34:23,805:INFO: ======================================
2019-07-17 14:34:23,805:INFO: Loading Disease Associations...
2019-07-17 14:35:35,033:INFO: Metric Significance of Diseases in the PPI Network
2019-07-17 14:35:35,073:INFO: Sabri Eyuboglu  -- SNAP Group
2019-07-17 14:35:35,074:INFO: ======================================
2019-07-17 14:35:35,074:INFO: Loading Disease Associations...
2019-07-17 14:36:04,142:INFO: Metric Significance of Diseases in the PPI Network
2019-07-17 14:36:04,142:INFO: Sabri Eyuboglu  -- SNAP Group
2019-07-17 14:36:04,142:INFO: ======================================
2019-07-17 14:36:04,142:INFO: Loading Disease Associations...
2019-07-17 14:36:22,072:INFO: Metric Significance of Diseases in the PPI Network
2019-07-17 14:36:22,072:INFO: Sabri Eyuboglu  -- SNAP Group
2019-07-17 14:36:22,072:INFO: ======================================
2019-07-17 14:36:22,072:INFO: Loading Disease Associations...
2019-07-17 14:36:34,010:INFO: Metric Significance of Diseases in the PPI Network
2019-07-17 14:36:34,011:INFO: Sabri Eyuboglu  -- SNAP Group
2019-07-17 14:36:34,011:INFO: ======================================
2019-07-17 14:36:34,011:INFO: Loading Disease Associations...
2019-07-17 14:38:50,645:INFO: Metric Significance of Diseases in the PPI Network
2019-07-17 14:38:50,646:INFO: Sabri Eyuboglu  -- SNAP Group
2019-07-17 14:38:50,646:INFO: ======================================
2019-07-17 14:38:50,646:INFO: Loading Disease Associations...
2019-07-17 14:39:33,657:INFO: Metric Significance of Diseases in the PPI Network
2019-07-17 14:39:33,657:INFO: Sabri Eyuboglu  -- SNAP Group
2019-07-17 14:39:33,657:INFO: ======================================
2019-07-17 14:39:33,657:INFO: Loading Disease Associations...
2019-07-17 14:41:30,102:INFO: Metric Significance of Diseases in the PPI Network
2019-07-17 14:41:30,102:INFO: Sabri Eyuboglu  -- SNAP Group
2019-07-17 14:41:30,102:INFO: ======================================
2019-07-17 14:41:30,103:INFO: Loading Disease Associations...
2019-07-17 14:41:44,900:INFO: Metric Significance of Diseases in the PPI Network
2019-07-17 14:41:44,900:INFO: Sabri Eyuboglu  -- SNAP Group
2019-07-17 14:41:44,900:INFO: ======================================
2019-07-17 14:41:44,900:INFO: Loading Disease Associations...
2019-07-17 14:42:18,834:INFO: Metric Significance of Diseases in the PPI Network
2019-07-17 14:42:18,835:INFO: Sabri Eyuboglu  -- SNAP Group
2019-07-17 14:42:18,835:INFO: ======================================
2019-07-17 14:42:18,835:INFO: Loading Disease Associations...
2019-07-17 14:42:35,000:INFO: Metric Significance of Diseases in the PPI Network
2019-07-17 14:42:35,007:INFO: Sabri Eyuboglu  -- SNAP Group
2019-07-17 14:42:35,009:INFO: ======================================
2019-07-17 14:42:35,009:INFO: Loading Disease Associations...
2019-07-17 14:42:56,464:INFO: Metric Significance of Diseases in the PPI Network
2019-07-17 14:42:56,465:INFO: Sabri Eyuboglu  -- SNAP Group
2019-07-17 14:42:56,465:INFO: ======================================
2019-07-17 14:42:56,465:INFO: Loading Disease Associations...
2019-07-17 14:59:23,396:INFO: Metric Significance of Diseases in the PPI Network
2019-07-17 14:59:23,396:INFO: Sabri Eyuboglu  -- SNAP Group
2019-07-17 14:59:23,396:INFO: ======================================
2019-07-17 14:59:23,396:INFO: Loading Disease Associations...
2019-07-17 15:00:06,695:INFO: Metric Significance of Diseases in the PPI Network
2019-07-17 15:00:06,696:INFO: Sabri Eyuboglu  -- SNAP Group
2019-07-17 15:00:06,696:INFO: ======================================
2019-07-17 15:00:06,696:INFO: Loading Disease Associations...
2019-07-17 15:01:05,290:INFO: Metric Significance of Diseases in the PPI Network
2019-07-17 15:01:05,291:INFO: Sabri Eyuboglu  -- SNAP Group
2019-07-17 15:01:05,291:INFO: ======================================
2019-07-17 15:01:05,291:INFO: Loading Disease Associations...
2019-07-17 15:01:55,418:INFO: Metric Significance of Diseases in the PPI Network
2019-07-17 15:01:55,418:INFO: Sabri Eyuboglu  -- SNAP Group
2019-07-17 15:01:55,418:INFO: ======================================
2019-07-17 15:01:55,418:INFO: Loading Disease Associations...
2019-07-17 15:02:10,368:INFO: Metric Significance of Diseases in the PPI Network
2019-07-17 15:02:10,368:INFO: Sabri Eyuboglu  -- SNAP Group
2019-07-17 15:02:10,368:INFO: ======================================
2019-07-17 15:02:10,368:INFO: Loading Disease Associations...
2019-07-17 15:02:31,907:INFO: Metric Significance of Diseases in the PPI Network
2019-07-17 15:02:31,907:INFO: Sabri Eyuboglu  -- SNAP Group
2019-07-17 15:02:31,907:INFO: ======================================
2019-07-17 15:02:31,907:INFO: Loading Disease Associations...
2019-07-17 15:02:43,779:INFO: Metric Significance of Diseases in the PPI Network
2019-07-17 15:02:43,779:INFO: Sabri Eyuboglu  -- SNAP Group
2019-07-17 15:02:43,780:INFO: ======================================
2019-07-17 15:02:43,780:INFO: Loading Disease Associations...
2019-07-17 15:02:58,694:INFO: Metric Significance of Diseases in the PPI Network
2019-07-17 15:02:58,694:INFO: Sabri Eyuboglu  -- SNAP Group
2019-07-17 15:02:58,694:INFO: ======================================
2019-07-17 15:02:58,694:INFO: Loading Disease Associations...
2019-07-17 15:03:11,868:INFO: Metric Significance of Diseases in the PPI Network
2019-07-17 15:03:11,868:INFO: Sabri Eyuboglu  -- SNAP Group
2019-07-17 15:03:11,868:INFO: ======================================
2019-07-17 15:03:11,868:INFO: Loading Disease Associations...
2019-07-17 15:03:27,650:INFO: Metric Significance of Diseases in the PPI Network
2019-07-17 15:03:27,650:INFO: Sabri Eyuboglu  -- SNAP Group
2019-07-17 15:03:27,650:INFO: ======================================
2019-07-17 15:03:27,650:INFO: Loading Disease Associations...
2019-07-17 15:03:42,230:INFO: Metric Significance of Diseases in the PPI Network
2019-07-17 15:03:42,230:INFO: Sabri Eyuboglu  -- SNAP Group
2019-07-17 15:03:42,230:INFO: ======================================
2019-07-17 15:03:42,230:INFO: Loading Disease Associations...
2019-07-17 15:03:58,934:INFO: Metric Significance of Diseases in the PPI Network
2019-07-17 15:03:58,934:INFO: Sabri Eyuboglu  -- SNAP Group
2019-07-17 15:03:58,934:INFO: ======================================
2019-07-17 15:03:58,934:INFO: Loading Disease Associations...
2019-07-17 15:04:08,188:INFO: Metric Significance of Diseases in the PPI Network
2019-07-17 15:04:08,188:INFO: Sabri Eyuboglu  -- SNAP Group
2019-07-17 15:04:08,188:INFO: ======================================
2019-07-17 15:04:08,189:INFO: Loading Disease Associations...
2019-07-17 15:04:22,467:INFO: Metric Significance of Diseases in the PPI Network
2019-07-17 15:04:22,467:INFO: Sabri Eyuboglu  -- SNAP Group
2019-07-17 15:04:22,467:INFO: ======================================
2019-07-17 15:04:22,467:INFO: Loading Disease Associations...
2019-07-17 15:04:53,560:INFO: Metric Significance of Diseases in the PPI Network
2019-07-17 15:04:53,560:INFO: Sabri Eyuboglu  -- SNAP Group
2019-07-17 15:04:53,560:INFO: ======================================
2019-07-17 15:04:53,560:INFO: Loading Disease Associations...
2019-07-17 15:07:28,629:INFO: Metric Significance of Diseases in the PPI Network
2019-07-17 15:07:28,629:INFO: Sabri Eyuboglu  -- SNAP Group
2019-07-17 15:07:28,629:INFO: ======================================
2019-07-17 15:07:28,630:INFO: Loading Disease Associations...
2019-07-17 15:08:14,033:INFO: Metric Significance of Diseases in the PPI Network
2019-07-17 15:08:14,034:INFO: Sabri Eyuboglu  -- SNAP Group
2019-07-17 15:08:14,034:INFO: ======================================
2019-07-17 15:08:14,034:INFO: Loading Disease Associations...
2019-07-17 15:08:22,931:INFO: Metric Significance of Diseases in the PPI Network
2019-07-17 15:08:22,932:INFO: Sabri Eyuboglu  -- SNAP Group
2019-07-17 15:08:22,932:INFO: ======================================
2019-07-17 15:08:22,932:INFO: Loading Disease Associations...
