2019-06-28 04:00:59,128:INFO: Disease Protein Prediction in the PPI Network
2019-06-28 04:00:59,128:INFO: Sabri Eyuboglu  -- SNAP Group
2019-06-28 04:00:59,128:INFO: ======================================
2019-06-28 04:00:59,128:INFO: Loading PPI Network...
2019-06-28 04:01:02,988:INFO: Loading Disease Associations...
2019-06-28 04:01:03,220:INFO: Training Models...
2019-06-28 04:01:03,240:INFO: Training model for test 3
2019-06-28 04:01:08,684:INFO: Starting training for 5 epoch(s)
2019-06-28 04:01:08,685:INFO: Epoch 1/5
2019-06-28 04:01:08,685:INFO: Train
2019-06-28 04:01:10,561:INFO: - Train metrics: recall_at_100: 0.189 ; loss: 1.506
2019-06-28 04:01:10,561:INFO: Evaluate
2019-06-28 04:01:11,827:INFO: - Evaluate metrics: recall_at_100: 0.171 ; loss: 1.211
2019-06-28 04:01:11,827:INFO: - Found new best recall_at_100
2019-06-28 04:01:11,916:INFO: Epoch 2/5
2019-06-28 04:01:11,916:INFO: Train
2019-06-28 04:01:13,834:INFO: - Train metrics: recall_at_100: 0.169 ; loss: 1.180
2019-06-28 04:01:13,835:INFO: Evaluate
2019-06-28 04:01:15,155:INFO: - Evaluate metrics: recall_at_100: 0.178 ; loss: 1.142
2019-06-28 04:01:15,155:INFO: - Found new best recall_at_100
2019-06-28 04:01:15,269:INFO: Epoch 3/5
2019-06-28 04:01:15,269:INFO: Train
2019-06-28 04:01:16,931:INFO: - Train metrics: recall_at_100: 0.157 ; loss: 1.122
2019-06-28 04:01:16,931:INFO: Evaluate
2019-06-28 04:01:18,257:INFO: - Evaluate metrics: recall_at_100: 0.160 ; loss: 1.130
2019-06-28 04:01:18,307:INFO: Epoch 4/5
2019-06-28 04:01:18,307:INFO: Train
2019-06-28 04:01:20,242:INFO: - Train metrics: recall_at_100: 0.142 ; loss: 1.103
2019-06-28 04:01:20,242:INFO: Evaluate
2019-06-28 04:01:21,556:INFO: - Evaluate metrics: recall_at_100: 0.202 ; loss: 1.079
2019-06-28 04:01:21,556:INFO: - Found new best recall_at_100
2019-06-28 04:01:21,661:INFO: Epoch 5/5
2019-06-28 04:01:21,662:INFO: Train
2019-06-28 04:01:23,563:INFO: - Train metrics: recall_at_100: 0.173 ; loss: 1.081
2019-06-28 04:01:23,563:INFO: Evaluate
2019-06-28 04:01:24,784:INFO: - Evaluate metrics: recall_at_100: 0.166 ; loss: 1.091
2019-06-28 04:01:40,873:INFO: Training model for test 9
2019-06-28 04:01:42,798:INFO: Starting training for 5 epoch(s)
2019-06-28 04:01:42,799:INFO: Epoch 1/5
2019-06-28 04:01:42,799:INFO: Train
2019-06-28 04:01:44,645:INFO: - Train metrics: recall_at_100: 0.167 ; loss: 1.637
2019-06-28 04:01:44,646:INFO: Evaluate
2019-06-28 04:01:45,771:INFO: - Evaluate metrics: recall_at_100: 0.106 ; loss: 1.502
2019-06-28 04:01:45,771:INFO: - Found new best recall_at_100
2019-06-28 04:01:45,900:INFO: Epoch 2/5
2019-06-28 04:01:45,900:INFO: Train
2019-06-28 04:01:47,702:INFO: - Train metrics: recall_at_100: 0.118 ; loss: 1.327
2019-06-28 04:01:47,703:INFO: Evaluate
2019-06-28 04:01:49,072:INFO: - Evaluate metrics: recall_at_100: 0.169 ; loss: 1.154
2019-06-28 04:01:49,072:INFO: - Found new best recall_at_100
2019-06-28 04:01:49,166:INFO: Epoch 3/5
2019-06-28 04:01:49,166:INFO: Train
2019-06-28 04:01:51,044:INFO: - Train metrics: recall_at_100: 0.177 ; loss: 1.138
2019-06-28 04:01:51,045:INFO: Evaluate
2019-06-28 04:01:52,324:INFO: - Evaluate metrics: recall_at_100: 0.159 ; loss: 1.093
2019-06-28 04:01:52,370:INFO: Epoch 4/5
2019-06-28 04:01:52,370:INFO: Train
2019-06-28 04:01:54,274:INFO: - Train metrics: recall_at_100: 0.144 ; loss: 1.097
2019-06-28 04:01:54,274:INFO: Evaluate
2019-06-28 04:01:55,530:INFO: - Evaluate metrics: recall_at_100: 0.153 ; loss: 1.112
2019-06-28 04:01:55,564:INFO: Epoch 5/5
2019-06-28 04:01:55,564:INFO: Train
2019-06-28 04:01:57,397:INFO: - Train metrics: recall_at_100: 0.182 ; loss: 1.101
2019-06-28 04:01:57,397:INFO: Evaluate
2019-06-28 04:01:58,708:INFO: - Evaluate metrics: recall_at_100: 0.183 ; loss: 1.106
2019-06-28 04:01:58,708:INFO: - Found new best recall_at_100
2019-06-28 04:02:13,876:INFO: Training model for test 8
2019-06-28 04:02:15,991:INFO: Starting training for 5 epoch(s)
2019-06-28 04:02:15,992:INFO: Epoch 1/5
2019-06-28 04:02:15,992:INFO: Train
2019-06-28 04:02:17,790:INFO: - Train metrics: recall_at_100: 0.003 ; loss: 1.412
2019-06-28 04:02:17,790:INFO: Evaluate
2019-06-28 04:02:18,962:INFO: - Evaluate metrics: recall_at_100: 0.148 ; loss: 1.184
2019-06-28 04:02:18,963:INFO: - Found new best recall_at_100
2019-06-28 04:02:19,140:INFO: Epoch 2/5
2019-06-28 04:02:19,141:INFO: Train
2019-06-28 04:02:20,967:INFO: - Train metrics: recall_at_100: 0.167 ; loss: 1.149
2019-06-28 04:02:20,968:INFO: Evaluate
2019-06-28 04:02:22,525:INFO: - Evaluate metrics: recall_at_100: 0.157 ; loss: 1.125
2019-06-28 04:02:22,525:INFO: - Found new best recall_at_100
2019-06-28 04:02:24,970:INFO: Epoch 3/5
2019-06-28 04:02:25,201:INFO: Train
2019-06-28 04:02:27,511:INFO: - Train metrics: recall_at_100: 0.161 ; loss: 1.134
2019-06-28 04:02:27,511:INFO: Evaluate
2019-06-28 04:02:29,127:INFO: - Evaluate metrics: recall_at_100: 0.162 ; loss: 1.167
2019-06-28 04:02:29,127:INFO: - Found new best recall_at_100
2019-06-28 04:02:31,965:INFO: Epoch 4/5
2019-06-28 04:02:32,205:INFO: Train
2019-06-28 04:02:34,468:INFO: - Train metrics: recall_at_100: 0.210 ; loss: 1.104
2019-06-28 04:02:34,468:INFO: Evaluate
2019-06-28 04:02:35,973:INFO: - Evaluate metrics: recall_at_100: 0.155 ; loss: 1.137
2019-06-28 04:02:36,682:INFO: Epoch 5/5
2019-06-28 04:02:36,682:INFO: Train
2019-06-28 04:02:38,798:INFO: - Train metrics: recall_at_100: 0.196 ; loss: 1.094
2019-06-28 04:02:38,798:INFO: Evaluate
2019-06-28 04:02:40,409:INFO: - Evaluate metrics: recall_at_100: 0.162 ; loss: 1.068
2019-06-28 04:02:57,483:INFO: Training model for test 2
2019-06-28 04:02:59,416:INFO: Starting training for 5 epoch(s)
2019-06-28 04:02:59,416:INFO: Epoch 1/5
2019-06-28 04:02:59,416:INFO: Train
2019-06-28 04:03:01,292:INFO: - Train metrics: recall_at_100: 0.007 ; loss: 1.456
2019-06-28 04:03:01,293:INFO: Evaluate
2019-06-28 04:03:02,584:INFO: - Evaluate metrics: recall_at_100: 0.158 ; loss: 1.236
2019-06-28 04:03:02,585:INFO: - Found new best recall_at_100
2019-06-28 04:03:02,709:INFO: Epoch 2/5
2019-06-28 04:03:02,710:INFO: Train
2019-06-28 04:03:04,572:INFO: - Train metrics: recall_at_100: 0.166 ; loss: 1.164
2019-06-28 04:03:04,573:INFO: Evaluate
2019-06-28 04:03:05,821:INFO: - Evaluate metrics: recall_at_100: 0.199 ; loss: 1.159
2019-06-28 04:03:05,822:INFO: - Found new best recall_at_100
2019-06-28 04:03:05,948:INFO: Epoch 3/5
2019-06-28 04:03:05,949:INFO: Train
2019-06-28 04:03:07,804:INFO: - Train metrics: recall_at_100: 0.201 ; loss: 1.119
2019-06-28 04:03:07,804:INFO: Evaluate
2019-06-28 04:03:09,069:INFO: - Evaluate metrics: recall_at_100: 0.199 ; loss: 1.136
2019-06-28 04:03:09,069:INFO: - Found new best recall_at_100
2019-06-28 04:03:09,208:INFO: Epoch 4/5
2019-06-28 04:03:09,208:INFO: Train
2019-06-28 04:03:10,956:INFO: - Train metrics: recall_at_100: 0.179 ; loss: 1.098
2019-06-28 04:03:10,957:INFO: Evaluate
2019-06-28 04:03:12,223:INFO: - Evaluate metrics: recall_at_100: 0.168 ; loss: 1.194
2019-06-28 04:03:12,259:INFO: Epoch 5/5
2019-06-28 04:03:12,259:INFO: Train
2019-06-28 04:03:14,004:INFO: - Train metrics: recall_at_100: 0.184 ; loss: 1.095
2019-06-28 04:03:14,004:INFO: Evaluate
2019-06-28 04:03:15,171:INFO: - Evaluate metrics: recall_at_100: 0.170 ; loss: 1.186
2019-06-28 04:03:30,528:INFO: Training model for test 4
2019-06-28 04:03:32,461:INFO: Starting training for 5 epoch(s)
2019-06-28 04:03:32,461:INFO: Epoch 1/5
2019-06-28 04:03:32,461:INFO: Train
2019-06-28 04:03:34,279:INFO: - Train metrics: recall_at_100: 0.005 ; loss: 1.524
2019-06-28 04:03:34,280:INFO: Evaluate
2019-06-28 04:03:35,528:INFO: - Evaluate metrics: recall_at_100: 0.179 ; loss: 1.225
2019-06-28 04:03:35,528:INFO: - Found new best recall_at_100
2019-06-28 04:03:35,620:INFO: Epoch 2/5
2019-06-28 04:03:35,620:INFO: Train
2019-06-28 04:03:37,509:INFO: - Train metrics: recall_at_100: 0.187 ; loss: 1.147
2019-06-28 04:03:37,509:INFO: Evaluate
2019-06-28 04:03:38,613:INFO: - Evaluate metrics: recall_at_100: 0.190 ; loss: 1.118
2019-06-28 04:03:38,614:INFO: - Found new best recall_at_100
2019-06-28 04:03:38,747:INFO: Epoch 3/5
2019-06-28 04:03:38,747:INFO: Train
2019-06-28 04:03:40,592:INFO: - Train metrics: recall_at_100: 0.181 ; loss: 1.098
2019-06-28 04:03:40,592:INFO: Evaluate
2019-06-28 04:03:41,865:INFO: - Evaluate metrics: recall_at_100: 0.178 ; loss: 1.147
2019-06-28 04:03:41,910:INFO: Epoch 4/5
2019-06-28 04:03:41,910:INFO: Train
2019-06-28 04:03:43,807:INFO: - Train metrics: recall_at_100: 0.164 ; loss: 1.090
2019-06-28 04:03:43,807:INFO: Evaluate
2019-06-28 04:03:45,066:INFO: - Evaluate metrics: recall_at_100: 0.227 ; loss: 1.112
2019-06-28 04:03:45,066:INFO: - Found new best recall_at_100
2019-06-28 04:03:45,178:INFO: Epoch 5/5
2019-06-28 04:03:45,178:INFO: Train
2019-06-28 04:03:47,145:INFO: - Train metrics: recall_at_100: 0.166 ; loss: 1.085
2019-06-28 04:03:47,145:INFO: Evaluate
2019-06-28 04:03:48,410:INFO: - Evaluate metrics: recall_at_100: 0.172 ; loss: 1.125
2019-06-28 04:04:03,706:INFO: Training model for test 5
2019-06-28 04:04:05,710:INFO: Starting training for 5 epoch(s)
2019-06-28 04:04:05,710:INFO: Epoch 1/5
2019-06-28 04:04:05,710:INFO: Train
2019-06-28 04:04:07,600:INFO: - Train metrics: recall_at_100: 0.146 ; loss: 1.366
2019-06-28 04:04:07,601:INFO: Evaluate
2019-06-28 04:04:08,745:INFO: - Evaluate metrics: recall_at_100: 0.166 ; loss: 1.175
2019-06-28 04:04:08,745:INFO: - Found new best recall_at_100
2019-06-28 04:04:08,846:INFO: Epoch 2/5
2019-06-28 04:04:08,846:INFO: Train
2019-06-28 04:04:10,661:INFO: - Train metrics: recall_at_100: 0.173 ; loss: 1.168
2019-06-28 04:04:10,662:INFO: Evaluate
2019-06-28 04:04:11,924:INFO: - Evaluate metrics: recall_at_100: 0.193 ; loss: 1.078
2019-06-28 04:04:11,924:INFO: - Found new best recall_at_100
2019-06-28 04:04:12,042:INFO: Epoch 3/5
2019-06-28 04:04:12,043:INFO: Train
2019-06-28 04:04:13,901:INFO: - Train metrics: recall_at_100: 0.160 ; loss: 1.106
2019-06-28 04:04:13,901:INFO: Evaluate
2019-06-28 04:04:15,196:INFO: - Evaluate metrics: recall_at_100: 0.153 ; loss: 1.106
2019-06-28 04:04:15,229:INFO: Epoch 4/5
2019-06-28 04:04:15,229:INFO: Train
2019-06-28 04:04:16,950:INFO: - Train metrics: recall_at_100: 0.176 ; loss: 1.100
2019-06-28 04:04:16,950:INFO: Evaluate
2019-06-28 04:04:18,162:INFO: - Evaluate metrics: recall_at_100: 0.193 ; loss: 1.090
2019-06-28 04:04:18,162:INFO: - Found new best recall_at_100
2019-06-28 04:04:18,266:INFO: Epoch 5/5
2019-06-28 04:04:18,266:INFO: Train
2019-06-28 04:04:20,019:INFO: - Train metrics: recall_at_100: 0.190 ; loss: 1.078
2019-06-28 04:04:20,020:INFO: Evaluate
2019-06-28 04:04:21,120:INFO: - Evaluate metrics: recall_at_100: 0.216 ; loss: 1.074
2019-06-28 04:04:21,120:INFO: - Found new best recall_at_100
2019-06-28 04:04:38,677:INFO: Training model for test 7
2019-06-28 04:04:40,956:INFO: Starting training for 5 epoch(s)
2019-06-28 04:04:40,956:INFO: Epoch 1/5
2019-06-28 04:04:40,956:INFO: Train
2019-06-28 04:04:43,029:INFO: - Train metrics: recall_at_100: 0.001 ; loss: 1.417
2019-06-28 04:04:43,029:INFO: Evaluate
2019-06-28 04:04:44,574:INFO: - Evaluate metrics: recall_at_100: 0.175 ; loss: 1.219
2019-06-28 04:04:44,574:INFO: - Found new best recall_at_100
2019-06-28 04:04:48,247:INFO: Epoch 2/5
2019-06-28 04:04:48,247:INFO: Train
2019-06-28 04:04:50,253:INFO: - Train metrics: recall_at_100: 0.147 ; loss: 1.145
2019-06-28 04:04:50,254:INFO: Evaluate
2019-06-28 04:04:51,637:INFO: - Evaluate metrics: recall_at_100: 0.185 ; loss: 1.083
2019-06-28 04:04:51,637:INFO: - Found new best recall_at_100
2019-06-28 04:04:54,087:INFO: Epoch 3/5
2019-06-28 04:04:54,399:INFO: Train
2019-06-28 04:04:56,323:INFO: - Train metrics: recall_at_100: 0.165 ; loss: 1.094
2019-06-28 04:04:56,324:INFO: Evaluate
2019-06-28 04:04:57,648:INFO: - Evaluate metrics: recall_at_100: 0.166 ; loss: 1.101
2019-06-28 04:04:57,687:INFO: Epoch 4/5
2019-06-28 04:04:57,688:INFO: Train
2019-06-28 04:04:59,557:INFO: - Train metrics: recall_at_100: 0.197 ; loss: 1.101
2019-06-28 04:04:59,558:INFO: Evaluate
2019-06-28 04:05:00,837:INFO: - Evaluate metrics: recall_at_100: 0.166 ; loss: 1.091
2019-06-28 04:05:00,871:INFO: Epoch 5/5
2019-06-28 04:05:00,871:INFO: Train
2019-06-28 04:05:02,632:INFO: - Train metrics: recall_at_100: 0.191 ; loss: 1.093
2019-06-28 04:05:02,633:INFO: Evaluate
2019-06-28 04:05:03,926:INFO: - Evaluate metrics: recall_at_100: 0.177 ; loss: 1.096
2019-06-28 04:05:18,826:INFO: Training model for test 1
2019-06-28 04:05:20,827:INFO: Starting training for 5 epoch(s)
2019-06-28 04:05:20,827:INFO: Epoch 1/5
2019-06-28 04:05:20,827:INFO: Train
2019-06-28 04:05:22,714:INFO: - Train metrics: recall_at_100: 0.001 ; loss: 1.493
2019-06-28 04:05:22,714:INFO: Evaluate
2019-06-28 04:05:23,978:INFO: - Evaluate metrics: recall_at_100: 0.168 ; loss: 1.168
2019-06-28 04:05:23,978:INFO: - Found new best recall_at_100
2019-06-28 04:05:24,074:INFO: Epoch 2/5
2019-06-28 04:05:24,075:INFO: Train
2019-06-28 04:05:25,987:INFO: - Train metrics: recall_at_100: 0.157 ; loss: 1.161
2019-06-28 04:05:25,988:INFO: Evaluate
2019-06-28 04:05:27,252:INFO: - Evaluate metrics: recall_at_100: 0.205 ; loss: 1.095
2019-06-28 04:05:27,252:INFO: - Found new best recall_at_100
2019-06-28 04:05:27,345:INFO: Epoch 3/5
2019-06-28 04:05:27,345:INFO: Train
2019-06-28 04:05:29,204:INFO: - Train metrics: recall_at_100: 0.150 ; loss: 1.105
2019-06-28 04:05:29,204:INFO: Evaluate
2019-06-28 04:05:30,477:INFO: - Evaluate metrics: recall_at_100: 0.174 ; loss: 1.102
2019-06-28 04:05:30,517:INFO: Epoch 4/5
2019-06-28 04:05:30,517:INFO: Train
2019-06-28 04:05:32,195:INFO: - Train metrics: recall_at_100: 0.179 ; loss: 1.082
2019-06-28 04:05:32,195:INFO: Evaluate
2019-06-28 04:05:33,302:INFO: - Evaluate metrics: recall_at_100: 0.176 ; loss: 1.123
2019-06-28 04:05:33,344:INFO: Epoch 5/5
2019-06-28 04:05:33,345:INFO: Train
2019-06-28 04:05:35,270:INFO: - Train metrics: recall_at_100: 0.185 ; loss: 1.084
2019-06-28 04:05:35,271:INFO: Evaluate
2019-06-28 04:05:36,546:INFO: - Evaluate metrics: recall_at_100: 0.182 ; loss: 1.099
2019-06-28 04:05:51,544:INFO: Training model for test 6
2019-06-28 04:05:53,420:INFO: Starting training for 5 epoch(s)
2019-06-28 04:05:53,420:INFO: Epoch 1/5
2019-06-28 04:05:53,420:INFO: Train
2019-06-28 04:05:55,286:INFO: - Train metrics: recall_at_100: 0.012 ; loss: 1.589
2019-06-28 04:05:55,286:INFO: Evaluate
2019-06-28 04:05:56,429:INFO: - Evaluate metrics: recall_at_100: 0.165 ; loss: 1.324
2019-06-28 04:05:56,429:INFO: - Found new best recall_at_100
2019-06-28 04:05:56,505:INFO: Epoch 2/5
2019-06-28 04:05:56,505:INFO: Train
2019-06-28 04:05:58,209:INFO: - Train metrics: recall_at_100: 0.180 ; loss: 1.227
2019-06-28 04:05:58,209:INFO: Evaluate
2019-06-28 04:05:59,424:INFO: - Evaluate metrics: recall_at_100: 0.167 ; loss: 1.103
2019-06-28 04:05:59,425:INFO: - Found new best recall_at_100
2019-06-28 04:05:59,543:INFO: Epoch 3/5
2019-06-28 04:05:59,543:INFO: Train
2019-06-28 04:06:01,368:INFO: - Train metrics: recall_at_100: 0.169 ; loss: 1.119
2019-06-28 04:06:01,368:INFO: Evaluate
2019-06-28 04:06:02,725:INFO: - Evaluate metrics: recall_at_100: 0.152 ; loss: 1.102
2019-06-28 04:06:02,770:INFO: Epoch 4/5
2019-06-28 04:06:02,771:INFO: Train
2019-06-28 04:06:04,619:INFO: - Train metrics: recall_at_100: 0.163 ; loss: 1.094
2019-06-28 04:06:04,619:INFO: Evaluate
2019-06-28 04:06:05,961:INFO: - Evaluate metrics: recall_at_100: 0.140 ; loss: 1.082
2019-06-28 04:06:05,989:INFO: Epoch 5/5
2019-06-28 04:06:05,989:INFO: Train
2019-06-28 04:06:07,730:INFO: - Train metrics: recall_at_100: 0.177 ; loss: 1.095
2019-06-28 04:06:07,730:INFO: Evaluate
2019-06-28 04:06:09,049:INFO: - Evaluate metrics: recall_at_100: 0.162 ; loss: 1.066
2019-06-28 04:06:24,450:INFO: Training model for test 0
2019-06-28 04:06:26,591:INFO: Starting training for 5 epoch(s)
2019-06-28 04:06:26,591:INFO: Epoch 1/5
2019-06-28 04:06:26,591:INFO: Train
2019-06-28 04:06:28,383:INFO: - Train metrics: recall_at_100: 0.001 ; loss: 1.512
2019-06-28 04:06:28,383:INFO: Evaluate
2019-06-28 04:06:29,863:INFO: - Evaluate metrics: recall_at_100: 0.186 ; loss: 1.291
2019-06-28 04:06:29,864:INFO: - Found new best recall_at_100
2019-06-28 04:06:29,987:INFO: Epoch 2/5
2019-06-28 04:06:29,988:INFO: Train
2019-06-28 04:06:31,809:INFO: - Train metrics: recall_at_100: 0.159 ; loss: 1.226
2019-06-28 04:06:31,809:INFO: Evaluate
2019-06-28 04:06:33,186:INFO: - Evaluate metrics: recall_at_100: 0.214 ; loss: 1.115
2019-06-28 04:06:33,187:INFO: - Found new best recall_at_100
2019-06-28 04:06:33,291:INFO: Epoch 3/5
2019-06-28 04:06:33,292:INFO: Train
2019-06-28 04:06:35,141:INFO: - Train metrics: recall_at_100: 0.170 ; loss: 1.126
2019-06-28 04:06:35,141:INFO: Evaluate
2019-06-28 04:06:36,555:INFO: - Evaluate metrics: recall_at_100: 0.164 ; loss: 1.104
2019-06-28 04:06:36,589:INFO: Epoch 4/5
2019-06-28 04:06:36,589:INFO: Train
2019-06-28 04:06:38,487:INFO: - Train metrics: recall_at_100: 0.184 ; loss: 1.105
2019-06-28 04:06:38,487:INFO: Evaluate
2019-06-28 04:06:39,822:INFO: - Evaluate metrics: recall_at_100: 0.202 ; loss: 1.087
2019-06-28 04:06:39,859:INFO: Epoch 5/5
2019-06-28 04:06:39,860:INFO: Train
2019-06-28 04:06:41,664:INFO: - Train metrics: recall_at_100: 0.180 ; loss: 1.072
2019-06-28 04:06:41,664:INFO: Evaluate
2019-06-28 04:06:42,914:INFO: - Evaluate metrics: recall_at_100: 0.197 ; loss: 1.080
2019-06-28 04:06:58,045:INFO: Running Experiment...
