2019-04-30 20:30:21,487:INFO: Loading Disease Associations...
2019-04-30 20:31:08,446:INFO: Loading Disease Associations...
2019-04-30 20:34:21,657:INFO: Loading Disease Associations...
2019-04-30 20:34:21,716:INFO: Loading Network...
2019-04-30 20:34:30,370:INFO: Loading Weights...
2019-04-30 20:34:46,819:INFO: Loading Disease Associations...
2019-04-30 20:34:46,873:INFO: Loading Network...
2019-04-30 20:34:54,949:INFO: Loading Weights...
2019-04-30 20:35:19,979:INFO: Loading Disease Associations...
2019-04-30 20:35:20,044:INFO: Loading Network...
2019-04-30 20:35:28,928:INFO: Loading Weights...
2019-04-30 20:36:14,841:INFO: Loading Disease Associations...
2019-04-30 20:36:14,891:INFO: Loading Network...
2019-04-30 20:36:23,440:INFO: Loading Weights...
2019-04-30 20:37:30,151:INFO: Loading Disease Associations...
2019-04-30 20:37:30,214:INFO: Loading Network...
2019-04-30 20:37:41,095:INFO: Loading Disease Associations...
2019-04-30 20:37:41,152:INFO: Loading Network...
2019-04-30 20:38:14,812:INFO: Loading Disease Associations...
2019-04-30 20:38:14,857:INFO: Loading Network...
2019-04-30 20:38:53,437:INFO: Loading Disease Associations...
2019-04-30 20:38:53,489:INFO: Loading Network...
2019-04-30 20:39:01,768:INFO: Loading Weights...
2019-04-30 20:39:13,511:INFO: Loading Disease Associations...
2019-04-30 20:39:13,567:INFO: Loading Network...
2019-04-30 20:39:22,446:INFO: Loading Weights...
2019-04-30 20:39:22,456:INFO: Loading drugs...
2019-04-30 20:40:55,582:INFO: Loading Disease Associations...
2019-04-30 20:40:55,637:INFO: Loading Network...
2019-04-30 20:41:03,553:INFO: Loading Weights...
2019-04-30 20:41:03,569:INFO: Loading drugs...
2019-04-30 20:41:13,971:INFO: Loading Disease Associations...
2019-04-30 20:41:14,025:INFO: Loading Network...
2019-04-30 20:41:23,922:INFO: Loading Weights...
2019-04-30 20:41:23,931:INFO: Loading drugs...
2019-04-30 20:55:39,426:INFO: Loading disease associations...
2019-04-30 20:55:40,090:INFO: Loading network...
2019-04-30 20:55:47,586:INFO: Loading weights...
2019-04-30 20:55:47,594:INFO: Loading drugs...
2019-04-30 21:02:57,656:INFO: Loading disease associations...
2019-04-30 21:02:57,708:INFO: Loading network...
2019-04-30 21:03:06,251:INFO: Loading weights...
2019-04-30 21:03:06,260:INFO: Loading drugs...
2019-04-30 21:12:18,807:WARNING: No handles with labels found to put in legend.
2019-04-30 21:32:39,154:INFO: Loading disease associations...
2019-04-30 21:32:39,209:INFO: Loading network...
2019-04-30 21:32:48,800:INFO: Loading weights...
2019-04-30 21:32:48,811:INFO: Loading drugs...
2019-04-30 21:32:50,776:INFO: Loading disease associations...
2019-04-30 21:32:50,828:INFO: Loading network...
2019-04-30 21:33:00,583:INFO: Loading weights...
2019-04-30 21:33:00,590:INFO: Loading drugs...
2019-04-30 21:34:44,026:INFO: Loading disease associations...
2019-04-30 21:34:44,088:INFO: Loading network...
2019-04-30 21:34:52,727:INFO: Loading weights...
2019-04-30 21:34:52,734:INFO: Loading drugs...
2019-04-30 21:59:37,893:INFO: Loading disease associations...
2019-04-30 21:59:37,951:INFO: Loading network...
2019-04-30 21:59:45,672:INFO: Loading weights...
2019-04-30 21:59:45,683:INFO: Loading drugs...
2019-04-30 22:02:07,066:INFO: Loading disease associations...
2019-04-30 22:02:07,118:INFO: Loading network...
2019-04-30 22:02:17,108:INFO: Loading weights...
2019-04-30 22:02:17,128:INFO: Loading drugs...
2019-04-30 22:02:55,170:INFO: Loading disease associations...
2019-04-30 22:02:55,227:INFO: Loading network...
2019-04-30 22:03:04,477:INFO: Loading weights...
2019-04-30 22:03:04,487:INFO: Loading drugs...
2019-05-01 15:16:34,086:INFO: Loading disease associations...
2019-05-01 15:16:34,165:INFO: Loading network...
2019-05-01 15:16:43,945:INFO: Loading weights...
2019-05-01 15:16:43,980:INFO: Loading drugs...
