2019-05-21 11:41:58,877:INFO: Disease Protein Prediction in the PPI Network
2019-05-21 11:41:58,878:INFO: Sabri Eyuboglu  -- SNAP Group
2019-05-21 11:41:58,878:INFO: ======================================
2019-05-21 11:41:58,878:INFO: Loading PPI Network...
2019-05-21 11:42:07,081:INFO: Loading Disease Associations...
2019-05-21 11:42:07,151:INFO: Training Models...
2019-05-21 11:42:07,165:INFO: Training model for test 5
2019-05-21 11:42:31,195:INFO: Disease Protein Prediction in the PPI Network
2019-05-21 11:42:31,195:INFO: Sabri Eyuboglu  -- SNAP Group
2019-05-21 11:42:31,195:INFO: ======================================
2019-05-21 11:42:31,195:INFO: Loading PPI Network...
2019-05-21 11:42:39,076:INFO: Loading Disease Associations...
2019-05-21 11:42:39,088:INFO: Training Models...
2019-05-21 11:42:39,088:INFO: Training model for test 5
2019-05-21 11:44:40,669:INFO: Disease Protein Prediction in the PPI Network
2019-05-21 11:44:40,669:INFO: Sabri Eyuboglu  -- SNAP Group
2019-05-21 11:44:40,670:INFO: ======================================
2019-05-21 11:44:40,670:INFO: Loading PPI Network...
2019-05-21 11:44:48,835:INFO: Loading Disease Associations...
2019-05-21 11:44:48,847:INFO: Training Models...
2019-05-21 11:44:48,847:INFO: Training model for test 5
2019-05-21 11:47:46,702:INFO: Disease Protein Prediction in the PPI Network
2019-05-21 11:47:46,702:INFO: Sabri Eyuboglu  -- SNAP Group
2019-05-21 11:47:46,702:INFO: ======================================
2019-05-21 11:47:46,702:INFO: Loading PPI Network...
2019-05-21 11:47:54,692:INFO: Loading Disease Associations...
2019-05-21 11:47:54,737:INFO: Training Models...
2019-05-21 11:47:54,738:INFO: Training model for test 3
2019-05-21 11:48:18,743:INFO: Disease Protein Prediction in the PPI Network
2019-05-21 11:48:18,743:INFO: Sabri Eyuboglu  -- SNAP Group
2019-05-21 11:48:18,743:INFO: ======================================
2019-05-21 11:48:18,743:INFO: Loading PPI Network...
2019-05-21 11:48:26,524:INFO: Loading Disease Associations...
2019-05-21 11:48:26,570:INFO: Training Models...
2019-05-21 11:48:26,570:INFO: Training model for test 3
2019-05-21 11:48:53,681:INFO: Disease Protein Prediction in the PPI Network
2019-05-21 11:48:53,681:INFO: Sabri Eyuboglu  -- SNAP Group
2019-05-21 11:48:53,681:INFO: ======================================
2019-05-21 11:48:53,681:INFO: Loading PPI Network...
2019-05-21 11:49:01,819:INFO: Loading Disease Associations...
2019-05-21 11:49:01,864:INFO: Training Models...
2019-05-21 11:49:01,865:INFO: Training model for test 3
2019-05-21 11:49:31,078:INFO: Disease Protein Prediction in the PPI Network
2019-05-21 11:49:31,078:INFO: Sabri Eyuboglu  -- SNAP Group
2019-05-21 11:49:31,078:INFO: ======================================
2019-05-21 11:49:31,078:INFO: Loading PPI Network...
2019-05-21 11:49:39,445:INFO: Loading Disease Associations...
2019-05-21 11:49:39,487:INFO: Training Models...
2019-05-21 11:49:39,488:INFO: Training model for test 3
2019-05-21 11:50:03,886:INFO: Disease Protein Prediction in the PPI Network
2019-05-21 11:50:03,887:INFO: Sabri Eyuboglu  -- SNAP Group
2019-05-21 11:50:03,887:INFO: ======================================
2019-05-21 11:50:03,887:INFO: Loading PPI Network...
2019-05-21 11:50:12,143:INFO: Loading Disease Associations...
2019-05-21 11:50:12,217:INFO: Training Models...
2019-05-21 11:50:12,218:INFO: Training model for test 3
2019-05-21 11:51:59,908:INFO: Disease Protein Prediction in the PPI Network
2019-05-21 11:51:59,908:INFO: Sabri Eyuboglu  -- SNAP Group
2019-05-21 11:51:59,908:INFO: ======================================
2019-05-21 11:51:59,908:INFO: Loading PPI Network...
2019-05-21 11:52:09,500:INFO: Disease Protein Prediction in the PPI Network
2019-05-21 11:52:09,500:INFO: Sabri Eyuboglu  -- SNAP Group
2019-05-21 11:52:09,500:INFO: ======================================
2019-05-21 11:52:09,500:INFO: Loading PPI Network...
2019-05-21 11:52:17,848:INFO: Loading Disease Associations...
2019-05-21 11:52:17,894:INFO: Training Models...
2019-05-21 11:52:17,895:INFO: Training model for test 3
2019-05-21 11:52:32,834:INFO: Disease Protein Prediction in the PPI Network
2019-05-21 11:52:32,834:INFO: Sabri Eyuboglu  -- SNAP Group
2019-05-21 11:52:32,835:INFO: ======================================
2019-05-21 11:52:32,835:INFO: Loading PPI Network...
2019-05-21 11:52:41,112:INFO: Loading Disease Associations...
2019-05-21 11:52:41,164:INFO: Training Models...
2019-05-21 11:52:41,164:INFO: Training model for test 3
2019-05-21 11:52:52,393:INFO: Starting training for 10 epoch(s)
2019-05-21 11:52:52,394:INFO: Epoch 1/10
2019-05-21 11:52:52,394:INFO: Train
2019-05-21 11:55:19,502:INFO: Disease Protein Prediction in the PPI Network
2019-05-21 11:55:19,502:INFO: Sabri Eyuboglu  -- SNAP Group
2019-05-21 11:55:19,502:INFO: ======================================
2019-05-21 11:55:19,502:INFO: Loading PPI Network...
2019-05-21 11:55:27,739:INFO: Loading Disease Associations...
2019-05-21 11:55:27,784:INFO: Training Models...
2019-05-21 11:55:27,785:INFO: Training model for test 3
2019-05-21 11:55:36,969:INFO: Starting training for 10 epoch(s)
2019-05-21 11:55:36,970:INFO: Epoch 1/10
2019-05-21 11:55:36,971:INFO: Train
2019-05-21 12:43:01,211:INFO: Disease Protein Prediction in the PPI Network
2019-05-21 12:43:01,212:INFO: Sabri Eyuboglu  -- SNAP Group
2019-05-21 12:43:01,212:INFO: ======================================
2019-05-21 12:43:01,212:INFO: Loading PPI Network...
2019-05-21 12:43:09,025:INFO: Loading Disease Associations...
2019-05-21 12:43:09,085:INFO: Training Models...
2019-05-21 12:43:09,086:INFO: Training model for test 3
2019-05-21 12:43:20,009:INFO: Starting training for 10 epoch(s)
2019-05-21 12:43:20,010:INFO: Epoch 1/10
2019-05-21 12:43:20,010:INFO: Train
2019-05-21 12:45:05,668:INFO: Disease Protein Prediction in the PPI Network
2019-05-21 12:45:05,669:INFO: Sabri Eyuboglu  -- SNAP Group
2019-05-21 12:45:05,669:INFO: ======================================
2019-05-21 12:45:05,669:INFO: Loading PPI Network...
2019-05-21 12:45:13,346:INFO: Loading Disease Associations...
2019-05-21 12:45:13,422:INFO: Training Models...
2019-05-21 12:45:13,423:INFO: Training model for test 3
2019-05-21 12:45:23,934:INFO: Starting training for 10 epoch(s)
2019-05-21 12:45:23,935:INFO: Epoch 1/10
2019-05-21 12:45:23,935:INFO: Train
2019-05-21 12:46:29,596:INFO: Disease Protein Prediction in the PPI Network
2019-05-21 12:46:29,596:INFO: Sabri Eyuboglu  -- SNAP Group
2019-05-21 12:46:29,596:INFO: ======================================
2019-05-21 12:46:29,596:INFO: Loading PPI Network...
2019-05-21 12:46:43,144:INFO: Disease Protein Prediction in the PPI Network
2019-05-21 12:46:43,144:INFO: Sabri Eyuboglu  -- SNAP Group
2019-05-21 12:46:43,144:INFO: ======================================
2019-05-21 12:46:43,144:INFO: Loading PPI Network...
2019-05-21 12:46:50,799:INFO: Loading Disease Associations...
2019-05-21 12:46:50,871:INFO: Training Models...
2019-05-21 12:46:50,872:INFO: Training model for test 3
2019-05-21 12:47:01,132:INFO: Starting training for 10 epoch(s)
2019-05-21 12:47:01,133:INFO: Epoch 1/10
2019-05-21 12:47:01,133:INFO: Train
2019-05-21 12:47:29,500:INFO: Disease Protein Prediction in the PPI Network
2019-05-21 12:47:29,501:INFO: Sabri Eyuboglu  -- SNAP Group
2019-05-21 12:47:29,501:INFO: ======================================
2019-05-21 12:47:29,501:INFO: Loading PPI Network...
2019-05-21 12:47:38,353:INFO: Loading Disease Associations...
2019-05-21 12:47:38,429:INFO: Training Models...
2019-05-21 12:47:38,430:INFO: Training model for test 3
2019-05-21 12:47:49,833:INFO: Starting training for 10 epoch(s)
2019-05-21 12:47:49,833:INFO: Epoch 1/10
2019-05-21 12:47:49,833:INFO: Train
2019-05-21 12:48:19,321:INFO: Disease Protein Prediction in the PPI Network
2019-05-21 12:48:19,321:INFO: Sabri Eyuboglu  -- SNAP Group
2019-05-21 12:48:19,321:INFO: ======================================
2019-05-21 12:48:19,321:INFO: Loading PPI Network...
2019-05-21 12:48:27,898:INFO: Loading Disease Associations...
2019-05-21 12:48:27,943:INFO: Training Models...
2019-05-21 12:48:27,943:INFO: Training model for test 3
2019-05-21 12:48:37,954:INFO: Starting training for 10 epoch(s)
2019-05-21 12:48:37,954:INFO: Epoch 1/10
2019-05-21 12:48:37,954:INFO: Train
2019-05-21 12:48:46,096:INFO: - Train metrics: recall_at_100: 0.084 ; loss: 190.163
2019-05-21 12:48:46,097:INFO: Evaluate
2019-05-21 12:48:48,186:INFO: - Evaluate metrics: recall_at_100: 0.162 ; loss: 174.994
2019-05-21 12:49:41,113:INFO: Disease Protein Prediction in the PPI Network
2019-05-21 12:49:41,113:INFO: Sabri Eyuboglu  -- SNAP Group
2019-05-21 12:49:41,113:INFO: ======================================
2019-05-21 12:49:41,113:INFO: Loading PPI Network...
2019-05-21 12:49:49,900:INFO: Loading Disease Associations...
2019-05-21 12:49:49,986:INFO: Training Models...
2019-05-21 12:49:49,987:INFO: Training model for test 3
2019-05-21 12:50:00,670:INFO: Starting training for 10 epoch(s)
2019-05-21 12:50:00,670:INFO: Epoch 1/10
2019-05-21 12:50:00,671:INFO: Train
2019-05-21 12:50:09,248:INFO: - Train metrics: recall_at_100: 0.005 ; loss: 52.960
2019-05-21 12:50:09,248:INFO: Evaluate
2019-05-21 12:50:11,605:INFO: - Evaluate metrics: recall_at_100: 0.003 ; loss: 760.792
2019-05-21 12:50:11,605:INFO: - Found new best recall_at_100
2019-05-21 12:50:11,687:INFO: Epoch 2/10
2019-05-21 12:50:11,688:INFO: Train
2019-05-21 12:50:14,793:INFO: - Train metrics: recall_at_100: 0.001 ; loss: 271.071
2019-05-21 12:50:14,793:INFO: Evaluate
2019-05-21 12:50:16,949:INFO: - Evaluate metrics: recall_at_100: 0.000 ; loss: 268.505
2019-05-21 12:50:17,006:INFO: Epoch 3/10
2019-05-21 12:50:17,006:INFO: Train
2019-05-21 12:50:20,180:INFO: - Train metrics: recall_at_100: 0.002 ; loss: 178.144
2019-05-21 12:50:20,181:INFO: Evaluate
2019-05-21 12:50:22,352:INFO: - Evaluate metrics: recall_at_100: 0.128 ; loss: 248.583
2019-05-21 12:50:22,361:INFO: - Found new best recall_at_100
2019-05-21 12:50:22,462:INFO: Epoch 4/10
2019-05-21 12:50:22,463:INFO: Train
2019-05-21 12:50:25,601:INFO: - Train metrics: recall_at_100: 0.126 ; loss: 213.452
2019-05-21 12:50:25,601:INFO: Evaluate
2019-05-21 12:50:27,772:INFO: - Evaluate metrics: recall_at_100: 0.115 ; loss: 114.846
2019-05-21 12:50:27,801:INFO: Epoch 5/10
2019-05-21 12:50:27,801:INFO: Train
2019-05-21 12:50:30,844:INFO: - Train metrics: recall_at_100: 0.129 ; loss: 121.357
2019-05-21 12:50:30,845:INFO: Evaluate
2019-05-21 12:50:32,952:INFO: - Evaluate metrics: recall_at_100: 0.080 ; loss: 174.352
2019-05-21 12:50:33,019:INFO: Epoch 6/10
2019-05-21 12:50:33,019:INFO: Train
2019-05-21 12:50:36,196:INFO: - Train metrics: recall_at_100: 0.086 ; loss: 56.641
2019-05-21 12:50:36,197:INFO: Evaluate
2019-05-21 12:50:38,292:INFO: - Evaluate metrics: recall_at_100: 0.088 ; loss: 23.109
2019-05-21 12:50:38,334:INFO: Epoch 7/10
2019-05-21 12:50:38,334:INFO: Train
2019-05-21 12:50:41,376:INFO: - Train metrics: recall_at_100: 0.090 ; loss: 18.005
2019-05-21 12:50:41,376:INFO: Evaluate
2019-05-21 12:50:43,696:INFO: - Evaluate metrics: recall_at_100: 0.148 ; loss: 23.051
2019-05-21 12:50:43,699:INFO: - Found new best recall_at_100
2019-05-21 12:50:43,859:INFO: Epoch 8/10
2019-05-21 12:50:43,859:INFO: Train
2019-05-21 12:50:47,172:INFO: - Train metrics: recall_at_100: 0.148 ; loss: 14.638
2019-05-21 12:50:47,173:INFO: Evaluate
2019-05-21 12:50:49,452:INFO: - Evaluate metrics: recall_at_100: 0.115 ; loss: 9.853
2019-05-21 12:50:49,489:INFO: Epoch 9/10
2019-05-21 12:50:49,489:INFO: Train
2019-05-21 12:50:52,604:INFO: - Train metrics: recall_at_100: 0.096 ; loss: 9.659
2019-05-21 12:50:52,604:INFO: Evaluate
2019-05-21 12:50:54,739:INFO: - Evaluate metrics: recall_at_100: 0.143 ; loss: 11.196
2019-05-21 12:50:54,771:INFO: Epoch 10/10
2019-05-21 12:50:54,771:INFO: Train
2019-05-21 12:50:57,969:INFO: - Train metrics: recall_at_100: 0.176 ; loss: 8.602
2019-05-21 12:50:57,969:INFO: Evaluate
2019-05-21 12:51:00,313:INFO: - Evaluate metrics: recall_at_100: 0.132 ; loss: 6.003
2019-05-21 12:51:17,579:INFO: Disease Protein Prediction in the PPI Network
2019-05-21 12:51:17,580:INFO: Sabri Eyuboglu  -- SNAP Group
2019-05-21 12:51:17,580:INFO: ======================================
2019-05-21 12:51:17,580:INFO: Loading PPI Network...
2019-05-21 12:51:27,245:INFO: Loading Disease Associations...
2019-05-21 12:51:27,290:INFO: Training Models...
2019-05-21 12:51:27,291:INFO: Training model for test 3
2019-05-21 12:51:37,542:INFO: Starting training for 10 epoch(s)
2019-05-21 12:51:37,542:INFO: Epoch 1/10
2019-05-21 12:51:37,543:INFO: Train
2019-05-21 12:51:46,188:INFO: - Train metrics: recall_at_100: 0.077 ; loss: 393.633
2019-05-21 12:51:46,188:INFO: Evaluate
2019-05-21 12:51:48,657:INFO: - Evaluate metrics: recall_at_100: 0.137 ; loss: 127.183
2019-05-21 12:51:48,657:INFO: - Found new best recall_at_100
2019-05-21 12:51:48,780:INFO: Epoch 2/10
2019-05-21 12:51:48,780:INFO: Train
2019-05-21 12:51:51,848:INFO: - Train metrics: recall_at_100: 0.124 ; loss: 190.432
2019-05-21 12:51:51,849:INFO: Evaluate
2019-05-21 12:51:54,206:INFO: - Evaluate metrics: recall_at_100: 0.000 ; loss: 32.275
2019-05-21 12:51:54,250:INFO: Epoch 3/10
2019-05-21 12:51:54,250:INFO: Train
2019-05-21 12:51:57,462:INFO: - Train metrics: recall_at_100: 0.003 ; loss: 67.838
2019-05-21 12:51:57,462:INFO: Evaluate
2019-05-21 12:51:59,824:INFO: - Evaluate metrics: recall_at_100: 0.104 ; loss: 42.532
2019-05-21 12:51:59,855:INFO: Epoch 4/10
2019-05-21 12:51:59,856:INFO: Train
2019-05-21 12:52:03,213:INFO: - Train metrics: recall_at_100: 0.108 ; loss: 38.613
2019-05-21 12:52:03,213:INFO: Evaluate
2019-05-21 12:52:05,525:INFO: - Evaluate metrics: recall_at_100: 0.123 ; loss: 28.581
2019-05-21 12:52:05,571:INFO: Epoch 5/10
2019-05-21 12:52:05,572:INFO: Train
2019-05-21 12:52:09,090:INFO: - Train metrics: recall_at_100: 0.122 ; loss: 33.555
2019-05-21 12:52:09,091:INFO: Evaluate
2019-05-21 12:52:11,300:INFO: - Evaluate metrics: recall_at_100: 0.157 ; loss: 35.884
2019-05-21 12:52:11,303:INFO: - Found new best recall_at_100
2019-05-21 12:52:11,436:INFO: Epoch 6/10
2019-05-21 12:52:11,436:INFO: Train
2019-05-21 12:52:14,869:INFO: - Train metrics: recall_at_100: 0.159 ; loss: 16.063
2019-05-21 12:52:14,869:INFO: Evaluate
2019-05-21 12:52:17,110:INFO: - Evaluate metrics: recall_at_100: 0.028 ; loss: 19.214
2019-05-21 12:52:17,143:INFO: Epoch 7/10
2019-05-21 12:52:17,143:INFO: Train
2019-05-21 12:52:20,388:INFO: - Train metrics: recall_at_100: 0.056 ; loss: 8.188
2019-05-21 12:52:20,388:INFO: Evaluate
2019-05-21 12:52:22,874:INFO: - Evaluate metrics: recall_at_100: 0.135 ; loss: 3.345
2019-05-21 12:52:22,912:INFO: Epoch 8/10
2019-05-21 12:52:22,913:INFO: Train
2019-05-21 12:52:26,217:INFO: - Train metrics: recall_at_100: 0.164 ; loss: 2.658
2019-05-21 12:52:26,217:INFO: Evaluate
2019-05-21 12:52:28,441:INFO: - Evaluate metrics: recall_at_100: 0.000 ; loss: 21.497
2019-05-21 12:52:28,488:INFO: Epoch 9/10
2019-05-21 12:52:28,488:INFO: Train
2019-05-21 12:52:31,744:INFO: - Train metrics: recall_at_100: 0.001 ; loss: 57.455
2019-05-21 12:52:31,747:INFO: Evaluate
2019-05-21 12:52:34,262:INFO: - Evaluate metrics: recall_at_100: 0.129 ; loss: 16.404
2019-05-21 12:52:34,311:INFO: Epoch 10/10
2019-05-21 12:52:34,311:INFO: Train
2019-05-21 12:52:37,605:INFO: - Train metrics: recall_at_100: 0.163 ; loss: 24.235
2019-05-21 12:52:37,605:INFO: Evaluate
2019-05-21 12:52:39,831:INFO: - Evaluate metrics: recall_at_100: 0.122 ; loss: 14.484
2019-05-21 12:52:50,859:INFO: Training model for test 9
2019-05-21 12:52:56,956:INFO: Starting training for 10 epoch(s)
2019-05-21 12:52:56,957:INFO: Epoch 1/10
2019-05-21 12:52:56,957:INFO: Train
2019-05-21 12:53:01,478:INFO: - Train metrics: recall_at_100: 0.022 ; loss: 57.682
2019-05-21 12:53:01,478:INFO: Evaluate
2019-05-21 12:53:04,166:INFO: - Evaluate metrics: recall_at_100: 0.016 ; loss: 51.588
2019-05-21 12:53:04,173:INFO: - Found new best recall_at_100
2019-05-21 12:53:04,287:INFO: Epoch 2/10
2019-05-21 12:53:04,287:INFO: Train
2019-05-21 12:53:08,040:INFO: - Train metrics: recall_at_100: 0.023 ; loss: 40.401
2019-05-21 12:53:08,041:INFO: Evaluate
2019-05-21 12:53:10,840:INFO: - Evaluate metrics: recall_at_100: 0.082 ; loss: 21.252
2019-05-21 12:53:10,844:INFO: - Found new best recall_at_100
2019-05-21 12:53:10,958:INFO: Epoch 3/10
2019-05-21 12:53:10,958:INFO: Train
2019-05-21 12:53:14,675:INFO: - Train metrics: recall_at_100: 0.101 ; loss: 19.550
2019-05-21 12:53:14,675:INFO: Evaluate
2019-05-21 12:53:17,180:INFO: - Evaluate metrics: recall_at_100: 0.162 ; loss: 5.058
2019-05-21 12:53:17,184:INFO: - Found new best recall_at_100
2019-05-21 12:53:17,282:INFO: Epoch 4/10
2019-05-21 12:53:17,282:INFO: Train
2019-05-21 12:53:21,086:INFO: - Train metrics: recall_at_100: 0.151 ; loss: 6.281
2019-05-21 12:53:21,086:INFO: Evaluate
2019-05-21 12:53:23,718:INFO: - Evaluate metrics: recall_at_100: 0.092 ; loss: 2.544
2019-05-21 12:53:23,765:INFO: Epoch 5/10
2019-05-21 12:53:23,766:INFO: Train
2019-05-21 12:53:27,499:INFO: - Train metrics: recall_at_100: 0.126 ; loss: 2.210
2019-05-21 12:53:27,505:INFO: Evaluate
2019-05-21 12:53:30,634:INFO: - Evaluate metrics: recall_at_100: 0.143 ; loss: 3.999
2019-05-21 12:53:30,676:INFO: Epoch 6/10
2019-05-21 12:53:30,677:INFO: Train
2019-05-21 12:53:34,261:INFO: - Train metrics: recall_at_100: 0.173 ; loss: 5.339
2019-05-21 12:53:34,261:INFO: Evaluate
2019-05-21 12:53:37,055:INFO: - Evaluate metrics: recall_at_100: 0.139 ; loss: 2.569
2019-05-21 12:53:37,085:INFO: Epoch 7/10
2019-05-21 12:53:37,085:INFO: Train
2019-05-21 12:53:40,858:INFO: - Train metrics: recall_at_100: 0.158 ; loss: 2.269
2019-05-21 12:53:40,858:INFO: Evaluate
2019-05-21 12:53:43,568:INFO: - Evaluate metrics: recall_at_100: 0.120 ; loss: 2.487
2019-05-21 12:53:43,601:INFO: Epoch 8/10
2019-05-21 12:53:43,602:INFO: Train
2019-05-21 12:53:47,243:INFO: - Train metrics: recall_at_100: 0.134 ; loss: 1.965
2019-05-21 12:53:47,248:INFO: Evaluate
2019-05-21 12:53:50,058:INFO: - Evaluate metrics: recall_at_100: 0.125 ; loss: 1.466
2019-05-21 12:53:50,102:INFO: Epoch 9/10
2019-05-21 12:53:50,102:INFO: Train
2019-05-21 12:53:53,639:INFO: - Train metrics: recall_at_100: 0.137 ; loss: 1.215
2019-05-21 12:53:53,640:INFO: Evaluate
2019-05-21 12:53:56,408:INFO: - Evaluate metrics: recall_at_100: 0.140 ; loss: 1.129
2019-05-21 12:53:56,453:INFO: Epoch 10/10
2019-05-21 12:53:56,453:INFO: Train
2019-05-21 13:17:19,328:INFO: Disease Protein Prediction in the PPI Network
2019-05-21 13:17:19,329:INFO: Sabri Eyuboglu  -- SNAP Group
2019-05-21 13:17:19,329:INFO: ======================================
2019-05-21 13:17:19,329:INFO: Loading PPI Network...
2019-05-21 13:17:27,371:INFO: Loading Disease Associations...
2019-05-21 13:17:27,416:INFO: Training Models...
2019-05-21 13:17:27,417:INFO: Training model for test 3
2019-05-21 13:17:48,786:INFO: Starting training for 10 epoch(s)
2019-05-21 13:17:48,787:INFO: Epoch 1/10
2019-05-21 13:17:48,787:INFO: Train
2019-05-21 13:17:56,970:INFO: - Train metrics: recall_at_100: 0.078 ; loss: 75.558
2019-05-21 13:17:56,970:INFO: Evaluate
2019-05-21 13:17:59,207:INFO: - Evaluate metrics: recall_at_100: 0.084 ; loss: 22.622
2019-05-21 13:17:59,207:INFO: - Found new best recall_at_100
2019-05-21 13:17:59,346:INFO: Epoch 2/10
2019-05-21 13:17:59,346:INFO: Train
2019-05-21 13:18:02,581:INFO: - Train metrics: recall_at_100: 0.098 ; loss: 79.568
2019-05-21 13:18:02,582:INFO: Evaluate
2019-05-21 13:18:05,007:INFO: - Evaluate metrics: recall_at_100: 0.063 ; loss: 104.076
2019-05-21 13:18:05,052:INFO: Epoch 3/10
2019-05-21 13:18:05,053:INFO: Train
2019-05-21 13:18:08,389:INFO: - Train metrics: recall_at_100: 0.099 ; loss: 123.753
2019-05-21 13:18:08,389:INFO: Evaluate
2019-05-21 13:18:10,610:INFO: - Evaluate metrics: recall_at_100: 0.071 ; loss: 88.517
2019-05-21 13:18:10,654:INFO: Epoch 4/10
2019-05-21 13:18:10,654:INFO: Train
2019-05-21 13:18:13,964:INFO: - Train metrics: recall_at_100: 0.056 ; loss: 31.101
2019-05-21 13:18:13,964:INFO: Evaluate
2019-05-21 13:18:16,400:INFO: - Evaluate metrics: recall_at_100: 0.103 ; loss: 28.455
2019-05-21 13:18:16,407:INFO: - Found new best recall_at_100
2019-05-21 13:18:16,524:INFO: Epoch 5/10
2019-05-21 13:18:16,524:INFO: Train
2019-05-21 13:18:19,673:INFO: - Train metrics: recall_at_100: 0.142 ; loss: 29.469
2019-05-21 13:18:19,673:INFO: Evaluate
2019-05-21 13:18:22,221:INFO: - Evaluate metrics: recall_at_100: 0.091 ; loss: 36.762
2019-05-21 13:18:22,263:INFO: Epoch 6/10
2019-05-21 13:18:22,263:INFO: Train
2019-05-21 13:18:25,413:INFO: - Train metrics: recall_at_100: 0.110 ; loss: 24.232
2019-05-21 13:18:25,414:INFO: Evaluate
2019-05-21 13:18:27,817:INFO: - Evaluate metrics: recall_at_100: 0.105 ; loss: 21.525
2019-05-21 13:18:27,821:INFO: - Found new best recall_at_100
2019-05-21 13:18:27,930:INFO: Epoch 7/10
2019-05-21 13:18:27,931:INFO: Train
2019-05-21 13:18:31,350:INFO: - Train metrics: recall_at_100: 0.102 ; loss: 33.386
2019-05-21 13:18:31,350:INFO: Evaluate
2019-05-21 13:18:33,688:INFO: - Evaluate metrics: recall_at_100: 0.013 ; loss: 72.567
2019-05-21 13:18:33,730:INFO: Epoch 8/10
2019-05-21 13:18:33,730:INFO: Train
2019-05-21 13:18:37,075:INFO: - Train metrics: recall_at_100: 0.006 ; loss: 28.658
2019-05-21 13:18:37,075:INFO: Evaluate
2019-05-21 13:18:39,591:INFO: - Evaluate metrics: recall_at_100: 0.087 ; loss: 13.347
2019-05-21 13:18:39,632:INFO: Epoch 9/10
2019-05-21 13:18:39,633:INFO: Train
2019-05-21 13:18:43,235:INFO: - Train metrics: recall_at_100: 0.086 ; loss: 10.841
2019-05-21 13:18:43,235:INFO: Evaluate
2019-05-21 13:18:50,869:INFO: Disease Protein Prediction in the PPI Network
2019-05-21 13:18:50,869:INFO: Sabri Eyuboglu  -- SNAP Group
2019-05-21 13:18:50,869:INFO: ======================================
2019-05-21 13:18:50,869:INFO: Loading PPI Network...
2019-05-21 13:18:58,839:INFO: Loading Disease Associations...
2019-05-21 13:18:58,889:INFO: Training Models...
2019-05-21 13:18:58,890:INFO: Training model for test 3
2019-05-21 13:19:19,002:INFO: Starting training for 10 epoch(s)
2019-05-21 13:19:19,003:INFO: Epoch 1/10
2019-05-21 13:19:19,003:INFO: Train
2019-05-21 13:19:27,204:INFO: - Train metrics: recall_at_100: 0.003 ; loss: 1.403
2019-05-21 13:19:27,205:INFO: Evaluate
2019-05-21 13:19:29,650:INFO: - Evaluate metrics: recall_at_100: 0.043 ; loss: 1.403
2019-05-21 13:19:29,650:INFO: - Found new best recall_at_100
2019-05-21 13:19:29,779:INFO: Epoch 2/10
2019-05-21 13:19:29,779:INFO: Train
2019-05-21 13:19:33,133:INFO: - Train metrics: recall_at_100: 0.054 ; loss: 1.403
2019-05-21 13:19:33,134:INFO: Evaluate
2019-05-21 13:19:35,300:INFO: - Evaluate metrics: recall_at_100: 0.064 ; loss: 1.402
2019-05-21 13:19:35,305:INFO: - Found new best recall_at_100
2019-05-21 13:19:35,405:INFO: Epoch 3/10
2019-05-21 13:19:35,405:INFO: Train
2019-05-21 13:19:38,644:INFO: - Train metrics: recall_at_100: 0.064 ; loss: 1.402
2019-05-21 13:19:38,645:INFO: Evaluate
2019-05-21 13:19:41,067:INFO: - Evaluate metrics: recall_at_100: 0.055 ; loss: 1.402
2019-05-21 13:19:41,106:INFO: Epoch 4/10
2019-05-21 13:19:41,106:INFO: Train
2019-05-21 13:19:44,474:INFO: - Train metrics: recall_at_100: 0.066 ; loss: 1.402
2019-05-21 13:19:44,474:INFO: Evaluate
2019-05-21 13:19:46,977:INFO: - Evaluate metrics: recall_at_100: 0.078 ; loss: 1.401
2019-05-21 13:19:46,982:INFO: - Found new best recall_at_100
2019-05-21 13:19:47,099:INFO: Epoch 5/10
2019-05-21 13:19:47,099:INFO: Train
2019-05-21 13:19:50,437:INFO: - Train metrics: recall_at_100: 0.084 ; loss: 1.401
2019-05-21 13:19:50,438:INFO: Evaluate
2019-05-21 13:19:52,819:INFO: - Evaluate metrics: recall_at_100: 0.082 ; loss: 1.401
2019-05-21 13:19:52,826:INFO: - Found new best recall_at_100
2019-05-21 13:19:52,923:INFO: Epoch 6/10
2019-05-21 13:19:52,923:INFO: Train
2019-05-21 13:19:56,339:INFO: - Train metrics: recall_at_100: 0.074 ; loss: 1.401
2019-05-21 13:19:56,339:INFO: Evaluate
2019-05-21 13:19:58,729:INFO: - Evaluate metrics: recall_at_100: 0.087 ; loss: 1.400
2019-05-21 13:19:58,733:INFO: - Found new best recall_at_100
2019-05-21 13:19:58,826:INFO: Epoch 7/10
2019-05-21 13:19:58,827:INFO: Train
2019-05-21 13:20:02,134:INFO: - Train metrics: recall_at_100: 0.069 ; loss: 1.400
2019-05-21 13:20:02,134:INFO: Evaluate
2019-05-21 13:20:13,353:INFO: Disease Protein Prediction in the PPI Network
2019-05-21 13:20:13,353:INFO: Sabri Eyuboglu  -- SNAP Group
2019-05-21 13:20:13,353:INFO: ======================================
2019-05-21 13:20:13,353:INFO: Loading PPI Network...
2019-05-21 13:20:21,218:INFO: Loading Disease Associations...
2019-05-21 13:20:21,264:INFO: Training Models...
2019-05-21 13:20:21,264:INFO: Training model for test 3
2019-05-21 13:20:41,860:INFO: Starting training for 10 epoch(s)
2019-05-21 13:20:41,860:INFO: Epoch 1/10
2019-05-21 13:20:41,860:INFO: Train
2019-05-21 13:20:49,951:INFO: - Train metrics: recall_at_100: 0.105 ; loss: 1.429
2019-05-21 13:20:49,952:INFO: Evaluate
2019-05-21 13:20:52,312:INFO: - Evaluate metrics: recall_at_100: 0.095 ; loss: 1.413
2019-05-21 13:20:52,313:INFO: - Found new best recall_at_100
2019-05-21 13:20:52,433:INFO: Epoch 2/10
2019-05-21 13:20:52,433:INFO: Train
2019-05-21 13:20:55,599:INFO: - Train metrics: recall_at_100: 0.097 ; loss: 1.402
2019-05-21 13:20:55,610:INFO: Evaluate
2019-05-21 13:20:57,982:INFO: - Evaluate metrics: recall_at_100: 0.092 ; loss: 1.383
2019-05-21 13:20:58,015:INFO: Epoch 3/10
2019-05-21 13:20:58,015:INFO: Train
2019-05-21 13:21:01,465:INFO: - Train metrics: recall_at_100: 0.118 ; loss: 1.370
2019-05-21 13:21:01,466:INFO: Evaluate
2019-05-21 13:21:03,872:INFO: - Evaluate metrics: recall_at_100: 0.083 ; loss: 1.359
2019-05-21 13:21:03,911:INFO: Epoch 4/10
2019-05-21 13:21:03,911:INFO: Train
2019-05-21 13:21:07,311:INFO: - Train metrics: recall_at_100: 0.112 ; loss: 1.357
2019-05-21 13:21:07,323:INFO: Evaluate
2019-05-21 13:21:09,540:INFO: - Evaluate metrics: recall_at_100: 0.116 ; loss: 1.346
2019-05-21 13:21:09,544:INFO: - Found new best recall_at_100
2019-05-21 13:21:09,645:INFO: Epoch 5/10
2019-05-21 13:21:09,646:INFO: Train
2019-05-21 13:21:13,095:INFO: - Train metrics: recall_at_100: 0.086 ; loss: 1.345
2019-05-21 13:21:13,096:INFO: Evaluate
2019-05-21 13:21:15,536:INFO: - Evaluate metrics: recall_at_100: 0.125 ; loss: 1.329
2019-05-21 13:21:15,536:INFO: - Found new best recall_at_100
2019-05-21 13:21:15,638:INFO: Epoch 6/10
2019-05-21 13:21:15,638:INFO: Train
2019-05-21 13:21:18,999:INFO: - Train metrics: recall_at_100: 0.115 ; loss: 1.330
2019-05-21 13:21:19,005:INFO: Evaluate
2019-05-21 13:21:21,386:INFO: - Evaluate metrics: recall_at_100: 0.121 ; loss: 1.321
2019-05-21 13:21:21,433:INFO: Epoch 7/10
2019-05-21 13:21:21,434:INFO: Train
2019-05-21 13:21:24,807:INFO: - Train metrics: recall_at_100: 0.151 ; loss: 1.321
2019-05-21 13:21:24,815:INFO: Evaluate
2019-05-21 13:21:27,285:INFO: - Evaluate metrics: recall_at_100: 0.126 ; loss: 1.314
2019-05-21 13:21:27,289:INFO: - Found new best recall_at_100
2019-05-21 13:21:27,403:INFO: Epoch 8/10
2019-05-21 13:21:27,403:INFO: Train
2019-05-21 13:21:30,659:INFO: - Train metrics: recall_at_100: 0.167 ; loss: 1.315
2019-05-21 13:21:30,668:INFO: Evaluate
2019-05-21 13:21:33,121:INFO: - Evaluate metrics: recall_at_100: 0.130 ; loss: 1.310
2019-05-21 13:21:33,126:INFO: - Found new best recall_at_100
2019-05-21 13:21:33,239:INFO: Epoch 9/10
2019-05-21 13:21:33,239:INFO: Train
2019-05-21 13:21:36,534:INFO: - Train metrics: recall_at_100: 0.142 ; loss: 1.309
2019-05-21 13:21:36,540:INFO: Evaluate
2019-05-21 13:21:38,985:INFO: - Evaluate metrics: recall_at_100: 0.141 ; loss: 1.302
2019-05-21 13:21:38,992:INFO: - Found new best recall_at_100
2019-05-21 13:21:39,079:INFO: Epoch 10/10
2019-05-21 13:21:39,080:INFO: Train
2019-05-21 13:21:42,295:INFO: - Train metrics: recall_at_100: 0.127 ; loss: 1.306
2019-05-21 13:21:42,303:INFO: Evaluate
2019-05-21 13:21:44,726:INFO: - Evaluate metrics: recall_at_100: 0.119 ; loss: 1.299
2019-05-21 13:21:56,415:INFO: Training model for test 9
2019-05-21 13:22:14,551:INFO: Starting training for 10 epoch(s)
2019-05-21 13:22:14,551:INFO: Epoch 1/10
2019-05-21 13:22:14,551:INFO: Train
2019-05-21 13:22:19,305:INFO: - Train metrics: recall_at_100: 0.095 ; loss: 1.383
2019-05-21 13:22:19,312:INFO: Evaluate
2019-05-21 13:22:22,426:INFO: - Evaluate metrics: recall_at_100: 0.113 ; loss: 1.362
2019-05-21 13:22:22,430:INFO: - Found new best recall_at_100
2019-05-21 13:22:22,538:INFO: Epoch 2/10
2019-05-21 13:22:22,539:INFO: Train
2019-05-21 13:22:26,388:INFO: - Train metrics: recall_at_100: 0.089 ; loss: 1.349
2019-05-21 13:22:26,394:INFO: Evaluate
2019-05-21 13:22:29,425:INFO: - Evaluate metrics: recall_at_100: 0.105 ; loss: 1.320
2019-05-21 13:22:29,465:INFO: Epoch 3/10
2019-05-21 13:22:29,465:INFO: Train
2019-05-21 13:22:33,269:INFO: - Train metrics: recall_at_100: 0.126 ; loss: 1.308
2019-05-21 13:22:33,275:INFO: Evaluate
2019-05-21 13:22:36,214:INFO: - Evaluate metrics: recall_at_100: 0.087 ; loss: 1.275
2019-05-21 13:22:36,249:INFO: Epoch 4/10
2019-05-21 13:22:36,250:INFO: Train
2019-05-21 13:22:39,983:INFO: - Train metrics: recall_at_100: 0.107 ; loss: 1.261
2019-05-21 13:22:39,983:INFO: Evaluate
2019-05-21 13:22:42,897:INFO: - Evaluate metrics: recall_at_100: 0.097 ; loss: 1.243
2019-05-21 13:22:42,939:INFO: Epoch 5/10
2019-05-21 13:22:42,939:INFO: Train
2019-05-21 13:22:46,626:INFO: - Train metrics: recall_at_100: 0.099 ; loss: 1.225
2019-05-21 13:22:46,634:INFO: Evaluate
2019-05-21 13:22:49,901:INFO: - Evaluate metrics: recall_at_100: 0.094 ; loss: 1.201
2019-05-21 13:22:49,934:INFO: Epoch 6/10
2019-05-21 13:22:49,934:INFO: Train
2019-05-21 13:22:53,895:INFO: - Train metrics: recall_at_100: 0.100 ; loss: 1.205
2019-05-21 13:22:53,901:INFO: Evaluate
2019-05-21 13:22:56,794:INFO: - Evaluate metrics: recall_at_100: 0.108 ; loss: 1.176
2019-05-21 13:22:56,826:INFO: Epoch 7/10
2019-05-21 13:22:56,827:INFO: Train
2019-05-21 13:23:05,413:INFO: Disease Protein Prediction in the PPI Network
2019-05-21 13:23:05,414:INFO: Sabri Eyuboglu  -- SNAP Group
2019-05-21 13:23:05,414:INFO: ======================================
2019-05-21 13:23:05,414:INFO: Loading PPI Network...
2019-05-21 13:23:13,098:INFO: Loading Disease Associations...
2019-05-21 13:23:13,142:INFO: Training Models...
2019-05-21 13:23:13,143:INFO: Training model for test 3
2019-05-21 13:23:34,644:INFO: Starting training for 10 epoch(s)
2019-05-21 13:23:34,646:INFO: Epoch 1/10
2019-05-21 13:23:34,647:INFO: Train
2019-05-21 13:23:42,898:INFO: - Train metrics: recall_at_100: 0.048 ; loss: 1.287
2019-05-21 13:23:42,898:INFO: Evaluate
2019-05-21 13:23:45,053:INFO: - Evaluate metrics: recall_at_100: 0.099 ; loss: 1.209
2019-05-21 13:23:45,053:INFO: - Found new best recall_at_100
2019-05-21 13:23:45,164:INFO: Epoch 2/10
2019-05-21 13:23:45,164:INFO: Train
2019-05-21 13:23:48,279:INFO: - Train metrics: recall_at_100: 0.097 ; loss: 1.188
2019-05-21 13:23:48,280:INFO: Evaluate
2019-05-21 13:23:50,590:INFO: - Evaluate metrics: recall_at_100: 0.090 ; loss: 1.151
2019-05-21 13:23:50,628:INFO: Epoch 3/10
2019-05-21 13:23:50,628:INFO: Train
2019-05-21 13:23:53,855:INFO: - Train metrics: recall_at_100: 0.123 ; loss: 1.147
2019-05-21 13:23:53,856:INFO: Evaluate
2019-05-21 13:23:56,091:INFO: - Evaluate metrics: recall_at_100: 0.121 ; loss: 1.130
2019-05-21 13:23:56,096:INFO: - Found new best recall_at_100
2019-05-21 13:23:56,175:INFO: Epoch 4/10
2019-05-21 13:23:56,175:INFO: Train
2019-05-21 13:23:59,293:INFO: - Train metrics: recall_at_100: 0.142 ; loss: 1.117
2019-05-21 13:23:59,294:INFO: Evaluate
2019-05-21 13:24:01,726:INFO: - Evaluate metrics: recall_at_100: 0.118 ; loss: 1.108
2019-05-21 13:24:01,803:INFO: Epoch 5/10
2019-05-21 13:24:01,803:INFO: Train
2019-05-21 13:24:04,923:INFO: - Train metrics: recall_at_100: 0.168 ; loss: 1.091
2019-05-21 13:24:04,928:INFO: Evaluate
2019-05-21 13:24:07,147:INFO: - Evaluate metrics: recall_at_100: 0.137 ; loss: 1.087
2019-05-21 13:24:07,153:INFO: - Found new best recall_at_100
2019-05-21 13:24:07,265:INFO: Epoch 6/10
2019-05-21 13:24:07,265:INFO: Train
2019-05-21 13:24:10,265:INFO: - Train metrics: recall_at_100: 0.167 ; loss: 1.084
2019-05-21 13:24:10,265:INFO: Evaluate
2019-05-21 13:24:12,552:INFO: - Evaluate metrics: recall_at_100: 0.165 ; loss: 1.067
2019-05-21 13:24:12,556:INFO: - Found new best recall_at_100
2019-05-21 13:24:12,658:INFO: Epoch 7/10
2019-05-21 13:24:12,659:INFO: Train
2019-05-21 13:24:15,951:INFO: - Train metrics: recall_at_100: 0.171 ; loss: 1.070
2019-05-21 13:24:15,951:INFO: Evaluate
2019-05-21 13:24:18,211:INFO: - Evaluate metrics: recall_at_100: 0.137 ; loss: 1.060
2019-05-21 13:24:18,250:INFO: Epoch 8/10
2019-05-21 13:24:18,251:INFO: Train
2019-05-21 13:24:21,366:INFO: - Train metrics: recall_at_100: 0.145 ; loss: 1.076
2019-05-21 13:24:21,366:INFO: Evaluate
2019-05-21 13:24:23,669:INFO: - Evaluate metrics: recall_at_100: 0.149 ; loss: 1.069
2019-05-21 13:24:23,708:INFO: Epoch 9/10
2019-05-21 13:24:23,708:INFO: Train
2019-05-21 13:24:26,955:INFO: - Train metrics: recall_at_100: 0.185 ; loss: 1.056
2019-05-21 13:24:26,955:INFO: Evaluate
2019-05-21 13:24:29,240:INFO: - Evaluate metrics: recall_at_100: 0.141 ; loss: 1.071
2019-05-21 13:24:29,280:INFO: Epoch 10/10
2019-05-21 13:24:29,281:INFO: Train
2019-05-21 13:24:32,600:INFO: - Train metrics: recall_at_100: 0.200 ; loss: 1.049
2019-05-21 13:24:32,605:INFO: Evaluate
2019-05-21 13:24:34,932:INFO: - Evaluate metrics: recall_at_100: 0.109 ; loss: 1.051
2019-05-21 13:24:46,749:INFO: Training model for test 9
2019-05-21 13:25:04,133:INFO: Starting training for 10 epoch(s)
2019-05-21 13:25:04,134:INFO: Epoch 1/10
2019-05-21 13:25:04,134:INFO: Train
2019-05-21 13:25:08,594:INFO: - Train metrics: recall_at_100: 0.082 ; loss: 1.478
2019-05-21 13:25:08,598:INFO: Evaluate
2019-05-21 13:25:11,285:INFO: - Evaluate metrics: recall_at_100: 0.164 ; loss: 1.425
2019-05-21 13:25:11,290:INFO: - Found new best recall_at_100
2019-05-21 13:25:11,383:INFO: Epoch 2/10
2019-05-21 13:25:11,383:INFO: Train
2019-05-21 13:25:15,117:INFO: - Train metrics: recall_at_100: 0.125 ; loss: 1.408
2019-05-21 13:25:15,124:INFO: Evaluate
2019-05-21 13:25:18,117:INFO: - Evaluate metrics: recall_at_100: 0.159 ; loss: 1.378
2019-05-21 13:25:18,162:INFO: Epoch 3/10
2019-05-21 13:25:18,162:INFO: Train
2019-05-21 13:25:21,767:INFO: - Train metrics: recall_at_100: 0.143 ; loss: 1.375
2019-05-21 13:25:21,767:INFO: Evaluate
2019-05-21 13:25:24,740:INFO: - Evaluate metrics: recall_at_100: 0.159 ; loss: 1.346
2019-05-21 13:25:24,788:INFO: Epoch 4/10
2019-05-21 13:25:24,789:INFO: Train
2019-05-21 13:25:28,518:INFO: - Train metrics: recall_at_100: 0.139 ; loss: 1.339
2019-05-21 13:25:28,522:INFO: Evaluate
2019-05-21 13:25:31,375:INFO: - Evaluate metrics: recall_at_100: 0.143 ; loss: 1.320
2019-05-21 13:25:31,409:INFO: Epoch 5/10
2019-05-21 13:25:31,409:INFO: Train
2019-05-21 13:25:35,220:INFO: - Train metrics: recall_at_100: 0.162 ; loss: 1.305
2019-05-21 13:25:35,225:INFO: Evaluate
2019-05-21 13:25:37,887:INFO: - Evaluate metrics: recall_at_100: 0.172 ; loss: 1.280
2019-05-21 13:25:37,893:INFO: - Found new best recall_at_100
2019-05-21 13:25:38,007:INFO: Epoch 6/10
2019-05-21 13:25:38,007:INFO: Train
2019-05-21 13:25:41,741:INFO: - Train metrics: recall_at_100: 0.173 ; loss: 1.281
2019-05-21 13:25:41,746:INFO: Evaluate
2019-05-21 13:25:44,584:INFO: - Evaluate metrics: recall_at_100: 0.162 ; loss: 1.256
2019-05-21 13:25:44,628:INFO: Epoch 7/10
2019-05-21 13:25:44,629:INFO: Train
2019-05-21 13:25:48,410:INFO: - Train metrics: recall_at_100: 0.177 ; loss: 1.257
2019-05-21 13:25:48,417:INFO: Evaluate
2019-05-21 13:25:51,163:INFO: - Evaluate metrics: recall_at_100: 0.150 ; loss: 1.223
2019-05-21 13:25:51,196:INFO: Epoch 8/10
2019-05-21 13:25:51,196:INFO: Train
2019-05-21 13:25:55,114:INFO: - Train metrics: recall_at_100: 0.160 ; loss: 1.226
2019-05-21 13:25:55,119:INFO: Evaluate
2019-05-21 13:25:57,956:INFO: - Evaluate metrics: recall_at_100: 0.193 ; loss: 1.191
2019-05-21 13:25:57,963:INFO: - Found new best recall_at_100
2019-05-21 13:25:58,068:INFO: Epoch 9/10
2019-05-21 13:25:58,068:INFO: Train
2019-05-21 13:26:02,012:INFO: - Train metrics: recall_at_100: 0.151 ; loss: 1.200
2019-05-21 13:26:02,018:INFO: Evaluate
2019-05-21 13:26:05,069:INFO: - Evaluate metrics: recall_at_100: 0.126 ; loss: 1.189
2019-05-21 13:26:05,109:INFO: Epoch 10/10
2019-05-21 13:26:05,110:INFO: Train
2019-05-21 13:26:08,917:INFO: - Train metrics: recall_at_100: 0.153 ; loss: 1.180
2019-05-21 13:26:08,923:INFO: Evaluate
2019-05-21 13:26:11,788:INFO: - Evaluate metrics: recall_at_100: 0.189 ; loss: 1.146
2019-05-21 13:26:23,235:INFO: Training model for test 8
2019-05-21 13:26:40,923:INFO: Starting training for 10 epoch(s)
2019-05-21 13:26:40,924:INFO: Epoch 1/10
2019-05-21 13:26:40,924:INFO: Train
2019-05-21 13:26:45,287:INFO: - Train metrics: recall_at_100: 0.060 ; loss: 1.333
2019-05-21 13:26:45,287:INFO: Evaluate
2019-05-21 13:26:48,077:INFO: - Evaluate metrics: recall_at_100: 0.085 ; loss: 1.157
2019-05-21 13:26:48,081:INFO: - Found new best recall_at_100
2019-05-21 13:26:48,191:INFO: Epoch 2/10
2019-05-21 13:26:48,191:INFO: Train
2019-05-21 13:26:52,019:INFO: - Train metrics: recall_at_100: 0.100 ; loss: 1.146
2019-05-21 13:26:52,019:INFO: Evaluate
2019-05-21 13:26:54,906:INFO: - Evaluate metrics: recall_at_100: 0.110 ; loss: 1.150
2019-05-21 13:26:54,910:INFO: - Found new best recall_at_100
2019-05-21 13:26:54,985:INFO: Epoch 3/10
2019-05-21 13:26:54,985:INFO: Train
2019-05-21 13:26:58,827:INFO: - Train metrics: recall_at_100: 0.124 ; loss: 1.103
2019-05-21 13:26:58,827:INFO: Evaluate
2019-05-21 13:27:01,714:INFO: - Evaluate metrics: recall_at_100: 0.134 ; loss: 1.072
2019-05-21 13:27:01,718:INFO: - Found new best recall_at_100
2019-05-21 13:27:01,812:INFO: Epoch 4/10
2019-05-21 13:27:01,812:INFO: Train
2019-05-21 13:27:05,698:INFO: - Train metrics: recall_at_100: 0.159 ; loss: 1.080
2019-05-21 13:27:05,699:INFO: Evaluate
2019-05-21 13:27:08,697:INFO: - Evaluate metrics: recall_at_100: 0.166 ; loss: 1.065
2019-05-21 13:27:08,701:INFO: - Found new best recall_at_100
2019-05-21 13:27:08,810:INFO: Epoch 5/10
2019-05-21 13:27:08,811:INFO: Train
2019-05-21 13:27:12,397:INFO: - Train metrics: recall_at_100: 0.178 ; loss: 1.063
2019-05-21 13:27:12,397:INFO: Evaluate
2019-05-21 13:27:15,243:INFO: - Evaluate metrics: recall_at_100: 0.104 ; loss: 1.082
2019-05-21 13:27:15,286:INFO: Epoch 6/10
2019-05-21 13:27:15,286:INFO: Train
2019-05-21 13:27:19,049:INFO: - Train metrics: recall_at_100: 0.159 ; loss: 1.041
2019-05-21 13:27:19,049:INFO: Evaluate
2019-05-21 13:27:21,913:INFO: - Evaluate metrics: recall_at_100: 0.161 ; loss: 1.062
2019-05-21 13:27:21,949:INFO: Epoch 7/10
2019-05-21 13:27:21,949:INFO: Train
2019-05-21 13:27:25,660:INFO: - Train metrics: recall_at_100: 0.158 ; loss: 1.051
2019-05-21 13:27:25,661:INFO: Evaluate
2019-05-21 13:27:28,514:INFO: - Evaluate metrics: recall_at_100: 0.131 ; loss: 1.049
2019-05-21 13:27:28,563:INFO: Epoch 8/10
2019-05-21 13:27:28,563:INFO: Train
2019-05-21 13:27:32,396:INFO: - Train metrics: recall_at_100: 0.190 ; loss: 1.033
2019-05-21 13:27:32,397:INFO: Evaluate
2019-05-21 13:27:35,357:INFO: - Evaluate metrics: recall_at_100: 0.159 ; loss: 1.024
2019-05-21 13:27:35,391:INFO: Epoch 9/10
2019-05-21 13:27:35,392:INFO: Train
2019-05-21 13:27:39,425:INFO: - Train metrics: recall_at_100: 0.130 ; loss: 1.030
2019-05-21 13:27:39,425:INFO: Evaluate
2019-05-21 13:27:42,214:INFO: - Evaluate metrics: recall_at_100: 0.139 ; loss: 1.031
2019-05-21 13:27:42,254:INFO: Epoch 10/10
2019-05-21 13:27:42,254:INFO: Train
2019-05-21 13:27:46,043:INFO: - Train metrics: recall_at_100: 0.178 ; loss: 1.034
2019-05-21 13:27:46,044:INFO: Evaluate
2019-05-21 13:27:49,106:INFO: - Evaluate metrics: recall_at_100: 0.125 ; loss: 1.075
2019-05-21 13:28:01,626:INFO: Training model for test 2
2019-05-21 13:28:19,121:INFO: Starting training for 10 epoch(s)
2019-05-21 13:28:19,121:INFO: Epoch 1/10
2019-05-21 13:28:19,121:INFO: Train
2019-05-21 13:28:23,633:INFO: - Train metrics: recall_at_100: 0.078 ; loss: 1.429
2019-05-21 13:28:23,638:INFO: Evaluate
2019-05-21 13:28:26,604:INFO: - Evaluate metrics: recall_at_100: 0.091 ; loss: 1.331
2019-05-21 13:28:26,608:INFO: - Found new best recall_at_100
2019-05-21 13:28:26,710:INFO: Epoch 2/10
2019-05-21 13:28:26,710:INFO: Train
2019-05-21 13:28:30,401:INFO: - Train metrics: recall_at_100: 0.103 ; loss: 1.166
2019-05-21 13:28:30,409:INFO: Evaluate
2019-05-21 13:28:33,325:INFO: - Evaluate metrics: recall_at_100: 0.103 ; loss: 1.156
2019-05-21 13:28:33,329:INFO: - Found new best recall_at_100
2019-05-21 13:28:33,425:INFO: Epoch 3/10
2019-05-21 13:28:33,425:INFO: Train
2019-05-21 13:28:37,294:INFO: - Train metrics: recall_at_100: 0.124 ; loss: 1.130
2019-05-21 13:28:37,299:INFO: Evaluate
2019-05-21 13:28:40,171:INFO: - Evaluate metrics: recall_at_100: 0.161 ; loss: 1.129
2019-05-21 13:28:40,175:INFO: - Found new best recall_at_100
2019-05-21 13:28:40,283:INFO: Epoch 4/10
2019-05-21 13:28:40,283:INFO: Train
2019-05-21 13:28:44,309:INFO: - Train metrics: recall_at_100: 0.130 ; loss: 1.076
2019-05-21 13:28:44,309:INFO: Evaluate
2019-05-21 13:28:47,018:INFO: - Evaluate metrics: recall_at_100: 0.177 ; loss: 1.145
2019-05-21 13:28:47,022:INFO: - Found new best recall_at_100
2019-05-21 13:28:47,133:INFO: Epoch 5/10
2019-05-21 13:28:47,134:INFO: Train
2019-05-21 13:28:50,786:INFO: - Train metrics: recall_at_100: 0.144 ; loss: 1.079
2019-05-21 13:28:50,794:INFO: Evaluate
2019-05-21 13:28:53,582:INFO: - Evaluate metrics: recall_at_100: 0.161 ; loss: 1.113
2019-05-21 13:28:53,621:INFO: Epoch 6/10
2019-05-21 13:28:53,621:INFO: Train
2019-05-21 13:28:57,528:INFO: - Train metrics: recall_at_100: 0.155 ; loss: 1.056
2019-05-21 13:28:57,536:INFO: Evaluate
2019-05-21 13:29:21,450:INFO: Disease Protein Prediction in the PPI Network
2019-05-21 13:29:21,450:INFO: Sabri Eyuboglu  -- SNAP Group
2019-05-21 13:29:21,450:INFO: ======================================
2019-05-21 13:29:21,450:INFO: Loading PPI Network...
2019-05-21 13:29:29,645:INFO: Loading Disease Associations...
2019-05-21 13:29:29,690:INFO: Training Models...
2019-05-21 13:29:29,691:INFO: Training model for test 3
2019-05-21 13:30:11,994:INFO: Disease Protein Prediction in the PPI Network
2019-05-21 13:30:11,994:INFO: Sabri Eyuboglu  -- SNAP Group
2019-05-21 13:30:11,994:INFO: ======================================
2019-05-21 13:30:11,994:INFO: Loading PPI Network...
2019-05-21 13:30:20,822:INFO: Loading Disease Associations...
2019-05-21 13:30:20,897:INFO: Training Models...
2019-05-21 13:30:20,898:INFO: Training model for test 3
2019-05-21 13:30:43,636:INFO: Starting training for 10 epoch(s)
2019-05-21 13:30:43,636:INFO: Epoch 1/10
2019-05-21 13:30:43,636:INFO: Train
2019-05-21 13:30:52,815:INFO: - Train metrics: recall_at_100: 0.085 ; loss: 1.354
2019-05-21 13:30:52,816:INFO: Evaluate
2019-05-21 13:30:55,450:INFO: - Evaluate metrics: recall_at_100: 0.127 ; loss: 1.287
2019-05-21 13:30:55,450:INFO: - Found new best recall_at_100
2019-05-21 13:30:55,565:INFO: Epoch 2/10
2019-05-21 13:30:55,565:INFO: Train
2019-05-21 13:30:59,048:INFO: - Train metrics: recall_at_100: 0.156 ; loss: 1.271
2019-05-21 13:30:59,049:INFO: Evaluate
2019-05-21 13:31:01,732:INFO: - Evaluate metrics: recall_at_100: 0.131 ; loss: 1.246
2019-05-21 13:31:01,733:INFO: - Found new best recall_at_100
2019-05-21 13:31:01,841:INFO: Epoch 3/10
2019-05-21 13:31:01,841:INFO: Train
2019-05-21 13:31:05,366:INFO: - Train metrics: recall_at_100: 0.136 ; loss: 1.225
2019-05-21 13:31:05,366:INFO: Evaluate
2019-05-21 13:31:07,978:INFO: - Evaluate metrics: recall_at_100: 0.152 ; loss: 1.202
2019-05-21 13:31:07,979:INFO: - Found new best recall_at_100
2019-05-21 13:31:08,103:INFO: Epoch 4/10
2019-05-21 13:31:08,103:INFO: Train
2019-05-21 13:31:11,584:INFO: - Train metrics: recall_at_100: 0.136 ; loss: 1.195
2019-05-21 13:31:11,585:INFO: Evaluate
2019-05-21 13:31:14,244:INFO: - Evaluate metrics: recall_at_100: 0.155 ; loss: 1.175
2019-05-21 13:31:14,244:INFO: - Found new best recall_at_100
2019-05-21 13:31:14,369:INFO: Epoch 5/10
2019-05-21 13:31:14,369:INFO: Train
2019-05-21 13:31:18,302:INFO: - Train metrics: recall_at_100: 0.174 ; loss: 1.173
2019-05-21 13:31:18,302:INFO: Evaluate
2019-05-21 13:31:20,991:INFO: - Evaluate metrics: recall_at_100: 0.167 ; loss: 1.150
2019-05-21 13:31:20,991:INFO: - Found new best recall_at_100
2019-05-21 13:31:21,096:INFO: Epoch 6/10
2019-05-21 13:31:21,096:INFO: Train
2019-05-21 13:31:24,806:INFO: - Train metrics: recall_at_100: 0.175 ; loss: 1.146
2019-05-21 13:31:24,806:INFO: Evaluate
2019-05-21 13:31:27,712:INFO: - Evaluate metrics: recall_at_100: 0.158 ; loss: 1.132
2019-05-21 13:31:27,755:INFO: Epoch 7/10
2019-05-21 13:31:27,755:INFO: Train
2019-05-21 13:31:31,561:INFO: - Train metrics: recall_at_100: 0.172 ; loss: 1.125
2019-05-21 13:31:31,561:INFO: Evaluate
2019-05-21 13:31:34,303:INFO: - Evaluate metrics: recall_at_100: 0.154 ; loss: 1.111
2019-05-21 13:31:34,349:INFO: Epoch 8/10
2019-05-21 13:31:34,351:INFO: Train
2019-05-21 13:31:38,168:INFO: - Train metrics: recall_at_100: 0.171 ; loss: 1.105
2019-05-21 13:31:38,169:INFO: Evaluate
2019-05-21 13:31:40,924:INFO: - Evaluate metrics: recall_at_100: 0.185 ; loss: 1.088
2019-05-21 13:31:40,924:INFO: - Found new best recall_at_100
2019-05-21 13:31:41,034:INFO: Epoch 9/10
2019-05-21 13:31:41,035:INFO: Train
2019-05-21 13:31:45,085:INFO: - Train metrics: recall_at_100: 0.190 ; loss: 1.090
2019-05-21 13:31:45,086:INFO: Evaluate
2019-05-21 13:32:32,504:INFO: Disease Protein Prediction in the PPI Network
2019-05-21 13:32:32,504:INFO: Sabri Eyuboglu  -- SNAP Group
2019-05-21 13:32:32,504:INFO: ======================================
2019-05-21 13:32:32,504:INFO: Loading PPI Network...
2019-05-21 13:32:41,109:INFO: Loading Disease Associations...
2019-05-21 13:32:41,186:INFO: Training Models...
2019-05-21 13:32:41,187:INFO: Training model for test 3
2019-05-21 13:33:04,133:INFO: Starting training for 10 epoch(s)
2019-05-21 13:33:04,133:INFO: Epoch 1/10
2019-05-21 13:33:04,133:INFO: Train
2019-05-21 13:33:12,859:INFO: - Train metrics: recall_at_100: 0.139 ; loss: 1.360
2019-05-21 13:33:12,860:INFO: Evaluate
2019-05-21 13:33:15,468:INFO: - Evaluate metrics: recall_at_100: 0.119 ; loss: 1.348
2019-05-21 13:33:15,468:INFO: - Found new best recall_at_100
2019-05-21 13:33:15,562:INFO: Epoch 2/10
2019-05-21 13:33:15,562:INFO: Train
2019-05-21 13:33:18,875:INFO: - Train metrics: recall_at_100: 0.170 ; loss: 1.348
2019-05-21 13:33:18,875:INFO: Evaluate
2019-05-21 13:33:21,464:INFO: - Evaluate metrics: recall_at_100: 0.154 ; loss: 1.343
2019-05-21 13:33:21,469:INFO: - Found new best recall_at_100
2019-05-21 13:33:21,589:INFO: Epoch 3/10
2019-05-21 13:33:21,589:INFO: Train
2019-05-21 13:33:25,239:INFO: - Train metrics: recall_at_100: 0.166 ; loss: 1.341
2019-05-21 13:33:25,240:INFO: Evaluate
2019-05-21 13:33:27,755:INFO: - Evaluate metrics: recall_at_100: 0.146 ; loss: 1.337
2019-05-21 13:33:27,788:INFO: Epoch 4/10
2019-05-21 13:33:27,788:INFO: Train
2019-05-21 13:33:31,082:INFO: - Train metrics: recall_at_100: 0.157 ; loss: 1.340
2019-05-21 13:33:31,087:INFO: Evaluate
2019-05-21 13:33:33,624:INFO: - Evaluate metrics: recall_at_100: 0.129 ; loss: 1.333
2019-05-21 13:33:33,668:INFO: Epoch 5/10
2019-05-21 13:33:33,668:INFO: Train
2019-05-21 13:33:37,156:INFO: - Train metrics: recall_at_100: 0.171 ; loss: 1.334
2019-05-21 13:33:37,157:INFO: Evaluate
2019-05-21 13:33:39,600:INFO: - Evaluate metrics: recall_at_100: 0.143 ; loss: 1.330
2019-05-21 13:33:39,657:INFO: Epoch 6/10
2019-05-21 13:33:39,657:INFO: Train
2019-05-21 13:33:43,175:INFO: - Train metrics: recall_at_100: 0.161 ; loss: 1.331
2019-05-21 13:33:43,175:INFO: Evaluate
2019-05-21 13:33:45,855:INFO: - Evaluate metrics: recall_at_100: 0.179 ; loss: 1.324
2019-05-21 13:33:45,862:INFO: - Found new best recall_at_100
2019-05-21 13:33:45,995:INFO: Epoch 7/10
2019-05-21 13:33:45,995:INFO: Train
2019-05-21 13:33:49,760:INFO: - Train metrics: recall_at_100: 0.145 ; loss: 1.325
2019-05-21 13:33:49,761:INFO: Evaluate
2019-05-21 13:33:52,373:INFO: - Evaluate metrics: recall_at_100: 0.111 ; loss: 1.321
2019-05-21 13:33:52,411:INFO: Epoch 8/10
2019-05-21 13:33:52,411:INFO: Train
2019-05-21 13:33:56,077:INFO: - Train metrics: recall_at_100: 0.150 ; loss: 1.316
2019-05-21 13:33:56,078:INFO: Evaluate
2019-05-21 13:33:58,854:INFO: - Evaluate metrics: recall_at_100: 0.165 ; loss: 1.318
2019-05-21 13:33:58,900:INFO: Epoch 9/10
2019-05-21 13:33:58,900:INFO: Train
2019-05-21 13:34:02,501:INFO: - Train metrics: recall_at_100: 0.151 ; loss: 1.314
2019-05-21 13:34:02,501:INFO: Evaluate
2019-05-21 13:34:05,385:INFO: - Evaluate metrics: recall_at_100: 0.135 ; loss: 1.314
2019-05-21 13:34:05,423:INFO: Epoch 10/10
2019-05-21 13:34:05,423:INFO: Train
2019-05-21 13:34:09,367:INFO: - Train metrics: recall_at_100: 0.215 ; loss: 1.316
2019-05-21 13:34:09,368:INFO: Evaluate
2019-05-21 13:34:36,911:INFO: Disease Protein Prediction in the PPI Network
2019-05-21 13:34:36,911:INFO: Sabri Eyuboglu  -- SNAP Group
2019-05-21 13:34:36,912:INFO: ======================================
2019-05-21 13:34:36,912:INFO: Loading PPI Network...
2019-05-21 13:34:45,247:INFO: Loading Disease Associations...
2019-05-21 13:34:45,323:INFO: Training Models...
2019-05-21 13:34:45,324:INFO: Training model for test 3
2019-05-21 13:35:08,543:INFO: Starting training for 10 epoch(s)
2019-05-21 13:35:08,544:INFO: Epoch 1/10
2019-05-21 13:35:08,544:INFO: Train
2019-05-21 13:35:17,974:INFO: - Train metrics: recall_at_100: 0.156 ; loss: 1.440
2019-05-21 13:35:17,975:INFO: Evaluate
2019-05-21 13:35:20,338:INFO: - Evaluate metrics: recall_at_100: 0.144 ; loss: 1.425
2019-05-21 13:35:20,338:INFO: - Found new best recall_at_100
2019-05-21 13:35:20,507:INFO: Epoch 2/10
2019-05-21 13:35:20,507:INFO: Train
2019-05-21 13:35:24,096:INFO: - Train metrics: recall_at_100: 0.213 ; loss: 1.417
2019-05-21 13:35:24,104:INFO: Evaluate
2019-05-21 13:35:26,622:INFO: - Evaluate metrics: recall_at_100: 0.174 ; loss: 1.404
2019-05-21 13:35:26,626:INFO: - Found new best recall_at_100
2019-05-21 13:35:26,749:INFO: Epoch 3/10
2019-05-21 13:35:26,749:INFO: Train
2019-05-21 13:35:30,389:INFO: - Train metrics: recall_at_100: 0.164 ; loss: 1.398
2019-05-21 13:35:30,398:INFO: Evaluate
2019-05-21 13:35:33,070:INFO: - Evaluate metrics: recall_at_100: 0.144 ; loss: 1.389
2019-05-21 13:35:33,135:INFO: Epoch 4/10
2019-05-21 13:35:33,135:INFO: Train
2019-05-21 13:35:36,595:INFO: - Train metrics: recall_at_100: 0.155 ; loss: 1.382
2019-05-21 13:35:36,600:INFO: Evaluate
2019-05-21 13:35:39,016:INFO: - Evaluate metrics: recall_at_100: 0.166 ; loss: 1.374
2019-05-21 13:35:39,070:INFO: Epoch 5/10
2019-05-21 13:35:39,070:INFO: Train
2019-05-21 13:35:42,495:INFO: - Train metrics: recall_at_100: 0.151 ; loss: 1.367
2019-05-21 13:35:42,509:INFO: Evaluate
2019-05-21 13:35:45,092:INFO: - Evaluate metrics: recall_at_100: 0.182 ; loss: 1.361
2019-05-21 13:35:45,096:INFO: - Found new best recall_at_100
2019-05-21 13:35:45,218:INFO: Epoch 6/10
2019-05-21 13:35:45,219:INFO: Train
2019-05-21 13:35:49,142:INFO: - Train metrics: recall_at_100: 0.181 ; loss: 1.361
2019-05-21 13:35:49,151:INFO: Evaluate
2019-05-21 13:35:51,845:INFO: - Evaluate metrics: recall_at_100: 0.139 ; loss: 1.351
2019-05-21 13:35:51,886:INFO: Epoch 7/10
2019-05-21 13:35:51,886:INFO: Train
2019-05-21 13:35:55,514:INFO: - Train metrics: recall_at_100: 0.145 ; loss: 1.353
2019-05-21 13:35:55,519:INFO: Evaluate
2019-05-21 13:35:58,025:INFO: - Evaluate metrics: recall_at_100: 0.146 ; loss: 1.345
2019-05-21 13:35:58,076:INFO: Epoch 8/10
2019-05-21 13:35:58,077:INFO: Train
2019-05-21 13:36:02,207:INFO: - Train metrics: recall_at_100: 0.147 ; loss: 1.346
2019-05-21 13:36:02,212:INFO: Evaluate
2019-05-21 13:36:05,084:INFO: - Evaluate metrics: recall_at_100: 0.149 ; loss: 1.339
2019-05-21 13:36:05,134:INFO: Epoch 9/10
2019-05-21 13:36:05,134:INFO: Train
2019-05-21 13:36:08,964:INFO: - Train metrics: recall_at_100: 0.151 ; loss: 1.341
2019-05-21 13:36:08,968:INFO: Evaluate
2019-05-21 13:36:11,911:INFO: - Evaluate metrics: recall_at_100: 0.166 ; loss: 1.334
2019-05-21 13:36:11,947:INFO: Epoch 10/10
2019-05-21 13:36:11,947:INFO: Train
2019-05-21 13:36:15,865:INFO: - Train metrics: recall_at_100: 0.146 ; loss: 1.333
2019-05-21 13:36:15,871:INFO: Evaluate
2019-05-21 13:36:18,472:INFO: - Evaluate metrics: recall_at_100: 0.140 ; loss: 1.330
2019-05-21 13:36:30,667:INFO: Training model for test 9
2019-05-21 13:36:52,112:INFO: Starting training for 10 epoch(s)
2019-05-21 13:36:52,113:INFO: Epoch 1/10
2019-05-21 13:36:52,113:INFO: Train
2019-05-21 13:36:57,144:INFO: - Train metrics: recall_at_100: 0.107 ; loss: 1.485
2019-05-21 13:36:57,149:INFO: Evaluate
2019-05-21 13:37:00,456:INFO: - Evaluate metrics: recall_at_100: 0.154 ; loss: 1.466
2019-05-21 13:37:00,460:INFO: - Found new best recall_at_100
2019-05-21 13:37:00,605:INFO: Epoch 2/10
2019-05-21 13:37:00,606:INFO: Train
2019-05-21 13:37:05,111:INFO: - Train metrics: recall_at_100: 0.149 ; loss: 1.455
2019-05-21 13:37:05,119:INFO: Evaluate
2019-05-21 13:37:08,411:INFO: - Evaluate metrics: recall_at_100: 0.183 ; loss: 1.441
2019-05-21 13:37:08,415:INFO: - Found new best recall_at_100
2019-05-21 13:37:08,533:INFO: Epoch 3/10
2019-05-21 13:37:08,533:INFO: Train
2019-05-21 13:37:13,027:INFO: - Train metrics: recall_at_100: 0.179 ; loss: 1.431
2019-05-21 13:37:13,028:INFO: Evaluate
2019-05-21 13:37:16,556:INFO: - Evaluate metrics: recall_at_100: 0.167 ; loss: 1.419
2019-05-21 13:37:16,630:INFO: Epoch 4/10
2019-05-21 13:37:16,631:INFO: Train
2019-05-21 13:37:21,026:INFO: - Train metrics: recall_at_100: 0.169 ; loss: 1.412
2019-05-21 13:37:21,032:INFO: Evaluate
2019-05-21 13:37:24,437:INFO: - Evaluate metrics: recall_at_100: 0.179 ; loss: 1.399
2019-05-21 13:37:24,482:INFO: Epoch 5/10
2019-05-21 13:37:24,482:INFO: Train
2019-05-21 13:37:28,759:INFO: - Train metrics: recall_at_100: 0.141 ; loss: 1.389
2019-05-21 13:37:28,767:INFO: Evaluate
2019-05-21 13:37:32,299:INFO: - Evaluate metrics: recall_at_100: 0.168 ; loss: 1.381
2019-05-21 13:37:32,376:INFO: Epoch 6/10
2019-05-21 13:37:32,377:INFO: Train
2019-05-21 13:37:36,999:INFO: - Train metrics: recall_at_100: 0.172 ; loss: 1.380
2019-05-21 13:37:37,004:INFO: Evaluate
2019-05-21 13:37:40,508:INFO: - Evaluate metrics: recall_at_100: 0.157 ; loss: 1.367
2019-05-21 13:37:40,563:INFO: Epoch 7/10
2019-05-21 13:37:40,563:INFO: Train
2019-05-21 13:37:44,881:INFO: - Train metrics: recall_at_100: 0.149 ; loss: 1.366
2019-05-21 13:37:44,885:INFO: Evaluate
2019-05-21 13:37:48,132:INFO: - Evaluate metrics: recall_at_100: 0.168 ; loss: 1.357
2019-05-21 13:37:48,181:INFO: Epoch 8/10
2019-05-21 13:37:48,181:INFO: Train
2019-05-21 13:37:52,604:INFO: - Train metrics: recall_at_100: 0.136 ; loss: 1.351
2019-05-21 13:37:52,611:INFO: Evaluate
2019-05-21 13:37:55,886:INFO: - Evaluate metrics: recall_at_100: 0.130 ; loss: 1.349
2019-05-21 13:37:55,931:INFO: Epoch 9/10
2019-05-21 13:37:55,932:INFO: Train
2019-05-21 13:38:00,258:INFO: - Train metrics: recall_at_100: 0.146 ; loss: 1.343
2019-05-21 13:38:00,265:INFO: Evaluate
2019-05-21 13:38:03,629:INFO: - Evaluate metrics: recall_at_100: 0.165 ; loss: 1.340
2019-05-21 13:38:03,674:INFO: Epoch 10/10
2019-05-21 13:38:03,674:INFO: Train
2019-05-21 13:38:07,992:INFO: - Train metrics: recall_at_100: 0.176 ; loss: 1.333
2019-05-21 13:38:07,993:INFO: Evaluate
2019-05-21 13:38:11,493:INFO: - Evaluate metrics: recall_at_100: 0.168 ; loss: 1.330
2019-05-21 13:38:34,126:INFO: Disease Protein Prediction in the PPI Network
2019-05-21 13:38:34,126:INFO: Sabri Eyuboglu  -- SNAP Group
2019-05-21 13:38:34,126:INFO: ======================================
2019-05-21 13:38:34,126:INFO: Loading PPI Network...
2019-05-21 13:38:41,447:INFO: Loading Disease Associations...
2019-05-21 13:38:41,492:INFO: Training Models...
2019-05-21 13:38:41,493:INFO: Training model for test 3
2019-05-21 13:39:02,155:INFO: Starting training for 10 epoch(s)
2019-05-21 13:39:02,156:INFO: Epoch 1/10
2019-05-21 13:39:02,156:INFO: Train
2019-05-21 13:39:10,572:INFO: - Train metrics: recall_at_100: 0.088 ; loss: 1.266
2019-05-21 13:39:10,576:INFO: Evaluate
2019-05-21 13:39:12,867:INFO: - Evaluate metrics: recall_at_100: 0.114 ; loss: 1.205
2019-05-21 13:39:12,867:INFO: - Found new best recall_at_100
2019-05-21 13:39:12,947:INFO: Epoch 2/10
2019-05-21 13:39:12,947:INFO: Train
2019-05-21 13:39:16,103:INFO: - Train metrics: recall_at_100: 0.126 ; loss: 1.180
2019-05-21 13:39:16,103:INFO: Evaluate
2019-05-21 13:39:18,471:INFO: - Evaluate metrics: recall_at_100: 0.128 ; loss: 1.133
2019-05-21 13:39:18,476:INFO: - Found new best recall_at_100
2019-05-21 13:39:18,596:INFO: Epoch 3/10
2019-05-21 13:39:18,597:INFO: Train
2019-05-21 13:39:21,725:INFO: - Train metrics: recall_at_100: 0.128 ; loss: 1.136
2019-05-21 13:39:21,730:INFO: Evaluate
2019-05-21 13:39:23,840:INFO: - Evaluate metrics: recall_at_100: 0.145 ; loss: 1.110
2019-05-21 13:39:23,843:INFO: - Found new best recall_at_100
2019-05-21 13:39:23,978:INFO: Epoch 4/10
2019-05-21 13:39:23,979:INFO: Train
2019-05-21 13:39:27,146:INFO: - Train metrics: recall_at_100: 0.192 ; loss: 1.103
2019-05-21 13:39:27,152:INFO: Evaluate
2019-05-21 13:39:29,710:INFO: - Evaluate metrics: recall_at_100: 0.129 ; loss: 1.096
2019-05-21 13:39:29,751:INFO: Epoch 5/10
2019-05-21 13:39:29,752:INFO: Train
2019-05-21 13:39:33,181:INFO: - Train metrics: recall_at_100: 0.179 ; loss: 1.081
2019-05-21 13:39:33,181:INFO: Evaluate
2019-05-21 13:39:35,391:INFO: - Evaluate metrics: recall_at_100: 0.142 ; loss: 1.073
2019-05-21 13:39:35,425:INFO: Epoch 6/10
2019-05-21 13:39:35,425:INFO: Train
2019-05-21 13:39:38,763:INFO: - Train metrics: recall_at_100: 0.175 ; loss: 1.066
2019-05-21 13:39:38,763:INFO: Evaluate
2019-05-21 13:39:41,053:INFO: - Evaluate metrics: recall_at_100: 0.175 ; loss: 1.069
2019-05-21 13:39:41,060:INFO: - Found new best recall_at_100
2019-05-21 13:39:41,174:INFO: Epoch 7/10
2019-05-21 13:39:41,175:INFO: Train
2019-05-21 13:39:44,468:INFO: - Train metrics: recall_at_100: 0.167 ; loss: 1.051
2019-05-21 13:39:44,474:INFO: Evaluate
2019-05-21 13:39:46,848:INFO: - Evaluate metrics: recall_at_100: 0.167 ; loss: 1.059
2019-05-21 13:39:46,890:INFO: Epoch 8/10
2019-05-21 13:39:46,891:INFO: Train
2019-05-21 13:39:50,098:INFO: - Train metrics: recall_at_100: 0.193 ; loss: 1.047
2019-05-21 13:39:50,098:INFO: Evaluate
2019-05-21 13:39:52,362:INFO: - Evaluate metrics: recall_at_100: 0.170 ; loss: 1.042
2019-05-21 13:39:52,418:INFO: Epoch 9/10
2019-05-21 13:39:52,419:INFO: Train
2019-05-21 13:39:55,679:INFO: - Train metrics: recall_at_100: 0.175 ; loss: 1.045
2019-05-21 13:39:55,686:INFO: Evaluate
2019-05-21 13:39:58,124:INFO: - Evaluate metrics: recall_at_100: 0.172 ; loss: 1.034
2019-05-21 13:39:58,165:INFO: Epoch 10/10
2019-05-21 13:39:58,165:INFO: Train
2019-05-21 13:40:01,600:INFO: - Train metrics: recall_at_100: 0.175 ; loss: 1.032
2019-05-21 13:40:01,608:INFO: Evaluate
2019-05-21 13:40:03,980:INFO: - Evaluate metrics: recall_at_100: 0.173 ; loss: 1.039
2019-05-21 13:40:15,764:INFO: Training model for test 9
2019-05-21 13:40:31,833:INFO: Starting training for 10 epoch(s)
2019-05-21 13:40:31,834:INFO: Epoch 1/10
2019-05-21 13:40:31,834:INFO: Train
2019-05-21 13:40:36,412:INFO: - Train metrics: recall_at_100: 0.155 ; loss: 1.463
2019-05-21 13:40:36,420:INFO: Evaluate
2019-05-21 13:40:39,465:INFO: - Evaluate metrics: recall_at_100: 0.082 ; loss: 1.195
2019-05-21 13:40:39,471:INFO: - Found new best recall_at_100
2019-05-21 13:40:39,598:INFO: Epoch 2/10
2019-05-21 13:40:39,600:INFO: Train
2019-05-21 13:40:43,571:INFO: - Train metrics: recall_at_100: 0.098 ; loss: 1.178
2019-05-21 13:40:43,575:INFO: Evaluate
2019-05-21 13:40:46,560:INFO: - Evaluate metrics: recall_at_100: 0.096 ; loss: 1.137
2019-05-21 13:40:46,566:INFO: - Found new best recall_at_100
2019-05-21 13:40:46,789:INFO: Epoch 3/10
2019-05-21 13:40:46,789:INFO: Train
2019-05-21 13:40:50,622:INFO: - Train metrics: recall_at_100: 0.122 ; loss: 1.111
2019-05-21 13:40:50,632:INFO: Evaluate
2019-05-21 13:40:53,506:INFO: - Evaluate metrics: recall_at_100: 0.149 ; loss: 1.085
2019-05-21 13:40:53,506:INFO: - Found new best recall_at_100
2019-05-21 13:40:53,626:INFO: Epoch 4/10
2019-05-21 13:40:53,626:INFO: Train
2019-05-21 13:40:57,415:INFO: - Train metrics: recall_at_100: 0.125 ; loss: 1.057
2019-05-21 13:40:57,421:INFO: Evaluate
2019-05-21 13:41:00,395:INFO: - Evaluate metrics: recall_at_100: 0.191 ; loss: 1.025
2019-05-21 13:41:00,404:INFO: - Found new best recall_at_100
2019-05-21 13:41:00,535:INFO: Epoch 5/10
2019-05-21 13:41:00,536:INFO: Train
2019-05-21 13:41:04,405:INFO: - Train metrics: recall_at_100: 0.144 ; loss: 1.045
2019-05-21 13:41:04,409:INFO: Evaluate
2019-05-21 13:41:07,329:INFO: - Evaluate metrics: recall_at_100: 0.179 ; loss: 1.027
2019-05-21 13:41:07,368:INFO: Epoch 6/10
2019-05-21 13:41:07,369:INFO: Train
2019-05-21 13:41:11,241:INFO: - Train metrics: recall_at_100: 0.156 ; loss: 1.039
2019-05-21 13:41:11,249:INFO: Evaluate
2019-05-21 13:41:14,787:INFO: - Evaluate metrics: recall_at_100: 0.175 ; loss: 1.020
2019-05-21 13:43:11,090:INFO: Disease Protein Prediction in the PPI Network
2019-05-21 13:43:11,090:INFO: Sabri Eyuboglu  -- SNAP Group
2019-05-21 13:43:11,090:INFO: ======================================
2019-05-21 13:43:11,090:INFO: Loading PPI Network...
2019-05-21 13:43:18,667:INFO: Loading Disease Associations...
2019-05-21 13:43:18,710:INFO: Training Models...
2019-05-21 13:43:18,711:INFO: Training model for test 3
2019-05-21 13:43:39,348:INFO: Starting training for 10 epoch(s)
2019-05-21 13:43:39,348:INFO: Epoch 1/10
2019-05-21 13:43:39,348:INFO: Train
2019-05-21 13:43:47,184:INFO: - Train metrics: recall_at_100: 0.035 ; loss: 1.208
2019-05-21 13:43:47,185:INFO: Evaluate
2019-05-21 13:43:49,424:INFO: - Evaluate metrics: recall_at_100: 0.129 ; loss: 1.041
2019-05-21 13:43:49,424:INFO: - Found new best recall_at_100
2019-05-21 13:43:49,533:INFO: Epoch 2/10
2019-05-21 13:43:49,533:INFO: Train
2019-05-21 13:43:52,802:INFO: - Train metrics: recall_at_100: 0.136 ; loss: 1.055
2019-05-21 13:43:52,802:INFO: Evaluate
2019-05-21 13:43:55,554:INFO: - Evaluate metrics: recall_at_100: 0.142 ; loss: 1.039
2019-05-21 13:43:55,562:INFO: - Found new best recall_at_100
2019-05-21 13:43:55,674:INFO: Epoch 3/10
2019-05-21 13:43:55,675:INFO: Train
2019-05-21 13:43:59,040:INFO: - Train metrics: recall_at_100: 0.132 ; loss: 1.047
2019-05-21 13:43:59,044:INFO: Evaluate
2019-05-21 13:44:01,387:INFO: - Evaluate metrics: recall_at_100: 0.181 ; loss: 0.996
2019-05-21 13:44:01,394:INFO: - Found new best recall_at_100
2019-05-21 13:44:01,487:INFO: Epoch 4/10
2019-05-21 13:44:01,487:INFO: Train
2019-05-21 13:44:04,670:INFO: - Train metrics: recall_at_100: 0.157 ; loss: 1.032
2019-05-21 13:44:04,675:INFO: Evaluate
2019-05-21 13:44:07,195:INFO: - Evaluate metrics: recall_at_100: 0.147 ; loss: 1.041
2019-05-21 13:44:07,241:INFO: Epoch 5/10
2019-05-21 13:44:07,242:INFO: Train
2019-05-21 13:44:10,553:INFO: - Train metrics: recall_at_100: 0.180 ; loss: 1.041
2019-05-21 13:44:10,553:INFO: Evaluate
2019-05-21 13:44:12,939:INFO: - Evaluate metrics: recall_at_100: 0.155 ; loss: 1.030
2019-05-21 13:44:12,975:INFO: Epoch 6/10
2019-05-21 13:44:12,976:INFO: Train
2019-05-21 13:44:16,323:INFO: - Train metrics: recall_at_100: 0.160 ; loss: 1.032
2019-05-21 13:44:16,323:INFO: Evaluate
2019-05-21 13:44:18,741:INFO: - Evaluate metrics: recall_at_100: 0.116 ; loss: 1.052
2019-05-21 13:44:18,786:INFO: Epoch 7/10
2019-05-21 13:44:18,786:INFO: Train
2019-05-21 13:44:22,022:INFO: - Train metrics: recall_at_100: 0.158 ; loss: 1.019
2019-05-21 13:44:22,022:INFO: Evaluate
2019-05-21 13:44:24,456:INFO: - Evaluate metrics: recall_at_100: 0.160 ; loss: 1.040
2019-05-21 13:44:24,505:INFO: Epoch 8/10
2019-05-21 13:44:24,505:INFO: Train
2019-05-21 13:44:27,875:INFO: - Train metrics: recall_at_100: 0.158 ; loss: 1.027
2019-05-21 13:44:27,881:INFO: Evaluate
2019-05-21 13:44:30,214:INFO: - Evaluate metrics: recall_at_100: 0.139 ; loss: 1.056
2019-05-21 13:44:30,250:INFO: Epoch 9/10
2019-05-21 13:44:30,250:INFO: Train
2019-05-21 13:44:33,462:INFO: - Train metrics: recall_at_100: 0.163 ; loss: 1.029
2019-05-21 13:44:33,466:INFO: Evaluate
2019-05-21 13:44:35,990:INFO: - Evaluate metrics: recall_at_100: 0.144 ; loss: 1.033
2019-05-21 13:44:36,037:INFO: Epoch 10/10
2019-05-21 13:44:36,038:INFO: Train
2019-05-21 13:44:39,218:INFO: - Train metrics: recall_at_100: 0.176 ; loss: 1.018
2019-05-21 13:44:39,225:INFO: Evaluate
2019-05-21 13:44:41,712:INFO: - Evaluate metrics: recall_at_100: 0.182 ; loss: 0.990
2019-05-21 13:44:41,716:INFO: - Found new best recall_at_100
2019-05-21 13:44:52,448:INFO: Training model for test 9
2019-05-21 13:45:10,921:INFO: Starting training for 10 epoch(s)
2019-05-21 13:45:10,922:INFO: Epoch 1/10
2019-05-21 13:45:10,922:INFO: Train
2019-05-21 13:45:15,930:INFO: - Train metrics: recall_at_100: 0.022 ; loss: 1.197
2019-05-21 13:45:15,934:INFO: Evaluate
2019-05-21 13:45:19,035:INFO: - Evaluate metrics: recall_at_100: 0.170 ; loss: 1.098
2019-05-21 13:45:19,064:INFO: - Found new best recall_at_100
2019-05-21 13:45:19,166:INFO: Epoch 2/10
2019-05-21 13:45:19,167:INFO: Train
2019-05-21 13:45:23,257:INFO: - Train metrics: recall_at_100: 0.162 ; loss: 1.059
2019-05-21 13:45:23,262:INFO: Evaluate
2019-05-21 13:45:26,263:INFO: - Evaluate metrics: recall_at_100: 0.191 ; loss: 1.040
2019-05-21 13:45:26,268:INFO: - Found new best recall_at_100
2019-05-21 13:45:26,379:INFO: Epoch 3/10
2019-05-21 13:45:26,379:INFO: Train
2019-05-21 13:45:30,318:INFO: - Train metrics: recall_at_100: 0.152 ; loss: 1.032
2019-05-21 13:45:30,322:INFO: Evaluate
2019-05-21 13:45:33,627:INFO: - Evaluate metrics: recall_at_100: 0.179 ; loss: 1.077
2019-05-21 13:45:33,659:INFO: Epoch 4/10
2019-05-21 13:45:33,659:INFO: Train
2019-05-21 13:45:37,662:INFO: - Train metrics: recall_at_100: 0.113 ; loss: 1.043
2019-05-21 13:45:37,668:INFO: Evaluate
2019-05-21 13:45:40,796:INFO: - Evaluate metrics: recall_at_100: 0.172 ; loss: 0.993
2019-05-21 13:45:40,841:INFO: Epoch 5/10
2019-05-21 13:45:40,841:INFO: Train
2019-05-21 13:45:44,817:INFO: - Train metrics: recall_at_100: 0.170 ; loss: 1.019
2019-05-21 13:45:44,823:INFO: Evaluate
2019-05-21 13:45:47,843:INFO: - Evaluate metrics: recall_at_100: 0.167 ; loss: 0.987
2019-05-21 13:45:47,886:INFO: Epoch 6/10
2019-05-21 13:45:47,886:INFO: Train
2019-05-21 13:45:51,898:INFO: - Train metrics: recall_at_100: 0.167 ; loss: 1.037
2019-05-21 13:45:51,904:INFO: Evaluate
2019-05-21 13:45:54,988:INFO: - Evaluate metrics: recall_at_100: 0.189 ; loss: 1.012
2019-05-21 13:45:55,030:INFO: Epoch 7/10
2019-05-21 13:45:55,030:INFO: Train
2019-05-21 13:45:59,163:INFO: - Train metrics: recall_at_100: 0.196 ; loss: 1.036
2019-05-21 13:45:59,168:INFO: Evaluate
2019-05-21 13:49:41,942:INFO: Disease Protein Prediction in the PPI Network
2019-05-21 13:49:41,942:INFO: Sabri Eyuboglu  -- SNAP Group
2019-05-21 13:49:41,942:INFO: ======================================
2019-05-21 13:49:41,942:INFO: Loading PPI Network...
2019-05-21 13:49:49,646:INFO: Loading Disease Associations...
2019-05-21 13:49:49,691:INFO: Training Models...
2019-05-21 13:49:49,692:INFO: Training model for test 3
2019-05-21 13:50:10,931:INFO: Starting training for 10 epoch(s)
2019-05-21 13:50:10,932:INFO: Epoch 1/10
2019-05-21 13:50:10,932:INFO: Train
2019-05-21 13:50:19,050:INFO: - Train metrics: recall_at_100: 0.001 ; loss: 1.175
2019-05-21 13:50:19,051:INFO: Evaluate
2019-05-21 13:50:21,391:INFO: - Evaluate metrics: recall_at_100: 0.119 ; loss: 1.052
2019-05-21 13:50:21,392:INFO: - Found new best recall_at_100
2019-05-21 13:50:21,509:INFO: Epoch 2/10
2019-05-21 13:50:21,509:INFO: Train
2019-05-21 13:50:24,844:INFO: - Train metrics: recall_at_100: 0.139 ; loss: 1.022
2019-05-21 13:50:24,848:INFO: Evaluate
2019-05-21 13:50:27,188:INFO: - Evaluate metrics: recall_at_100: 0.187 ; loss: 1.009
2019-05-21 13:50:27,193:INFO: - Found new best recall_at_100
2019-05-21 13:50:27,281:INFO: Epoch 3/10
2019-05-21 13:50:27,281:INFO: Train
2019-05-21 13:50:30,586:INFO: - Train metrics: recall_at_100: 0.165 ; loss: 1.042
2019-05-21 13:50:30,586:INFO: Evaluate
2019-05-21 13:50:32,942:INFO: - Evaluate metrics: recall_at_100: 0.175 ; loss: 1.038
2019-05-21 13:50:32,980:INFO: Epoch 4/10
2019-05-21 13:50:32,980:INFO: Train
2019-05-21 13:50:36,269:INFO: - Train metrics: recall_at_100: 0.163 ; loss: 1.033
2019-05-21 13:50:36,269:INFO: Evaluate
2019-05-21 13:50:38,714:INFO: - Evaluate metrics: recall_at_100: 0.150 ; loss: 1.037
2019-05-21 13:50:38,779:INFO: Epoch 5/10
2019-05-21 13:50:38,779:INFO: Train
2019-05-21 13:50:41,951:INFO: - Train metrics: recall_at_100: 0.152 ; loss: 1.019
2019-05-21 13:50:41,951:INFO: Evaluate
2019-05-21 13:50:44,294:INFO: - Evaluate metrics: recall_at_100: 0.151 ; loss: 1.024
2019-05-21 13:50:44,339:INFO: Epoch 6/10
2019-05-21 13:50:44,339:INFO: Train
2019-05-21 13:50:47,638:INFO: - Train metrics: recall_at_100: 0.196 ; loss: 1.024
2019-05-21 13:50:47,642:INFO: Evaluate
2019-05-21 13:50:50,012:INFO: - Evaluate metrics: recall_at_100: 0.177 ; loss: 1.020
2019-05-21 13:50:50,062:INFO: Epoch 7/10
2019-05-21 13:50:50,062:INFO: Train
2019-05-21 13:50:53,311:INFO: - Train metrics: recall_at_100: 0.203 ; loss: 1.027
2019-05-21 13:50:53,311:INFO: Evaluate
2019-05-21 13:50:55,658:INFO: - Evaluate metrics: recall_at_100: 0.160 ; loss: 1.003
2019-05-21 13:50:55,705:INFO: Epoch 8/10
2019-05-21 13:50:55,705:INFO: Train
2019-05-21 13:50:59,043:INFO: - Train metrics: recall_at_100: 0.171 ; loss: 1.008
2019-05-21 13:50:59,047:INFO: Evaluate
2019-05-21 13:51:01,286:INFO: - Evaluate metrics: recall_at_100: 0.157 ; loss: 1.016
2019-05-21 13:51:01,320:INFO: Epoch 9/10
2019-05-21 13:51:01,320:INFO: Train
2019-05-21 13:51:04,477:INFO: - Train metrics: recall_at_100: 0.155 ; loss: 1.020
2019-05-21 13:51:04,478:INFO: Evaluate
2019-05-21 13:51:06,649:INFO: - Evaluate metrics: recall_at_100: 0.184 ; loss: 1.014
2019-05-21 13:51:06,695:INFO: Epoch 10/10
2019-05-21 13:51:06,695:INFO: Train
2019-05-21 13:51:09,816:INFO: - Train metrics: recall_at_100: 0.205 ; loss: 1.012
2019-05-21 13:51:09,816:INFO: Evaluate
2019-05-21 13:51:12,300:INFO: - Evaluate metrics: recall_at_100: 0.155 ; loss: 1.024
2019-05-21 13:51:23,916:INFO: Training model for test 9
2019-05-21 13:51:41,873:INFO: Starting training for 10 epoch(s)
2019-05-21 13:51:41,873:INFO: Epoch 1/10
2019-05-21 13:51:41,873:INFO: Train
2019-05-21 13:51:46,269:INFO: - Train metrics: recall_at_100: 0.018 ; loss: 1.188
2019-05-21 13:51:46,273:INFO: Evaluate
2019-05-21 13:51:49,099:INFO: - Evaluate metrics: recall_at_100: 0.195 ; loss: 1.041
2019-05-21 13:51:49,103:INFO: - Found new best recall_at_100
2019-05-21 13:51:49,208:INFO: Epoch 2/10
2019-05-21 13:51:49,208:INFO: Train
2019-05-21 13:51:53,061:INFO: - Train metrics: recall_at_100: 0.184 ; loss: 1.042
2019-05-21 13:51:53,067:INFO: Evaluate
2019-05-21 13:51:55,868:INFO: - Evaluate metrics: recall_at_100: 0.171 ; loss: 1.090
2019-05-21 13:51:55,897:INFO: Epoch 3/10
2019-05-21 13:51:55,897:INFO: Train
2019-05-21 13:51:59,679:INFO: - Train metrics: recall_at_100: 0.181 ; loss: 1.067
2019-05-21 13:51:59,685:INFO: Evaluate
2019-05-21 13:52:02,564:INFO: - Evaluate metrics: recall_at_100: 0.185 ; loss: 1.105
2019-05-21 13:52:02,598:INFO: Epoch 4/10
2019-05-21 13:52:02,599:INFO: Train
2019-05-21 13:52:06,321:INFO: - Train metrics: recall_at_100: 0.221 ; loss: 1.070
2019-05-21 13:52:06,326:INFO: Evaluate
2019-05-21 13:52:09,141:INFO: - Evaluate metrics: recall_at_100: 0.212 ; loss: 1.023
2019-05-21 13:52:09,146:INFO: - Found new best recall_at_100
2019-05-21 13:52:09,299:INFO: Epoch 5/10
2019-05-21 13:52:09,299:INFO: Train
2019-05-21 13:52:13,176:INFO: - Train metrics: recall_at_100: 0.172 ; loss: 1.065
2019-05-21 13:52:13,186:INFO: Evaluate
2019-05-21 13:52:16,220:INFO: - Evaluate metrics: recall_at_100: 0.156 ; loss: 1.011
2019-05-21 13:52:16,256:INFO: Epoch 6/10
2019-05-21 13:52:16,256:INFO: Train
2019-05-21 13:52:20,060:INFO: - Train metrics: recall_at_100: 0.161 ; loss: 1.022
2019-05-21 13:52:20,065:INFO: Evaluate
2019-05-21 13:52:22,891:INFO: - Evaluate metrics: recall_at_100: 0.178 ; loss: 1.011
2019-05-21 13:52:22,930:INFO: Epoch 7/10
2019-05-21 13:52:22,930:INFO: Train
2019-05-21 13:52:26,727:INFO: - Train metrics: recall_at_100: 0.195 ; loss: 1.020
2019-05-21 13:52:26,735:INFO: Evaluate
2019-05-21 13:52:29,751:INFO: - Evaluate metrics: recall_at_100: 0.135 ; loss: 1.019
2019-05-21 13:52:29,793:INFO: Epoch 8/10
2019-05-21 13:52:29,793:INFO: Train
2019-05-21 13:52:33,458:INFO: - Train metrics: recall_at_100: 0.156 ; loss: 1.017
2019-05-21 13:52:33,462:INFO: Evaluate
2019-05-21 13:52:36,373:INFO: - Evaluate metrics: recall_at_100: 0.183 ; loss: 0.988
2019-05-21 13:52:36,413:INFO: Epoch 9/10
2019-05-21 13:52:36,413:INFO: Train
2019-05-21 13:52:40,027:INFO: - Train metrics: recall_at_100: 0.178 ; loss: 1.027
2019-05-21 13:52:40,032:INFO: Evaluate
2019-05-21 13:52:42,846:INFO: - Evaluate metrics: recall_at_100: 0.206 ; loss: 0.985
2019-05-21 13:52:42,882:INFO: Epoch 10/10
2019-05-21 13:52:42,882:INFO: Train
2019-05-21 13:52:46,812:INFO: - Train metrics: recall_at_100: 0.193 ; loss: 1.021
2019-05-21 13:52:46,820:INFO: Evaluate
2019-05-21 13:52:49,577:INFO: - Evaluate metrics: recall_at_100: 0.174 ; loss: 1.007
2019-05-21 13:53:02,692:INFO: Training model for test 8
2019-05-21 13:53:20,716:INFO: Starting training for 10 epoch(s)
2019-05-21 13:53:20,716:INFO: Epoch 1/10
2019-05-21 13:53:20,716:INFO: Train
2019-05-21 13:53:25,212:INFO: - Train metrics: recall_at_100: 0.058 ; loss: 1.342
2019-05-21 13:53:25,217:INFO: Evaluate
2019-05-21 13:53:28,137:INFO: - Evaluate metrics: recall_at_100: 0.136 ; loss: 1.173
2019-05-21 13:53:28,143:INFO: - Found new best recall_at_100
2019-05-21 13:53:28,258:INFO: Epoch 2/10
2019-05-21 13:53:28,258:INFO: Train
2019-05-21 13:53:31,916:INFO: - Train metrics: recall_at_100: 0.189 ; loss: 1.100
2019-05-21 13:53:31,921:INFO: Evaluate
2019-05-21 13:53:34,708:INFO: - Evaluate metrics: recall_at_100: 0.146 ; loss: 1.052
2019-05-21 13:53:34,713:INFO: - Found new best recall_at_100
2019-05-21 13:53:34,809:INFO: Epoch 3/10
2019-05-21 13:53:34,809:INFO: Train
2019-05-21 13:53:38,583:INFO: - Train metrics: recall_at_100: 0.159 ; loss: 1.034
2019-05-21 13:53:38,590:INFO: Evaluate
2019-05-21 13:53:41,419:INFO: - Evaluate metrics: recall_at_100: 0.176 ; loss: 1.006
2019-05-21 13:53:41,423:INFO: - Found new best recall_at_100
2019-05-21 13:53:41,530:INFO: Epoch 4/10
2019-05-21 13:53:41,530:INFO: Train
2019-05-21 13:53:45,133:INFO: - Train metrics: recall_at_100: 0.171 ; loss: 1.016
2019-05-21 13:53:45,137:INFO: Evaluate
2019-05-21 13:53:48,178:INFO: - Evaluate metrics: recall_at_100: 0.162 ; loss: 1.031
2019-05-21 13:53:48,219:INFO: Epoch 5/10
2019-05-21 13:53:48,219:INFO: Train
2019-05-21 13:53:51,762:INFO: - Train metrics: recall_at_100: 0.213 ; loss: 1.015
2019-05-21 13:53:51,768:INFO: Evaluate
2019-05-21 13:53:54,580:INFO: - Evaluate metrics: recall_at_100: 0.123 ; loss: 1.023
2019-05-21 13:53:54,603:INFO: Epoch 6/10
2019-05-21 13:53:54,603:INFO: Train
2019-05-21 13:53:58,409:INFO: - Train metrics: recall_at_100: 0.195 ; loss: 1.039
2019-05-21 13:53:58,415:INFO: Evaluate
2019-05-21 13:54:01,317:INFO: - Evaluate metrics: recall_at_100: 0.149 ; loss: 1.041
2019-05-21 13:54:01,360:INFO: Epoch 7/10
2019-05-21 13:54:01,360:INFO: Train
2019-05-21 13:54:05,073:INFO: - Train metrics: recall_at_100: 0.166 ; loss: 1.040
2019-05-21 13:54:05,080:INFO: Evaluate
2019-05-21 13:54:07,789:INFO: - Evaluate metrics: recall_at_100: 0.156 ; loss: 1.024
2019-05-21 13:54:07,826:INFO: Epoch 8/10
2019-05-21 13:54:07,826:INFO: Train
2019-05-21 13:54:11,483:INFO: - Train metrics: recall_at_100: 0.180 ; loss: 1.026
2019-05-21 13:54:11,495:INFO: Evaluate
2019-05-21 13:54:14,335:INFO: - Evaluate metrics: recall_at_100: 0.148 ; loss: 1.007
2019-05-21 13:54:14,384:INFO: Epoch 9/10
2019-05-21 13:54:14,384:INFO: Train
2019-05-21 13:54:18,000:INFO: - Train metrics: recall_at_100: 0.190 ; loss: 1.017
2019-05-21 13:54:18,005:INFO: Evaluate
2019-05-21 13:54:20,709:INFO: - Evaluate metrics: recall_at_100: 0.159 ; loss: 1.029
2019-05-21 13:54:20,745:INFO: Epoch 10/10
2019-05-21 13:54:20,745:INFO: Train
2019-05-21 13:54:24,448:INFO: - Train metrics: recall_at_100: 0.199 ; loss: 1.016
2019-05-21 13:54:24,453:INFO: Evaluate
2019-05-21 13:54:27,524:INFO: - Evaluate metrics: recall_at_100: 0.163 ; loss: 1.018
2019-05-21 13:54:39,609:INFO: Training model for test 2
2019-05-21 13:54:56,875:INFO: Starting training for 10 epoch(s)
2019-05-21 13:54:56,876:INFO: Epoch 1/10
2019-05-21 13:54:56,876:INFO: Train
2019-05-21 13:55:01,577:INFO: - Train metrics: recall_at_100: 0.005 ; loss: 1.155
2019-05-21 13:55:01,585:INFO: Evaluate
2019-05-21 13:55:04,506:INFO: - Evaluate metrics: recall_at_100: 0.176 ; loss: 1.087
2019-05-21 13:55:04,512:INFO: - Found new best recall_at_100
2019-05-21 13:55:04,612:INFO: Epoch 2/10
2019-05-21 13:55:04,612:INFO: Train
2019-05-21 13:55:08,292:INFO: - Train metrics: recall_at_100: 0.152 ; loss: 1.032
2019-05-21 13:55:08,297:INFO: Evaluate
2019-05-21 13:55:11,121:INFO: - Evaluate metrics: recall_at_100: 0.176 ; loss: 1.114
2019-05-21 13:55:11,125:INFO: - Found new best recall_at_100
2019-05-21 13:55:11,218:INFO: Epoch 3/10
2019-05-21 13:55:11,218:INFO: Train
2019-05-21 13:55:15,140:INFO: - Train metrics: recall_at_100: 0.178 ; loss: 1.023
2019-05-21 13:55:15,144:INFO: Evaluate
2019-05-21 13:55:18,000:INFO: - Evaluate metrics: recall_at_100: 0.210 ; loss: 1.050
2019-05-21 13:55:18,009:INFO: - Found new best recall_at_100
2019-05-21 13:55:18,118:INFO: Epoch 4/10
2019-05-21 13:55:18,118:INFO: Train
2019-05-21 13:55:21,831:INFO: - Train metrics: recall_at_100: 0.157 ; loss: 1.061
2019-05-21 13:55:21,835:INFO: Evaluate
2019-05-21 13:55:24,700:INFO: - Evaluate metrics: recall_at_100: 0.191 ; loss: 1.060
2019-05-21 13:55:24,739:INFO: Epoch 5/10
2019-05-21 13:55:24,740:INFO: Train
2019-05-21 13:55:28,436:INFO: - Train metrics: recall_at_100: 0.182 ; loss: 1.012
2019-05-21 13:55:28,441:INFO: Evaluate
2019-05-21 13:55:31,370:INFO: - Evaluate metrics: recall_at_100: 0.181 ; loss: 1.117
2019-05-21 13:55:31,420:INFO: Epoch 6/10
2019-05-21 13:55:31,420:INFO: Train
2019-05-21 13:55:35,292:INFO: - Train metrics: recall_at_100: 0.181 ; loss: 1.045
2019-05-21 13:55:35,297:INFO: Evaluate
2019-05-21 13:55:38,238:INFO: - Evaluate metrics: recall_at_100: 0.186 ; loss: 1.034
2019-05-21 13:55:38,270:INFO: Epoch 7/10
2019-05-21 13:55:38,270:INFO: Train
2019-05-21 13:55:42,089:INFO: - Train metrics: recall_at_100: 0.176 ; loss: 1.016
2019-05-21 13:55:42,094:INFO: Evaluate
2019-05-21 13:55:45,075:INFO: - Evaluate metrics: recall_at_100: 0.198 ; loss: 1.058
2019-05-21 13:55:45,110:INFO: Epoch 8/10
2019-05-21 13:55:45,111:INFO: Train
2019-05-21 13:55:48,837:INFO: - Train metrics: recall_at_100: 0.167 ; loss: 1.005
2019-05-21 13:55:48,842:INFO: Evaluate
2019-05-21 13:55:51,671:INFO: - Evaluate metrics: recall_at_100: 0.167 ; loss: 1.058
2019-05-21 13:55:51,710:INFO: Epoch 9/10
2019-05-21 13:55:51,711:INFO: Train
2019-05-21 13:55:55,521:INFO: - Train metrics: recall_at_100: 0.158 ; loss: 1.001
2019-05-21 13:55:55,525:INFO: Evaluate
2019-05-21 13:55:58,336:INFO: - Evaluate metrics: recall_at_100: 0.156 ; loss: 1.107
2019-05-21 13:55:58,375:INFO: Epoch 10/10
2019-05-21 13:55:58,376:INFO: Train
2019-05-21 13:56:01,994:INFO: - Train metrics: recall_at_100: 0.171 ; loss: 1.012
2019-05-21 13:56:02,005:INFO: Evaluate
2019-05-21 13:56:04,812:INFO: - Evaluate metrics: recall_at_100: 0.177 ; loss: 1.055
2019-05-21 13:56:17,677:INFO: Training model for test 4
2019-05-21 13:56:34,683:INFO: Starting training for 10 epoch(s)
2019-05-21 13:56:34,683:INFO: Epoch 1/10
2019-05-21 13:56:34,683:INFO: Train
2019-05-21 13:56:39,057:INFO: - Train metrics: recall_at_100: 0.072 ; loss: 1.150
2019-05-21 13:56:39,062:INFO: Evaluate
2019-05-21 13:56:42,084:INFO: - Evaluate metrics: recall_at_100: 0.193 ; loss: 1.038
2019-05-21 13:56:42,088:INFO: - Found new best recall_at_100
2019-05-21 13:56:42,208:INFO: Epoch 2/10
2019-05-21 13:56:42,208:INFO: Train
2019-05-21 13:56:46,179:INFO: - Train metrics: recall_at_100: 0.145 ; loss: 1.043
2019-05-21 13:56:46,184:INFO: Evaluate
2019-05-21 13:56:49,263:INFO: - Evaluate metrics: recall_at_100: 0.208 ; loss: 1.029
2019-05-21 13:56:49,270:INFO: - Found new best recall_at_100
2019-05-21 13:56:49,376:INFO: Epoch 3/10
2019-05-21 13:56:49,376:INFO: Train
2019-05-21 13:56:53,161:INFO: - Train metrics: recall_at_100: 0.154 ; loss: 1.013
2019-05-21 13:56:53,165:INFO: Evaluate
2019-05-21 13:56:55,973:INFO: - Evaluate metrics: recall_at_100: 0.213 ; loss: 0.995
2019-05-21 13:56:55,978:INFO: - Found new best recall_at_100
2019-05-21 13:56:56,091:INFO: Epoch 4/10
2019-05-21 13:56:56,091:INFO: Train
2019-05-21 13:56:59,947:INFO: - Train metrics: recall_at_100: 0.157 ; loss: 1.031
2019-05-21 13:56:59,952:INFO: Evaluate
2019-05-21 13:57:02,858:INFO: - Evaluate metrics: recall_at_100: 0.242 ; loss: 0.984
2019-05-21 13:57:02,862:INFO: - Found new best recall_at_100
2019-05-21 13:57:02,953:INFO: Epoch 5/10
2019-05-21 13:57:02,953:INFO: Train
2019-05-21 13:57:06,565:INFO: - Train metrics: recall_at_100: 0.141 ; loss: 1.033
2019-05-21 13:57:06,569:INFO: Evaluate
2019-05-21 13:57:09,515:INFO: - Evaluate metrics: recall_at_100: 0.196 ; loss: 1.009
2019-05-21 13:57:09,548:INFO: Epoch 6/10
2019-05-21 13:57:09,548:INFO: Train
2019-05-21 13:57:13,530:INFO: - Train metrics: recall_at_100: 0.158 ; loss: 1.036
2019-05-21 13:57:13,538:INFO: Evaluate
2019-05-21 13:57:16,310:INFO: - Evaluate metrics: recall_at_100: 0.216 ; loss: 0.997
2019-05-21 13:57:16,353:INFO: Epoch 7/10
2019-05-21 13:57:16,353:INFO: Train
2019-05-21 13:57:20,197:INFO: - Train metrics: recall_at_100: 0.177 ; loss: 1.019
2019-05-21 13:57:20,201:INFO: Evaluate
2019-05-21 13:57:22,957:INFO: - Evaluate metrics: recall_at_100: 0.181 ; loss: 1.070
2019-05-21 13:57:22,996:INFO: Epoch 8/10
2019-05-21 13:57:22,996:INFO: Train
2019-05-21 13:57:26,741:INFO: - Train metrics: recall_at_100: 0.168 ; loss: 1.028
2019-05-21 13:57:26,745:INFO: Evaluate
2019-05-21 13:57:29,500:INFO: - Evaluate metrics: recall_at_100: 0.231 ; loss: 1.026
2019-05-21 13:57:29,544:INFO: Epoch 9/10
2019-05-21 13:57:29,544:INFO: Train
2019-05-21 13:57:33,251:INFO: - Train metrics: recall_at_100: 0.170 ; loss: 1.010
2019-05-21 13:57:33,258:INFO: Evaluate
2019-05-21 13:57:35,902:INFO: - Evaluate metrics: recall_at_100: 0.195 ; loss: 1.029
2019-05-21 13:57:35,949:INFO: Epoch 10/10
2019-05-21 13:57:35,949:INFO: Train
2019-05-21 13:57:39,807:INFO: - Train metrics: recall_at_100: 0.193 ; loss: 1.018
2019-05-21 13:57:39,815:INFO: Evaluate
2019-05-21 13:57:42,690:INFO: - Evaluate metrics: recall_at_100: 0.170 ; loss: 1.018
2019-05-21 13:57:55,167:INFO: Training model for test 5
2019-05-21 13:58:11,964:INFO: Starting training for 10 epoch(s)
2019-05-21 13:58:11,965:INFO: Epoch 1/10
2019-05-21 13:58:11,965:INFO: Train
2019-05-21 13:58:16,431:INFO: - Train metrics: recall_at_100: 0.002 ; loss: 1.436
2019-05-21 13:58:16,437:INFO: Evaluate
2019-05-21 13:58:19,158:INFO: - Evaluate metrics: recall_at_100: 0.152 ; loss: 1.253
2019-05-21 13:58:19,163:INFO: - Found new best recall_at_100
2019-05-21 13:58:19,284:INFO: Epoch 2/10
2019-05-21 13:58:19,284:INFO: Train
2019-05-21 13:58:23,023:INFO: - Train metrics: recall_at_100: 0.135 ; loss: 1.149
2019-05-21 13:58:23,032:INFO: Evaluate
2019-05-21 13:58:25,664:INFO: - Evaluate metrics: recall_at_100: 0.166 ; loss: 1.122
2019-05-21 13:58:25,669:INFO: - Found new best recall_at_100
2019-05-21 13:58:25,762:INFO: Epoch 3/10
2019-05-21 13:58:25,762:INFO: Train
2019-05-21 13:58:29,474:INFO: - Train metrics: recall_at_100: 0.193 ; loss: 1.046
2019-05-21 13:58:29,480:INFO: Evaluate
2019-05-21 13:58:32,265:INFO: - Evaluate metrics: recall_at_100: 0.149 ; loss: 1.053
2019-05-21 13:58:32,307:INFO: Epoch 4/10
2019-05-21 13:58:32,307:INFO: Train
2019-05-21 13:58:35,870:INFO: - Train metrics: recall_at_100: 0.208 ; loss: 1.022
2019-05-21 13:58:35,877:INFO: Evaluate
2019-05-21 13:58:38,814:INFO: - Evaluate metrics: recall_at_100: 0.166 ; loss: 1.007
2019-05-21 13:58:38,852:INFO: Epoch 5/10
2019-05-21 13:58:38,853:INFO: Train
2019-05-21 13:58:42,551:INFO: - Train metrics: recall_at_100: 0.158 ; loss: 1.034
2019-05-21 13:58:42,557:INFO: Evaluate
2019-05-21 13:58:45,304:INFO: - Evaluate metrics: recall_at_100: 0.163 ; loss: 1.011
2019-05-21 13:58:45,341:INFO: Epoch 6/10
2019-05-21 13:58:45,342:INFO: Train
2019-05-21 13:58:49,141:INFO: - Train metrics: recall_at_100: 0.159 ; loss: 1.041
2019-05-21 13:58:49,147:INFO: Evaluate
2019-05-21 13:58:51,946:INFO: - Evaluate metrics: recall_at_100: 0.168 ; loss: 1.022
2019-05-21 13:58:51,956:INFO: - Found new best recall_at_100
2019-05-21 13:58:52,073:INFO: Epoch 7/10
2019-05-21 13:58:52,073:INFO: Train
2019-05-21 13:58:55,675:INFO: - Train metrics: recall_at_100: 0.167 ; loss: 1.042
2019-05-21 13:58:55,680:INFO: Evaluate
2019-05-21 13:58:58,496:INFO: - Evaluate metrics: recall_at_100: 0.140 ; loss: 1.018
2019-05-21 13:58:58,534:INFO: Epoch 8/10
2019-05-21 13:58:58,534:INFO: Train
2019-05-21 13:59:02,315:INFO: - Train metrics: recall_at_100: 0.175 ; loss: 1.024
2019-05-21 13:59:02,322:INFO: Evaluate
2019-05-21 13:59:05,252:INFO: - Evaluate metrics: recall_at_100: 0.159 ; loss: 1.039
2019-05-21 13:59:05,306:INFO: Epoch 9/10
2019-05-21 13:59:05,306:INFO: Train
2019-05-21 13:59:09,149:INFO: - Train metrics: recall_at_100: 0.171 ; loss: 1.043
2019-05-21 13:59:09,154:INFO: Evaluate
2019-05-21 13:59:11,918:INFO: - Evaluate metrics: recall_at_100: 0.176 ; loss: 1.088
2019-05-21 13:59:11,923:INFO: - Found new best recall_at_100
2019-05-21 13:59:12,042:INFO: Epoch 10/10
2019-05-21 13:59:12,042:INFO: Train
2019-05-21 13:59:15,770:INFO: - Train metrics: recall_at_100: 0.181 ; loss: 1.035
2019-05-21 13:59:15,775:INFO: Evaluate
2019-05-21 13:59:18,386:INFO: - Evaluate metrics: recall_at_100: 0.174 ; loss: 1.000
2019-05-21 13:59:30,475:INFO: Training model for test 7
2019-05-21 13:59:47,179:INFO: Starting training for 10 epoch(s)
2019-05-21 13:59:47,179:INFO: Epoch 1/10
2019-05-21 13:59:47,179:INFO: Train
2019-05-21 13:59:51,455:INFO: - Train metrics: recall_at_100: 0.076 ; loss: 1.133
2019-05-21 13:59:51,461:INFO: Evaluate
2019-05-21 13:59:54,377:INFO: - Evaluate metrics: recall_at_100: 0.151 ; loss: 1.063
2019-05-21 13:59:54,382:INFO: - Found new best recall_at_100
2019-05-21 13:59:54,504:INFO: Epoch 2/10
2019-05-21 13:59:54,505:INFO: Train
2019-05-21 13:59:58,079:INFO: - Train metrics: recall_at_100: 0.162 ; loss: 1.032
2019-05-21 13:59:58,086:INFO: Evaluate
2019-05-21 14:00:00,772:INFO: - Evaluate metrics: recall_at_100: 0.198 ; loss: 1.036
2019-05-21 14:00:00,776:INFO: - Found new best recall_at_100
2019-05-21 14:00:00,887:INFO: Epoch 3/10
2019-05-21 14:00:00,887:INFO: Train
2019-05-21 14:00:04,428:INFO: - Train metrics: recall_at_100: 0.204 ; loss: 1.029
2019-05-21 14:00:04,432:INFO: Evaluate
2019-05-21 14:00:07,276:INFO: - Evaluate metrics: recall_at_100: 0.186 ; loss: 1.025
2019-05-21 14:00:07,315:INFO: Epoch 4/10
2019-05-21 14:00:07,315:INFO: Train
2019-05-21 14:00:10,873:INFO: - Train metrics: recall_at_100: 0.176 ; loss: 1.028
2019-05-21 14:00:10,881:INFO: Evaluate
2019-05-21 14:00:13,599:INFO: - Evaluate metrics: recall_at_100: 0.195 ; loss: 1.015
2019-05-21 14:00:13,625:INFO: Epoch 5/10
2019-05-21 14:00:13,625:INFO: Train
2019-05-21 14:00:17,347:INFO: - Train metrics: recall_at_100: 0.157 ; loss: 1.024
2019-05-21 14:00:17,351:INFO: Evaluate
2019-05-21 14:00:20,096:INFO: - Evaluate metrics: recall_at_100: 0.180 ; loss: 1.018
2019-05-21 14:00:20,131:INFO: Epoch 6/10
2019-05-21 14:00:20,131:INFO: Train
2019-05-21 14:00:23,973:INFO: - Train metrics: recall_at_100: 0.186 ; loss: 1.019
2019-05-21 14:00:23,977:INFO: Evaluate
2019-05-21 14:00:26,575:INFO: - Evaluate metrics: recall_at_100: 0.166 ; loss: 1.011
2019-05-21 14:00:26,624:INFO: Epoch 7/10
2019-05-21 14:00:26,625:INFO: Train
2019-05-21 14:00:30,333:INFO: - Train metrics: recall_at_100: 0.224 ; loss: 1.007
2019-05-21 14:00:30,338:INFO: Evaluate
2019-05-21 14:00:32,929:INFO: - Evaluate metrics: recall_at_100: 0.168 ; loss: 1.028
2019-05-21 14:00:32,968:INFO: Epoch 8/10
2019-05-21 14:00:32,968:INFO: Train
2019-05-21 14:00:36,619:INFO: - Train metrics: recall_at_100: 0.163 ; loss: 1.011
2019-05-21 14:00:36,625:INFO: Evaluate
2019-05-21 14:00:39,494:INFO: - Evaluate metrics: recall_at_100: 0.180 ; loss: 1.004
2019-05-21 14:00:39,540:INFO: Epoch 9/10
2019-05-21 14:00:39,540:INFO: Train
2019-05-21 14:00:43,344:INFO: - Train metrics: recall_at_100: 0.181 ; loss: 1.010
2019-05-21 14:00:43,349:INFO: Evaluate
2019-05-21 14:00:46,107:INFO: - Evaluate metrics: recall_at_100: 0.197 ; loss: 1.049
2019-05-21 14:00:46,140:INFO: Epoch 10/10
2019-05-21 14:00:46,140:INFO: Train
2019-05-21 14:00:49,834:INFO: - Train metrics: recall_at_100: 0.210 ; loss: 1.034
2019-05-21 14:00:49,840:INFO: Evaluate
2019-05-21 14:00:52,792:INFO: - Evaluate metrics: recall_at_100: 0.200 ; loss: 1.002
2019-05-21 14:00:52,798:INFO: - Found new best recall_at_100
2019-05-21 14:01:03,604:INFO: Training model for test 1
2019-05-21 14:01:20,772:INFO: Starting training for 10 epoch(s)
2019-05-21 14:01:20,773:INFO: Epoch 1/10
2019-05-21 14:01:20,773:INFO: Train
2019-05-21 14:01:25,477:INFO: - Train metrics: recall_at_100: 0.089 ; loss: 1.380
2019-05-21 14:01:25,485:INFO: Evaluate
2019-05-21 14:01:28,338:INFO: - Evaluate metrics: recall_at_100: 0.154 ; loss: 1.181
2019-05-21 14:01:28,342:INFO: - Found new best recall_at_100
2019-05-21 14:01:28,459:INFO: Epoch 2/10
2019-05-21 14:01:28,459:INFO: Train
2019-05-21 14:01:32,201:INFO: - Train metrics: recall_at_100: 0.173 ; loss: 1.116
2019-05-21 14:01:32,208:INFO: Evaluate
2019-05-21 14:01:35,161:INFO: - Evaluate metrics: recall_at_100: 0.197 ; loss: 1.047
2019-05-21 14:01:35,168:INFO: - Found new best recall_at_100
2019-05-21 14:01:35,277:INFO: Epoch 3/10
2019-05-21 14:01:35,277:INFO: Train
2019-05-21 14:01:39,142:INFO: - Train metrics: recall_at_100: 0.187 ; loss: 1.022
2019-05-21 14:01:39,149:INFO: Evaluate
2019-05-21 14:01:41,783:INFO: - Evaluate metrics: recall_at_100: 0.196 ; loss: 1.016
2019-05-21 14:01:41,828:INFO: Epoch 4/10
2019-05-21 14:01:41,828:INFO: Train
2019-05-21 14:01:45,713:INFO: - Train metrics: recall_at_100: 0.179 ; loss: 1.030
2019-05-21 14:01:45,718:INFO: Evaluate
2019-05-21 14:01:48,605:INFO: - Evaluate metrics: recall_at_100: 0.188 ; loss: 1.007
2019-05-21 14:01:48,663:INFO: Epoch 5/10
2019-05-21 14:01:48,663:INFO: Train
2019-05-21 14:01:52,468:INFO: - Train metrics: recall_at_100: 0.190 ; loss: 1.014
2019-05-21 14:01:52,473:INFO: Evaluate
2019-05-21 14:01:55,201:INFO: - Evaluate metrics: recall_at_100: 0.186 ; loss: 1.033
2019-05-21 14:01:55,241:INFO: Epoch 6/10
2019-05-21 14:01:55,241:INFO: Train
2019-05-21 14:01:58,839:INFO: - Train metrics: recall_at_100: 0.186 ; loss: 1.017
2019-05-21 14:01:58,844:INFO: Evaluate
2019-05-21 14:02:01,956:INFO: - Evaluate metrics: recall_at_100: 0.201 ; loss: 1.028
2019-05-21 14:02:01,959:INFO: - Found new best recall_at_100
2019-05-21 14:02:02,078:INFO: Epoch 7/10
2019-05-21 14:02:02,078:INFO: Train
2019-05-21 14:02:05,684:INFO: - Train metrics: recall_at_100: 0.166 ; loss: 1.009
2019-05-21 14:02:05,689:INFO: Evaluate
2019-05-21 14:02:08,515:INFO: - Evaluate metrics: recall_at_100: 0.172 ; loss: 1.055
2019-05-21 14:02:08,562:INFO: Epoch 8/10
2019-05-21 14:02:08,563:INFO: Train
2019-05-21 14:02:12,159:INFO: - Train metrics: recall_at_100: 0.172 ; loss: 1.018
2019-05-21 14:02:12,163:INFO: Evaluate
2019-05-21 14:02:14,896:INFO: - Evaluate metrics: recall_at_100: 0.209 ; loss: 1.044
2019-05-21 14:02:14,900:INFO: - Found new best recall_at_100
2019-05-21 14:02:15,010:INFO: Epoch 9/10
2019-05-21 14:02:15,010:INFO: Train
2019-05-21 14:02:18,722:INFO: - Train metrics: recall_at_100: 0.223 ; loss: 1.012
2019-05-21 14:02:18,726:INFO: Evaluate
2019-05-21 14:02:21,481:INFO: - Evaluate metrics: recall_at_100: 0.176 ; loss: 1.012
2019-05-21 14:02:21,514:INFO: Epoch 10/10
2019-05-21 14:02:21,514:INFO: Train
2019-05-21 14:02:25,103:INFO: - Train metrics: recall_at_100: 0.179 ; loss: 1.008
2019-05-21 14:02:25,110:INFO: Evaluate
2019-05-21 14:02:27,780:INFO: - Evaluate metrics: recall_at_100: 0.205 ; loss: 1.022
2019-05-21 14:02:42,018:INFO: Training model for test 6
2019-05-21 14:02:59,094:INFO: Starting training for 10 epoch(s)
2019-05-21 14:02:59,095:INFO: Epoch 1/10
2019-05-21 14:02:59,095:INFO: Train
2019-05-21 14:03:03,359:INFO: - Train metrics: recall_at_100: 0.027 ; loss: 1.357
2019-05-21 14:03:03,363:INFO: Evaluate
2019-05-21 14:03:06,093:INFO: - Evaluate metrics: recall_at_100: 0.135 ; loss: 1.174
2019-05-21 14:03:06,098:INFO: - Found new best recall_at_100
2019-05-21 14:03:06,205:INFO: Epoch 2/10
2019-05-21 14:03:06,205:INFO: Train
2019-05-21 14:03:09,877:INFO: - Train metrics: recall_at_100: 0.189 ; loss: 1.118
2019-05-21 14:03:09,881:INFO: Evaluate
2019-05-21 14:03:12,485:INFO: - Evaluate metrics: recall_at_100: 0.171 ; loss: 1.025
2019-05-21 14:03:12,489:INFO: - Found new best recall_at_100
2019-05-21 14:03:12,590:INFO: Epoch 3/10
2019-05-21 14:03:12,590:INFO: Train
2019-05-21 14:03:16,241:INFO: - Train metrics: recall_at_100: 0.211 ; loss: 1.041
2019-05-21 14:03:16,248:INFO: Evaluate
2019-05-21 14:03:19,034:INFO: - Evaluate metrics: recall_at_100: 0.140 ; loss: 1.039
2019-05-21 14:03:19,081:INFO: Epoch 4/10
2019-05-21 14:03:19,081:INFO: Train
2019-05-21 14:03:22,862:INFO: - Train metrics: recall_at_100: 0.157 ; loss: 1.062
2019-05-21 14:03:22,866:INFO: Evaluate
2019-05-21 14:03:25,463:INFO: - Evaluate metrics: recall_at_100: 0.164 ; loss: 1.017
2019-05-21 14:03:25,502:INFO: Epoch 5/10
2019-05-21 14:03:25,502:INFO: Train
2019-05-21 14:03:29,514:INFO: - Train metrics: recall_at_100: 0.166 ; loss: 1.031
2019-05-21 14:03:29,518:INFO: Evaluate
2019-05-21 14:03:32,509:INFO: - Evaluate metrics: recall_at_100: 0.171 ; loss: 0.990
2019-05-21 14:03:32,513:INFO: - Found new best recall_at_100
2019-05-21 14:03:32,628:INFO: Epoch 6/10
2019-05-21 14:03:32,629:INFO: Train
2019-05-21 14:03:36,199:INFO: - Train metrics: recall_at_100: 0.156 ; loss: 1.030
2019-05-21 14:03:36,204:INFO: Evaluate
2019-05-21 14:03:38,959:INFO: - Evaluate metrics: recall_at_100: 0.165 ; loss: 1.000
2019-05-21 14:03:39,000:INFO: Epoch 7/10
2019-05-21 14:03:39,000:INFO: Train
2019-05-21 14:03:42,485:INFO: - Train metrics: recall_at_100: 0.188 ; loss: 1.012
2019-05-21 14:03:42,490:INFO: Evaluate
2019-05-21 14:03:45,226:INFO: - Evaluate metrics: recall_at_100: 0.165 ; loss: 1.015
2019-05-21 14:03:45,259:INFO: Epoch 8/10
2019-05-21 14:03:45,259:INFO: Train
2019-05-21 14:03:48,806:INFO: - Train metrics: recall_at_100: 0.174 ; loss: 1.017
2019-05-21 14:03:48,813:INFO: Evaluate
2019-05-21 14:03:51,553:INFO: - Evaluate metrics: recall_at_100: 0.134 ; loss: 1.018
2019-05-21 14:03:51,592:INFO: Epoch 9/10
2019-05-21 14:03:51,592:INFO: Train
2019-05-21 14:03:55,287:INFO: - Train metrics: recall_at_100: 0.223 ; loss: 1.009
2019-05-21 14:03:55,293:INFO: Evaluate
2019-05-21 14:03:58,338:INFO: - Evaluate metrics: recall_at_100: 0.149 ; loss: 0.994
2019-05-21 14:03:58,375:INFO: Epoch 10/10
2019-05-21 14:03:58,375:INFO: Train
2019-05-21 14:04:02,153:INFO: - Train metrics: recall_at_100: 0.126 ; loss: 1.014
2019-05-21 14:04:02,161:INFO: Evaluate
2019-05-21 14:04:04,993:INFO: - Evaluate metrics: recall_at_100: 0.169 ; loss: 1.020
2019-05-21 14:04:16,333:INFO: Training model for test 0
2019-05-21 14:04:31,991:INFO: Starting training for 10 epoch(s)
2019-05-21 14:04:31,992:INFO: Epoch 1/10
2019-05-21 14:04:31,992:INFO: Train
2019-05-21 14:04:36,244:INFO: - Train metrics: recall_at_100: 0.004 ; loss: 1.184
2019-05-21 14:04:36,248:INFO: Evaluate
2019-05-21 14:04:39,039:INFO: - Evaluate metrics: recall_at_100: 0.195 ; loss: 1.043
2019-05-21 14:04:39,043:INFO: - Found new best recall_at_100
2019-05-21 14:04:39,151:INFO: Epoch 2/10
2019-05-21 14:04:39,151:INFO: Train
2019-05-21 14:04:43,236:INFO: - Train metrics: recall_at_100: 0.162 ; loss: 1.043
2019-05-21 14:04:43,240:INFO: Evaluate
2019-05-21 14:04:45,940:INFO: - Evaluate metrics: recall_at_100: 0.190 ; loss: 1.002
2019-05-21 14:04:45,977:INFO: Epoch 3/10
2019-05-21 14:04:45,977:INFO: Train
2019-05-21 14:04:49,946:INFO: - Train metrics: recall_at_100: 0.149 ; loss: 1.022
2019-05-21 14:04:49,952:INFO: Evaluate
2019-05-21 14:04:53,035:INFO: - Evaluate metrics: recall_at_100: 0.195 ; loss: 0.990
2019-05-21 14:04:53,036:INFO: - Found new best recall_at_100
2019-05-21 14:04:53,150:INFO: Epoch 4/10
2019-05-21 14:04:53,150:INFO: Train
2019-05-21 14:04:56,838:INFO: - Train metrics: recall_at_100: 0.176 ; loss: 1.032
2019-05-21 14:04:56,843:INFO: Evaluate
2019-05-21 14:05:00,003:INFO: - Evaluate metrics: recall_at_100: 0.190 ; loss: 1.009
2019-05-21 14:05:00,050:INFO: Epoch 5/10
2019-05-21 14:05:00,050:INFO: Train
2019-05-21 14:05:03,689:INFO: - Train metrics: recall_at_100: 0.146 ; loss: 1.022
2019-05-21 14:05:03,689:INFO: Evaluate
2019-05-21 14:05:06,677:INFO: - Evaluate metrics: recall_at_100: 0.189 ; loss: 1.005
2019-05-21 14:05:06,710:INFO: Epoch 6/10
2019-05-21 14:05:06,711:INFO: Train
2019-05-21 14:05:10,389:INFO: - Train metrics: recall_at_100: 0.160 ; loss: 1.014
2019-05-21 14:05:10,392:INFO: Evaluate
2019-05-21 14:05:13,497:INFO: - Evaluate metrics: recall_at_100: 0.175 ; loss: 0.994
2019-05-21 14:05:13,532:INFO: Epoch 7/10
2019-05-21 14:05:13,532:INFO: Train
2019-05-21 14:05:17,167:INFO: - Train metrics: recall_at_100: 0.151 ; loss: 1.013
2019-05-21 14:05:17,168:INFO: Evaluate
2019-05-21 14:05:19,903:INFO: - Evaluate metrics: recall_at_100: 0.195 ; loss: 0.987
2019-05-21 14:05:19,908:INFO: - Found new best recall_at_100
2019-05-21 14:05:20,020:INFO: Epoch 8/10
2019-05-21 14:05:20,020:INFO: Train
2019-05-21 14:05:23,787:INFO: - Train metrics: recall_at_100: 0.161 ; loss: 1.030
2019-05-21 14:05:23,788:INFO: Evaluate
2019-05-21 14:05:26,892:INFO: - Evaluate metrics: recall_at_100: 0.173 ; loss: 0.996
2019-05-21 14:05:26,934:INFO: Epoch 9/10
2019-05-21 14:05:26,934:INFO: Train
2019-05-21 14:05:30,567:INFO: - Train metrics: recall_at_100: 0.194 ; loss: 1.013
2019-05-21 14:05:30,572:INFO: Evaluate
2019-05-21 14:05:33,743:INFO: - Evaluate metrics: recall_at_100: 0.163 ; loss: 1.033
2019-05-21 14:05:33,790:INFO: Epoch 10/10
2019-05-21 14:05:33,790:INFO: Train
2019-05-21 14:05:37,455:INFO: - Train metrics: recall_at_100: 0.170 ; loss: 1.023
2019-05-21 14:05:37,456:INFO: Evaluate
2019-05-21 14:05:40,553:INFO: - Evaluate metrics: recall_at_100: 0.171 ; loss: 1.011
2019-05-21 14:05:54,141:INFO: Running Experiment...
2019-05-21 15:05:36,012:INFO: Disease Protein Prediction in the PPI Network
2019-05-21 15:05:36,012:INFO: Sabri Eyuboglu  -- SNAP Group
2019-05-21 15:05:36,013:INFO: ======================================
2019-05-21 15:05:36,013:INFO: Loading PPI Network...
2019-05-21 15:05:46,091:INFO: Loading Disease Associations...
2019-05-21 15:05:46,177:INFO: Loading Params...
2019-05-21 15:05:46,177:INFO: Loading Models...
2019-05-21 15:06:03,280:INFO: Disease Protein Prediction in the PPI Network
2019-05-21 15:06:03,280:INFO: Sabri Eyuboglu  -- SNAP Group
2019-05-21 15:06:03,280:INFO: ======================================
2019-05-21 15:06:03,280:INFO: Loading PPI Network...
2019-05-21 15:06:12,900:INFO: Loading Disease Associations...
2019-05-21 15:06:12,988:INFO: Loading Params...
2019-05-21 15:06:12,988:INFO: Loading Models...
2019-05-21 15:06:12,989:INFO: Running Experiment...
