2019-04-26 13:24:53,529:INFO: Disease Protein Prediction
2019-04-26 13:24:53,529:INFO: Sabri Eyuboglu  -- SNAP Group
2019-04-26 13:24:53,529:INFO: ======================================
2019-04-26 13:24:53,529:INFO: Loading Disease Associations...
2019-04-26 13:24:53,674:INFO: Loading Network...
2019-04-26 13:25:01,775:INFO: Training Models...
2019-04-26 13:25:01,793:INFO: Training model for test 3
2019-04-26 13:25:49,219:INFO: Disease Protein Prediction
2019-04-26 13:25:49,220:INFO: Sabri Eyuboglu  -- SNAP Group
2019-04-26 13:25:49,220:INFO: ======================================
2019-04-26 13:25:49,220:INFO: Loading Disease Associations...
2019-04-26 13:25:49,308:INFO: Loading Network...
2019-04-26 13:25:57,473:INFO: Training Models...
2019-04-26 13:25:57,474:INFO: Training model for test 3
2019-04-26 13:26:18,263:INFO: Disease Protein Prediction
2019-04-26 13:26:18,263:INFO: Sabri Eyuboglu  -- SNAP Group
2019-04-26 13:26:18,263:INFO: ======================================
2019-04-26 13:26:18,263:INFO: Loading Disease Associations...
2019-04-26 13:26:18,352:INFO: Loading Network...
2019-04-26 13:26:26,771:INFO: Training Models...
2019-04-26 13:26:26,772:INFO: Training model for test 3
2019-04-26 13:26:43,318:INFO: Starting training for 5 epoch(s)
2019-04-26 13:26:43,319:INFO: Epoch 1/5
2019-04-26 13:26:43,319:INFO: Train
2019-04-26 13:26:46,395:INFO: - Train metrics: recall_at_100: 0.175 ; loss: 1.431
2019-04-26 13:26:46,395:INFO: Evaluate
2019-04-26 13:26:48,452:INFO: - Evaluate metrics: recall_at_100: 0.179 ; loss: 1.104
2019-04-26 13:26:48,453:INFO: - Found new best recall_at_100
2019-04-26 13:26:48,521:INFO: Epoch 2/5
2019-04-26 13:26:48,521:INFO: Train
2019-04-26 13:26:51,620:INFO: - Train metrics: recall_at_100: 0.188 ; loss: 1.089
2019-04-26 13:26:51,621:INFO: Evaluate
2019-04-26 13:26:53,564:INFO: - Evaluate metrics: recall_at_100: 0.163 ; loss: 1.113
2019-04-26 13:26:53,627:INFO: Epoch 3/5
2019-04-26 13:26:53,627:INFO: Train
2019-04-26 13:26:56,686:INFO: - Train metrics: recall_at_100: 0.167 ; loss: 1.069
2019-04-26 13:26:56,686:INFO: Evaluate
2019-04-26 13:26:58,709:INFO: - Evaluate metrics: recall_at_100: 0.178 ; loss: 1.017
2019-04-26 13:26:58,741:INFO: Epoch 4/5
2019-04-26 13:26:58,741:INFO: Train
2019-04-26 13:27:01,870:INFO: - Train metrics: recall_at_100: 0.141 ; loss: 1.021
2019-04-26 13:27:01,870:INFO: Evaluate
2019-04-26 13:27:03,936:INFO: - Evaluate metrics: recall_at_100: 0.183 ; loss: 1.022
2019-04-26 13:27:03,937:INFO: - Found new best recall_at_100
2019-04-26 13:27:04,030:INFO: Epoch 5/5
2019-04-26 13:27:04,031:INFO: Train
2019-04-26 13:27:07,293:INFO: - Train metrics: recall_at_100: 0.193 ; loss: 1.012
2019-04-26 13:27:07,294:INFO: Evaluate
2019-04-26 13:27:09,400:INFO: - Evaluate metrics: recall_at_100: 0.137 ; loss: 1.017
2019-04-26 13:27:45,665:INFO: Training model for test 9
2019-04-26 13:27:52,038:INFO: Starting training for 5 epoch(s)
2019-04-26 13:27:52,038:INFO: Epoch 1/5
2019-04-26 13:27:52,038:INFO: Train
2019-04-26 13:27:55,511:INFO: - Train metrics: recall_at_100: 0.000 ; loss: 1.522
2019-04-26 13:27:55,512:INFO: Evaluate
2019-04-26 13:27:57,760:INFO: - Evaluate metrics: recall_at_100: 0.158 ; loss: 1.200
2019-04-26 13:27:57,761:INFO: - Found new best recall_at_100
2019-04-26 13:27:57,875:INFO: Epoch 2/5
2019-04-26 13:27:57,875:INFO: Train
2019-04-26 13:28:01,284:INFO: - Train metrics: recall_at_100: 0.172 ; loss: 1.133
2019-04-26 13:28:01,285:INFO: Evaluate
2019-04-26 13:28:03,492:INFO: - Evaluate metrics: recall_at_100: 0.157 ; loss: 1.085
2019-04-26 13:28:03,529:INFO: Epoch 3/5
2019-04-26 13:28:03,529:INFO: Train
2019-04-26 13:28:06,857:INFO: - Train metrics: recall_at_100: 0.178 ; loss: 1.086
2019-04-26 13:28:06,858:INFO: Evaluate
2019-04-26 13:28:09,117:INFO: - Evaluate metrics: recall_at_100: 0.128 ; loss: 1.026
2019-04-26 13:28:09,153:INFO: Epoch 4/5
2019-04-26 13:28:09,153:INFO: Train
2019-04-26 13:28:12,388:INFO: - Train metrics: recall_at_100: 0.183 ; loss: 1.034
2019-04-26 13:28:12,388:INFO: Evaluate
2019-04-26 13:28:14,692:INFO: - Evaluate metrics: recall_at_100: 0.173 ; loss: 1.010
2019-04-26 13:28:14,693:INFO: - Found new best recall_at_100
2019-04-26 13:28:14,769:INFO: Epoch 5/5
2019-04-26 13:28:14,769:INFO: Train
2019-04-26 13:28:18,274:INFO: - Train metrics: recall_at_100: 0.222 ; loss: 1.025
2019-04-26 13:28:18,274:INFO: Evaluate
2019-04-26 13:28:20,534:INFO: - Evaluate metrics: recall_at_100: 0.200 ; loss: 0.981
2019-04-26 13:28:20,534:INFO: - Found new best recall_at_100
2019-04-26 13:28:57,024:INFO: Training model for test 8
2019-04-26 13:29:03,620:INFO: Starting training for 5 epoch(s)
2019-04-26 13:29:03,621:INFO: Epoch 1/5
2019-04-26 13:29:03,621:INFO: Train
2019-04-26 13:29:06,810:INFO: - Train metrics: recall_at_100: 0.169 ; loss: 1.377
2019-04-26 13:29:06,811:INFO: Evaluate
2019-04-26 13:29:08,924:INFO: - Evaluate metrics: recall_at_100: 0.150 ; loss: 1.142
2019-04-26 13:29:08,925:INFO: - Found new best recall_at_100
2019-04-26 13:29:09,028:INFO: Epoch 2/5
2019-04-26 13:29:09,029:INFO: Train
2019-04-26 13:29:12,425:INFO: - Train metrics: recall_at_100: 0.188 ; loss: 1.094
2019-04-26 13:29:12,425:INFO: Evaluate
2019-04-26 13:29:14,681:INFO: - Evaluate metrics: recall_at_100: 0.155 ; loss: 1.055
2019-04-26 13:29:14,681:INFO: - Found new best recall_at_100
2019-04-26 13:29:14,787:INFO: Epoch 3/5
2019-04-26 13:29:14,787:INFO: Train
2019-04-26 13:29:18,238:INFO: - Train metrics: recall_at_100: 0.169 ; loss: 1.053
2019-04-26 13:29:18,238:INFO: Evaluate
2019-04-26 13:29:20,368:INFO: - Evaluate metrics: recall_at_100: 0.163 ; loss: 1.048
2019-04-26 13:29:20,368:INFO: - Found new best recall_at_100
2019-04-26 13:29:20,473:INFO: Epoch 4/5
2019-04-26 13:29:20,473:INFO: Train
2019-04-26 13:29:23,597:INFO: - Train metrics: recall_at_100: 0.191 ; loss: 1.033
2019-04-26 13:29:23,597:INFO: Evaluate
2019-04-26 13:29:25,772:INFO: - Evaluate metrics: recall_at_100: 0.173 ; loss: 1.032
2019-04-26 13:29:25,773:INFO: - Found new best recall_at_100
2019-04-26 13:29:25,880:INFO: Epoch 5/5
2019-04-26 13:29:25,880:INFO: Train
2019-04-26 13:29:28,964:INFO: - Train metrics: recall_at_100: 0.181 ; loss: 1.020
2019-04-26 13:29:28,964:INFO: Evaluate
2019-04-26 13:29:31,079:INFO: - Evaluate metrics: recall_at_100: 0.167 ; loss: 1.040
2019-04-26 13:30:07,401:INFO: Training model for test 2
2019-04-26 13:30:13,895:INFO: Starting training for 5 epoch(s)
2019-04-26 13:30:13,896:INFO: Epoch 1/5
2019-04-26 13:30:13,896:INFO: Train
2019-04-26 13:30:17,236:INFO: - Train metrics: recall_at_100: 0.001 ; loss: 1.486
2019-04-26 13:30:17,237:INFO: Evaluate
2019-04-26 13:30:19,331:INFO: - Evaluate metrics: recall_at_100: 0.144 ; loss: 1.392
2019-04-26 13:30:19,332:INFO: - Found new best recall_at_100
2019-04-26 13:30:19,439:INFO: Epoch 2/5
2019-04-26 13:30:19,439:INFO: Train
2019-04-26 13:30:22,638:INFO: - Train metrics: recall_at_100: 0.167 ; loss: 1.124
2019-04-26 13:30:22,639:INFO: Evaluate
2019-04-26 13:30:24,803:INFO: - Evaluate metrics: recall_at_100: 0.184 ; loss: 1.066
2019-04-26 13:30:24,804:INFO: - Found new best recall_at_100
2019-04-26 13:30:24,904:INFO: Epoch 3/5
2019-04-26 13:30:24,904:INFO: Train
2019-04-26 13:30:28,174:INFO: - Train metrics: recall_at_100: 0.144 ; loss: 1.053
2019-04-26 13:30:28,174:INFO: Evaluate
2019-04-26 13:30:30,336:INFO: - Evaluate metrics: recall_at_100: 0.173 ; loss: 1.073
2019-04-26 13:30:30,370:INFO: Epoch 4/5
2019-04-26 13:30:30,370:INFO: Train
2019-04-26 13:30:33,729:INFO: - Train metrics: recall_at_100: 0.174 ; loss: 1.039
2019-04-26 13:30:33,729:INFO: Evaluate
2019-04-26 13:30:35,837:INFO: - Evaluate metrics: recall_at_100: 0.178 ; loss: 1.065
2019-04-26 13:30:35,879:INFO: Epoch 5/5
2019-04-26 13:30:35,879:INFO: Train
2019-04-26 13:30:39,197:INFO: - Train metrics: recall_at_100: 0.177 ; loss: 1.017
2019-04-26 13:30:39,198:INFO: Evaluate
2019-04-26 13:30:41,399:INFO: - Evaluate metrics: recall_at_100: 0.174 ; loss: 1.073
2019-04-26 13:31:17,411:INFO: Training model for test 4
2019-04-26 13:31:23,818:INFO: Starting training for 5 epoch(s)
2019-04-26 13:31:23,819:INFO: Epoch 1/5
2019-04-26 13:31:23,819:INFO: Train
2019-04-26 13:31:27,174:INFO: - Train metrics: recall_at_100: 0.003 ; loss: 1.436
2019-04-26 13:31:27,175:INFO: Evaluate
2019-04-26 13:31:29,339:INFO: - Evaluate metrics: recall_at_100: 0.220 ; loss: 1.222
2019-04-26 13:31:29,340:INFO: - Found new best recall_at_100
2019-04-26 13:31:29,423:INFO: Epoch 2/5
2019-04-26 13:31:29,423:INFO: Train
2019-04-26 13:31:32,523:INFO: - Train metrics: recall_at_100: 0.150 ; loss: 1.085
2019-04-26 13:31:32,523:INFO: Evaluate
2019-04-26 13:31:34,625:INFO: - Evaluate metrics: recall_at_100: 0.205 ; loss: 1.072
2019-04-26 13:31:34,660:INFO: Epoch 3/5
2019-04-26 13:31:34,660:INFO: Train
2019-04-26 13:31:37,925:INFO: - Train metrics: recall_at_100: 0.193 ; loss: 1.043
2019-04-26 13:31:37,926:INFO: Evaluate
2019-04-26 13:31:40,120:INFO: - Evaluate metrics: recall_at_100: 0.191 ; loss: 1.025
2019-04-26 13:31:40,153:INFO: Epoch 4/5
2019-04-26 13:31:40,153:INFO: Train
2019-04-26 13:31:43,456:INFO: - Train metrics: recall_at_100: 0.186 ; loss: 1.038
2019-04-26 13:31:43,457:INFO: Evaluate
2019-04-26 13:31:45,618:INFO: - Evaluate metrics: recall_at_100: 0.201 ; loss: 1.051
2019-04-26 13:31:45,654:INFO: Epoch 5/5
2019-04-26 13:31:45,654:INFO: Train
2019-04-26 13:31:49,013:INFO: - Train metrics: recall_at_100: 0.179 ; loss: 1.025
2019-04-26 13:31:49,014:INFO: Evaluate
2019-04-26 13:31:51,147:INFO: - Evaluate metrics: recall_at_100: 0.225 ; loss: 1.001
2019-04-26 13:31:51,147:INFO: - Found new best recall_at_100
2019-04-26 13:32:27,580:INFO: Training model for test 5
2019-04-26 13:32:34,545:INFO: Starting training for 5 epoch(s)
2019-04-26 13:32:34,545:INFO: Epoch 1/5
2019-04-26 13:32:34,545:INFO: Train
2019-04-26 13:32:37,679:INFO: - Train metrics: recall_at_100: 0.002 ; loss: 1.597
2019-04-26 13:32:37,680:INFO: Evaluate
2019-04-26 13:32:39,779:INFO: - Evaluate metrics: recall_at_100: 0.162 ; loss: 1.262
2019-04-26 13:32:39,780:INFO: - Found new best recall_at_100
2019-04-26 13:32:39,894:INFO: Epoch 2/5
2019-04-26 13:32:39,894:INFO: Train
2019-04-26 13:32:43,154:INFO: - Train metrics: recall_at_100: 0.164 ; loss: 1.189
2019-04-26 13:32:43,154:INFO: Evaluate
2019-04-26 13:32:45,342:INFO: - Evaluate metrics: recall_at_100: 0.163 ; loss: 1.080
2019-04-26 13:32:45,342:INFO: - Found new best recall_at_100
2019-04-26 13:32:45,452:INFO: Epoch 3/5
2019-04-26 13:32:45,453:INFO: Train
2019-04-26 13:32:48,499:INFO: - Train metrics: recall_at_100: 0.184 ; loss: 1.075
2019-04-26 13:32:48,499:INFO: Evaluate
2019-04-26 13:32:50,577:INFO: - Evaluate metrics: recall_at_100: 0.151 ; loss: 1.058
2019-04-26 13:32:50,623:INFO: Epoch 4/5
2019-04-26 13:32:50,623:INFO: Train
2019-04-26 13:32:53,729:INFO: - Train metrics: recall_at_100: 0.171 ; loss: 1.050
2019-04-26 13:32:53,729:INFO: Evaluate
2019-04-26 13:32:56,012:INFO: - Evaluate metrics: recall_at_100: 0.171 ; loss: 1.046
2019-04-26 13:32:56,013:INFO: - Found new best recall_at_100
2019-04-26 13:32:56,133:INFO: Epoch 5/5
2019-04-26 13:32:56,134:INFO: Train
2019-04-26 13:32:59,325:INFO: - Train metrics: recall_at_100: 0.153 ; loss: 1.039
2019-04-26 13:32:59,325:INFO: Evaluate
2019-04-26 13:33:01,541:INFO: - Evaluate metrics: recall_at_100: 0.184 ; loss: 1.021
2019-04-26 13:33:01,541:INFO: - Found new best recall_at_100
2019-04-26 13:33:39,857:INFO: Training model for test 7
2019-04-26 13:33:47,662:INFO: Starting training for 5 epoch(s)
2019-04-26 13:33:47,663:INFO: Epoch 1/5
2019-04-26 13:33:47,663:INFO: Train
2019-04-26 13:33:51,024:INFO: - Train metrics: recall_at_100: 0.000 ; loss: 1.660
2019-04-26 13:33:51,025:INFO: Evaluate
2019-04-26 13:33:53,233:INFO: - Evaluate metrics: recall_at_100: 0.000 ; loss: 1.558
2019-04-26 13:33:53,234:INFO: - Found new best recall_at_100
2019-04-26 13:33:53,332:INFO: Epoch 2/5
2019-04-26 13:33:53,332:INFO: Train
2019-04-26 13:33:56,589:INFO: - Train metrics: recall_at_100: 0.003 ; loss: 1.456
2019-04-26 13:33:56,589:INFO: Evaluate
2019-04-26 13:33:58,886:INFO: - Evaluate metrics: recall_at_100: 0.144 ; loss: 1.258
2019-04-26 13:33:58,886:INFO: - Found new best recall_at_100
2019-04-26 13:33:59,006:INFO: Epoch 3/5
2019-04-26 13:33:59,006:INFO: Train
2019-04-26 13:34:02,243:INFO: - Train metrics: recall_at_100: 0.159 ; loss: 1.138
2019-04-26 13:34:02,244:INFO: Evaluate
2019-04-26 13:34:04,335:INFO: - Evaluate metrics: recall_at_100: 0.134 ; loss: 1.083
2019-04-26 13:34:04,377:INFO: Epoch 4/5
2019-04-26 13:34:04,377:INFO: Train
2019-04-26 13:34:07,525:INFO: - Train metrics: recall_at_100: 0.159 ; loss: 1.042
2019-04-26 13:34:07,525:INFO: Evaluate
2019-04-26 13:34:09,836:INFO: - Evaluate metrics: recall_at_100: 0.188 ; loss: 1.011
2019-04-26 13:34:09,836:INFO: - Found new best recall_at_100
2019-04-26 13:34:09,936:INFO: Epoch 5/5
2019-04-26 13:34:09,936:INFO: Train
2019-04-26 13:34:13,177:INFO: - Train metrics: recall_at_100: 0.149 ; loss: 1.042
2019-04-26 13:34:13,178:INFO: Evaluate
2019-04-26 13:34:15,346:INFO: - Evaluate metrics: recall_at_100: 0.172 ; loss: 1.041
2019-04-26 13:34:53,657:INFO: Training model for test 1
2019-04-26 13:35:01,278:INFO: Starting training for 5 epoch(s)
2019-04-26 13:35:01,279:INFO: Epoch 1/5
2019-04-26 13:35:01,279:INFO: Train
2019-04-26 13:35:04,480:INFO: - Train metrics: recall_at_100: 0.001 ; loss: 1.462
2019-04-26 13:35:04,481:INFO: Evaluate
2019-04-26 13:35:06,814:INFO: - Evaluate metrics: recall_at_100: 0.161 ; loss: 1.108
2019-04-26 13:35:06,816:INFO: - Found new best recall_at_100
2019-04-26 13:35:06,923:INFO: Epoch 2/5
2019-04-26 13:35:06,924:INFO: Train
2019-04-26 13:35:10,054:INFO: - Train metrics: recall_at_100: 0.185 ; loss: 1.094
2019-04-26 13:35:10,055:INFO: Evaluate
2019-04-26 13:35:12,405:INFO: - Evaluate metrics: recall_at_100: 0.163 ; loss: 1.089
2019-04-26 13:35:12,406:INFO: - Found new best recall_at_100
2019-04-26 13:35:12,583:INFO: Epoch 3/5
2019-04-26 13:35:12,583:INFO: Train
2019-04-26 13:35:15,917:INFO: - Train metrics: recall_at_100: 0.161 ; loss: 1.051
2019-04-26 13:35:15,917:INFO: Evaluate
2019-04-26 13:35:18,196:INFO: - Evaluate metrics: recall_at_100: 0.168 ; loss: 1.087
2019-04-26 13:35:18,197:INFO: - Found new best recall_at_100
2019-04-26 13:35:18,300:INFO: Epoch 4/5
2019-04-26 13:35:18,300:INFO: Train
2019-04-26 13:35:21,764:INFO: - Train metrics: recall_at_100: 0.186 ; loss: 1.018
2019-04-26 13:35:21,765:INFO: Evaluate
2019-04-26 13:35:23,853:INFO: - Evaluate metrics: recall_at_100: 0.175 ; loss: 1.059
2019-04-26 13:35:23,853:INFO: - Found new best recall_at_100
2019-04-26 13:35:23,947:INFO: Epoch 5/5
2019-04-26 13:35:23,947:INFO: Train
2019-04-26 13:35:27,373:INFO: - Train metrics: recall_at_100: 0.140 ; loss: 1.008
2019-04-26 13:35:27,373:INFO: Evaluate
2019-04-26 13:35:29,623:INFO: - Evaluate metrics: recall_at_100: 0.188 ; loss: 0.992
2019-04-26 13:35:29,623:INFO: - Found new best recall_at_100
2019-04-26 13:36:09,391:INFO: Training model for test 6
2019-04-26 13:36:17,046:INFO: Starting training for 5 epoch(s)
2019-04-26 13:36:17,046:INFO: Epoch 1/5
2019-04-26 13:36:17,046:INFO: Train
2019-04-26 13:36:20,318:INFO: - Train metrics: recall_at_100: 0.143 ; loss: 1.445
2019-04-26 13:36:20,318:INFO: Evaluate
2019-04-26 13:36:22,641:INFO: - Evaluate metrics: recall_at_100: 0.152 ; loss: 1.107
2019-04-26 13:36:22,641:INFO: - Found new best recall_at_100
2019-04-26 13:36:22,745:INFO: Epoch 2/5
2019-04-26 13:36:22,746:INFO: Train
2019-04-26 13:36:26,019:INFO: - Train metrics: recall_at_100: 0.155 ; loss: 1.105
2019-04-26 13:36:26,019:INFO: Evaluate
2019-04-26 13:36:28,395:INFO: - Evaluate metrics: recall_at_100: 0.154 ; loss: 1.115
2019-04-26 13:36:28,395:INFO: - Found new best recall_at_100
2019-04-26 13:36:28,517:INFO: Epoch 3/5
2019-04-26 13:36:28,517:INFO: Train
2019-04-26 13:36:32,025:INFO: - Train metrics: recall_at_100: 0.185 ; loss: 1.050
2019-04-26 13:36:32,025:INFO: Evaluate
2019-04-26 13:36:34,377:INFO: - Evaluate metrics: recall_at_100: 0.164 ; loss: 1.039
2019-04-26 13:36:34,378:INFO: - Found new best recall_at_100
2019-04-26 13:36:34,446:INFO: Epoch 4/5
2019-04-26 13:36:34,446:INFO: Train
2019-04-26 13:36:37,818:INFO: - Train metrics: recall_at_100: 0.231 ; loss: 1.034
2019-04-26 13:36:37,819:INFO: Evaluate
2019-04-26 13:36:40,126:INFO: - Evaluate metrics: recall_at_100: 0.163 ; loss: 1.020
2019-04-26 13:36:40,157:INFO: Epoch 5/5
2019-04-26 13:36:40,157:INFO: Train
2019-04-26 13:36:43,409:INFO: - Train metrics: recall_at_100: 0.213 ; loss: 1.019
2019-04-26 13:36:43,409:INFO: Evaluate
2019-04-26 13:36:45,772:INFO: - Evaluate metrics: recall_at_100: 0.185 ; loss: 1.009
2019-04-26 13:36:45,772:INFO: - Found new best recall_at_100
2019-04-26 13:37:25,105:INFO: Training model for test 0
2019-04-26 13:37:30,493:INFO: Starting training for 5 epoch(s)
2019-04-26 13:37:30,493:INFO: Epoch 1/5
2019-04-26 13:37:30,493:INFO: Train
2019-04-26 13:37:33,751:INFO: - Train metrics: recall_at_100: 0.003 ; loss: 1.422
2019-04-26 13:37:33,751:INFO: Evaluate
2019-04-26 13:37:36,422:INFO: - Evaluate metrics: recall_at_100: 0.202 ; loss: 1.119
2019-04-26 13:37:36,422:INFO: - Found new best recall_at_100
2019-04-26 13:37:36,530:INFO: Epoch 2/5
2019-04-26 13:37:36,530:INFO: Train
2019-04-26 13:37:39,622:INFO: - Train metrics: recall_at_100: 0.159 ; loss: 1.091
2019-04-26 13:37:39,623:INFO: Evaluate
2019-04-26 13:37:42,179:INFO: - Evaluate metrics: recall_at_100: 0.186 ; loss: 1.056
2019-04-26 13:37:42,222:INFO: Epoch 3/5
2019-04-26 13:37:42,222:INFO: Train
2019-04-26 13:37:45,391:INFO: - Train metrics: recall_at_100: 0.178 ; loss: 1.041
2019-04-26 13:37:45,391:INFO: Evaluate
2019-04-26 13:37:47,907:INFO: - Evaluate metrics: recall_at_100: 0.186 ; loss: 1.019
2019-04-26 13:37:47,944:INFO: Epoch 4/5
2019-04-26 13:37:47,945:INFO: Train
2019-04-26 13:37:51,245:INFO: - Train metrics: recall_at_100: 0.222 ; loss: 1.044
2019-04-26 13:37:51,246:INFO: Evaluate
2019-04-26 13:37:53,722:INFO: - Evaluate metrics: recall_at_100: 0.185 ; loss: 0.992
2019-04-26 13:37:53,762:INFO: Epoch 5/5
2019-04-26 13:37:53,762:INFO: Train
2019-04-26 13:37:57,115:INFO: - Train metrics: recall_at_100: 0.143 ; loss: 1.035
2019-04-26 13:37:57,115:INFO: Evaluate
2019-04-26 13:37:59,590:INFO: - Evaluate metrics: recall_at_100: 0.216 ; loss: 1.015
2019-04-26 13:37:59,590:INFO: - Found new best recall_at_100
