2019-08-30 10:01:28,552:INFO: Disease Protein Prediction in the PPI Network
2019-08-30 10:01:28,552:INFO: Sabri Eyuboglu  -- SNAP Group
2019-08-30 10:01:28,552:INFO: ======================================
2019-08-30 10:01:28,552:INFO: Loading PPI Network...
2019-08-30 10:01:31,498:INFO: Loading Disease Associations...
2019-08-30 10:01:32,363:INFO: Running Experiment...
2019-08-30 10:03:12,875:INFO: Disease Protein Prediction in the PPI Network
2019-08-30 10:03:12,875:INFO: Sabri Eyuboglu  -- SNAP Group
2019-08-30 10:03:12,875:INFO: ======================================
2019-08-30 10:03:12,875:INFO: Loading PPI Network...
2019-08-30 10:03:15,625:INFO: Loading Disease Associations...
2019-08-30 10:03:16,026:INFO: Running Experiment...
2019-08-30 10:04:32,342:INFO: Disease Protein Prediction in the PPI Network
2019-08-30 10:04:32,342:INFO: Sabri Eyuboglu  -- SNAP Group
2019-08-30 10:04:32,342:INFO: ======================================
2019-08-30 10:04:32,342:INFO: Loading PPI Network...
2019-08-30 10:04:35,070:INFO: Loading Disease Associations...
2019-08-30 10:04:35,516:INFO: Running Experiment...
2019-08-30 10:05:46,008:INFO: Disease Protein Prediction in the PPI Network
2019-08-30 10:05:46,009:INFO: Sabri Eyuboglu  -- SNAP Group
2019-08-30 10:05:46,009:INFO: ======================================
2019-08-30 10:05:46,009:INFO: Loading PPI Network...
2019-08-30 10:05:48,754:INFO: Loading Disease Associations...
2019-08-30 10:05:49,270:INFO: Running Experiment...
2019-08-30 10:08:05,470:INFO: Disease Protein Prediction in the PPI Network
2019-08-30 10:08:05,470:INFO: Sabri Eyuboglu  -- SNAP Group
2019-08-30 10:08:05,470:INFO: ======================================
2019-08-30 10:08:05,470:INFO: Loading PPI Network...
2019-08-30 10:08:08,228:INFO: Loading Disease Associations...
2019-08-30 10:08:09,122:INFO: Running Experiment...
2019-08-30 10:09:26,749:INFO: Disease Protein Prediction in the PPI Network
2019-08-30 10:09:26,749:INFO: Sabri Eyuboglu  -- SNAP Group
2019-08-30 10:09:26,749:INFO: ======================================
2019-08-30 10:09:26,749:INFO: Loading PPI Network...
2019-08-30 10:09:29,576:INFO: Loading Disease Associations...
2019-08-30 10:09:30,512:INFO: Running Experiment...
2019-08-30 10:10:23,470:INFO: Disease Protein Prediction in the PPI Network
2019-08-30 10:10:23,470:INFO: Sabri Eyuboglu  -- SNAP Group
2019-08-30 10:10:23,470:INFO: ======================================
2019-08-30 10:10:23,470:INFO: Loading PPI Network...
2019-08-30 10:10:26,354:INFO: Loading Disease Associations...
2019-08-30 10:10:27,361:INFO: Running Experiment...
2019-08-30 10:13:16,481:INFO: Disease Protein Prediction in the PPI Network
2019-08-30 10:13:16,481:INFO: Sabri Eyuboglu  -- SNAP Group
2019-08-30 10:13:16,481:INFO: ======================================
2019-08-30 10:13:16,481:INFO: Loading PPI Network...
2019-08-30 10:13:19,357:INFO: Loading Disease Associations...
2019-08-30 10:13:19,863:INFO: Running Experiment...
2019-08-30 10:31:50,194:INFO: Disease Protein Prediction in the PPI Network
2019-08-30 10:31:50,195:INFO: Sabri Eyuboglu  -- SNAP Group
2019-08-30 10:31:50,195:INFO: ======================================
2019-08-30 10:31:50,195:INFO: Loading PPI Network...
