2019-01-28 16:09:55,953:INFO: Metric Significance of Diseases in the PPI Network
2019-01-28 16:09:55,954:INFO: Sabri Eyuboglu  -- SNAP Group
2019-01-28 16:09:55,954:INFO: ======================================
2019-01-28 16:09:55,954:INFO: Loading Disease Associations...
2019-01-28 16:09:55,967:INFO: Loading Network...
2019-01-28 16:14:39,233:INFO: Metric Significance of Diseases in the PPI Network
2019-01-28 16:14:39,234:INFO: Sabri Eyuboglu  -- SNAP Group
2019-01-28 16:14:39,234:INFO: ======================================
2019-01-28 16:14:39,234:INFO: Loading Disease Associations...
2019-01-28 16:14:57,272:INFO: Metric Significance of Diseases in the PPI Network
2019-01-28 16:14:57,272:INFO: Sabri Eyuboglu  -- SNAP Group
2019-01-28 16:14:57,272:INFO: ======================================
2019-01-28 16:14:57,272:INFO: Loading Disease Associations...
2019-01-28 16:14:57,283:INFO: Loading Network...
2019-01-28 16:15:05,410:INFO: Loading PPI Matrices...
2019-01-28 16:15:09,949:INFO: Building Degree Buckets...
2019-01-28 16:15:28,676:INFO: Metric Significance of Diseases in the PPI Network
2019-01-28 16:15:28,677:INFO: Sabri Eyuboglu  -- SNAP Group
2019-01-28 16:15:28,677:INFO: ======================================
2019-01-28 16:15:28,677:INFO: Loading Disease Associations...
2019-01-28 16:15:28,689:INFO: Loading Network...
2019-01-28 16:15:35,818:INFO: Loading PPI Matrices...
2019-01-28 16:15:40,259:INFO: Building Degree Buckets...
2019-01-28 16:15:40,334:INFO: Running Experiment...
2019-01-28 16:16:50,600:INFO: Metric Significance of Diseases in the PPI Network
2019-01-28 16:16:50,600:INFO: Sabri Eyuboglu  -- SNAP Group
2019-01-28 16:16:50,600:INFO: ======================================
2019-01-28 16:16:50,600:INFO: Loading Disease Associations...
2019-01-28 16:16:50,612:INFO: Loading Network...
2019-01-28 16:16:59,652:INFO: Loading PPI Matrices...
2019-01-28 16:17:04,640:INFO: Building Degree Buckets...
2019-01-28 16:17:04,716:INFO: Running Experiment...
2019-01-28 16:17:20,345:INFO: Metric Significance of Diseases in the PPI Network
2019-01-28 16:17:20,345:INFO: Sabri Eyuboglu  -- SNAP Group
2019-01-28 16:17:20,345:INFO: ======================================
2019-01-28 16:17:20,345:INFO: Loading Disease Associations...
2019-01-28 16:17:20,358:INFO: Loading Network...
2019-01-28 16:17:27,969:INFO: Loading PPI Matrices...
2019-01-28 16:17:31,609:INFO: Building Degree Buckets...
2019-01-28 16:17:31,700:INFO: Running Experiment...
2019-01-28 16:20:50,065:INFO: Metric Significance of Diseases in the PPI Network
2019-01-28 16:20:50,065:INFO: Sabri Eyuboglu  -- SNAP Group
2019-01-28 16:20:50,065:INFO: ======================================
2019-01-28 16:20:50,065:INFO: Loading Disease Associations...
2019-01-28 16:20:50,080:INFO: Loading Network...
2019-01-28 16:20:56,983:INFO: Loading PPI Matrices...
2019-01-28 16:21:00,585:INFO: Building Degree Buckets...
2019-01-28 16:21:00,675:INFO: Running Experiment...
2019-01-28 16:25:17,784:INFO: Metric Significance of Diseases in the PPI Network
2019-01-28 16:25:17,784:INFO: Sabri Eyuboglu  -- SNAP Group
2019-01-28 16:25:17,784:INFO: ======================================
2019-01-28 16:25:17,784:INFO: Loading Disease Associations...
2019-01-28 16:25:17,798:INFO: Loading Network...
2019-01-28 16:25:25,030:INFO: Loading PPI Matrices...
2019-01-28 16:25:28,937:INFO: Building Degree Buckets...
2019-01-28 16:25:29,030:INFO: Running Experiment...
2019-01-28 16:27:47,021:INFO: Metric Significance of Diseases in the PPI Network
2019-01-28 16:27:47,021:INFO: Sabri Eyuboglu  -- SNAP Group
2019-01-28 16:27:47,021:INFO: ======================================
2019-01-28 16:27:47,021:INFO: Loading Disease Associations...
2019-01-28 16:29:16,802:INFO: Metric Significance of Diseases in the PPI Network
2019-01-28 16:29:16,802:INFO: Sabri Eyuboglu  -- SNAP Group
2019-01-28 16:29:16,802:INFO: ======================================
2019-01-28 16:29:16,803:INFO: Loading Disease Associations...
2019-01-28 16:30:22,517:INFO: Metric Significance of Diseases in the PPI Network
2019-01-28 16:30:22,517:INFO: Sabri Eyuboglu  -- SNAP Group
2019-01-28 16:30:22,517:INFO: ======================================
2019-01-28 16:30:22,517:INFO: Loading Disease Associations...
2019-01-28 16:32:55,287:INFO: Metric Significance of Diseases in the PPI Network
2019-01-28 16:32:55,287:INFO: Sabri Eyuboglu  -- SNAP Group
2019-01-28 16:32:55,287:INFO: ======================================
2019-01-28 16:32:55,288:INFO: Loading Disease Associations...
2019-01-28 16:33:24,460:INFO: Metric Significance of Diseases in the PPI Network
2019-01-28 16:33:24,461:INFO: Sabri Eyuboglu  -- SNAP Group
2019-01-28 16:33:24,461:INFO: ======================================
2019-01-28 16:33:24,461:INFO: Loading Disease Associations...
2019-01-28 16:33:34,298:INFO: Metric Significance of Diseases in the PPI Network
2019-01-28 16:33:34,298:INFO: Sabri Eyuboglu  -- SNAP Group
2019-01-28 16:33:34,298:INFO: ======================================
2019-01-28 16:33:34,298:INFO: Loading Disease Associations...
2019-01-28 16:33:56,919:INFO: Metric Significance of Diseases in the PPI Network
2019-01-28 16:33:56,919:INFO: Sabri Eyuboglu  -- SNAP Group
2019-01-28 16:33:56,919:INFO: ======================================
2019-01-28 16:33:56,920:INFO: Loading Disease Associations...
2019-01-28 16:35:53,877:INFO: Metric Significance of Diseases in the PPI Network
2019-01-28 16:35:53,877:INFO: Sabri Eyuboglu  -- SNAP Group
2019-01-28 16:35:53,877:INFO: ======================================
2019-01-28 16:35:53,877:INFO: Loading Disease Associations...
2019-01-28 16:37:51,271:INFO: Metric Significance of Diseases in the PPI Network
2019-01-28 16:37:51,271:INFO: Sabri Eyuboglu  -- SNAP Group
2019-01-28 16:37:51,271:INFO: ======================================
2019-01-28 16:37:51,271:INFO: Loading Disease Associations...
2019-01-28 16:38:29,558:INFO: Metric Significance of Diseases in the PPI Network
2019-01-28 16:38:29,558:INFO: Sabri Eyuboglu  -- SNAP Group
2019-01-28 16:38:29,558:INFO: ======================================
2019-01-28 16:38:29,558:INFO: Loading Disease Associations...
2019-01-28 16:39:02,895:INFO: Metric Significance of Diseases in the PPI Network
2019-01-28 16:39:02,896:INFO: Sabri Eyuboglu  -- SNAP Group
2019-01-28 16:39:02,896:INFO: ======================================
2019-01-28 16:39:02,896:INFO: Loading Disease Associations...
2019-01-28 16:39:15,963:INFO: Metric Significance of Diseases in the PPI Network
2019-01-28 16:39:15,963:INFO: Sabri Eyuboglu  -- SNAP Group
2019-01-28 16:39:15,963:INFO: ======================================
2019-01-28 16:39:15,963:INFO: Loading Disease Associations...
2019-01-28 16:39:41,746:INFO: Metric Significance of Diseases in the PPI Network
2019-01-28 16:39:41,746:INFO: Sabri Eyuboglu  -- SNAP Group
2019-01-28 16:39:41,747:INFO: ======================================
2019-01-28 16:39:41,747:INFO: Loading Disease Associations...
2019-01-28 16:40:50,861:INFO: Metric Significance of Diseases in the PPI Network
2019-01-28 16:40:50,862:INFO: Sabri Eyuboglu  -- SNAP Group
2019-01-28 16:40:50,862:INFO: ======================================
2019-01-28 16:40:50,862:INFO: Loading Disease Associations...
2019-01-28 16:41:00,784:INFO: Metric Significance of Diseases in the PPI Network
2019-01-28 16:41:00,784:INFO: Sabri Eyuboglu  -- SNAP Group
2019-01-28 16:41:00,784:INFO: ======================================
2019-01-28 16:41:00,784:INFO: Loading Disease Associations...
2019-01-28 16:41:00,794:INFO: Loading Network...
2019-01-28 16:41:08,683:INFO: Loading PPI Matrices...
2019-01-28 16:41:13,487:INFO: Building Degree Buckets...
2019-01-28 16:41:13,563:INFO: Running Experiment...
2019-01-28 16:46:22,096:INFO: Metric Significance of Diseases in the PPI Network
2019-01-28 16:46:22,096:INFO: Sabri Eyuboglu  -- SNAP Group
2019-01-28 16:46:22,096:INFO: ======================================
2019-01-28 16:46:22,096:INFO: Loading Disease Associations...
