2019-07-18 22:47:56,386:INFO: Disease Protein Prediction in the PPI Network
2019-07-18 22:47:56,387:INFO: Sabri Eyuboglu  -- SNAP Group
2019-07-18 22:47:56,387:INFO: ======================================
2019-07-18 22:47:56,387:INFO: Loading PPI Network...
2019-07-18 22:48:09,233:INFO: Loading Disease Associations...
2019-07-18 22:48:09,331:INFO: Running Experiment...
2019-07-19 02:32:54,674:INFO: Disease Protein Prediction in the PPI Network
2019-07-19 02:32:54,675:INFO: Sabri Eyuboglu  -- SNAP Group
2019-07-19 02:32:54,676:INFO: ======================================
2019-07-19 02:32:54,676:INFO: Loading PPI Network...
2019-07-19 02:33:08,009:INFO: Loading Disease Associations...
2019-07-19 02:33:09,054:INFO: Running Experiment...
2019-07-19 06:18:18,302:INFO: Disease Protein Prediction in the PPI Network
2019-07-19 06:18:18,303:INFO: Sabri Eyuboglu  -- SNAP Group
2019-07-19 06:18:18,304:INFO: ======================================
2019-07-19 06:18:18,304:INFO: Loading PPI Network...
2019-07-19 06:18:32,133:INFO: Loading Disease Associations...
2019-07-19 06:18:32,719:INFO: Running Experiment...
2019-07-19 10:03:12,329:INFO: Disease Protein Prediction in the PPI Network
2019-07-19 10:03:12,330:INFO: Sabri Eyuboglu  -- SNAP Group
2019-07-19 10:03:12,330:INFO: ======================================
2019-07-19 10:03:12,330:INFO: Loading PPI Network...
2019-07-19 10:03:26,445:INFO: Loading Disease Associations...
2019-07-19 10:03:27,036:INFO: Running Experiment...
