2019-09-15 18:20:25,293:INFO: Generating network at data/networks/coexpression/network.txt
2019-09-15 18:20:25,300:INFO: Number of nodes: 11650 
2019-09-15 18:20:25,301:INFO: Number of edges: 579446 
2019-09-15 18:20:39,934:INFO: Generating network at data/networks/coexpression/network.txt
2019-09-15 18:20:39,934:INFO: Number of nodes: 11650 
2019-09-15 18:20:39,935:INFO: Number of edges: 579446 
2019-09-15 18:20:46,443:INFO: Generating network at data/networks/coexpression/network.txt
2019-09-15 18:20:46,444:INFO: Number of nodes: 11650 
2019-09-15 18:20:46,445:INFO: Number of edges: 579446 
2019-09-15 18:20:52,318:INFO: Generating network at data/networks/coexpression/network.txt
2019-09-15 18:20:52,318:INFO: Number of nodes: 11650 
2019-09-15 18:20:52,319:INFO: Number of edges: 579446 
2019-09-15 18:21:04,046:INFO: Generating network at data/networks/coexpression/network.txt
2019-09-15 18:21:04,047:INFO: Number of nodes: 11650 
2019-09-15 18:21:04,048:INFO: Number of edges: 579446 
2019-09-15 18:21:28,633:INFO: Generating network at data/networks/coexpression/network.txt
2019-09-15 18:21:28,634:INFO: Number of nodes: 11650 
2019-09-15 18:21:28,634:INFO: Number of edges: 579446 
2019-09-15 18:23:13,521:INFO: Generating network at data/networks/phylogenetic/network.txt
2019-09-15 18:23:13,523:INFO: Number of nodes: 10134 
2019-09-15 18:23:13,524:INFO: Number of edges: 4065398 
2019-09-15 18:25:28,389:INFO: Generating network at data/networks/functional/network.txt
2019-09-15 18:25:28,390:INFO: Number of nodes: 14234 
2019-09-15 18:25:28,391:INFO: Number of edges: 940373 
2019-09-15 18:26:28,470:INFO: Generating network at data/networks/functional/network.txt
2019-09-15 18:26:28,471:INFO: Number of nodes: 3554 
2019-09-15 18:26:28,471:INFO: Number of edges: 103160 
2019-09-15 18:26:41,152:INFO: Generating network at data/networks/coexpression/network.txt
2019-09-15 18:26:41,153:INFO: Number of nodes: 11748 
2019-09-15 18:26:41,154:INFO: Number of edges: 871376 
2019-09-15 18:26:48,306:INFO: Generating network at data/networks/functional/network.txt
2019-09-15 18:26:48,307:INFO: Number of nodes: 7202 
2019-09-15 18:26:48,307:INFO: Number of edges: 336803 
2019-09-15 18:26:53,860:INFO: Generating network at data/networks/functional/network.txt
2019-09-15 18:26:53,861:INFO: Number of nodes: 14234 
2019-09-15 18:26:53,861:INFO: Number of edges: 940373 
2019-09-15 18:26:58,891:INFO: Generating network at data/networks/functional/network.txt
2019-09-15 18:26:58,891:INFO: Number of nodes: 14234 
2019-09-15 18:26:58,892:INFO: Number of edges: 940373 
2019-09-15 18:27:03,076:INFO: Generating network at data/networks/functional/network.txt
2019-09-15 18:27:03,076:INFO: Number of nodes: 14234 
2019-09-15 18:27:03,077:INFO: Number of edges: 940373 
2019-09-15 18:27:04,610:INFO: Generating network at data/networks/coexpression/network.txt
2019-09-15 18:27:04,611:INFO: Number of nodes: 11748 
2019-09-15 18:27:04,612:INFO: Number of edges: 871376 
2019-09-15 18:27:19,712:INFO: Generating network at data/networks/phylogenetic/network.txt
2019-09-15 18:27:19,712:INFO: Number of nodes: 10134 
2019-09-15 18:27:19,713:INFO: Number of edges: 4065398 
