2019-11-23 09:51:13,788:INFO: Disease Protein Prediction in the PPI Network
2019-11-23 09:51:13,788:INFO: Sabri Eyuboglu  -- SNAP Group
2019-11-23 09:51:13,788:INFO: ======================================
2019-11-23 09:51:13,788:INFO: Loading PPI Network...
2019-11-23 09:52:03,940:INFO: Disease Protein Prediction in the PPI Network
2019-11-23 09:52:03,940:INFO: Sabri Eyuboglu  -- SNAP Group
2019-11-23 09:52:03,940:INFO: ======================================
2019-11-23 09:52:03,940:INFO: Loading PPI Network...
2019-11-23 09:52:11,279:INFO: Loading Disease Associations...
2019-11-23 09:57:24,712:INFO: Disease Protein Prediction in the PPI Network
2019-11-23 09:57:24,712:INFO: Sabri Eyuboglu  -- SNAP Group
2019-11-23 09:57:24,712:INFO: ======================================
2019-11-23 09:57:24,712:INFO: Loading PPI Network...
2019-11-23 09:57:31,513:INFO: Loading Disease Associations...
2019-11-23 10:01:01,209:INFO: Disease Protein Prediction in the PPI Network
2019-11-23 10:01:01,209:INFO: Sabri Eyuboglu  -- SNAP Group
2019-11-23 10:01:01,209:INFO: ======================================
2019-11-23 10:01:01,209:INFO: Loading PPI Network...
2019-11-23 10:01:08,354:INFO: Loading Disease Associations...
2019-11-23 10:03:24,941:INFO: Disease Protein Prediction in the PPI Network
2019-11-23 10:03:24,942:INFO: Sabri Eyuboglu  -- SNAP Group
2019-11-23 10:03:24,942:INFO: ======================================
2019-11-23 10:03:24,942:INFO: Loading PPI Network...
2019-11-23 10:03:32,119:INFO: Loading Disease Associations...
2019-11-23 10:03:32,131:INFO: Running Experiment...
2019-11-23 10:06:12,431:INFO: Disease Protein Prediction in the PPI Network
2019-11-23 10:06:12,431:INFO: Sabri Eyuboglu  -- SNAP Group
2019-11-23 10:06:12,431:INFO: ======================================
2019-11-23 10:06:12,431:INFO: Loading PPI Network...
2019-11-23 10:06:21,718:INFO: Loading Disease Associations...
2019-11-23 10:06:21,730:INFO: Running Experiment...
2019-11-23 10:07:01,290:INFO: Disease Protein Prediction in the PPI Network
2019-11-23 10:07:01,290:INFO: Sabri Eyuboglu  -- SNAP Group
2019-11-23 10:07:01,290:INFO: ======================================
2019-11-23 10:07:01,290:INFO: Loading PPI Network...
2019-11-23 10:07:11,619:INFO: Loading Disease Associations...
2019-11-23 10:07:11,635:INFO: Running Experiment...
