2018-12-20 12:49:11,052:INFO: Aggregating Experiments
2018-12-20 12:49:11,052:INFO: Sabri Eyuboglu  -- SNAP Group
2018-12-20 12:49:11,052:INFO: ======================================
2018-12-20 12:49:11,052:INFO: Loading Disease Associations...
2018-12-20 12:53:06,345:INFO: Aggregating Experiments
2018-12-20 12:53:06,346:INFO: Sabri Eyuboglu  -- SNAP Group
2018-12-20 12:53:06,346:INFO: ======================================
2018-12-20 12:53:06,346:INFO: Loading Disease Associations...
2018-12-20 12:53:42,018:INFO: Aggregating Experiments
2018-12-20 12:53:42,018:INFO: Sabri Eyuboglu  -- SNAP Group
2018-12-20 12:53:42,018:INFO: ======================================
2018-12-20 12:53:42,018:INFO: Loading Disease Associations...
2018-12-20 12:54:55,254:INFO: Aggregating Experiments
2018-12-20 12:54:55,254:INFO: Sabri Eyuboglu  -- SNAP Group
2018-12-20 12:54:55,254:INFO: ======================================
2018-12-20 12:54:55,254:INFO: Loading Disease Associations...
2018-12-20 13:00:02,694:INFO: Aggregating Experiments
2018-12-20 13:00:02,696:INFO: Sabri Eyuboglu  -- SNAP Group
2018-12-20 13:00:02,696:INFO: ======================================
2018-12-20 13:00:02,696:INFO: Loading Disease Associations...
2018-12-20 13:00:30,763:INFO: Aggregating Experiments
2018-12-20 13:00:30,764:INFO: Sabri Eyuboglu  -- SNAP Group
2018-12-20 13:00:30,764:INFO: ======================================
2018-12-20 13:00:30,764:INFO: Loading Disease Associations...
2018-12-20 13:00:32,350:INFO: Plotting results...
2018-12-20 13:02:42,087:INFO: Aggregating Experiments
2018-12-20 13:02:42,088:INFO: Sabri Eyuboglu  -- SNAP Group
2018-12-20 13:02:42,088:INFO: ======================================
2018-12-20 13:02:42,088:INFO: Loading Disease Associations...
2018-12-20 13:02:42,176:INFO: Plotting results...
2018-12-20 13:03:46,829:INFO: Aggregating Experiments
2018-12-20 13:03:46,829:INFO: Sabri Eyuboglu  -- SNAP Group
2018-12-20 13:03:46,829:INFO: ======================================
2018-12-20 13:03:46,829:INFO: Loading Disease Associations...
2018-12-20 13:32:50,852:INFO: Aggregating Experiments
2018-12-20 13:32:50,852:INFO: Sabri Eyuboglu  -- SNAP Group
2018-12-20 13:32:50,852:INFO: ======================================
2018-12-20 13:32:50,852:INFO: Loading Disease Associations...
2018-12-20 13:34:29,533:INFO: Aggregating Experiments
2018-12-20 13:34:29,534:INFO: Sabri Eyuboglu  -- SNAP Group
2018-12-20 13:34:29,534:INFO: ======================================
2018-12-20 13:34:29,534:INFO: Loading Disease Associations...
2018-12-20 13:34:38,581:INFO: Aggregating Experiments
2018-12-20 13:34:38,582:INFO: Sabri Eyuboglu  -- SNAP Group
2018-12-20 13:34:38,582:INFO: ======================================
2018-12-20 13:34:38,582:INFO: Loading Disease Associations...
