2019-07-18 22:47:56,386:INFO: Disease Protein Prediction in the PPI Network
2019-07-18 22:47:56,387:INFO: Sabri Eyuboglu  -- SNAP Group
2019-07-18 22:47:56,387:INFO: ======================================
2019-07-18 22:47:56,387:INFO: Loading PPI Network...
2019-07-18 22:48:09,233:INFO: Loading Disease Associations...
2019-07-18 22:48:09,331:INFO: Running Experiment...
2019-07-19 02:32:54,674:INFO: Disease Protein Prediction in the PPI Network
2019-07-19 02:32:54,675:INFO: Sabri Eyuboglu  -- SNAP Group
2019-07-19 02:32:54,676:INFO: ======================================
2019-07-19 02:32:54,676:INFO: Loading PPI Network...
2019-07-19 02:33:08,009:INFO: Loading Disease Associations...
2019-07-19 02:33:09,054:INFO: Running Experiment...
2019-07-19 06:18:18,302:INFO: Disease Protein Prediction in the PPI Network
2019-07-19 06:18:18,303:INFO: Sabri Eyuboglu  -- SNAP Group
2019-07-19 06:18:18,304:INFO: ======================================
2019-07-19 06:18:18,304:INFO: Loading PPI Network...
2019-07-19 06:18:32,133:INFO: Loading Disease Associations...
2019-07-19 06:18:32,719:INFO: Running Experiment...
2019-07-19 10:03:12,329:INFO: Disease Protein Prediction in the PPI Network
2019-07-19 10:03:12,330:INFO: Sabri Eyuboglu  -- SNAP Group
2019-07-19 10:03:12,330:INFO: ======================================
2019-07-19 10:03:12,330:INFO: Loading PPI Network...
2019-07-19 10:03:26,445:INFO: Loading Disease Associations...
2019-07-19 10:03:27,036:INFO: Running Experiment...
2019-07-19 13:48:36,527:INFO: Disease Protein Prediction in the PPI Network
2019-07-19 13:48:36,528:INFO: Sabri Eyuboglu  -- SNAP Group
2019-07-19 13:48:36,528:INFO: ======================================
2019-07-19 13:48:36,528:INFO: Loading PPI Network...
2019-07-19 13:48:50,071:INFO: Loading Disease Associations...
2019-07-19 13:48:50,606:INFO: Running Experiment...
2019-07-19 17:33:09,996:INFO: Disease Protein Prediction in the PPI Network
2019-07-19 17:33:09,997:INFO: Sabri Eyuboglu  -- SNAP Group
2019-07-19 17:33:09,998:INFO: ======================================
2019-07-19 17:33:09,998:INFO: Loading PPI Network...
2019-07-19 17:33:23,071:INFO: Loading Disease Associations...
2019-07-19 17:33:23,671:INFO: Running Experiment...
2019-07-19 21:18:48,154:INFO: Disease Protein Prediction in the PPI Network
2019-07-19 21:18:48,155:INFO: Sabri Eyuboglu  -- SNAP Group
2019-07-19 21:18:48,155:INFO: ======================================
2019-07-19 21:18:48,155:INFO: Loading PPI Network...
2019-07-19 21:19:01,113:INFO: Loading Disease Associations...
2019-07-19 21:19:01,693:INFO: Running Experiment...
2019-07-20 01:05:01,440:INFO: Disease Protein Prediction in the PPI Network
2019-07-20 01:05:01,441:INFO: Sabri Eyuboglu  -- SNAP Group
2019-07-20 01:05:01,441:INFO: ======================================
2019-07-20 01:05:01,441:INFO: Loading PPI Network...
2019-07-20 01:05:15,608:INFO: Loading Disease Associations...
2019-07-20 01:05:16,166:INFO: Running Experiment...
2019-07-20 04:51:09,151:INFO: Disease Protein Prediction in the PPI Network
2019-07-20 04:51:09,152:INFO: Sabri Eyuboglu  -- SNAP Group
2019-07-20 04:51:09,152:INFO: ======================================
2019-07-20 04:51:09,152:INFO: Loading PPI Network...
2019-07-20 04:51:23,331:INFO: Loading Disease Associations...
2019-07-20 04:51:23,880:INFO: Running Experiment...
2019-07-20 08:37:46,796:INFO: Disease Protein Prediction in the PPI Network
2019-07-20 08:37:46,797:INFO: Sabri Eyuboglu  -- SNAP Group
2019-07-20 08:37:46,797:INFO: ======================================
2019-07-20 08:37:46,797:INFO: Loading PPI Network...
2019-07-20 08:38:00,034:INFO: Loading Disease Associations...
2019-07-20 08:38:00,664:INFO: Running Experiment...
