2019-01-27 17:19:10,383:INFO: Metric Significance of Diseases in the PPI Network
2019-01-27 17:19:10,384:INFO: Sabri Eyuboglu  -- SNAP Group
2019-01-27 17:19:10,384:INFO: ======================================
2019-01-27 17:19:10,384:INFO: Loading Disease Associations...
2019-01-27 17:19:10,439:INFO: Loading Network...
2019-01-27 17:19:18,549:INFO: Loading PPI Matrices...
2019-01-27 17:20:28,322:INFO: Metric Significance of Diseases in the PPI Network
2019-01-27 17:20:28,322:INFO: Sabri Eyuboglu  -- SNAP Group
2019-01-27 17:20:28,322:INFO: ======================================
2019-01-27 17:20:28,322:INFO: Loading Disease Associations...
2019-01-27 17:20:28,392:INFO: Loading Network...
2019-01-27 17:20:36,018:INFO: Loading PPI Matrices...
2019-01-27 17:20:51,965:INFO: Metric Significance of Diseases in the PPI Network
2019-01-27 17:20:51,965:INFO: Sabri Eyuboglu  -- SNAP Group
2019-01-27 17:20:51,965:INFO: ======================================
2019-01-27 17:20:51,965:INFO: Loading Disease Associations...
2019-01-27 17:20:52,031:INFO: Loading Network...
2019-01-27 17:20:59,653:INFO: Loading PPI Matrices...
2019-01-27 17:21:28,020:INFO: Metric Significance of Diseases in the PPI Network
2019-01-27 17:21:28,020:INFO: Sabri Eyuboglu  -- SNAP Group
2019-01-27 17:21:28,020:INFO: ======================================
2019-01-27 17:21:28,020:INFO: Loading Disease Associations...
2019-01-27 17:21:28,080:INFO: Loading Network...
2019-01-27 17:21:36,088:INFO: Loading PPI Matrices...
2019-01-27 17:21:40,471:INFO: Building Degree Buckets...
2019-01-27 17:21:56,368:INFO: Metric Significance of Diseases in the PPI Network
2019-01-27 17:21:56,368:INFO: Sabri Eyuboglu  -- SNAP Group
2019-01-27 17:21:56,369:INFO: ======================================
2019-01-27 17:21:56,369:INFO: Loading Disease Associations...
2019-01-27 17:21:56,430:INFO: Loading Network...
2019-01-27 17:22:03,762:INFO: Loading PPI Matrices...
2019-01-27 17:22:07,289:INFO: Building Degree Buckets...
2019-01-27 17:24:00,471:INFO: Metric Significance of Diseases in the PPI Network
2019-01-27 17:24:00,471:INFO: Sabri Eyuboglu  -- SNAP Group
2019-01-27 17:24:00,471:INFO: ======================================
2019-01-27 17:24:00,471:INFO: Loading Disease Associations...
2019-01-27 17:24:00,534:INFO: Loading Network...
2019-01-27 17:24:08,026:INFO: Loading PPI Matrices...
2019-01-27 17:24:10,901:INFO: Building Degree Buckets...
2019-01-27 17:24:11,017:INFO: Running Experiment...
2019-01-27 17:24:28,097:INFO: Metric Significance of Diseases in the PPI Network
2019-01-27 17:24:28,097:INFO: Sabri Eyuboglu  -- SNAP Group
2019-01-27 17:24:28,097:INFO: ======================================
2019-01-27 17:24:28,097:INFO: Loading Disease Associations...
2019-01-27 17:24:28,153:INFO: Loading Network...
2019-01-27 17:24:35,732:INFO: Loading PPI Matrices...
2019-01-27 17:24:38,564:INFO: Building Degree Buckets...
2019-01-27 17:24:38,611:INFO: Running Experiment...
2019-01-27 17:24:48,659:INFO: Metric Significance of Diseases in the PPI Network
2019-01-27 17:24:48,659:INFO: Sabri Eyuboglu  -- SNAP Group
2019-01-27 17:24:48,659:INFO: ======================================
2019-01-27 17:24:48,659:INFO: Loading Disease Associations...
2019-01-27 17:24:48,715:INFO: Loading Network...
2019-01-27 17:24:55,602:INFO: Loading PPI Matrices...
2019-01-27 17:24:59,086:INFO: Building Degree Buckets...
2019-01-27 17:24:59,201:INFO: Running Experiment...
