2020-06-20 12:42:30,362:INFO: Metric Significance of Diseases in the PPI Network
2020-06-20 12:42:30,362:INFO: Sabri Eyuboglu  -- SNAP Group
2020-06-20 12:42:30,362:INFO: ======================================
2020-06-20 12:42:30,362:INFO: Loading Disease Associations...
2020-06-20 12:42:44,157:INFO: Metric Significance of Diseases in the PPI Network
2020-06-20 12:42:44,157:INFO: Sabri Eyuboglu  -- SNAP Group
2020-06-20 12:42:44,157:INFO: ======================================
2020-06-20 12:42:44,157:INFO: Loading Disease Associations...
2020-06-20 12:42:57,639:INFO: Metric Significance of Diseases in the PPI Network
2020-06-20 12:42:57,639:INFO: Sabri Eyuboglu  -- SNAP Group
2020-06-20 12:42:57,639:INFO: ======================================
2020-06-20 12:42:57,639:INFO: Loading Disease Associations...
2020-06-20 12:42:57,689:INFO: Loading Network...
2020-06-20 12:42:58,799:INFO: Loading PPI Matrices...
2020-06-20 12:46:24,484:INFO: Metric Significance of Diseases in the PPI Network
2020-06-20 12:46:24,485:INFO: Sabri Eyuboglu  -- SNAP Group
2020-06-20 12:46:24,485:INFO: ======================================
2020-06-20 12:46:24,485:INFO: Loading Disease Associations...
2020-06-20 12:46:24,533:INFO: Loading Network...
2020-06-20 12:46:25,638:INFO: Loading PPI Matrices...
2020-06-20 12:47:08,572:INFO: Metric Significance of Diseases in the PPI Network
2020-06-20 12:47:08,572:INFO: Sabri Eyuboglu  -- SNAP Group
2020-06-20 12:47:08,572:INFO: ======================================
2020-06-20 12:47:08,572:INFO: Loading Disease Associations...
2020-06-20 12:47:08,616:INFO: Loading Network...
2020-06-20 12:47:09,763:INFO: Loading PPI Matrices...
2020-06-20 12:47:50,653:INFO: Metric Significance of Diseases in the PPI Network
2020-06-20 12:47:50,653:INFO: Sabri Eyuboglu  -- SNAP Group
2020-06-20 12:47:50,653:INFO: ======================================
2020-06-20 12:47:50,653:INFO: Loading Disease Associations...
2020-06-20 12:47:50,698:INFO: Loading Network...
2020-06-20 12:47:51,837:INFO: Loading PPI Matrices...
2020-06-20 12:47:52,307:INFO: Building Degree Buckets...
2020-06-20 12:47:52,322:INFO: Running Experiment...
2020-06-20 12:48:17,759:INFO: Metric Significance of Diseases in the PPI Network
2020-06-20 12:48:17,759:INFO: Sabri Eyuboglu  -- SNAP Group
2020-06-20 12:48:17,759:INFO: ======================================
2020-06-20 12:48:17,759:INFO: Loading Disease Associations...
2020-06-20 12:48:17,805:INFO: Loading Network...
2020-06-20 12:48:19,022:INFO: Loading PPI Matrices...
2020-06-20 12:48:19,362:INFO: Building Degree Buckets...
2020-06-20 12:48:19,380:INFO: Running Experiment...
2020-06-20 12:50:11,621:INFO: Metric Significance of Diseases in the PPI Network
2020-06-20 12:50:11,621:INFO: Sabri Eyuboglu  -- SNAP Group
2020-06-20 12:50:11,621:INFO: ======================================
2020-06-20 12:50:11,621:INFO: Loading Disease Associations...
2020-06-20 12:50:11,681:INFO: Loading Network...
2020-06-20 12:50:13,060:INFO: Loading PPI Matrices...
2020-06-20 12:50:14,125:INFO: Building Degree Buckets...
2020-06-20 12:50:14,144:INFO: Running Experiment...
2020-06-20 12:50:47,070:INFO: Metric Significance of Diseases in the PPI Network
2020-06-20 12:50:47,070:INFO: Sabri Eyuboglu  -- SNAP Group
2020-06-20 12:50:47,070:INFO: ======================================
2020-06-20 12:50:47,070:INFO: Loading Disease Associations...
2020-06-20 12:50:47,117:INFO: Loading Network...
2020-06-20 12:50:48,364:INFO: Loading PPI Matrices...
2020-06-20 12:50:48,699:INFO: Building Degree Buckets...
2020-06-20 12:50:48,788:INFO: Running Experiment...
2020-06-20 13:27:44,851:INFO: Metric Significance of Diseases in the PPI Network
2020-06-20 13:27:44,851:INFO: Sabri Eyuboglu  -- SNAP Group
2020-06-20 13:27:44,852:INFO: ======================================
2020-06-20 13:27:44,852:INFO: Loading Disease Associations...
2020-06-20 13:28:15,229:INFO: Metric Significance of Diseases in the PPI Network
2020-06-20 13:28:15,229:INFO: Sabri Eyuboglu  -- SNAP Group
2020-06-20 13:28:15,229:INFO: ======================================
2020-06-20 13:28:15,229:INFO: Loading Disease Associations...
