2019-07-22 14:27:33,744:INFO: Loading Disease Associations...
2019-07-22 14:27:33,814:INFO: Recall Curve
2019-07-22 14:27:33,815:INFO: Sabri Eyuboglu  -- SNAP Group
2019-07-22 14:27:33,815:INFO: ======================================
2019-07-22 14:27:33,815:INFO: 0.05
2019-07-22 14:27:34,021:INFO: recall-at-10: 0.056986020999452956
2019-07-22 14:27:34,021:INFO: recall-at-25: 0.09646169419825301
2019-07-22 14:27:34,248:INFO: 0.1
2019-07-22 14:27:34,455:INFO: recall-at-10: 0.05820027120183787
2019-07-22 14:27:34,456:INFO: recall-at-25: 0.0970322356777968
2019-07-22 14:27:34,502:INFO: 0.15
2019-07-22 14:27:34,711:INFO: recall-at-10: 0.048643906749765826
2019-07-22 14:27:34,711:INFO: recall-at-25: 0.0865820984568799
2019-07-22 14:27:34,753:INFO: 0.2
2019-07-22 14:27:34,954:INFO: recall-at-10: 0.055254510914873683
2019-07-22 14:27:34,954:INFO: recall-at-25: 0.09125632476574344
2019-07-22 14:27:35,000:INFO: 0.25
2019-07-22 14:27:35,203:INFO: recall-at-10: 0.05053426368456496
2019-07-22 14:27:35,203:INFO: recall-at-25: 0.08509624534697062
2019-07-22 14:27:35,247:INFO: 0.3
2019-07-22 14:27:35,450:INFO: recall-at-10: 0.047505539137719516
2019-07-22 14:27:35,450:INFO: recall-at-25: 0.08411239883637762
2019-07-22 14:27:35,493:INFO: 0.35
2019-07-22 14:27:35,699:INFO: recall-at-10: 0.042978940432883556
2019-07-22 14:27:35,699:INFO: recall-at-25: 0.0766096086152198
2019-07-22 14:27:35,744:INFO: 0.4
2019-07-22 14:27:35,948:INFO: recall-at-10: 0.03956091702924945
2019-07-22 14:27:35,948:INFO: recall-at-25: 0.07074383964071498
2019-07-22 14:27:36,001:INFO: 0.45
2019-07-22 14:27:36,208:INFO: recall-at-10: 0.03621775022263322
2019-07-22 14:27:36,208:INFO: recall-at-25: 0.06649553103434672
2019-07-22 14:27:36,252:INFO: 0.5
2019-07-22 14:27:36,447:INFO: recall-at-10: 0.03542518165242819
2019-07-22 14:27:36,447:INFO: recall-at-25: 0.0650146298311206
2019-07-22 14:27:45,747:INFO: Loading Disease Associations...
2019-07-22 14:27:45,812:INFO: Recall Curve
2019-07-22 14:27:45,812:INFO: Sabri Eyuboglu  -- SNAP Group
2019-07-22 14:27:45,812:INFO: ======================================
2019-07-22 14:27:45,812:INFO: 0.05
2019-07-22 14:27:46,012:INFO: recall-at-10: 0.056986020999452956
2019-07-22 14:27:46,012:INFO: recall-at-25: 0.09646169419825301
2019-07-22 14:27:46,145:INFO: 0.1
2019-07-22 14:27:46,374:INFO: recall-at-10: 0.05820027120183787
2019-07-22 14:27:46,374:INFO: recall-at-25: 0.0970322356777968
2019-07-22 14:27:46,393:INFO: 0.15
2019-07-22 14:27:46,602:INFO: recall-at-10: 0.048643906749765826
2019-07-22 14:27:46,602:INFO: recall-at-25: 0.0865820984568799
2019-07-22 14:27:46,619:INFO: 0.2
2019-07-22 14:27:46,817:INFO: recall-at-10: 0.055254510914873683
2019-07-22 14:27:46,817:INFO: recall-at-25: 0.09125632476574344
2019-07-22 14:27:46,835:INFO: 0.25
2019-07-22 14:27:47,031:INFO: recall-at-10: 0.05053426368456496
2019-07-22 14:27:47,031:INFO: recall-at-25: 0.08509624534697062
2019-07-22 14:27:47,049:INFO: 0.3
2019-07-22 14:27:47,248:INFO: recall-at-10: 0.047505539137719516
2019-07-22 14:27:47,248:INFO: recall-at-25: 0.08411239883637762
2019-07-22 14:27:47,266:INFO: 0.35
2019-07-22 14:27:47,468:INFO: recall-at-10: 0.042978940432883556
2019-07-22 14:27:47,468:INFO: recall-at-25: 0.0766096086152198
2019-07-22 14:27:47,486:INFO: 0.4
2019-07-22 14:27:47,685:INFO: recall-at-10: 0.03956091702924945
2019-07-22 14:27:47,685:INFO: recall-at-25: 0.07074383964071498
2019-07-22 14:27:47,705:INFO: 0.45
2019-07-22 14:27:47,907:INFO: recall-at-10: 0.03621775022263322
2019-07-22 14:27:47,907:INFO: recall-at-25: 0.06649553103434672
2019-07-22 14:27:47,927:INFO: 0.5
2019-07-22 14:27:48,123:INFO: recall-at-10: 0.03542518165242819
2019-07-22 14:27:48,124:INFO: recall-at-25: 0.0650146298311206
2019-07-22 14:28:42,336:INFO: Loading Disease Associations...
2019-07-22 14:28:42,404:INFO: Recall Curve
2019-07-22 14:28:42,404:INFO: Sabri Eyuboglu  -- SNAP Group
2019-07-22 14:28:42,404:INFO: ======================================
2019-07-22 14:28:42,404:INFO: 0.05
2019-07-22 14:28:42,759:INFO: 0.1
2019-07-22 14:28:42,981:INFO: 0.15
2019-07-22 14:28:43,201:INFO: 0.2
2019-07-22 14:28:43,420:INFO: 0.25
2019-07-22 14:28:43,639:INFO: 0.3
2019-07-22 14:28:43,857:INFO: 0.35
2019-07-22 14:28:44,073:INFO: 0.4
2019-07-22 14:28:44,297:INFO: 0.45
2019-07-22 14:28:44,516:INFO: 0.5
2019-07-22 14:29:51,923:INFO: Loading Disease Associations...
2019-07-22 14:29:51,984:INFO: Recall Curve
2019-07-22 14:29:51,984:INFO: Sabri Eyuboglu  -- SNAP Group
2019-07-22 14:29:51,984:INFO: ======================================
2019-07-22 14:29:51,984:INFO: 0.00
2019-07-22 14:29:52,361:INFO: 0.05
2019-07-22 14:29:52,585:INFO: 0.1
2019-07-22 14:29:52,809:INFO: 0.15
2019-07-22 14:29:53,029:INFO: 0.2
2019-07-22 14:29:53,251:INFO: 0.25
2019-07-22 14:29:53,486:INFO: 0.3
2019-07-22 14:29:53,704:INFO: 0.35
2019-07-22 14:29:53,922:INFO: 0.4
2019-07-22 14:29:54,146:INFO: 0.45
2019-07-22 14:29:54,366:INFO: 0.5
2019-07-22 14:32:32,130:INFO: Loading Disease Associations...
2019-07-22 14:32:32,190:INFO: Recall Curve
2019-07-22 14:32:32,191:INFO: Sabri Eyuboglu  -- SNAP Group
2019-07-22 14:32:32,191:INFO: ======================================
2019-07-22 14:32:32,191:INFO: Milieu
2019-07-22 14:32:32,608:INFO: 0.05
2019-07-22 14:32:32,834:INFO: 0.1
2019-07-22 14:32:33,067:INFO: 0.15
2019-07-22 14:32:33,321:INFO: 0.2
2019-07-22 14:32:33,542:INFO: 0.25
2019-07-22 14:32:33,763:INFO: 0.3
2019-07-22 14:32:33,983:INFO: 0.35
2019-07-22 14:32:34,202:INFO: 0.4
2019-07-22 14:32:34,424:INFO: 0.45
2019-07-22 14:32:34,650:INFO: 0.5
2019-07-22 14:32:34,870:INFO: Random Walk
