2019-04-01 10:58:08,800:INFO: Disease Protein Prediction
2019-04-01 10:58:08,800:INFO: Sabri Eyuboglu  -- SNAP Group
2019-04-01 10:58:08,801:INFO: ======================================
2019-04-01 10:58:08,801:INFO: Loading Disease Associations...
2019-04-01 10:58:08,814:INFO: Loading Network...
2019-04-01 10:58:15,890:INFO: Loading enrichment study...
2019-04-01 10:58:25,317:INFO: Loading predictions...
2019-04-01 11:01:18,805:INFO: Disease Protein Prediction
2019-04-01 11:01:18,805:INFO: Sabri Eyuboglu  -- SNAP Group
2019-04-01 11:01:18,805:INFO: ======================================
2019-04-01 11:01:18,805:INFO: Loading Disease Associations...
2019-04-01 11:01:18,820:INFO: Loading Network...
2019-04-01 11:01:25,999:INFO: Loading enrichment study...
2019-04-01 11:01:35,667:INFO: Loading predictions...
2019-04-01 11:02:21,815:INFO: Disease Protein Prediction
2019-04-01 11:02:21,815:INFO: Sabri Eyuboglu  -- SNAP Group
2019-04-01 11:02:21,815:INFO: ======================================
2019-04-01 11:02:21,815:INFO: Loading Disease Associations...
2019-04-01 11:02:21,828:INFO: Loading Network...
2019-04-01 11:02:28,799:INFO: Loading enrichment study...
2019-04-01 11:02:38,314:INFO: Loading predictions...
2019-04-01 11:04:55,607:INFO: Disease Protein Prediction
2019-04-01 11:04:55,607:INFO: Sabri Eyuboglu  -- SNAP Group
2019-04-01 11:04:55,607:INFO: ======================================
2019-04-01 11:04:55,607:INFO: Loading Disease Associations...
2019-04-01 11:04:55,620:INFO: Loading Network...
2019-04-01 11:05:03,177:INFO: Loading enrichment study...
2019-04-01 11:05:13,755:INFO: Loading predictions...
2019-04-01 11:05:34,373:INFO: Loading enrichment results...
2019-04-01 11:06:04,909:INFO: Disease Protein Prediction
2019-04-01 11:06:04,909:INFO: Sabri Eyuboglu  -- SNAP Group
2019-04-01 11:06:04,909:INFO: ======================================
2019-04-01 11:06:04,909:INFO: Loading Disease Associations...
2019-04-01 11:06:04,921:INFO: Loading Network...
2019-04-01 11:06:11,802:INFO: Loading enrichment study...
2019-04-01 11:06:21,715:INFO: Loading predictions...
2019-04-01 11:07:41,103:INFO: Disease Protein Prediction
2019-04-01 11:07:41,104:INFO: Sabri Eyuboglu  -- SNAP Group
2019-04-01 11:07:41,104:INFO: ======================================
2019-04-01 11:07:41,104:INFO: Loading Disease Associations...
2019-04-01 11:07:41,118:INFO: Loading Network...
2019-04-01 11:07:48,042:INFO: Loading enrichment study...
2019-04-01 11:07:57,695:INFO: Loading predictions...
2019-04-01 11:08:17,140:INFO: Loading enrichment results...
2019-04-01 11:09:28,787:INFO: Disease Protein Prediction
2019-04-01 11:09:28,787:INFO: Sabri Eyuboglu  -- SNAP Group
2019-04-01 11:09:28,787:INFO: ======================================
2019-04-01 11:09:28,787:INFO: Loading Disease Associations...
2019-04-01 11:09:28,799:INFO: Loading Network...
2019-04-01 11:09:35,906:INFO: Loading enrichment study...
2019-04-01 11:09:45,948:INFO: Loading predictions...
2019-04-01 11:11:21,324:INFO: Disease Protein Prediction
2019-04-01 11:11:21,325:INFO: Sabri Eyuboglu  -- SNAP Group
2019-04-01 11:11:21,325:INFO: ======================================
2019-04-01 11:11:21,325:INFO: Loading Disease Associations...
2019-04-01 11:11:21,336:INFO: Loading Network...
2019-04-01 11:11:28,341:INFO: Loading enrichment study...
2019-04-01 11:11:37,967:INFO: Loading predictions...
2019-04-01 11:12:43,680:INFO: Disease Protein Prediction
2019-04-01 11:12:43,680:INFO: Sabri Eyuboglu  -- SNAP Group
2019-04-01 11:12:43,680:INFO: ======================================
2019-04-01 11:12:43,680:INFO: Loading Disease Associations...
2019-04-01 11:12:43,693:INFO: Loading Network...
2019-04-01 11:12:50,988:INFO: Loading enrichment study...
2019-04-01 11:13:01,274:INFO: Loading predictions...
2019-04-01 11:13:21,350:INFO: Loading enrichment results...
2019-04-01 12:10:16,702:INFO: Disease Protein Prediction
2019-04-01 12:10:16,702:INFO: Sabri Eyuboglu  -- SNAP Group
2019-04-01 12:10:16,702:INFO: ======================================
2019-04-01 12:10:16,702:INFO: Loading Disease Associations...
2019-04-01 12:10:16,819:INFO: Loading Network...
2019-04-01 12:10:29,683:INFO: Loading enrichment study...
2019-04-01 12:10:49,494:INFO: Loading predictions...
2019-04-01 12:15:02,264:INFO: Disease Protein Prediction
2019-04-01 12:15:02,264:INFO: Sabri Eyuboglu  -- SNAP Group
2019-04-01 12:15:02,264:INFO: ======================================
2019-04-01 12:15:02,264:INFO: Loading Disease Associations...
2019-04-01 12:15:02,382:INFO: Loading Network...
2019-04-01 12:15:15,226:INFO: Loading enrichment study...
2019-04-01 12:15:34,972:INFO: Loading predictions...
2019-04-01 12:17:47,675:INFO: Disease Protein Prediction
2019-04-01 12:17:47,676:INFO: Sabri Eyuboglu  -- SNAP Group
2019-04-01 12:17:47,676:INFO: ======================================
2019-04-01 12:17:47,676:INFO: Loading Disease Associations...
2019-04-01 12:17:47,795:INFO: Loading Network...
2019-04-01 12:18:00,730:INFO: Loading enrichment study...
2019-04-01 12:18:20,728:INFO: Loading predictions...
2019-04-01 12:21:08,007:INFO: Disease Protein Prediction
2019-04-01 12:21:08,008:INFO: Sabri Eyuboglu  -- SNAP Group
2019-04-01 12:21:08,008:INFO: ======================================
2019-04-01 12:21:08,008:INFO: Loading Disease Associations...
2019-04-01 12:21:08,126:INFO: Loading Network...
2019-04-01 12:21:21,070:INFO: Loading enrichment study...
2019-04-01 12:21:41,125:INFO: Loading predictions...
2019-04-01 12:24:11,589:INFO: Disease Protein Prediction
2019-04-01 12:24:11,589:INFO: Sabri Eyuboglu  -- SNAP Group
2019-04-01 12:24:11,589:INFO: ======================================
2019-04-01 12:24:11,590:INFO: Loading Disease Associations...
2019-04-01 12:24:11,713:INFO: Loading Network...
2019-04-01 12:24:24,522:INFO: Loading enrichment study...
2019-04-01 12:24:44,626:INFO: Loading predictions...
2019-04-01 12:55:27,127:INFO: Disease Protein Prediction
2019-04-01 12:55:27,128:INFO: Sabri Eyuboglu  -- SNAP Group
2019-04-01 12:55:27,128:INFO: ======================================
2019-04-01 12:55:27,128:INFO: Loading Disease Associations...
2019-04-01 12:55:27,249:INFO: Loading Network...
2019-04-01 12:55:40,613:INFO: Loading enrichment study...
2019-04-01 12:56:00,987:INFO: Loading predictions...
