2019-08-30 12:20:32,108:INFO: Disease Protein Prediction in the PPI Network
2019-08-30 12:20:32,108:INFO: Sabri Eyuboglu  -- SNAP Group
2019-08-30 12:20:32,109:INFO: ======================================
2019-08-30 12:20:32,109:INFO: Loading PPI Network...
2019-08-30 12:20:35,345:INFO: Loading Disease Associations...
2019-08-30 12:20:35,350:INFO: Running Experiment...
2019-08-30 12:28:06,654:INFO: Disease Protein Prediction in the PPI Network
2019-08-30 12:28:06,655:INFO: Sabri Eyuboglu  -- SNAP Group
2019-08-30 12:28:06,655:INFO: ======================================
2019-08-30 12:28:06,655:INFO: Loading PPI Network...
2019-08-30 12:28:09,598:INFO: Loading Disease Associations...
2019-08-30 12:28:09,678:INFO: Running Experiment...
2019-08-30 12:41:37,548:INFO: Disease Protein Prediction in the PPI Network
2019-08-30 12:41:37,549:INFO: Sabri Eyuboglu  -- SNAP Group
2019-08-30 12:41:37,549:INFO: ======================================
2019-08-30 12:41:37,549:INFO: Loading PPI Network...
2019-08-30 12:41:40,796:INFO: Loading Disease Associations...
2019-08-30 12:41:40,888:INFO: Running Experiment...
2019-08-30 13:35:37,798:INFO: Disease Protein Prediction in the PPI Network
2019-08-30 13:35:37,799:INFO: Sabri Eyuboglu  -- SNAP Group
2019-08-30 13:35:37,799:INFO: ======================================
2019-08-30 13:35:37,799:INFO: Loading PPI Network...
2019-08-30 13:35:41,389:INFO: Loading Disease Associations...
2019-08-30 13:35:41,542:INFO: Running Experiment...
2019-08-30 13:44:49,919:INFO: Disease Protein Prediction in the PPI Network
2019-08-30 13:44:49,920:INFO: Sabri Eyuboglu  -- SNAP Group
2019-08-30 13:44:49,920:INFO: ======================================
2019-08-30 13:44:49,920:INFO: Loading PPI Network...
2019-08-30 13:44:51,478:INFO: Loading Disease Associations...
2019-08-30 13:44:51,655:INFO: Running Experiment...
2019-08-30 13:59:57,537:INFO: Disease Protein Prediction in the PPI Network
2019-08-30 13:59:57,538:INFO: Sabri Eyuboglu  -- SNAP Group
2019-08-30 13:59:57,538:INFO: ======================================
2019-08-30 13:59:57,538:INFO: Loading PPI Network...
2019-08-30 13:59:59,107:INFO: Loading Disease Associations...
2019-08-30 13:59:59,166:INFO: Running Experiment...
2019-08-30 14:01:48,572:INFO: Disease Protein Prediction in the PPI Network
2019-08-30 14:01:48,573:INFO: Sabri Eyuboglu  -- SNAP Group
2019-08-30 14:01:48,573:INFO: ======================================
2019-08-30 14:01:48,573:INFO: Loading PPI Network...
2019-08-30 14:02:04,392:INFO: Loading Disease Associations...
2019-08-30 14:02:04,470:INFO: Running Experiment...
2019-08-30 17:43:41,067:INFO: Disease Protein Prediction in the PPI Network
2019-08-30 17:43:41,068:INFO: Sabri Eyuboglu  -- SNAP Group
2019-08-30 17:43:41,068:INFO: ======================================
2019-08-30 17:43:41,068:INFO: Loading PPI Network...
2019-08-30 17:43:57,217:INFO: Loading Disease Associations...
2019-08-30 17:43:57,724:INFO: Running Experiment...
