2018-09-30 15:35:41,589:INFO: Disease Protein Prediction in the PPI Network
2018-09-30 15:35:41,589:INFO: Sabri Eyuboglu  -- SNAP Group
2018-09-30 15:35:41,589:INFO: ======================================
2018-09-30 15:35:41,589:INFO: Loading PPI Network...
2018-09-30 15:35:47,148:INFO: Loading Disease Associations...
2018-09-30 15:35:47,341:INFO: Loading PPI Matrix...
2018-09-30 15:36:07,672:INFO: Running Experiment...
2018-09-30 15:37:21,610:INFO: Disease Protein Prediction in the PPI Network
2018-09-30 15:37:21,610:INFO: Sabri Eyuboglu  -- SNAP Group
2018-09-30 15:37:21,611:INFO: ======================================
2018-09-30 15:37:21,611:INFO: Loading PPI Network...
2018-09-30 15:37:27,252:INFO: Loading Disease Associations...
2018-09-30 15:37:27,456:INFO: Loading PPI Matrix...
2018-09-30 15:37:37,563:INFO: Running Experiment...
2018-09-30 17:02:57,829:INFO: Disease Protein Prediction in the PPI Network
2018-09-30 17:02:57,829:INFO: Sabri Eyuboglu  -- SNAP Group
2018-09-30 17:02:57,830:INFO: ======================================
2018-09-30 17:02:57,830:INFO: Loading PPI Network...
2018-09-30 17:03:03,331:INFO: Loading Disease Associations...
2018-09-30 17:03:03,526:INFO: Loading PPI Matrix...
2018-09-30 17:03:14,483:INFO: Running Experiment...
2018-09-30 17:10:34,679:INFO: Disease Protein Prediction in the PPI Network
2018-09-30 17:10:34,679:INFO: Sabri Eyuboglu  -- SNAP Group
2018-09-30 17:10:34,679:INFO: ======================================
2018-09-30 17:10:34,679:INFO: Loading PPI Network...
2018-09-30 17:10:40,250:INFO: Loading Disease Associations...
2018-09-30 17:10:40,440:INFO: Loading PPI Matrix...
2018-09-30 17:10:52,130:INFO: Running Experiment...
2018-09-30 17:15:37,850:INFO: Disease Protein Prediction in the PPI Network
2018-09-30 17:15:37,850:INFO: Sabri Eyuboglu  -- SNAP Group
2018-09-30 17:15:37,850:INFO: ======================================
2018-09-30 17:15:37,850:INFO: Loading PPI Network...
2018-09-30 17:15:43,374:INFO: Loading Disease Associations...
2018-09-30 17:15:43,576:INFO: Loading PPI Matrix...
2018-09-30 17:15:56,048:INFO: Running Experiment...
2018-09-30 17:28:59,422:INFO: Disease Protein Prediction in the PPI Network
2018-09-30 17:28:59,422:INFO: Sabri Eyuboglu  -- SNAP Group
2018-09-30 17:28:59,422:INFO: ======================================
2018-09-30 17:28:59,423:INFO: Loading PPI Network...
2018-09-30 17:29:05,361:INFO: Loading Disease Associations...
2018-09-30 17:29:05,550:INFO: Loading PPI Matrix...
2018-09-30 17:29:16,570:INFO: Running Experiment...
2018-09-30 17:56:26,705:INFO: Disease Protein Prediction in the PPI Network
2018-09-30 17:56:26,705:INFO: Sabri Eyuboglu  -- SNAP Group
2018-09-30 17:56:26,705:INFO: ======================================
2018-09-30 17:56:26,705:INFO: Loading PPI Network...
2018-09-30 17:56:32,774:INFO: Loading Disease Associations...
2018-09-30 17:56:32,968:INFO: Loading PPI Matrix...
2018-09-30 17:56:47,742:INFO: Running Experiment...
