2019-02-28 16:15:08,824:INFO: Disease Protein Prediction
2019-02-28 16:15:08,824:INFO: Sabri Eyuboglu  -- SNAP Group
2019-02-28 16:15:08,824:INFO: ======================================
2019-02-28 16:15:08,824:INFO: Loading Disease Associations...
2019-02-28 16:15:08,882:INFO: Loading Network...
2019-02-28 16:15:16,683:INFO: Loading enrichment study...
2019-02-28 16:15:26,434:INFO: Loading predictions...
2019-02-28 16:25:30,243:INFO: Disease Protein Prediction
2019-02-28 16:25:30,244:INFO: Sabri Eyuboglu  -- SNAP Group
2019-02-28 16:25:30,244:INFO: ======================================
2019-02-28 16:25:30,244:INFO: Loading Disease Associations...
2019-02-28 16:25:30,302:INFO: Loading Network...
2019-02-28 16:25:37,678:INFO: Loading enrichment study...
2019-02-28 16:25:47,788:INFO: Loading predictions...
2019-04-01 10:02:46,226:INFO: Disease Protein Prediction
2019-04-01 10:02:46,226:INFO: Sabri Eyuboglu  -- SNAP Group
2019-04-01 10:02:46,226:INFO: ======================================
2019-04-01 10:02:46,226:INFO: Loading Disease Associations...
2019-04-01 10:02:46,292:INFO: Loading Network...
2019-04-01 10:02:54,156:INFO: Loading enrichment study...
2019-04-01 10:03:03,900:INFO: Loading predictions...
2019-04-01 10:54:05,083:INFO: Disease Protein Prediction
2019-04-01 10:54:05,084:INFO: Sabri Eyuboglu  -- SNAP Group
2019-04-01 10:54:05,084:INFO: ======================================
2019-04-01 10:54:05,084:INFO: Loading Disease Associations...
2019-04-01 10:54:05,141:INFO: Loading Network...
2019-04-01 10:54:12,010:INFO: Loading enrichment study...
2019-04-01 10:54:21,499:INFO: Loading predictions...
2019-04-01 10:55:17,329:INFO: Disease Protein Prediction
2019-04-01 10:55:17,330:INFO: Sabri Eyuboglu  -- SNAP Group
2019-04-01 10:55:17,330:INFO: ======================================
2019-04-01 10:55:17,330:INFO: Loading Disease Associations...
2019-04-01 10:55:17,382:INFO: Loading Network...
2019-04-01 10:55:24,468:INFO: Loading enrichment study...
2019-04-01 10:55:34,483:INFO: Loading predictions...
