2019-08-09 13:23:55,454:INFO: Metric Significance of Diseases in the PPI Network
2019-08-09 13:23:55,454:INFO: Sabri Eyuboglu  -- SNAP Group
2019-08-09 13:23:55,454:INFO: ======================================
2019-08-09 13:23:55,454:INFO: Loading Disease Associations...
2019-08-09 13:23:55,464:INFO: Loading Network...
2019-08-09 13:24:02,195:INFO: Loading PPI Matrices...
2019-08-09 13:24:04,925:INFO: Building Degree Buckets...
2019-08-09 13:24:04,960:INFO: Running Experiment...
2019-08-09 13:26:30,025:INFO: Metric Significance of Diseases in the PPI Network
2019-08-09 13:26:30,025:INFO: Sabri Eyuboglu  -- SNAP Group
2019-08-09 13:26:30,025:INFO: ======================================
2019-08-09 13:26:30,025:INFO: Loading Disease Associations...
2019-08-09 13:26:45,185:INFO: Metric Significance of Diseases in the PPI Network
2019-08-09 13:26:45,185:INFO: Sabri Eyuboglu  -- SNAP Group
2019-08-09 13:26:45,185:INFO: ======================================
2019-08-09 13:26:45,185:INFO: Loading Disease Associations...
2019-08-15 18:19:41,071:INFO: Metric Significance of Diseases in the PPI Network
2019-08-15 18:19:41,072:INFO: Sabri Eyuboglu  -- SNAP Group
2019-08-15 18:19:41,072:INFO: ======================================
2019-08-15 18:19:41,072:INFO: Loading Disease Associations...
