2019-01-24 22:24:30,730:INFO: Disease Protein Prediction
2019-01-24 22:24:30,730:INFO: Sabri Eyuboglu  -- SNAP Group
2019-01-24 22:24:30,730:INFO: ======================================
2019-01-24 22:24:30,730:INFO: Loading Disease Associations...
2019-01-24 22:24:30,745:INFO: Loading Network...
2019-01-24 22:25:03,068:INFO: Disease Protein Prediction
2019-01-24 22:25:03,069:INFO: Sabri Eyuboglu  -- SNAP Group
2019-01-24 22:25:03,069:INFO: ======================================
2019-01-24 22:25:03,069:INFO: Loading Disease Associations...
2019-01-24 22:25:03,080:INFO: Loading Network...
2019-01-24 22:25:10,567:INFO: Loading enrichment study...
2019-01-24 22:25:51,607:INFO: Disease Protein Prediction
2019-01-24 22:25:51,607:INFO: Sabri Eyuboglu  -- SNAP Group
2019-01-24 22:25:51,607:INFO: ======================================
2019-01-24 22:25:51,607:INFO: Loading Disease Associations...
2019-01-24 22:25:51,619:INFO: Loading Network...
2019-01-24 22:25:59,144:INFO: Loading enrichment study...
2019-01-24 22:26:09,148:INFO: Loading predictions...
2019-01-24 22:26:32,749:INFO: Disease Protein Prediction
2019-01-24 22:26:32,749:INFO: Sabri Eyuboglu  -- SNAP Group
2019-01-24 22:26:32,750:INFO: ======================================
2019-01-24 22:26:32,750:INFO: Loading Disease Associations...
2019-01-24 22:26:32,762:INFO: Loading Network...
2019-01-24 22:26:40,140:INFO: Loading enrichment study...
2019-01-24 22:26:50,228:INFO: Loading predictions...
2019-01-24 22:27:13,832:INFO: Disease Protein Prediction
2019-01-24 22:27:13,832:INFO: Sabri Eyuboglu  -- SNAP Group
2019-01-24 22:27:13,832:INFO: ======================================
2019-01-24 22:27:13,832:INFO: Loading Disease Associations...
2019-01-24 22:27:13,849:INFO: Loading Network...
2019-01-24 22:27:21,356:INFO: Loading enrichment study...
2019-01-24 22:27:31,427:INFO: Loading predictions...
2019-01-24 22:28:18,102:INFO: Disease Protein Prediction
2019-01-24 22:28:18,102:INFO: Sabri Eyuboglu  -- SNAP Group
2019-01-24 22:28:18,102:INFO: ======================================
2019-01-24 22:28:18,102:INFO: Loading Disease Associations...
2019-01-24 22:28:18,113:INFO: Loading Network...
2019-01-24 22:28:25,655:INFO: Loading enrichment study...
2019-01-24 22:28:35,408:INFO: Loading predictions...
2019-01-24 22:29:33,992:INFO: Disease Protein Prediction
2019-01-24 22:29:33,993:INFO: Sabri Eyuboglu  -- SNAP Group
2019-01-24 22:29:33,993:INFO: ======================================
2019-01-24 22:29:33,993:INFO: Loading Disease Associations...
2019-01-24 22:29:34,005:INFO: Loading Network...
2019-01-24 22:29:42,087:INFO: Loading enrichment study...
2019-01-24 22:29:52,045:INFO: Loading predictions...
