2019-09-10 12:31:11,218:INFO: Network Matrix Builder
2019-09-10 12:31:11,218:INFO: Sabri Eyuboglu  -- SNAP Group
2019-09-10 12:31:11,218:INFO: ======================================
2019-09-10 12:31:11,218:INFO: Loading PPI Network...
2019-09-10 12:31:28,712:INFO: Network Matrix Builder
2019-09-10 12:31:28,712:INFO: Sabri Eyuboglu  -- SNAP Group
2019-09-10 12:31:28,712:INFO: ======================================
2019-09-10 12:31:28,712:INFO: Loading PPI Network...
2019-09-10 12:42:28,344:INFO: Network Matrix Builder
2019-09-10 12:42:28,345:INFO: Sabri Eyuboglu  -- SNAP Group
2019-09-10 12:42:28,345:INFO: ======================================
2019-09-10 12:42:28,345:INFO: Loading PPI Network...
2019-09-10 12:42:28,348:INFO: Building matrix...
2019-09-10 12:42:29,480:INFO: Saving matrix...
2019-09-10 13:22:19,519:INFO: Network Matrix Builder
2019-09-10 13:22:19,520:INFO: Sabri Eyuboglu  -- SNAP Group
2019-09-10 13:22:19,520:INFO: ======================================
2019-09-10 13:22:19,520:INFO: Loading PPI Network...
2019-09-10 13:22:19,523:INFO: Building matrix...
2019-09-10 13:22:23,635:INFO: Saving matrix...
2019-09-10 13:22:31,453:INFO: Network Matrix Builder
2019-09-10 13:22:31,453:INFO: Sabri Eyuboglu  -- SNAP Group
2019-09-10 13:22:31,453:INFO: ======================================
2019-09-10 13:22:31,453:INFO: Loading PPI Network...
2019-09-10 13:22:31,456:INFO: Building matrix...
2019-09-10 13:22:32,218:INFO: Saving matrix...
2019-09-10 13:27:38,107:INFO: Network Matrix Builder
2019-09-10 13:27:38,107:INFO: Sabri Eyuboglu  -- SNAP Group
2019-09-10 13:27:38,107:INFO: ======================================
2019-09-10 13:27:38,108:INFO: Loading PPI Network...
2019-09-10 13:27:38,112:INFO: Building matrix...
2019-09-10 13:27:39,069:INFO: Saving matrix...
2019-09-10 13:30:10,818:INFO: Network Matrix Builder
2019-09-10 13:30:10,818:INFO: Sabri Eyuboglu  -- SNAP Group
2019-09-10 13:30:10,818:INFO: ======================================
2019-09-10 13:30:10,818:INFO: Loading PPI Network...
2019-09-10 13:30:10,822:INFO: Building matrix...
2019-09-10 13:30:11,672:INFO: Saving matrix...
