2019-01-21 20:43:23,166:INFO: Disease Protein Prediction in the PPI Network
2019-01-21 20:43:23,166:INFO: Sabri Eyuboglu  -- SNAP Group
2019-01-21 20:43:23,166:INFO: ======================================
2019-01-21 20:43:23,167:INFO: Loading PPI Network...
2019-01-21 20:43:30,369:INFO: Loading Disease Associations...
2019-01-21 20:43:30,427:INFO: Loading Models...
2019-01-21 20:43:30,428:INFO: Running Experiment...
2019-01-21 20:43:55,904:INFO: Disease Protein Prediction in the PPI Network
2019-01-21 20:43:55,904:INFO: Sabri Eyuboglu  -- SNAP Group
2019-01-21 20:43:55,904:INFO: ======================================
2019-01-21 20:43:55,904:INFO: Loading PPI Network...
2019-01-21 20:44:03,597:INFO: Loading Disease Associations...
2019-01-21 20:44:03,656:INFO: Training Models...
2019-01-21 20:44:03,659:INFO: Training model for test 2
2019-01-21 20:44:38,887:INFO: Disease Protein Prediction in the PPI Network
2019-01-21 20:44:38,888:INFO: Sabri Eyuboglu  -- SNAP Group
2019-01-21 20:44:38,888:INFO: ======================================
2019-01-21 20:44:38,888:INFO: Loading PPI Network...
2019-01-21 20:44:46,106:INFO: Loading Disease Associations...
2019-01-21 20:44:46,164:INFO: Training Models...
2019-01-21 20:44:46,165:INFO: Training model for test 0
2019-01-21 20:46:03,774:INFO: Disease Protein Prediction in the PPI Network
2019-01-21 20:46:03,774:INFO: Sabri Eyuboglu  -- SNAP Group
2019-01-21 20:46:03,774:INFO: ======================================
2019-01-21 20:46:03,774:INFO: Loading PPI Network...
2019-01-21 20:46:11,405:INFO: Loading Disease Associations...
2019-01-21 20:46:11,524:INFO: Training Models...
2019-01-21 20:46:11,526:INFO: Training model for test 1
2019-01-21 20:46:30,491:INFO: Disease Protein Prediction in the PPI Network
2019-01-21 20:46:30,491:INFO: Sabri Eyuboglu  -- SNAP Group
2019-01-21 20:46:30,491:INFO: ======================================
2019-01-21 20:46:30,491:INFO: Loading PPI Network...
2019-01-21 20:46:37,615:INFO: Loading Disease Associations...
2019-01-21 20:46:37,674:INFO: Training Models...
2019-01-21 20:46:37,674:INFO: Training model for test 4
2019-01-21 20:47:51,666:INFO: Disease Protein Prediction in the PPI Network
2019-01-21 20:47:51,667:INFO: Sabri Eyuboglu  -- SNAP Group
2019-01-21 20:47:51,667:INFO: ======================================
2019-01-21 20:47:51,667:INFO: Loading PPI Network...
2019-01-21 20:47:58,949:INFO: Loading Disease Associations...
2019-01-21 20:47:59,008:INFO: Training Models...
2019-01-21 20:47:59,009:INFO: Training model for test 7
2019-01-21 20:48:43,231:INFO: Disease Protein Prediction in the PPI Network
2019-01-21 20:48:43,231:INFO: Sabri Eyuboglu  -- SNAP Group
2019-01-21 20:48:43,232:INFO: ======================================
2019-01-21 20:48:43,232:INFO: Loading PPI Network...
2019-01-21 20:48:50,487:INFO: Loading Disease Associations...
2019-01-21 20:48:50,545:INFO: Training Models...
2019-01-21 20:48:50,546:INFO: Training model for test 7
2019-01-21 20:48:57,473:INFO: Starting training for 5 epoch(s)
2019-01-21 20:51:40,686:INFO: Disease Protein Prediction in the PPI Network
2019-01-21 20:51:40,686:INFO: Sabri Eyuboglu  -- SNAP Group
2019-01-21 20:51:40,686:INFO: ======================================
2019-01-21 20:51:40,686:INFO: Loading PPI Network...
2019-01-21 20:51:48,450:INFO: Loading Disease Associations...
2019-01-21 20:51:48,550:INFO: Training Models...
2019-01-21 20:51:48,552:INFO: Training model for test 7
2019-01-21 20:51:56,192:INFO: Starting training for 5 epoch(s)
2019-01-21 20:52:12,496:INFO: Disease Protein Prediction in the PPI Network
2019-01-21 20:52:12,496:INFO: Sabri Eyuboglu  -- SNAP Group
2019-01-21 20:52:12,496:INFO: ======================================
2019-01-21 20:52:12,496:INFO: Loading PPI Network...
2019-01-21 20:52:20,802:INFO: Loading Disease Associations...
2019-01-21 20:52:20,870:INFO: Training Models...
2019-01-21 20:52:20,871:INFO: Training model for test 0
2019-01-21 20:52:28,342:INFO: Starting training for 5 epoch(s)
2019-01-21 20:53:47,427:INFO: Disease Protein Prediction in the PPI Network
2019-01-21 20:53:47,427:INFO: Sabri Eyuboglu  -- SNAP Group
2019-01-21 20:53:47,427:INFO: ======================================
2019-01-21 20:53:47,428:INFO: Loading PPI Network...
2019-01-21 20:53:54,675:INFO: Loading Disease Associations...
2019-01-21 20:53:54,734:INFO: Training Models...
2019-01-21 20:53:54,735:INFO: Training model for test 7
2019-01-21 20:54:01,549:INFO: Starting training for 5 epoch(s)
2019-01-21 20:54:01,549:INFO: Epoch 1/5
2019-01-21 20:54:01,549:INFO: Train
2019-01-21 20:55:11,244:INFO: Disease Protein Prediction in the PPI Network
2019-01-21 20:55:11,244:INFO: Sabri Eyuboglu  -- SNAP Group
2019-01-21 20:55:11,244:INFO: ======================================
2019-01-21 20:55:11,244:INFO: Loading PPI Network...
2019-01-21 20:55:19,227:INFO: Loading Disease Associations...
2019-01-21 20:55:19,293:INFO: Training Models...
2019-01-21 20:55:19,294:INFO: Training model for test 7
2019-01-21 20:55:26,769:INFO: Starting training for 5 epoch(s)
2019-01-21 20:55:26,769:INFO: Epoch 1/5
2019-01-21 20:55:26,769:INFO: Train
2019-01-21 20:55:38,200:INFO: Disease Protein Prediction in the PPI Network
2019-01-21 20:55:38,200:INFO: Sabri Eyuboglu  -- SNAP Group
2019-01-21 20:55:38,200:INFO: ======================================
2019-01-21 20:55:38,200:INFO: Loading PPI Network...
2019-01-21 20:55:45,443:INFO: Loading Disease Associations...
2019-01-21 20:55:45,501:INFO: Training Models...
2019-01-21 20:55:45,502:INFO: Training model for test 7
2019-01-21 20:55:52,819:INFO: Starting training for 5 epoch(s)
2019-01-21 20:55:52,820:INFO: Epoch 1/5
2019-01-21 20:55:52,820:INFO: Train
2019-01-21 20:55:55,148:INFO: - Train metrics: recall_at_100: 0.165 ; loss: 1.333
2019-01-21 20:55:55,148:INFO: Evaluate
2019-01-21 20:56:19,160:INFO: Disease Protein Prediction in the PPI Network
2019-01-21 20:56:19,160:INFO: Sabri Eyuboglu  -- SNAP Group
2019-01-21 20:56:19,160:INFO: ======================================
2019-01-21 20:56:19,160:INFO: Loading PPI Network...
2019-01-21 20:56:26,376:INFO: Loading Disease Associations...
2019-01-21 20:56:26,435:INFO: Training Models...
2019-01-21 20:56:26,436:INFO: Training model for test 2
2019-01-21 20:56:33,022:INFO: Starting training for 5 epoch(s)
2019-01-21 20:56:33,022:INFO: Epoch 1/5
2019-01-21 20:56:33,022:INFO: Train
2019-01-21 20:56:35,398:INFO: - Train metrics: recall_at_100: 0.133 ; loss: 1.360
2019-01-21 20:56:35,398:INFO: Evaluate
2019-01-21 20:56:36,880:INFO: - Evaluate metrics: recall_at_100: 0.185 ; loss: 1.125
2019-01-21 20:56:36,880:INFO: - Found new best recall_at_100
2019-01-21 20:56:36,970:INFO: Epoch 2/5
2019-01-21 20:56:36,970:INFO: Train
2019-01-21 20:56:39,242:INFO: - Train metrics: recall_at_100: 0.163 ; loss: 1.099
2019-01-21 20:56:39,242:INFO: Evaluate
2019-01-21 20:56:40,612:INFO: - Evaluate metrics: recall_at_100: 0.200 ; loss: 1.054
2019-01-21 20:56:40,613:INFO: - Found new best recall_at_100
2019-01-21 20:56:40,733:INFO: Epoch 3/5
2019-01-21 20:56:40,733:INFO: Train
2019-01-21 20:56:42,980:INFO: - Train metrics: recall_at_100: 0.185 ; loss: 1.032
2019-01-21 20:56:42,980:INFO: Evaluate
2019-01-21 20:56:44,388:INFO: - Evaluate metrics: recall_at_100: 0.163 ; loss: 1.091
2019-01-21 20:56:44,415:INFO: Epoch 4/5
2019-01-21 20:56:44,415:INFO: Train
2019-01-21 20:56:46,670:INFO: - Train metrics: recall_at_100: 0.178 ; loss: 1.018
2019-01-21 20:56:46,670:INFO: Evaluate
2019-01-21 20:56:48,020:INFO: - Evaluate metrics: recall_at_100: 0.196 ; loss: 1.078
2019-01-21 20:56:48,062:INFO: Epoch 5/5
2019-01-21 20:56:48,062:INFO: Train
2019-01-21 20:56:50,317:INFO: - Train metrics: recall_at_100: 0.173 ; loss: 1.014
2019-01-21 20:56:50,317:INFO: Evaluate
2019-01-21 20:56:51,668:INFO: - Evaluate metrics: recall_at_100: 0.194 ; loss: 1.096
2019-01-21 20:57:26,636:INFO: Training model for test 1
2019-01-21 20:57:32,063:INFO: Starting training for 5 epoch(s)
2019-01-21 20:57:32,064:INFO: Epoch 1/5
2019-01-21 20:57:32,064:INFO: Train
2019-01-21 20:57:34,381:INFO: - Train metrics: recall_at_100: 0.134 ; loss: 1.426
2019-01-21 20:57:34,382:INFO: Evaluate
2019-01-21 20:57:35,559:INFO: - Evaluate metrics: recall_at_100: 0.191 ; loss: 1.298
2019-01-21 20:57:35,560:INFO: - Found new best recall_at_100
2019-01-21 20:57:35,682:INFO: Epoch 2/5
2019-01-21 20:57:35,682:INFO: Train
2019-01-21 20:57:37,809:INFO: - Train metrics: recall_at_100: 0.161 ; loss: 1.148
2019-01-21 20:57:37,809:INFO: Evaluate
2019-01-21 20:57:39,287:INFO: - Evaluate metrics: recall_at_100: 0.190 ; loss: 1.031
2019-01-21 20:57:39,329:INFO: Epoch 3/5
2019-01-21 20:57:39,329:INFO: Train
2019-01-21 20:57:41,583:INFO: - Train metrics: recall_at_100: 0.164 ; loss: 1.052
2019-01-21 20:57:41,583:INFO: Evaluate
2019-01-21 20:57:43,035:INFO: - Evaluate metrics: recall_at_100: 0.198 ; loss: 1.039
2019-01-21 20:57:43,036:INFO: - Found new best recall_at_100
2019-01-21 20:57:43,155:INFO: Epoch 4/5
2019-01-21 20:57:43,155:INFO: Train
2019-01-21 20:57:45,443:INFO: - Train metrics: recall_at_100: 0.170 ; loss: 1.031
2019-01-21 20:57:45,443:INFO: Evaluate
2019-01-21 20:57:46,789:INFO: - Evaluate metrics: recall_at_100: 0.202 ; loss: 1.029
2019-01-21 20:57:46,790:INFO: - Found new best recall_at_100
2019-01-21 20:57:46,904:INFO: Epoch 5/5
2019-01-21 20:57:46,904:INFO: Train
2019-01-21 20:57:49,225:INFO: - Train metrics: recall_at_100: 0.175 ; loss: 1.014
2019-01-21 20:57:49,226:INFO: Evaluate
2019-01-21 20:57:50,723:INFO: - Evaluate metrics: recall_at_100: 0.183 ; loss: 1.068
2019-01-21 20:58:25,528:INFO: Training model for test 7
2019-01-21 20:58:29,650:INFO: Starting training for 5 epoch(s)
2019-01-21 20:58:29,650:INFO: Epoch 1/5
2019-01-21 20:58:29,650:INFO: Train
2019-01-21 20:58:31,982:INFO: - Train metrics: recall_at_100: 0.000 ; loss: 1.568
2019-01-21 20:58:31,982:INFO: Evaluate
2019-01-21 20:58:33,291:INFO: - Evaluate metrics: recall_at_100: 0.157 ; loss: 1.479
2019-01-21 20:58:33,292:INFO: - Found new best recall_at_100
2019-01-21 20:58:33,409:INFO: Epoch 2/5
2019-01-21 20:58:33,410:INFO: Train
2019-01-21 20:58:35,666:INFO: - Train metrics: recall_at_100: 0.167 ; loss: 1.258
2019-01-21 20:58:35,666:INFO: Evaluate
2019-01-21 20:58:37,030:INFO: - Evaluate metrics: recall_at_100: 0.157 ; loss: 1.112
2019-01-21 20:58:37,031:INFO: - Found new best recall_at_100
2019-01-21 20:58:37,133:INFO: Epoch 3/5
2019-01-21 20:58:37,133:INFO: Train
2019-01-21 20:58:39,349:INFO: - Train metrics: recall_at_100: 0.170 ; loss: 1.081
2019-01-21 20:58:39,350:INFO: Evaluate
2019-01-21 20:59:15,122:INFO: Disease Protein Prediction in the PPI Network
2019-01-21 20:59:15,122:INFO: Sabri Eyuboglu  -- SNAP Group
2019-01-21 20:59:15,122:INFO: ======================================
2019-01-21 20:59:15,122:INFO: Loading PPI Network...
2019-01-21 20:59:22,678:INFO: Loading Disease Associations...
2019-01-21 20:59:22,751:INFO: Training Models...
2019-01-21 20:59:22,752:INFO: Training model for test 5
2019-01-21 20:59:30,247:INFO: Starting training for 5 epoch(s)
2019-01-21 20:59:30,247:INFO: Epoch 1/5
2019-01-21 20:59:30,247:INFO: Train
2019-01-21 20:59:32,565:INFO: - Train metrics: loss: 1.440 ; recall_at_100: 0.000
2019-01-21 20:59:32,566:INFO: Evaluate
2019-01-21 20:59:33,929:INFO: - Evaluate metrics: loss: 1.058 ; recall_at_100: 0.147
2019-01-21 20:59:33,930:INFO: - Found new best recall_at_100
2019-01-21 20:59:34,034:INFO: Epoch 2/5
2019-01-21 20:59:34,035:INFO: Train
2019-01-21 20:59:36,268:INFO: - Train metrics: loss: 1.108 ; recall_at_100: 0.157
2019-01-21 20:59:36,270:INFO: Evaluate
2019-01-21 20:59:37,664:INFO: - Evaluate metrics: loss: 1.061 ; recall_at_100: 0.165
2019-01-21 20:59:37,665:INFO: - Found new best recall_at_100
2019-01-21 20:59:37,775:INFO: Epoch 3/5
2019-01-21 20:59:37,776:INFO: Train
2019-01-21 20:59:39,993:INFO: - Train metrics: loss: 1.041 ; recall_at_100: 0.174
2019-01-21 20:59:39,994:INFO: Evaluate
2019-01-21 20:59:41,484:INFO: - Evaluate metrics: loss: 1.021 ; recall_at_100: 0.159
2019-01-21 20:59:41,518:INFO: Epoch 4/5
2019-01-21 20:59:41,519:INFO: Train
2019-01-21 20:59:43,699:INFO: - Train metrics: loss: 1.025 ; recall_at_100: 0.180
2019-01-21 20:59:43,700:INFO: Evaluate
2019-01-21 20:59:44,986:INFO: - Evaluate metrics: loss: 1.012 ; recall_at_100: 0.191
2019-01-21 20:59:44,986:INFO: - Found new best recall_at_100
2019-01-21 20:59:45,124:INFO: Epoch 5/5
2019-01-21 20:59:45,125:INFO: Train
2019-01-21 20:59:47,307:INFO: - Train metrics: loss: 1.013 ; recall_at_100: 0.208
2019-01-21 20:59:47,308:INFO: Evaluate
2019-01-21 20:59:48,724:INFO: - Evaluate metrics: loss: 0.986 ; recall_at_100: 0.186
2019-01-21 21:00:24,174:INFO: Training model for test 3
2019-01-21 21:00:28,956:INFO: Starting training for 5 epoch(s)
2019-01-21 21:00:28,956:INFO: Epoch 1/5
2019-01-21 21:00:28,957:INFO: Train
2019-01-21 21:00:31,179:INFO: - Train metrics: loss: 1.376 ; recall_at_100: 0.141
2019-01-21 21:00:31,180:INFO: Evaluate
2019-01-21 21:00:32,652:INFO: - Evaluate metrics: loss: 1.196 ; recall_at_100: 0.149
2019-01-21 21:00:32,653:INFO: - Found new best recall_at_100
2019-01-21 21:00:32,831:INFO: Epoch 2/5
2019-01-21 21:00:32,831:INFO: Train
2019-01-21 21:00:35,059:INFO: - Train metrics: loss: 1.111 ; recall_at_100: 0.177
2019-01-21 21:00:35,059:INFO: Evaluate
2019-01-21 21:00:36,483:INFO: - Evaluate metrics: loss: 1.033 ; recall_at_100: 0.169
2019-01-21 21:00:36,484:INFO: - Found new best recall_at_100
2019-01-21 21:00:36,605:INFO: Epoch 3/5
2019-01-21 21:00:36,605:INFO: Train
2019-01-21 21:00:38,829:INFO: - Train metrics: loss: 1.031 ; recall_at_100: 0.169
2019-01-21 21:00:38,830:INFO: Evaluate
2019-01-21 21:00:40,284:INFO: - Evaluate metrics: loss: 1.059 ; recall_at_100: 0.147
2019-01-21 21:00:40,322:INFO: Epoch 4/5
2019-01-21 21:00:40,322:INFO: Train
2019-01-21 21:00:42,509:INFO: - Train metrics: loss: 1.028 ; recall_at_100: 0.189
2019-01-21 21:00:42,510:INFO: Evaluate
2019-01-21 21:00:43,929:INFO: - Evaluate metrics: loss: 1.000 ; recall_at_100: 0.191
2019-01-21 21:00:43,930:INFO: - Found new best recall_at_100
2019-01-21 21:00:44,092:INFO: Epoch 5/5
2019-01-21 21:00:44,092:INFO: Train
2019-01-21 21:00:46,351:INFO: - Train metrics: loss: 1.018 ; recall_at_100: 0.216
2019-01-21 21:00:46,351:INFO: Evaluate
2019-01-21 21:00:47,750:INFO: - Evaluate metrics: loss: 1.006 ; recall_at_100: 0.164
2019-01-21 21:01:23,402:INFO: Training model for test 7
2019-01-21 21:01:28,160:INFO: Starting training for 5 epoch(s)
2019-01-21 21:01:28,161:INFO: Epoch 1/5
2019-01-21 21:01:28,161:INFO: Train
2019-01-21 21:01:30,408:INFO: - Train metrics: loss: 1.353 ; recall_at_100: 0.139
2019-01-21 21:01:30,409:INFO: Evaluate
2019-01-21 21:01:31,804:INFO: - Evaluate metrics: loss: 1.186 ; recall_at_100: 0.154
2019-01-21 21:01:31,805:INFO: - Found new best recall_at_100
2019-01-21 21:01:31,912:INFO: Epoch 2/5
2019-01-21 21:01:31,912:INFO: Train
2019-01-21 21:01:34,083:INFO: - Train metrics: loss: 1.062 ; recall_at_100: 0.173
2019-01-21 21:01:34,083:INFO: Evaluate
2019-01-21 21:01:35,474:INFO: - Evaluate metrics: loss: 1.025 ; recall_at_100: 0.154
2019-01-21 21:01:35,510:INFO: Epoch 3/5
2019-01-21 21:01:35,510:INFO: Train
2019-01-21 21:01:37,716:INFO: - Train metrics: loss: 1.040 ; recall_at_100: 0.181
2019-01-21 21:01:37,717:INFO: Evaluate
2019-01-21 21:01:39,136:INFO: - Evaluate metrics: loss: 1.027 ; recall_at_100: 0.202
2019-01-21 21:01:39,137:INFO: - Found new best recall_at_100
2019-01-21 21:01:39,247:INFO: Epoch 4/5
2019-01-21 21:01:39,247:INFO: Train
2019-01-21 21:01:41,433:INFO: - Train metrics: loss: 1.017 ; recall_at_100: 0.213
2019-01-21 21:01:41,434:INFO: Evaluate
2019-01-21 21:01:42,826:INFO: - Evaluate metrics: loss: 1.035 ; recall_at_100: 0.146
2019-01-21 21:01:42,864:INFO: Epoch 5/5
2019-01-21 21:01:42,864:INFO: Train
2019-01-21 21:01:45,125:INFO: - Train metrics: loss: 1.001 ; recall_at_100: 0.216
2019-01-21 21:01:45,125:INFO: Evaluate
2019-01-21 21:01:46,524:INFO: - Evaluate metrics: loss: 1.036 ; recall_at_100: 0.177
2019-01-21 21:02:22,202:INFO: Training model for test 0
2019-01-21 21:02:26,997:INFO: Starting training for 5 epoch(s)
2019-01-21 21:02:26,998:INFO: Epoch 1/5
2019-01-21 21:02:26,998:INFO: Train
2019-01-21 21:02:29,214:INFO: - Train metrics: loss: 1.495 ; recall_at_100: 0.001
2019-01-21 21:02:29,214:INFO: Evaluate
2019-01-21 21:02:30,825:INFO: - Evaluate metrics: loss: 1.284 ; recall_at_100: 0.160
2019-01-21 21:02:30,825:INFO: - Found new best recall_at_100
2019-01-21 21:02:30,950:INFO: Epoch 2/5
2019-01-21 21:02:30,950:INFO: Train
2019-01-21 21:02:33,167:INFO: - Train metrics: loss: 1.157 ; recall_at_100: 0.164
2019-01-21 21:02:33,167:INFO: Evaluate
2019-01-21 21:02:34,704:INFO: - Evaluate metrics: loss: 1.064 ; recall_at_100: 0.202
2019-01-21 21:02:34,705:INFO: - Found new best recall_at_100
2019-01-21 21:02:34,819:INFO: Epoch 3/5
2019-01-21 21:02:34,819:INFO: Train
2019-01-21 21:02:37,058:INFO: - Train metrics: loss: 1.070 ; recall_at_100: 0.192
2019-01-21 21:02:37,058:INFO: Evaluate
2019-01-21 21:02:38,540:INFO: - Evaluate metrics: loss: 1.041 ; recall_at_100: 0.173
2019-01-21 21:02:38,614:INFO: Epoch 4/5
2019-01-21 21:02:38,614:INFO: Train
2019-01-21 21:02:40,839:INFO: - Train metrics: loss: 1.051 ; recall_at_100: 0.143
2019-01-21 21:02:40,840:INFO: Evaluate
2019-01-21 21:02:42,484:INFO: - Evaluate metrics: loss: 1.061 ; recall_at_100: 0.170
2019-01-21 21:02:42,526:INFO: Epoch 5/5
2019-01-21 21:02:42,526:INFO: Train
2019-01-21 21:02:44,803:INFO: - Train metrics: loss: 1.029 ; recall_at_100: 0.183
2019-01-21 21:02:44,804:INFO: Evaluate
2019-01-21 21:02:46,326:INFO: - Evaluate metrics: loss: 1.006 ; recall_at_100: 0.185
2019-01-21 21:03:21,778:INFO: Training model for test 4
2019-01-21 21:03:26,534:INFO: Starting training for 5 epoch(s)
2019-01-21 21:03:26,534:INFO: Epoch 1/5
2019-01-21 21:03:26,534:INFO: Train
2019-01-21 21:03:28,802:INFO: - Train metrics: loss: 1.522 ; recall_at_100: 0.001
2019-01-21 21:03:28,803:INFO: Evaluate
2019-01-21 21:03:30,189:INFO: - Evaluate metrics: loss: 1.330 ; recall_at_100: 0.186
2019-01-21 21:03:30,190:INFO: - Found new best recall_at_100
2019-01-21 21:03:30,299:INFO: Epoch 2/5
2019-01-21 21:03:30,299:INFO: Train
2019-01-21 21:03:32,503:INFO: - Train metrics: loss: 1.142 ; recall_at_100: 0.206
2019-01-21 21:03:32,503:INFO: Evaluate
2019-01-21 21:03:33,919:INFO: - Evaluate metrics: loss: 1.094 ; recall_at_100: 0.169
2019-01-21 21:03:33,963:INFO: Epoch 3/5
2019-01-21 21:03:33,963:INFO: Train
2019-01-21 21:03:36,157:INFO: - Train metrics: loss: 1.055 ; recall_at_100: 0.196
2019-01-21 21:03:36,158:INFO: Evaluate
2019-01-21 21:03:37,579:INFO: - Evaluate metrics: loss: 1.034 ; recall_at_100: 0.170
2019-01-21 21:03:37,620:INFO: Epoch 4/5
2019-01-21 21:03:37,620:INFO: Train
2019-01-21 21:03:39,651:INFO: - Train metrics: loss: 1.041 ; recall_at_100: 0.143
2019-01-21 21:03:39,652:INFO: Evaluate
2019-01-21 21:03:41,040:INFO: - Evaluate metrics: loss: 1.064 ; recall_at_100: 0.157
2019-01-21 21:03:41,081:INFO: Epoch 5/5
2019-01-21 21:03:41,081:INFO: Train
2019-01-21 21:03:43,317:INFO: - Train metrics: loss: 1.014 ; recall_at_100: 0.184
2019-01-21 21:03:43,317:INFO: Evaluate
2019-01-21 21:03:44,759:INFO: - Evaluate metrics: loss: 1.026 ; recall_at_100: 0.199
2019-01-21 21:03:44,760:INFO: - Found new best recall_at_100
2019-01-21 21:04:20,522:INFO: Training model for test 9
2019-01-21 21:04:25,367:INFO: Starting training for 5 epoch(s)
2019-01-21 21:04:25,367:INFO: Epoch 1/5
2019-01-21 21:04:25,367:INFO: Train
2019-01-21 21:04:27,504:INFO: - Train metrics: loss: 1.513 ; recall_at_100: 0.002
2019-01-21 21:04:27,504:INFO: Evaluate
2019-01-21 21:04:28,919:INFO: - Evaluate metrics: loss: 1.208 ; recall_at_100: 0.173
2019-01-21 21:04:28,920:INFO: - Found new best recall_at_100
2019-01-21 21:04:29,032:INFO: Epoch 2/5
2019-01-21 21:04:29,033:INFO: Train
2019-01-21 21:04:31,136:INFO: - Train metrics: loss: 1.138 ; recall_at_100: 0.152
2019-01-21 21:04:31,136:INFO: Evaluate
2019-01-21 21:04:32,596:INFO: - Evaluate metrics: loss: 1.100 ; recall_at_100: 0.180
2019-01-21 21:04:32,596:INFO: - Found new best recall_at_100
2019-01-21 21:04:32,704:INFO: Epoch 3/5
2019-01-21 21:04:32,704:INFO: Train
2019-01-21 21:04:34,966:INFO: - Train metrics: loss: 1.077 ; recall_at_100: 0.165
2019-01-21 21:04:34,967:INFO: Evaluate
2019-01-21 21:04:36,354:INFO: - Evaluate metrics: loss: 1.009 ; recall_at_100: 0.186
2019-01-21 21:04:36,355:INFO: - Found new best recall_at_100
2019-01-21 21:04:36,465:INFO: Epoch 4/5
2019-01-21 21:04:36,465:INFO: Train
2019-01-21 21:04:38,692:INFO: - Train metrics: loss: 1.039 ; recall_at_100: 0.148
2019-01-21 21:04:38,693:INFO: Evaluate
2019-01-21 21:04:40,061:INFO: - Evaluate metrics: loss: 1.000 ; recall_at_100: 0.180
2019-01-21 21:04:40,098:INFO: Epoch 5/5
2019-01-21 21:04:40,098:INFO: Train
2019-01-21 21:04:42,300:INFO: - Train metrics: loss: 1.027 ; recall_at_100: 0.177
2019-01-21 21:04:42,300:INFO: Evaluate
2019-01-21 21:04:43,719:INFO: - Evaluate metrics: loss: 0.992 ; recall_at_100: 0.205
2019-01-21 21:04:43,720:INFO: - Found new best recall_at_100
2019-01-21 21:05:19,464:INFO: Training model for test 6
2019-01-21 21:05:24,243:INFO: Starting training for 5 epoch(s)
2019-01-21 21:05:24,243:INFO: Epoch 1/5
2019-01-21 21:05:24,243:INFO: Train
2019-01-21 21:05:26,408:INFO: - Train metrics: loss: 1.481 ; recall_at_100: 0.169
2019-01-21 21:05:26,408:INFO: Evaluate
2019-01-21 21:05:27,606:INFO: - Evaluate metrics: loss: 1.173 ; recall_at_100: 0.135
2019-01-21 21:05:27,606:INFO: - Found new best recall_at_100
2019-01-21 21:05:27,786:INFO: Epoch 2/5
2019-01-21 21:05:27,786:INFO: Train
2019-01-21 21:05:29,862:INFO: - Train metrics: loss: 1.108 ; recall_at_100: 0.195
2019-01-21 21:05:29,863:INFO: Evaluate
2019-01-21 21:05:31,135:INFO: - Evaluate metrics: loss: 1.094 ; recall_at_100: 0.160
2019-01-21 21:05:31,135:INFO: - Found new best recall_at_100
2019-01-21 21:05:31,251:INFO: Epoch 3/5
2019-01-21 21:05:31,252:INFO: Train
2019-01-21 21:05:33,372:INFO: - Train metrics: loss: 1.054 ; recall_at_100: 0.177
2019-01-21 21:05:33,373:INFO: Evaluate
2019-01-21 21:05:34,745:INFO: - Evaluate metrics: loss: 1.016 ; recall_at_100: 0.144
2019-01-21 21:05:34,779:INFO: Epoch 4/5
2019-01-21 21:05:34,779:INFO: Train
2019-01-21 21:05:36,994:INFO: - Train metrics: loss: 1.022 ; recall_at_100: 0.193
2019-01-21 21:05:36,995:INFO: Evaluate
2019-01-21 21:05:38,343:INFO: - Evaluate metrics: loss: 1.011 ; recall_at_100: 0.170
2019-01-21 21:05:38,344:INFO: - Found new best recall_at_100
2019-01-21 21:05:38,459:INFO: Epoch 5/5
2019-01-21 21:05:38,460:INFO: Train
2019-01-21 21:05:40,419:INFO: - Train metrics: loss: 1.017 ; recall_at_100: 0.183
2019-01-21 21:05:40,419:INFO: Evaluate
2019-01-21 21:05:41,726:INFO: - Evaluate metrics: loss: 1.011 ; recall_at_100: 0.154
2019-01-21 21:06:16,925:INFO: Training model for test 8
2019-01-21 21:06:21,776:INFO: Starting training for 5 epoch(s)
2019-01-21 21:06:21,776:INFO: Epoch 1/5
2019-01-21 21:06:21,776:INFO: Train
2019-01-21 21:06:23,904:INFO: - Train metrics: loss: 1.601 ; recall_at_100: 0.000
2019-01-21 21:06:23,905:INFO: Evaluate
2019-01-21 21:06:25,373:INFO: - Evaluate metrics: loss: 1.375 ; recall_at_100: 0.110
2019-01-21 21:06:25,373:INFO: - Found new best recall_at_100
2019-01-21 21:06:25,491:INFO: Epoch 2/5
2019-01-21 21:06:25,491:INFO: Train
2019-01-21 21:06:27,672:INFO: - Train metrics: loss: 1.222 ; recall_at_100: 0.159
2019-01-21 21:06:27,672:INFO: Evaluate
2019-01-21 21:06:29,157:INFO: - Evaluate metrics: loss: 1.118 ; recall_at_100: 0.130
2019-01-21 21:06:29,158:INFO: - Found new best recall_at_100
2019-01-21 21:06:29,289:INFO: Epoch 3/5
2019-01-21 21:06:29,289:INFO: Train
2019-01-21 21:06:31,539:INFO: - Train metrics: loss: 1.080 ; recall_at_100: 0.162
2019-01-21 21:06:31,539:INFO: Evaluate
2019-01-21 21:06:32,987:INFO: - Evaluate metrics: loss: 1.043 ; recall_at_100: 0.146
2019-01-21 21:06:32,987:INFO: - Found new best recall_at_100
2019-01-21 21:06:33,108:INFO: Epoch 4/5
2019-01-21 21:06:33,108:INFO: Train
2019-01-21 21:06:35,507:INFO: - Train metrics: loss: 1.038 ; recall_at_100: 0.167
2019-01-21 21:06:35,507:INFO: Evaluate
2019-01-21 21:06:36,743:INFO: - Evaluate metrics: loss: 1.055 ; recall_at_100: 0.142
2019-01-21 21:06:36,778:INFO: Epoch 5/5
2019-01-21 21:06:36,778:INFO: Train
2019-01-21 21:06:38,971:INFO: - Train metrics: loss: 1.026 ; recall_at_100: 0.198
2019-01-21 21:06:38,971:INFO: Evaluate
2019-01-21 21:06:40,387:INFO: - Evaluate metrics: loss: 1.016 ; recall_at_100: 0.157
2019-01-21 21:06:40,387:INFO: - Found new best recall_at_100
2019-01-21 21:07:15,796:INFO: Training model for test 1
2019-01-21 21:07:20,549:INFO: Starting training for 5 epoch(s)
2019-01-21 21:07:20,549:INFO: Epoch 1/5
2019-01-21 21:07:20,549:INFO: Train
2019-01-21 21:07:22,736:INFO: - Train metrics: loss: 1.463 ; recall_at_100: 0.000
2019-01-21 21:07:22,737:INFO: Evaluate
2019-01-21 21:07:24,107:INFO: - Evaluate metrics: loss: 1.122 ; recall_at_100: 0.192
2019-01-21 21:07:24,107:INFO: - Found new best recall_at_100
2019-01-21 21:07:24,233:INFO: Epoch 2/5
2019-01-21 21:07:24,234:INFO: Train
2019-01-21 21:07:26,290:INFO: - Train metrics: loss: 1.097 ; recall_at_100: 0.138
2019-01-21 21:07:26,291:INFO: Evaluate
2019-01-21 21:07:27,758:INFO: - Evaluate metrics: loss: 1.056 ; recall_at_100: 0.190
2019-01-21 21:07:27,798:INFO: Epoch 3/5
2019-01-21 21:07:27,798:INFO: Train
2019-01-21 21:07:29,969:INFO: - Train metrics: loss: 1.095 ; recall_at_100: 0.169
2019-01-21 21:07:29,969:INFO: Evaluate
2019-01-21 21:07:31,414:INFO: - Evaluate metrics: loss: 1.050 ; recall_at_100: 0.166
2019-01-21 21:07:31,456:INFO: Epoch 4/5
2019-01-21 21:07:31,456:INFO: Train
2019-01-21 21:07:33,667:INFO: - Train metrics: loss: 1.043 ; recall_at_100: 0.154
2019-01-21 21:07:33,667:INFO: Evaluate
2019-01-21 21:07:35,056:INFO: - Evaluate metrics: loss: 1.139 ; recall_at_100: 0.165
2019-01-21 21:07:35,091:INFO: Epoch 5/5
2019-01-21 21:07:35,092:INFO: Train
2019-01-21 21:07:37,123:INFO: - Train metrics: loss: 1.038 ; recall_at_100: 0.166
2019-01-21 21:07:37,124:INFO: Evaluate
2019-01-21 21:07:38,523:INFO: - Evaluate metrics: loss: 1.029 ; recall_at_100: 0.225
2019-01-21 21:07:38,524:INFO: - Found new best recall_at_100
2019-01-21 21:08:14,457:INFO: Training model for test 2
2019-01-21 21:08:19,241:INFO: Starting training for 5 epoch(s)
2019-01-21 21:08:19,242:INFO: Epoch 1/5
2019-01-21 21:08:19,242:INFO: Train
2019-01-21 21:08:21,463:INFO: - Train metrics: loss: 1.289 ; recall_at_100: 0.164
2019-01-21 21:08:21,464:INFO: Evaluate
2019-01-21 21:08:22,918:INFO: - Evaluate metrics: loss: 1.288 ; recall_at_100: 0.184
2019-01-21 21:08:22,919:INFO: - Found new best recall_at_100
2019-01-21 21:08:23,039:INFO: Epoch 2/5
2019-01-21 21:08:23,039:INFO: Train
2019-01-21 21:08:25,230:INFO: - Train metrics: loss: 1.080 ; recall_at_100: 0.201
2019-01-21 21:08:25,231:INFO: Evaluate
2019-01-21 21:08:26,540:INFO: - Evaluate metrics: loss: 1.112 ; recall_at_100: 0.159
2019-01-21 21:08:26,577:INFO: Epoch 3/5
2019-01-21 21:08:26,577:INFO: Train
2019-01-21 21:08:28,648:INFO: - Train metrics: loss: 1.057 ; recall_at_100: 0.186
2019-01-21 21:08:28,649:INFO: Evaluate
2019-01-21 21:08:30,044:INFO: - Evaluate metrics: loss: 1.063 ; recall_at_100: 0.187
2019-01-21 21:08:30,044:INFO: - Found new best recall_at_100
2019-01-21 21:08:30,141:INFO: Epoch 4/5
2019-01-21 21:08:30,141:INFO: Train
2019-01-21 21:08:32,315:INFO: - Train metrics: loss: 1.031 ; recall_at_100: 0.172
2019-01-21 21:08:32,316:INFO: Evaluate
2019-01-21 21:08:33,721:INFO: - Evaluate metrics: loss: 1.050 ; recall_at_100: 0.186
2019-01-21 21:08:33,758:INFO: Epoch 5/5
2019-01-21 21:08:33,758:INFO: Train
2019-01-21 21:08:35,866:INFO: - Train metrics: loss: 1.010 ; recall_at_100: 0.197
2019-01-21 21:08:35,867:INFO: Evaluate
2019-01-21 21:08:37,259:INFO: - Evaluate metrics: loss: 1.069 ; recall_at_100: 0.187
2019-01-21 21:08:37,259:INFO: - Found new best recall_at_100
2019-01-21 21:09:13,030:INFO: Running Experiment...
