2019-06-27 12:33:14,480:INFO: Disease Protein Prediction in the PPI Network
2019-06-27 12:33:14,481:INFO: Sabri Eyuboglu  -- SNAP Group
2019-06-27 12:33:14,481:INFO: ======================================
2019-06-27 12:33:14,481:INFO: Loading PPI Network...
2019-06-27 12:33:18,315:INFO: Loading Disease Associations...
2019-06-27 12:33:18,368:INFO: Training Models...
2019-06-27 12:33:18,389:INFO: Training model for test 3
2019-06-27 12:33:23,549:INFO: Starting training for 20 epoch(s)
2019-06-27 12:33:23,550:INFO: Epoch 1/20
2019-06-27 12:33:23,550:INFO: Train
2019-06-27 12:33:25,489:INFO: - Train metrics: recall_at_100: 0.000 ; loss: 1.438
2019-06-27 12:33:25,490:INFO: Evaluate
2019-06-27 12:33:26,793:INFO: - Evaluate metrics: recall_at_100: 0.156 ; loss: 1.121
2019-06-27 12:33:26,793:INFO: - Found new best recall_at_100
2019-06-27 12:33:26,876:INFO: Epoch 2/20
2019-06-27 12:33:26,876:INFO: Train
2019-06-27 12:33:28,879:INFO: - Train metrics: recall_at_100: 0.192 ; loss: 1.140
2019-06-27 12:33:28,880:INFO: Evaluate
2019-06-27 12:33:30,151:INFO: - Evaluate metrics: recall_at_100: 0.195 ; loss: 1.148
2019-06-27 12:33:30,151:INFO: - Found new best recall_at_100
2019-06-27 12:33:30,278:INFO: Epoch 3/20
2019-06-27 12:33:30,278:INFO: Train
2019-06-27 12:33:32,185:INFO: - Train metrics: recall_at_100: 0.176 ; loss: 1.099
2019-06-27 12:33:32,185:INFO: Evaluate
2019-06-27 12:33:33,615:INFO: - Evaluate metrics: recall_at_100: 0.158 ; loss: 1.087
2019-06-27 12:33:33,655:INFO: Epoch 4/20
2019-06-27 12:33:33,655:INFO: Train
2019-06-27 12:33:35,490:INFO: - Train metrics: recall_at_100: 0.163 ; loss: 1.094
2019-06-27 12:33:35,490:INFO: Evaluate
2019-06-27 12:33:36,783:INFO: - Evaluate metrics: recall_at_100: 0.180 ; loss: 1.072
2019-06-27 12:33:36,822:INFO: Epoch 5/20
2019-06-27 12:33:36,823:INFO: Train
2019-06-27 12:33:38,749:INFO: - Train metrics: recall_at_100: 0.155 ; loss: 1.094
2019-06-27 12:33:38,749:INFO: Evaluate
2019-06-27 12:33:40,024:INFO: - Evaluate metrics: recall_at_100: 0.149 ; loss: 1.089
2019-06-27 12:33:40,066:INFO: Epoch 6/20
2019-06-27 12:33:40,066:INFO: Train
2019-06-27 12:33:41,910:INFO: - Train metrics: recall_at_100: 0.160 ; loss: 1.084
2019-06-27 12:33:41,911:INFO: Evaluate
2019-06-27 12:33:43,238:INFO: - Evaluate metrics: recall_at_100: 0.148 ; loss: 1.082
2019-06-27 12:33:43,271:INFO: Epoch 7/20
2019-06-27 12:33:43,271:INFO: Train
2019-06-27 12:33:45,130:INFO: - Train metrics: recall_at_100: 0.154 ; loss: 1.084
2019-06-27 12:33:45,131:INFO: Evaluate
2019-06-27 12:33:46,438:INFO: - Evaluate metrics: recall_at_100: 0.175 ; loss: 1.094
2019-06-27 12:33:46,486:INFO: Epoch 8/20
2019-06-27 12:33:46,486:INFO: Train
2019-06-27 12:33:48,337:INFO: - Train metrics: recall_at_100: 0.191 ; loss: 1.092
2019-06-27 12:33:48,338:INFO: Evaluate
2019-06-27 12:33:49,655:INFO: - Evaluate metrics: recall_at_100: 0.148 ; loss: 1.109
2019-06-27 12:33:49,686:INFO: Epoch 9/20
2019-06-27 12:33:49,687:INFO: Train
2019-06-27 12:33:51,448:INFO: - Train metrics: recall_at_100: 0.221 ; loss: 1.103
2019-06-27 12:33:51,448:INFO: Evaluate
2019-06-27 12:33:52,757:INFO: - Evaluate metrics: recall_at_100: 0.191 ; loss: 1.099
2019-06-27 12:33:52,814:INFO: Epoch 10/20
2019-06-27 12:33:52,814:INFO: Train
2019-06-27 12:33:54,640:INFO: - Train metrics: recall_at_100: 0.206 ; loss: 1.089
2019-06-27 12:33:54,641:INFO: Evaluate
2019-06-27 12:33:55,969:INFO: - Evaluate metrics: recall_at_100: 0.148 ; loss: 1.119
2019-06-27 12:33:56,001:INFO: Epoch 11/20
2019-06-27 12:33:56,001:INFO: Train
2019-06-27 12:33:57,866:INFO: - Train metrics: recall_at_100: 0.190 ; loss: 1.085
2019-06-27 12:33:57,866:INFO: Evaluate
2019-06-27 12:33:59,164:INFO: - Evaluate metrics: recall_at_100: 0.187 ; loss: 1.061
2019-06-27 12:33:59,234:INFO: Epoch 12/20
2019-06-27 12:33:59,234:INFO: Train
2019-06-27 12:34:01,050:INFO: - Train metrics: recall_at_100: 0.171 ; loss: 1.073
2019-06-27 12:34:01,050:INFO: Evaluate
2019-06-27 12:34:02,367:INFO: - Evaluate metrics: recall_at_100: 0.172 ; loss: 1.075
2019-06-27 12:34:02,402:INFO: Epoch 13/20
2019-06-27 12:34:02,402:INFO: Train
2019-06-27 12:34:04,065:INFO: - Train metrics: recall_at_100: 0.170 ; loss: 1.073
2019-06-27 12:34:04,065:INFO: Evaluate
2019-06-27 12:34:05,378:INFO: - Evaluate metrics: recall_at_100: 0.144 ; loss: 1.099
2019-06-27 12:34:05,416:INFO: Epoch 14/20
2019-06-27 12:34:05,416:INFO: Train
2019-06-27 12:34:07,153:INFO: - Train metrics: recall_at_100: 0.169 ; loss: 1.070
2019-06-27 12:34:07,153:INFO: Evaluate
2019-06-27 12:34:08,337:INFO: - Evaluate metrics: recall_at_100: 0.178 ; loss: 1.086
2019-06-27 12:34:08,371:INFO: Epoch 15/20
2019-06-27 12:34:08,371:INFO: Train
2019-06-27 12:34:10,176:INFO: - Train metrics: recall_at_100: 0.185 ; loss: 1.081
2019-06-27 12:34:10,177:INFO: Evaluate
2019-06-27 12:34:11,390:INFO: - Evaluate metrics: recall_at_100: 0.153 ; loss: 1.128
2019-06-27 12:34:11,433:INFO: Epoch 16/20
2019-06-27 12:34:11,434:INFO: Train
2019-06-27 12:34:13,435:INFO: - Train metrics: recall_at_100: 0.184 ; loss: 1.110
2019-06-27 12:34:13,436:INFO: Evaluate
2019-06-27 12:34:14,718:INFO: - Evaluate metrics: recall_at_100: 0.137 ; loss: 1.122
2019-06-27 12:34:14,757:INFO: Epoch 17/20
2019-06-27 12:34:14,757:INFO: Train
2019-06-27 12:34:16,636:INFO: - Train metrics: recall_at_100: 0.174 ; loss: 1.086
2019-06-27 12:34:16,636:INFO: Evaluate
2019-06-27 12:34:17,940:INFO: - Evaluate metrics: recall_at_100: 0.165 ; loss: 1.105
2019-06-27 12:34:17,980:INFO: Epoch 18/20
2019-06-27 12:34:17,980:INFO: Train
2019-06-27 12:34:19,888:INFO: - Train metrics: recall_at_100: 0.180 ; loss: 1.087
2019-06-27 12:34:19,889:INFO: Evaluate
2019-06-27 12:34:21,195:INFO: - Evaluate metrics: recall_at_100: 0.168 ; loss: 1.109
2019-06-27 12:34:21,237:INFO: Epoch 19/20
2019-06-27 12:34:21,237:INFO: Train
2019-06-27 12:34:23,245:INFO: - Train metrics: recall_at_100: 0.184 ; loss: 1.099
2019-06-27 12:34:23,246:INFO: Evaluate
2019-06-27 12:34:24,610:INFO: - Evaluate metrics: recall_at_100: 0.175 ; loss: 1.100
2019-06-27 12:34:24,654:INFO: Epoch 20/20
2019-06-27 12:34:24,654:INFO: Train
2019-06-27 12:34:26,502:INFO: - Train metrics: recall_at_100: 0.167 ; loss: 1.086
2019-06-27 12:34:26,502:INFO: Evaluate
2019-06-27 12:34:27,788:INFO: - Evaluate metrics: recall_at_100: 0.173 ; loss: 1.110
2019-06-27 12:34:43,588:INFO: Training model for test 9
2019-06-27 12:34:45,601:INFO: Starting training for 20 epoch(s)
2019-06-27 12:34:45,601:INFO: Epoch 1/20
2019-06-27 12:34:45,601:INFO: Train
2019-06-27 12:34:47,613:INFO: - Train metrics: recall_at_100: 0.163 ; loss: 1.427
2019-06-27 12:34:47,614:INFO: Evaluate
2019-06-27 12:34:48,953:INFO: - Evaluate metrics: recall_at_100: 0.182 ; loss: 1.125
2019-06-27 12:34:48,954:INFO: - Found new best recall_at_100
2019-06-27 12:34:49,068:INFO: Epoch 2/20
2019-06-27 12:34:49,068:INFO: Train
2019-06-27 12:34:50,905:INFO: - Train metrics: recall_at_100: 0.201 ; loss: 1.150
2019-06-27 12:34:50,906:INFO: Evaluate
2019-06-27 12:34:52,286:INFO: - Evaluate metrics: recall_at_100: 0.184 ; loss: 1.202
2019-06-27 12:34:52,287:INFO: - Found new best recall_at_100
2019-06-27 12:34:52,415:INFO: Epoch 3/20
2019-06-27 12:34:52,415:INFO: Train
2019-06-27 12:34:54,310:INFO: - Train metrics: recall_at_100: 0.148 ; loss: 1.152
2019-06-27 12:34:54,311:INFO: Evaluate
2019-06-27 12:34:55,568:INFO: - Evaluate metrics: recall_at_100: 0.156 ; loss: 1.084
2019-06-27 12:34:55,612:INFO: Epoch 4/20
2019-06-27 12:34:55,612:INFO: Train
2019-06-27 12:34:57,515:INFO: - Train metrics: recall_at_100: 0.176 ; loss: 1.111
2019-06-27 12:34:57,516:INFO: Evaluate
2019-06-27 12:34:58,837:INFO: - Evaluate metrics: recall_at_100: 0.197 ; loss: 1.080
2019-06-27 12:34:58,837:INFO: - Found new best recall_at_100
2019-06-27 12:34:58,957:INFO: Epoch 5/20
2019-06-27 12:34:58,957:INFO: Train
2019-06-27 12:35:00,927:INFO: - Train metrics: recall_at_100: 0.159 ; loss: 1.098
2019-06-27 12:35:00,928:INFO: Evaluate
2019-06-27 12:35:02,270:INFO: - Evaluate metrics: recall_at_100: 0.206 ; loss: 1.088
2019-06-27 12:35:02,270:INFO: - Found new best recall_at_100
2019-06-27 12:35:02,390:INFO: Epoch 6/20
2019-06-27 12:35:02,390:INFO: Train
2019-06-27 12:35:04,372:INFO: - Train metrics: recall_at_100: 0.177 ; loss: 1.086
2019-06-27 12:35:04,372:INFO: Evaluate
2019-06-27 12:35:05,767:INFO: - Evaluate metrics: recall_at_100: 0.182 ; loss: 1.081
2019-06-27 12:35:05,817:INFO: Epoch 7/20
2019-06-27 12:35:05,817:INFO: Train
2019-06-27 12:35:07,783:INFO: - Train metrics: recall_at_100: 0.200 ; loss: 1.097
2019-06-27 12:35:07,784:INFO: Evaluate
2019-06-27 12:35:09,125:INFO: - Evaluate metrics: recall_at_100: 0.192 ; loss: 1.081
2019-06-27 12:35:09,155:INFO: Epoch 8/20
2019-06-27 12:35:09,155:INFO: Train
2019-06-27 12:35:11,098:INFO: - Train metrics: recall_at_100: 0.156 ; loss: 1.087
2019-06-27 12:35:11,099:INFO: Evaluate
2019-06-27 12:35:12,461:INFO: - Evaluate metrics: recall_at_100: 0.147 ; loss: 1.100
2019-06-27 12:35:12,515:INFO: Epoch 9/20
2019-06-27 12:35:12,515:INFO: Train
2019-06-27 12:35:14,473:INFO: - Train metrics: recall_at_100: 0.156 ; loss: 1.109
2019-06-27 12:35:14,473:INFO: Evaluate
2019-06-27 12:35:15,804:INFO: - Evaluate metrics: recall_at_100: 0.163 ; loss: 1.077
2019-06-27 12:35:15,849:INFO: Epoch 10/20
2019-06-27 12:35:15,849:INFO: Train
2019-06-27 12:35:17,726:INFO: - Train metrics: recall_at_100: 0.185 ; loss: 1.088
2019-06-27 12:35:17,727:INFO: Evaluate
2019-06-27 12:35:19,051:INFO: - Evaluate metrics: recall_at_100: 0.195 ; loss: 1.072
2019-06-27 12:35:19,130:INFO: Epoch 11/20
2019-06-27 12:35:19,130:INFO: Train
2019-06-27 12:35:21,053:INFO: - Train metrics: recall_at_100: 0.185 ; loss: 1.081
2019-06-27 12:35:21,054:INFO: Evaluate
2019-06-27 12:35:22,428:INFO: - Evaluate metrics: recall_at_100: 0.191 ; loss: 1.109
2019-06-27 12:35:22,472:INFO: Epoch 12/20
2019-06-27 12:35:22,472:INFO: Train
2019-06-27 12:35:24,397:INFO: - Train metrics: recall_at_100: 0.172 ; loss: 1.083
2019-06-27 12:35:24,398:INFO: Evaluate
2019-06-27 12:35:25,774:INFO: - Evaluate metrics: recall_at_100: 0.168 ; loss: 1.088
2019-06-27 12:35:25,818:INFO: Epoch 13/20
2019-06-27 12:35:25,818:INFO: Train
2019-06-27 12:35:27,635:INFO: - Train metrics: recall_at_100: 0.183 ; loss: 1.089
2019-06-27 12:35:27,635:INFO: Evaluate
2019-06-27 12:35:29,053:INFO: - Evaluate metrics: recall_at_100: 0.172 ; loss: 1.088
2019-06-27 12:35:29,094:INFO: Epoch 14/20
2019-06-27 12:35:29,094:INFO: Train
2019-06-27 12:35:31,024:INFO: - Train metrics: recall_at_100: 0.159 ; loss: 1.089
2019-06-27 12:35:31,024:INFO: Evaluate
2019-06-27 12:35:32,386:INFO: - Evaluate metrics: recall_at_100: 0.178 ; loss: 1.074
2019-06-27 12:35:32,418:INFO: Epoch 15/20
2019-06-27 12:35:32,419:INFO: Train
2019-06-27 12:35:34,290:INFO: - Train metrics: recall_at_100: 0.179 ; loss: 1.085
2019-06-27 12:35:34,290:INFO: Evaluate
2019-06-27 12:35:35,697:INFO: - Evaluate metrics: recall_at_100: 0.174 ; loss: 1.067
2019-06-27 12:35:35,734:INFO: Epoch 16/20
2019-06-27 12:35:35,734:INFO: Train
2019-06-27 12:35:37,674:INFO: - Train metrics: recall_at_100: 0.198 ; loss: 1.084
2019-06-27 12:35:37,675:INFO: Evaluate
2019-06-27 12:35:39,083:INFO: - Evaluate metrics: recall_at_100: 0.167 ; loss: 1.099
2019-06-27 12:35:39,114:INFO: Epoch 17/20
2019-06-27 12:35:39,115:INFO: Train
2019-06-27 12:35:40,939:INFO: - Train metrics: recall_at_100: 0.174 ; loss: 1.102
2019-06-27 12:35:40,939:INFO: Evaluate
2019-06-27 12:35:42,285:INFO: - Evaluate metrics: recall_at_100: 0.165 ; loss: 1.078
2019-06-27 12:35:42,320:INFO: Epoch 18/20
2019-06-27 12:35:42,320:INFO: Train
2019-06-27 12:35:44,040:INFO: - Train metrics: recall_at_100: 0.160 ; loss: 1.106
2019-06-27 12:35:44,040:INFO: Evaluate
2019-06-27 12:35:45,432:INFO: - Evaluate metrics: recall_at_100: 0.158 ; loss: 1.094
2019-06-27 12:35:45,462:INFO: Epoch 19/20
2019-06-27 12:35:45,462:INFO: Train
2019-06-27 12:35:47,421:INFO: - Train metrics: recall_at_100: 0.172 ; loss: 1.096
2019-06-27 12:35:47,422:INFO: Evaluate
2019-06-27 12:35:48,820:INFO: - Evaluate metrics: recall_at_100: 0.189 ; loss: 1.115
2019-06-27 12:35:48,851:INFO: Epoch 20/20
2019-06-27 12:35:48,851:INFO: Train
2019-06-27 12:35:50,864:INFO: - Train metrics: recall_at_100: 0.209 ; loss: 1.109
2019-06-27 12:35:50,865:INFO: Evaluate
2019-06-27 12:35:52,249:INFO: - Evaluate metrics: recall_at_100: 0.175 ; loss: 1.091
2019-06-27 12:36:08,548:INFO: Training model for test 8
2019-06-27 12:36:10,577:INFO: Starting training for 20 epoch(s)
2019-06-27 12:36:10,578:INFO: Epoch 1/20
2019-06-27 12:36:10,578:INFO: Train
2019-06-27 12:36:12,601:INFO: - Train metrics: recall_at_100: 0.005 ; loss: 1.422
2019-06-27 12:36:12,602:INFO: Evaluate
2019-06-27 12:36:13,770:INFO: - Evaluate metrics: recall_at_100: 0.144 ; loss: 1.228
2019-06-27 12:36:13,770:INFO: - Found new best recall_at_100
2019-06-27 12:36:13,856:INFO: Epoch 2/20
2019-06-27 12:36:13,857:INFO: Train
2019-06-27 12:36:15,798:INFO: - Train metrics: recall_at_100: 0.203 ; loss: 1.142
2019-06-27 12:36:15,798:INFO: Evaluate
2019-06-27 12:36:17,148:INFO: - Evaluate metrics: recall_at_100: 0.166 ; loss: 1.114
2019-06-27 12:36:17,148:INFO: - Found new best recall_at_100
2019-06-27 12:36:17,260:INFO: Epoch 3/20
2019-06-27 12:36:17,261:INFO: Train
2019-06-27 12:36:19,318:INFO: - Train metrics: recall_at_100: 0.194 ; loss: 1.112
2019-06-27 12:36:19,318:INFO: Evaluate
2019-06-27 12:36:20,656:INFO: - Evaluate metrics: recall_at_100: 0.164 ; loss: 1.145
2019-06-27 12:36:20,681:INFO: Epoch 4/20
2019-06-27 12:36:20,682:INFO: Train
2019-06-27 12:36:22,594:INFO: - Train metrics: recall_at_100: 0.178 ; loss: 1.105
2019-06-27 12:36:22,595:INFO: Evaluate
2019-06-27 12:36:23,965:INFO: - Evaluate metrics: recall_at_100: 0.127 ; loss: 1.143
2019-06-27 12:36:23,999:INFO: Epoch 5/20
2019-06-27 12:36:23,999:INFO: Train
2019-06-27 12:36:25,935:INFO: - Train metrics: recall_at_100: 0.187 ; loss: 1.093
2019-06-27 12:36:25,936:INFO: Evaluate
2019-06-27 12:36:27,275:INFO: - Evaluate metrics: recall_at_100: 0.177 ; loss: 1.079
2019-06-27 12:36:27,275:INFO: - Found new best recall_at_100
2019-06-27 12:36:27,399:INFO: Epoch 6/20
2019-06-27 12:36:27,399:INFO: Train
2019-06-27 12:36:29,399:INFO: - Train metrics: recall_at_100: 0.188 ; loss: 1.104
2019-06-27 12:36:29,400:INFO: Evaluate
2019-06-27 12:36:30,720:INFO: - Evaluate metrics: recall_at_100: 0.148 ; loss: 1.086
2019-06-27 12:36:30,755:INFO: Epoch 7/20
2019-06-27 12:36:30,755:INFO: Train
2019-06-27 12:36:32,827:INFO: - Train metrics: recall_at_100: 0.152 ; loss: 1.092
2019-06-27 12:36:32,828:INFO: Evaluate
2019-06-27 12:36:34,164:INFO: - Evaluate metrics: recall_at_100: 0.158 ; loss: 1.126
2019-06-27 12:36:34,211:INFO: Epoch 8/20
2019-06-27 12:36:34,211:INFO: Train
2019-06-27 12:36:36,159:INFO: - Train metrics: recall_at_100: 0.180 ; loss: 1.089
2019-06-27 12:36:36,160:INFO: Evaluate
2019-06-27 12:36:37,550:INFO: - Evaluate metrics: recall_at_100: 0.169 ; loss: 1.104
2019-06-27 12:36:37,584:INFO: Epoch 9/20
2019-06-27 12:36:37,584:INFO: Train
2019-06-27 12:36:39,444:INFO: - Train metrics: recall_at_100: 0.175 ; loss: 1.091
2019-06-27 12:36:39,444:INFO: Evaluate
2019-06-27 12:36:40,824:INFO: - Evaluate metrics: recall_at_100: 0.114 ; loss: 1.105
2019-06-27 12:36:40,867:INFO: Epoch 10/20
2019-06-27 12:36:40,867:INFO: Train
2019-06-27 12:36:42,618:INFO: - Train metrics: recall_at_100: 0.158 ; loss: 1.092
2019-06-27 12:36:42,618:INFO: Evaluate
2019-06-27 12:36:43,845:INFO: - Evaluate metrics: recall_at_100: 0.173 ; loss: 1.099
2019-06-27 12:36:43,896:INFO: Epoch 11/20
2019-06-27 12:36:43,896:INFO: Train
2019-06-27 12:36:45,747:INFO: - Train metrics: recall_at_100: 0.172 ; loss: 1.076
2019-06-27 12:36:45,747:INFO: Evaluate
2019-06-27 12:36:47,069:INFO: - Evaluate metrics: recall_at_100: 0.138 ; loss: 1.086
2019-06-27 12:36:47,107:INFO: Epoch 12/20
2019-06-27 12:36:47,107:INFO: Train
2019-06-27 12:36:49,036:INFO: - Train metrics: recall_at_100: 0.178 ; loss: 1.081
2019-06-27 12:36:49,036:INFO: Evaluate
2019-06-27 12:36:50,481:INFO: - Evaluate metrics: recall_at_100: 0.158 ; loss: 1.145
2019-06-27 12:36:50,527:INFO: Epoch 13/20
2019-06-27 12:36:50,527:INFO: Train
2019-06-27 12:36:52,611:INFO: - Train metrics: recall_at_100: 0.164 ; loss: 1.095
2019-06-27 12:36:52,612:INFO: Evaluate
2019-06-27 12:36:53,966:INFO: - Evaluate metrics: recall_at_100: 0.161 ; loss: 1.118
2019-06-27 12:36:54,001:INFO: Epoch 14/20
2019-06-27 12:36:54,001:INFO: Train
2019-06-27 12:36:55,926:INFO: - Train metrics: recall_at_100: 0.178 ; loss: 1.078
2019-06-27 12:36:55,927:INFO: Evaluate
2019-06-27 12:36:57,221:INFO: - Evaluate metrics: recall_at_100: 0.147 ; loss: 1.112
2019-06-27 12:36:57,261:INFO: Epoch 15/20
2019-06-27 12:36:57,262:INFO: Train
2019-06-27 12:36:59,097:INFO: - Train metrics: recall_at_100: 0.149 ; loss: 1.090
2019-06-27 12:36:59,097:INFO: Evaluate
2019-06-27 12:37:00,381:INFO: - Evaluate metrics: recall_at_100: 0.146 ; loss: 1.105
2019-06-27 12:37:00,430:INFO: Epoch 16/20
2019-06-27 12:37:00,430:INFO: Train
2019-06-27 12:37:02,398:INFO: - Train metrics: recall_at_100: 0.181 ; loss: 1.083
2019-06-27 12:37:02,399:INFO: Evaluate
2019-06-27 12:37:03,742:INFO: - Evaluate metrics: recall_at_100: 0.166 ; loss: 1.094
2019-06-27 12:37:03,776:INFO: Epoch 17/20
2019-06-27 12:37:03,776:INFO: Train
2019-06-27 12:37:05,626:INFO: - Train metrics: recall_at_100: 0.196 ; loss: 1.082
2019-06-27 12:37:05,626:INFO: Evaluate
2019-06-27 12:37:06,974:INFO: - Evaluate metrics: recall_at_100: 0.154 ; loss: 1.088
2019-06-27 12:37:07,010:INFO: Epoch 18/20
2019-06-27 12:37:07,011:INFO: Train
2019-06-27 12:37:09,026:INFO: - Train metrics: recall_at_100: 0.196 ; loss: 1.080
2019-06-27 12:37:09,027:INFO: Evaluate
2019-06-27 12:37:10,391:INFO: - Evaluate metrics: recall_at_100: 0.172 ; loss: 1.089
2019-06-27 12:37:10,436:INFO: Epoch 19/20
2019-06-27 12:37:10,436:INFO: Train
2019-06-27 12:37:12,257:INFO: - Train metrics: recall_at_100: 0.142 ; loss: 1.074
2019-06-27 12:37:12,257:INFO: Evaluate
2019-06-27 12:37:13,578:INFO: - Evaluate metrics: recall_at_100: 0.157 ; loss: 1.118
2019-06-27 12:37:13,621:INFO: Epoch 20/20
2019-06-27 12:37:13,621:INFO: Train
2019-06-27 12:37:15,498:INFO: - Train metrics: recall_at_100: 0.185 ; loss: 1.082
2019-06-27 12:37:15,498:INFO: Evaluate
2019-06-27 12:37:16,831:INFO: - Evaluate metrics: recall_at_100: 0.159 ; loss: 1.095
2019-06-27 12:37:32,893:INFO: Training model for test 2
2019-06-27 12:37:34,891:INFO: Starting training for 20 epoch(s)
2019-06-27 12:37:34,892:INFO: Epoch 1/20
2019-06-27 12:37:34,892:INFO: Train
2019-06-27 12:37:36,803:INFO: - Train metrics: recall_at_100: 0.155 ; loss: 1.327
2019-06-27 12:37:36,803:INFO: Evaluate
2019-06-27 12:37:38,111:INFO: - Evaluate metrics: recall_at_100: 0.165 ; loss: 1.373
2019-06-27 12:37:38,111:INFO: - Found new best recall_at_100
2019-06-27 12:37:38,229:INFO: Epoch 2/20
2019-06-27 12:37:38,229:INFO: Train
2019-06-27 12:37:40,028:INFO: - Train metrics: recall_at_100: 0.159 ; loss: 1.152
2019-06-27 12:37:40,028:INFO: Evaluate
2019-06-27 12:37:41,352:INFO: - Evaluate metrics: recall_at_100: 0.189 ; loss: 1.132
2019-06-27 12:37:41,352:INFO: - Found new best recall_at_100
2019-06-27 12:37:41,464:INFO: Epoch 3/20
2019-06-27 12:37:41,464:INFO: Train
2019-06-27 12:37:43,455:INFO: - Train metrics: recall_at_100: 0.174 ; loss: 1.091
2019-06-27 12:37:43,456:INFO: Evaluate
2019-06-27 12:37:44,753:INFO: - Evaluate metrics: recall_at_100: 0.173 ; loss: 1.145
2019-06-27 12:37:44,789:INFO: Epoch 4/20
2019-06-27 12:37:44,789:INFO: Train
2019-06-27 12:37:46,470:INFO: - Train metrics: recall_at_100: 0.240 ; loss: 1.088
2019-06-27 12:37:46,471:INFO: Evaluate
2019-06-27 12:37:47,795:INFO: - Evaluate metrics: recall_at_100: 0.207 ; loss: 1.134
2019-06-27 12:37:47,795:INFO: - Found new best recall_at_100
2019-06-27 12:37:47,892:INFO: Epoch 5/20
2019-06-27 12:37:47,892:INFO: Train
2019-06-27 12:37:49,662:INFO: - Train metrics: recall_at_100: 0.197 ; loss: 1.091
2019-06-27 12:37:49,663:INFO: Evaluate
2019-06-27 12:37:50,989:INFO: - Evaluate metrics: recall_at_100: 0.197 ; loss: 1.138
2019-06-27 12:37:51,022:INFO: Epoch 6/20
2019-06-27 12:37:51,022:INFO: Train
2019-06-27 12:37:52,965:INFO: - Train metrics: recall_at_100: 0.196 ; loss: 1.076
2019-06-27 12:37:52,965:INFO: Evaluate
2019-06-27 12:37:54,296:INFO: - Evaluate metrics: recall_at_100: 0.179 ; loss: 1.137
2019-06-27 12:37:54,332:INFO: Epoch 7/20
2019-06-27 12:37:54,332:INFO: Train
2019-06-27 12:37:56,219:INFO: - Train metrics: recall_at_100: 0.207 ; loss: 1.076
2019-06-27 12:37:56,220:INFO: Evaluate
2019-06-27 12:37:57,537:INFO: - Evaluate metrics: recall_at_100: 0.190 ; loss: 1.156
2019-06-27 12:37:57,577:INFO: Epoch 8/20
2019-06-27 12:37:57,577:INFO: Train
2019-06-27 12:37:59,519:INFO: - Train metrics: recall_at_100: 0.167 ; loss: 1.081
2019-06-27 12:37:59,520:INFO: Evaluate
2019-06-27 12:38:00,861:INFO: - Evaluate metrics: recall_at_100: 0.171 ; loss: 1.168
2019-06-27 12:38:00,898:INFO: Epoch 9/20
2019-06-27 12:38:00,898:INFO: Train
2019-06-27 12:38:02,804:INFO: - Train metrics: recall_at_100: 0.175 ; loss: 1.080
2019-06-27 12:38:02,804:INFO: Evaluate
2019-06-27 12:38:04,240:INFO: - Evaluate metrics: recall_at_100: 0.158 ; loss: 1.163
2019-06-27 12:38:04,275:INFO: Epoch 10/20
2019-06-27 12:38:04,275:INFO: Train
2019-06-27 12:38:06,184:INFO: - Train metrics: recall_at_100: 0.170 ; loss: 1.076
2019-06-27 12:38:06,185:INFO: Evaluate
2019-06-27 12:38:07,496:INFO: - Evaluate metrics: recall_at_100: 0.164 ; loss: 1.128
2019-06-27 12:38:07,524:INFO: Epoch 11/20
2019-06-27 12:38:07,525:INFO: Train
2019-06-27 12:38:09,395:INFO: - Train metrics: recall_at_100: 0.203 ; loss: 1.084
2019-06-27 12:38:09,395:INFO: Evaluate
2019-06-27 12:38:10,762:INFO: - Evaluate metrics: recall_at_100: 0.177 ; loss: 1.156
2019-06-27 12:38:10,807:INFO: Epoch 12/20
2019-06-27 12:38:10,807:INFO: Train
2019-06-27 12:38:12,878:INFO: - Train metrics: recall_at_100: 0.179 ; loss: 1.095
2019-06-27 12:38:12,878:INFO: Evaluate
2019-06-27 12:38:14,234:INFO: - Evaluate metrics: recall_at_100: 0.178 ; loss: 1.166
2019-06-27 12:38:14,280:INFO: Epoch 13/20
2019-06-27 12:38:14,281:INFO: Train
2019-06-27 12:38:16,246:INFO: - Train metrics: recall_at_100: 0.186 ; loss: 1.078
2019-06-27 12:38:16,246:INFO: Evaluate
2019-06-27 12:38:17,591:INFO: - Evaluate metrics: recall_at_100: 0.174 ; loss: 1.184
2019-06-27 12:38:17,624:INFO: Epoch 14/20
2019-06-27 12:38:17,625:INFO: Train
2019-06-27 12:38:19,432:INFO: - Train metrics: recall_at_100: 0.179 ; loss: 1.093
2019-06-27 12:38:19,433:INFO: Evaluate
2019-06-27 12:38:20,747:INFO: - Evaluate metrics: recall_at_100: 0.171 ; loss: 1.177
2019-06-27 12:38:20,781:INFO: Epoch 15/20
2019-06-27 12:38:20,781:INFO: Train
2019-06-27 12:38:22,848:INFO: - Train metrics: recall_at_100: 0.191 ; loss: 1.077
2019-06-27 12:38:22,849:INFO: Evaluate
2019-06-27 12:38:24,188:INFO: - Evaluate metrics: recall_at_100: 0.182 ; loss: 1.132
2019-06-27 12:38:24,228:INFO: Epoch 16/20
2019-06-27 12:38:24,228:INFO: Train
2019-06-27 12:38:26,217:INFO: - Train metrics: recall_at_100: 0.196 ; loss: 1.076
2019-06-27 12:38:26,218:INFO: Evaluate
2019-06-27 12:38:27,595:INFO: - Evaluate metrics: recall_at_100: 0.173 ; loss: 1.138
2019-06-27 12:38:27,621:INFO: Epoch 17/20
2019-06-27 12:38:27,621:INFO: Train
2019-06-27 12:38:29,547:INFO: - Train metrics: recall_at_100: 0.207 ; loss: 1.078
2019-06-27 12:38:29,548:INFO: Evaluate
2019-06-27 12:38:30,915:INFO: - Evaluate metrics: recall_at_100: 0.176 ; loss: 1.136
2019-06-27 12:38:30,957:INFO: Epoch 18/20
2019-06-27 12:38:30,957:INFO: Train
2019-06-27 12:38:32,857:INFO: - Train metrics: recall_at_100: 0.152 ; loss: 1.090
2019-06-27 12:38:32,858:INFO: Evaluate
2019-06-27 12:38:34,187:INFO: - Evaluate metrics: recall_at_100: 0.163 ; loss: 1.122
2019-06-27 12:38:34,222:INFO: Epoch 19/20
2019-06-27 12:38:34,223:INFO: Train
2019-06-27 12:38:35,986:INFO: - Train metrics: recall_at_100: 0.205 ; loss: 1.076
2019-06-27 12:38:35,987:INFO: Evaluate
2019-06-27 12:38:37,385:INFO: - Evaluate metrics: recall_at_100: 0.149 ; loss: 1.187
2019-06-27 12:38:37,426:INFO: Epoch 20/20
2019-06-27 12:38:37,426:INFO: Train
2019-06-27 12:38:39,400:INFO: - Train metrics: recall_at_100: 0.205 ; loss: 1.087
2019-06-27 12:38:39,401:INFO: Evaluate
2019-06-27 12:38:40,776:INFO: - Evaluate metrics: recall_at_100: 0.202 ; loss: 1.140
2019-06-27 12:38:56,250:INFO: Training model for test 4
2019-06-27 12:38:58,267:INFO: Starting training for 20 epoch(s)
2019-06-27 12:38:58,267:INFO: Epoch 1/20
2019-06-27 12:38:58,267:INFO: Train
2019-06-27 12:39:00,120:INFO: - Train metrics: recall_at_100: 0.143 ; loss: 1.371
2019-06-27 12:39:00,121:INFO: Evaluate
2019-06-27 12:39:01,495:INFO: - Evaluate metrics: recall_at_100: 0.181 ; loss: 1.226
2019-06-27 12:39:01,496:INFO: - Found new best recall_at_100
2019-06-27 12:39:01,591:INFO: Epoch 2/20
2019-06-27 12:39:01,591:INFO: Train
2019-06-27 12:39:03,315:INFO: - Train metrics: recall_at_100: 0.157 ; loss: 1.130
2019-06-27 12:39:03,315:INFO: Evaluate
2019-06-27 12:39:04,699:INFO: - Evaluate metrics: recall_at_100: 0.199 ; loss: 1.119
2019-06-27 12:39:04,700:INFO: - Found new best recall_at_100
2019-06-27 12:39:04,804:INFO: Epoch 3/20
2019-06-27 12:39:04,805:INFO: Train
2019-06-27 12:39:06,733:INFO: - Train metrics: recall_at_100: 0.164 ; loss: 1.097
2019-06-27 12:39:06,733:INFO: Evaluate
2019-06-27 12:39:08,094:INFO: - Evaluate metrics: recall_at_100: 0.199 ; loss: 1.087
2019-06-27 12:39:08,128:INFO: Epoch 4/20
2019-06-27 12:39:08,128:INFO: Train
2019-06-27 12:39:10,114:INFO: - Train metrics: recall_at_100: 0.209 ; loss: 1.086
2019-06-27 12:39:10,115:INFO: Evaluate
2019-06-27 12:39:11,498:INFO: - Evaluate metrics: recall_at_100: 0.202 ; loss: 1.099
2019-06-27 12:39:11,499:INFO: - Found new best recall_at_100
2019-06-27 12:39:11,598:INFO: Epoch 5/20
2019-06-27 12:39:11,598:INFO: Train
2019-06-27 12:39:13,546:INFO: - Train metrics: recall_at_100: 0.157 ; loss: 1.087
2019-06-27 12:39:13,547:INFO: Evaluate
2019-06-27 12:39:14,868:INFO: - Evaluate metrics: recall_at_100: 0.205 ; loss: 1.100
2019-06-27 12:39:14,869:INFO: - Found new best recall_at_100
2019-06-27 12:39:14,981:INFO: Epoch 6/20
2019-06-27 12:39:14,981:INFO: Train
2019-06-27 12:39:16,974:INFO: - Train metrics: recall_at_100: 0.171 ; loss: 1.083
2019-06-27 12:39:16,974:INFO: Evaluate
2019-06-27 12:39:18,304:INFO: - Evaluate metrics: recall_at_100: 0.183 ; loss: 1.117
2019-06-27 12:39:18,336:INFO: Epoch 7/20
2019-06-27 12:39:18,336:INFO: Train
2019-06-27 12:39:20,256:INFO: - Train metrics: recall_at_100: 0.209 ; loss: 1.079
2019-06-27 12:39:20,257:INFO: Evaluate
2019-06-27 12:39:21,573:INFO: - Evaluate metrics: recall_at_100: 0.216 ; loss: 1.096
2019-06-27 12:39:21,573:INFO: - Found new best recall_at_100
2019-06-27 12:39:21,728:INFO: Epoch 8/20
2019-06-27 12:39:21,728:INFO: Train
2019-06-27 12:39:23,568:INFO: - Train metrics: recall_at_100: 0.192 ; loss: 1.091
2019-06-27 12:39:23,569:INFO: Evaluate
2019-06-27 12:39:24,923:INFO: - Evaluate metrics: recall_at_100: 0.203 ; loss: 1.088
2019-06-27 12:39:24,961:INFO: Epoch 9/20
2019-06-27 12:39:24,962:INFO: Train
2019-06-27 12:39:26,915:INFO: - Train metrics: recall_at_100: 0.169 ; loss: 1.090
2019-06-27 12:39:26,916:INFO: Evaluate
2019-06-27 12:39:28,307:INFO: - Evaluate metrics: recall_at_100: 0.201 ; loss: 1.095
2019-06-27 12:39:28,347:INFO: Epoch 10/20
2019-06-27 12:39:28,347:INFO: Train
2019-06-27 12:39:30,344:INFO: - Train metrics: recall_at_100: 0.182 ; loss: 1.087
2019-06-27 12:39:30,345:INFO: Evaluate
2019-06-27 12:39:31,693:INFO: - Evaluate metrics: recall_at_100: 0.219 ; loss: 1.085
2019-06-27 12:39:31,693:INFO: - Found new best recall_at_100
2019-06-27 12:39:31,799:INFO: Epoch 11/20
2019-06-27 12:39:31,799:INFO: Train
2019-06-27 12:39:33,701:INFO: - Train metrics: recall_at_100: 0.202 ; loss: 1.074
2019-06-27 12:39:33,701:INFO: Evaluate
2019-06-27 12:39:35,030:INFO: - Evaluate metrics: recall_at_100: 0.186 ; loss: 1.114
2019-06-27 12:39:35,068:INFO: Epoch 12/20
2019-06-27 12:39:35,068:INFO: Train
2019-06-27 12:39:36,984:INFO: - Train metrics: recall_at_100: 0.160 ; loss: 1.092
2019-06-27 12:39:36,984:INFO: Evaluate
2019-06-27 12:39:38,334:INFO: - Evaluate metrics: recall_at_100: 0.184 ; loss: 1.131
2019-06-27 12:39:38,368:INFO: Epoch 13/20
2019-06-27 12:39:38,369:INFO: Train
2019-06-27 12:39:40,204:INFO: - Train metrics: recall_at_100: 0.194 ; loss: 1.098
2019-06-27 12:39:40,204:INFO: Evaluate
2019-06-27 12:39:41,535:INFO: - Evaluate metrics: recall_at_100: 0.234 ; loss: 1.154
2019-06-27 12:39:41,535:INFO: - Found new best recall_at_100
2019-06-27 12:39:41,639:INFO: Epoch 14/20
2019-06-27 12:39:41,639:INFO: Train
2019-06-27 12:39:43,506:INFO: - Train metrics: recall_at_100: 0.185 ; loss: 1.094
2019-06-27 12:39:43,507:INFO: Evaluate
2019-06-27 12:39:44,840:INFO: - Evaluate metrics: recall_at_100: 0.189 ; loss: 1.106
2019-06-27 12:39:44,961:INFO: Epoch 15/20
2019-06-27 12:39:44,962:INFO: Train
2019-06-27 12:39:46,888:INFO: - Train metrics: recall_at_100: 0.182 ; loss: 1.096
2019-06-27 12:39:46,888:INFO: Evaluate
2019-06-27 12:39:48,243:INFO: - Evaluate metrics: recall_at_100: 0.196 ; loss: 1.115
2019-06-27 12:39:48,281:INFO: Epoch 16/20
2019-06-27 12:39:48,282:INFO: Train
2019-06-27 12:39:50,238:INFO: - Train metrics: recall_at_100: 0.188 ; loss: 1.076
2019-06-27 12:39:50,239:INFO: Evaluate
2019-06-27 12:39:51,563:INFO: - Evaluate metrics: recall_at_100: 0.174 ; loss: 1.140
2019-06-27 12:39:51,594:INFO: Epoch 17/20
2019-06-27 12:39:51,594:INFO: Train
2019-06-27 12:39:53,552:INFO: - Train metrics: recall_at_100: 0.177 ; loss: 1.087
2019-06-27 12:39:53,552:INFO: Evaluate
2019-06-27 12:39:54,850:INFO: - Evaluate metrics: recall_at_100: 0.194 ; loss: 1.116
2019-06-27 12:39:54,888:INFO: Epoch 18/20
2019-06-27 12:39:54,888:INFO: Train
2019-06-27 12:39:56,745:INFO: - Train metrics: recall_at_100: 0.151 ; loss: 1.077
2019-06-27 12:39:56,745:INFO: Evaluate
2019-06-27 12:39:57,878:INFO: - Evaluate metrics: recall_at_100: 0.214 ; loss: 1.095
2019-06-27 12:39:57,908:INFO: Epoch 19/20
2019-06-27 12:39:57,908:INFO: Train
2019-06-27 12:39:59,708:INFO: - Train metrics: recall_at_100: 0.186 ; loss: 1.082
2019-06-27 12:39:59,709:INFO: Evaluate
2019-06-27 12:40:01,127:INFO: - Evaluate metrics: recall_at_100: 0.215 ; loss: 1.091
2019-06-27 12:40:01,169:INFO: Epoch 20/20
2019-06-27 12:40:01,169:INFO: Train
2019-06-27 12:40:03,022:INFO: - Train metrics: recall_at_100: 0.165 ; loss: 1.070
2019-06-27 12:40:03,023:INFO: Evaluate
2019-06-27 12:40:04,413:INFO: - Evaluate metrics: recall_at_100: 0.202 ; loss: 1.089
2019-06-27 12:40:19,450:INFO: Training model for test 5
2019-06-27 12:40:21,552:INFO: Starting training for 20 epoch(s)
2019-06-27 12:40:21,553:INFO: Epoch 1/20
2019-06-27 12:40:21,553:INFO: Train
2019-06-27 12:40:23,433:INFO: - Train metrics: recall_at_100: 0.001 ; loss: 1.466
2019-06-27 12:40:23,434:INFO: Evaluate
2019-06-27 12:40:24,777:INFO: - Evaluate metrics: recall_at_100: 0.198 ; loss: 1.114
2019-06-27 12:40:24,778:INFO: - Found new best recall_at_100
2019-06-27 12:40:24,917:INFO: Epoch 2/20
2019-06-27 12:40:24,917:INFO: Train
2019-06-27 12:40:26,784:INFO: - Train metrics: recall_at_100: 0.154 ; loss: 1.159
2019-06-27 12:40:26,784:INFO: Evaluate
2019-06-27 12:40:28,141:INFO: - Evaluate metrics: recall_at_100: 0.167 ; loss: 1.158
2019-06-27 12:40:28,176:INFO: Epoch 3/20
2019-06-27 12:40:28,176:INFO: Train
2019-06-27 12:40:30,148:INFO: - Train metrics: recall_at_100: 0.162 ; loss: 1.121
2019-06-27 12:40:30,148:INFO: Evaluate
2019-06-27 12:40:31,513:INFO: - Evaluate metrics: recall_at_100: 0.181 ; loss: 1.079
2019-06-27 12:40:31,552:INFO: Epoch 4/20
2019-06-27 12:40:31,552:INFO: Train
2019-06-27 12:40:33,367:INFO: - Train metrics: recall_at_100: 0.173 ; loss: 1.095
2019-06-27 12:40:33,367:INFO: Evaluate
2019-06-27 12:40:34,760:INFO: - Evaluate metrics: recall_at_100: 0.196 ; loss: 1.066
2019-06-27 12:40:34,801:INFO: Epoch 5/20
2019-06-27 12:40:34,801:INFO: Train
2019-06-27 12:40:36,624:INFO: - Train metrics: recall_at_100: 0.177 ; loss: 1.086
2019-06-27 12:40:36,625:INFO: Evaluate
2019-06-27 12:40:37,946:INFO: - Evaluate metrics: recall_at_100: 0.129 ; loss: 1.101
2019-06-27 12:40:37,986:INFO: Epoch 6/20
2019-06-27 12:40:37,986:INFO: Train
2019-06-27 12:40:39,887:INFO: - Train metrics: recall_at_100: 0.209 ; loss: 1.085
2019-06-27 12:40:39,888:INFO: Evaluate
2019-06-27 12:40:41,277:INFO: - Evaluate metrics: recall_at_100: 0.172 ; loss: 1.058
2019-06-27 12:40:41,311:INFO: Epoch 7/20
2019-06-27 12:40:41,311:INFO: Train
2019-06-27 12:40:43,238:INFO: - Train metrics: recall_at_100: 0.223 ; loss: 1.086
2019-06-27 12:40:43,239:INFO: Evaluate
2019-06-27 12:40:44,605:INFO: - Evaluate metrics: recall_at_100: 0.204 ; loss: 1.063
2019-06-27 12:40:44,606:INFO: - Found new best recall_at_100
2019-06-27 12:40:44,705:INFO: Epoch 8/20
2019-06-27 12:40:44,705:INFO: Train
2019-06-27 12:40:46,639:INFO: - Train metrics: recall_at_100: 0.153 ; loss: 1.096
2019-06-27 12:40:46,639:INFO: Evaluate
2019-06-27 12:40:47,995:INFO: - Evaluate metrics: recall_at_100: 0.175 ; loss: 1.065
2019-06-27 12:40:48,032:INFO: Epoch 9/20
2019-06-27 12:40:48,032:INFO: Train
2019-06-27 12:40:49,889:INFO: - Train metrics: recall_at_100: 0.183 ; loss: 1.102
2019-06-27 12:40:49,890:INFO: Evaluate
2019-06-27 12:40:51,212:INFO: - Evaluate metrics: recall_at_100: 0.182 ; loss: 1.067
2019-06-27 12:40:51,265:INFO: Epoch 10/20
2019-06-27 12:40:51,266:INFO: Train
2019-06-27 12:40:53,196:INFO: - Train metrics: recall_at_100: 0.139 ; loss: 1.090
2019-06-27 12:40:53,197:INFO: Evaluate
2019-06-27 12:40:54,600:INFO: - Evaluate metrics: recall_at_100: 0.167 ; loss: 1.087
2019-06-27 12:40:54,639:INFO: Epoch 11/20
2019-06-27 12:40:54,639:INFO: Train
2019-06-27 12:40:56,491:INFO: - Train metrics: recall_at_100: 0.175 ; loss: 1.092
2019-06-27 12:40:56,491:INFO: Evaluate
2019-06-27 12:40:57,634:INFO: - Evaluate metrics: recall_at_100: 0.168 ; loss: 1.103
2019-06-27 12:40:57,674:INFO: Epoch 12/20
2019-06-27 12:40:57,674:INFO: Train
2019-06-27 12:40:59,673:INFO: - Train metrics: recall_at_100: 0.176 ; loss: 1.086
2019-06-27 12:40:59,673:INFO: Evaluate
2019-06-27 12:41:01,045:INFO: - Evaluate metrics: recall_at_100: 0.201 ; loss: 1.095
2019-06-27 12:41:01,083:INFO: Epoch 13/20
2019-06-27 12:41:01,083:INFO: Train
2019-06-27 12:41:03,061:INFO: - Train metrics: recall_at_100: 0.197 ; loss: 1.086
2019-06-27 12:41:03,062:INFO: Evaluate
2019-06-27 12:41:04,374:INFO: - Evaluate metrics: recall_at_100: 0.164 ; loss: 1.079
2019-06-27 12:41:04,404:INFO: Epoch 14/20
2019-06-27 12:41:04,405:INFO: Train
2019-06-27 12:41:06,360:INFO: - Train metrics: recall_at_100: 0.189 ; loss: 1.087
2019-06-27 12:41:06,360:INFO: Evaluate
2019-06-27 12:41:07,717:INFO: - Evaluate metrics: recall_at_100: 0.138 ; loss: 1.105
2019-06-27 12:41:07,756:INFO: Epoch 15/20
2019-06-27 12:41:07,756:INFO: Train
2019-06-27 12:41:09,724:INFO: - Train metrics: recall_at_100: 0.162 ; loss: 1.089
2019-06-27 12:41:09,725:INFO: Evaluate
2019-06-27 12:41:11,094:INFO: - Evaluate metrics: recall_at_100: 0.196 ; loss: 1.081
2019-06-27 12:41:11,131:INFO: Epoch 16/20
2019-06-27 12:41:11,131:INFO: Train
2019-06-27 12:41:12,962:INFO: - Train metrics: recall_at_100: 0.213 ; loss: 1.091
2019-06-27 12:41:12,963:INFO: Evaluate
2019-06-27 12:41:14,272:INFO: - Evaluate metrics: recall_at_100: 0.225 ; loss: 1.076
2019-06-27 12:41:14,273:INFO: - Found new best recall_at_100
2019-06-27 12:41:14,358:INFO: Epoch 17/20
2019-06-27 12:41:14,358:INFO: Train
2019-06-27 12:41:16,347:INFO: - Train metrics: recall_at_100: 0.187 ; loss: 1.090
2019-06-27 12:41:16,347:INFO: Evaluate
2019-06-27 12:41:18,040:INFO: - Evaluate metrics: recall_at_100: 0.166 ; loss: 1.100
2019-06-27 12:41:18,072:INFO: Epoch 18/20
2019-06-27 12:41:18,072:INFO: Train
2019-06-27 12:41:20,001:INFO: - Train metrics: recall_at_100: 0.158 ; loss: 1.102
2019-06-27 12:41:20,002:INFO: Evaluate
2019-06-27 12:41:21,413:INFO: - Evaluate metrics: recall_at_100: 0.190 ; loss: 1.070
2019-06-27 12:41:21,453:INFO: Epoch 19/20
2019-06-27 12:41:21,454:INFO: Train
2019-06-27 12:41:23,368:INFO: - Train metrics: recall_at_100: 0.190 ; loss: 1.086
2019-06-27 12:41:23,368:INFO: Evaluate
2019-06-27 12:41:24,680:INFO: - Evaluate metrics: recall_at_100: 0.153 ; loss: 1.099
2019-06-27 12:41:24,717:INFO: Epoch 20/20
2019-06-27 12:41:24,717:INFO: Train
2019-06-27 12:41:26,655:INFO: - Train metrics: recall_at_100: 0.202 ; loss: 1.073
2019-06-27 12:41:26,656:INFO: Evaluate
2019-06-27 12:41:28,032:INFO: - Evaluate metrics: recall_at_100: 0.151 ; loss: 1.092
2019-06-27 12:41:43,100:INFO: Training model for test 7
2019-06-27 12:41:44,918:INFO: Starting training for 20 epoch(s)
2019-06-27 12:41:44,918:INFO: Epoch 1/20
2019-06-27 12:41:44,918:INFO: Train
2019-06-27 12:41:46,898:INFO: - Train metrics: recall_at_100: 0.207 ; loss: 1.376
2019-06-27 12:41:46,898:INFO: Evaluate
2019-06-27 12:41:48,245:INFO: - Evaluate metrics: recall_at_100: 0.176 ; loss: 1.175
2019-06-27 12:41:48,245:INFO: - Found new best recall_at_100
2019-06-27 12:41:48,347:INFO: Epoch 2/20
2019-06-27 12:41:48,347:INFO: Train
2019-06-27 12:41:50,236:INFO: - Train metrics: recall_at_100: 0.190 ; loss: 1.134
2019-06-27 12:41:50,236:INFO: Evaluate
2019-06-27 12:41:51,586:INFO: - Evaluate metrics: recall_at_100: 0.167 ; loss: 1.145
2019-06-27 12:41:51,618:INFO: Epoch 3/20
2019-06-27 12:41:51,618:INFO: Train
2019-06-27 12:41:53,595:INFO: - Train metrics: recall_at_100: 0.165 ; loss: 1.097
2019-06-27 12:41:53,595:INFO: Evaluate
2019-06-27 12:41:54,937:INFO: - Evaluate metrics: recall_at_100: 0.173 ; loss: 1.107
2019-06-27 12:41:54,973:INFO: Epoch 4/20
2019-06-27 12:41:54,973:INFO: Train
2019-06-27 12:41:56,798:INFO: - Train metrics: recall_at_100: 0.181 ; loss: 1.097
2019-06-27 12:41:56,798:INFO: Evaluate
2019-06-27 12:41:58,113:INFO: - Evaluate metrics: recall_at_100: 0.189 ; loss: 1.087
2019-06-27 12:41:58,113:INFO: - Found new best recall_at_100
2019-06-27 12:41:58,232:INFO: Epoch 5/20
2019-06-27 12:41:58,232:INFO: Train
2019-06-27 12:42:00,051:INFO: - Train metrics: recall_at_100: 0.205 ; loss: 1.090
2019-06-27 12:42:00,052:INFO: Evaluate
2019-06-27 12:42:01,468:INFO: - Evaluate metrics: recall_at_100: 0.149 ; loss: 1.114
2019-06-27 12:42:01,507:INFO: Epoch 6/20
2019-06-27 12:42:01,507:INFO: Train
2019-06-27 12:42:03,508:INFO: - Train metrics: recall_at_100: 0.183 ; loss: 1.090
2019-06-27 12:42:03,508:INFO: Evaluate
2019-06-27 12:42:04,903:INFO: - Evaluate metrics: recall_at_100: 0.174 ; loss: 1.130
2019-06-27 12:42:04,941:INFO: Epoch 7/20
2019-06-27 12:42:04,941:INFO: Train
2019-06-27 12:42:06,893:INFO: - Train metrics: recall_at_100: 0.192 ; loss: 1.101
2019-06-27 12:42:06,894:INFO: Evaluate
2019-06-27 12:42:08,209:INFO: - Evaluate metrics: recall_at_100: 0.171 ; loss: 1.130
2019-06-27 12:42:08,255:INFO: Epoch 8/20
2019-06-27 12:42:08,255:INFO: Train
2019-06-27 12:42:10,110:INFO: - Train metrics: recall_at_100: 0.213 ; loss: 1.082
2019-06-27 12:42:10,111:INFO: Evaluate
2019-06-27 12:42:11,481:INFO: - Evaluate metrics: recall_at_100: 0.168 ; loss: 1.085
2019-06-27 12:42:11,517:INFO: Epoch 9/20
2019-06-27 12:42:11,517:INFO: Train
2019-06-27 12:42:13,523:INFO: - Train metrics: recall_at_100: 0.169 ; loss: 1.082
2019-06-27 12:42:13,524:INFO: Evaluate
2019-06-27 12:42:14,878:INFO: - Evaluate metrics: recall_at_100: 0.179 ; loss: 1.088
2019-06-27 12:42:14,915:INFO: Epoch 10/20
2019-06-27 12:42:14,915:INFO: Train
2019-06-27 12:42:16,800:INFO: - Train metrics: recall_at_100: 0.207 ; loss: 1.080
2019-06-27 12:42:16,800:INFO: Evaluate
2019-06-27 12:42:17,946:INFO: - Evaluate metrics: recall_at_100: 0.164 ; loss: 1.122
2019-06-27 12:42:17,982:INFO: Epoch 11/20
2019-06-27 12:42:17,982:INFO: Train
2019-06-27 12:42:19,859:INFO: - Train metrics: recall_at_100: 0.189 ; loss: 1.097
2019-06-27 12:42:19,859:INFO: Evaluate
2019-06-27 12:42:21,231:INFO: - Evaluate metrics: recall_at_100: 0.180 ; loss: 1.059
2019-06-27 12:42:21,270:INFO: Epoch 12/20
2019-06-27 12:42:21,270:INFO: Train
2019-06-27 12:42:23,178:INFO: - Train metrics: recall_at_100: 0.218 ; loss: 1.083
2019-06-27 12:42:23,179:INFO: Evaluate
2019-06-27 12:42:24,365:INFO: - Evaluate metrics: recall_at_100: 0.195 ; loss: 1.088
2019-06-27 12:42:24,365:INFO: - Found new best recall_at_100
2019-06-27 12:42:24,488:INFO: Epoch 13/20
2019-06-27 12:42:24,489:INFO: Train
2019-06-27 12:42:26,357:INFO: - Train metrics: recall_at_100: 0.183 ; loss: 1.067
2019-06-27 12:42:26,357:INFO: Evaluate
2019-06-27 12:42:27,698:INFO: - Evaluate metrics: recall_at_100: 0.161 ; loss: 1.130
2019-06-27 12:42:27,729:INFO: Epoch 14/20
2019-06-27 12:42:27,729:INFO: Train
2019-06-27 12:42:29,686:INFO: - Train metrics: recall_at_100: 0.183 ; loss: 1.082
2019-06-27 12:42:29,687:INFO: Evaluate
2019-06-27 12:42:31,035:INFO: - Evaluate metrics: recall_at_100: 0.190 ; loss: 1.072
2019-06-27 12:42:31,071:INFO: Epoch 15/20
2019-06-27 12:42:31,071:INFO: Train
2019-06-27 12:42:32,911:INFO: - Train metrics: recall_at_100: 0.170 ; loss: 1.088
2019-06-27 12:42:32,912:INFO: Evaluate
2019-06-27 12:42:34,258:INFO: - Evaluate metrics: recall_at_100: 0.171 ; loss: 1.104
2019-06-27 12:42:34,293:INFO: Epoch 16/20
2019-06-27 12:42:34,293:INFO: Train
2019-06-27 12:42:36,011:INFO: - Train metrics: recall_at_100: 0.201 ; loss: 1.088
2019-06-27 12:42:36,011:INFO: Evaluate
2019-06-27 12:42:37,453:INFO: - Evaluate metrics: recall_at_100: 0.178 ; loss: 1.084
2019-06-27 12:42:37,486:INFO: Epoch 17/20
2019-06-27 12:42:37,486:INFO: Train
2019-06-27 12:42:39,417:INFO: - Train metrics: recall_at_100: 0.167 ; loss: 1.077
2019-06-27 12:42:39,418:INFO: Evaluate
2019-06-27 12:42:40,761:INFO: - Evaluate metrics: recall_at_100: 0.164 ; loss: 1.073
2019-06-27 12:42:40,795:INFO: Epoch 18/20
2019-06-27 12:42:40,795:INFO: Train
2019-06-27 12:42:42,702:INFO: - Train metrics: recall_at_100: 0.199 ; loss: 1.080
2019-06-27 12:42:42,703:INFO: Evaluate
2019-06-27 12:42:44,112:INFO: - Evaluate metrics: recall_at_100: 0.175 ; loss: 1.072
2019-06-27 12:42:44,137:INFO: Epoch 19/20
2019-06-27 12:42:44,137:INFO: Train
2019-06-27 12:42:45,987:INFO: - Train metrics: recall_at_100: 0.200 ; loss: 1.080
2019-06-27 12:42:45,988:INFO: Evaluate
2019-06-27 12:42:47,283:INFO: - Evaluate metrics: recall_at_100: 0.166 ; loss: 1.088
2019-06-27 12:42:47,311:INFO: Epoch 20/20
2019-06-27 12:42:47,311:INFO: Train
2019-06-27 12:42:49,257:INFO: - Train metrics: recall_at_100: 0.190 ; loss: 1.079
2019-06-27 12:42:49,258:INFO: Evaluate
2019-06-27 12:42:50,606:INFO: - Evaluate metrics: recall_at_100: 0.203 ; loss: 1.078
2019-06-27 12:42:50,606:INFO: - Found new best recall_at_100
2019-06-27 12:43:06,059:INFO: Training model for test 1
2019-06-27 12:43:08,087:INFO: Starting training for 20 epoch(s)
2019-06-27 12:43:08,088:INFO: Epoch 1/20
2019-06-27 12:43:08,088:INFO: Train
2019-06-27 12:43:10,150:INFO: - Train metrics: recall_at_100: 0.001 ; loss: 1.470
2019-06-27 12:43:10,150:INFO: Evaluate
2019-06-27 12:43:11,475:INFO: - Evaluate metrics: recall_at_100: 0.164 ; loss: 1.319
2019-06-27 12:43:11,475:INFO: - Found new best recall_at_100
2019-06-27 12:43:11,572:INFO: Epoch 2/20
2019-06-27 12:43:11,573:INFO: Train
2019-06-27 12:43:13,525:INFO: - Train metrics: recall_at_100: 0.171 ; loss: 1.190
2019-06-27 12:43:13,526:INFO: Evaluate
2019-06-27 12:43:14,862:INFO: - Evaluate metrics: recall_at_100: 0.190 ; loss: 1.084
2019-06-27 12:43:14,862:INFO: - Found new best recall_at_100
2019-06-27 12:43:14,974:INFO: Epoch 3/20
2019-06-27 12:43:14,974:INFO: Train
2019-06-27 12:43:16,921:INFO: - Train metrics: recall_at_100: 0.178 ; loss: 1.115
2019-06-27 12:43:16,922:INFO: Evaluate
2019-06-27 12:43:18,232:INFO: - Evaluate metrics: recall_at_100: 0.183 ; loss: 1.117
2019-06-27 12:43:18,267:INFO: Epoch 4/20
2019-06-27 12:43:18,267:INFO: Train
2019-06-27 12:43:20,223:INFO: - Train metrics: recall_at_100: 0.169 ; loss: 1.093
2019-06-27 12:43:20,223:INFO: Evaluate
2019-06-27 12:43:21,606:INFO: - Evaluate metrics: recall_at_100: 0.201 ; loss: 1.088
2019-06-27 12:43:21,606:INFO: - Found new best recall_at_100
2019-06-27 12:43:21,700:INFO: Epoch 5/20
2019-06-27 12:43:21,700:INFO: Train
2019-06-27 12:43:23,631:INFO: - Train metrics: recall_at_100: 0.201 ; loss: 1.082
2019-06-27 12:43:23,631:INFO: Evaluate
2019-06-27 12:43:24,961:INFO: - Evaluate metrics: recall_at_100: 0.197 ; loss: 1.094
2019-06-27 12:43:25,002:INFO: Epoch 6/20
2019-06-27 12:43:25,002:INFO: Train
2019-06-27 12:43:26,908:INFO: - Train metrics: recall_at_100: 0.184 ; loss: 1.078
2019-06-27 12:43:26,909:INFO: Evaluate
2019-06-27 12:43:28,296:INFO: - Evaluate metrics: recall_at_100: 0.173 ; loss: 1.149
2019-06-27 12:43:28,334:INFO: Epoch 7/20
2019-06-27 12:43:28,335:INFO: Train
2019-06-27 12:43:30,160:INFO: - Train metrics: recall_at_100: 0.191 ; loss: 1.083
2019-06-27 12:43:30,161:INFO: Evaluate
2019-06-27 12:43:31,536:INFO: - Evaluate metrics: recall_at_100: 0.198 ; loss: 1.104
2019-06-27 12:43:31,593:INFO: Epoch 8/20
2019-06-27 12:43:31,593:INFO: Train
2019-06-27 12:43:33,352:INFO: - Train metrics: recall_at_100: 0.199 ; loss: 1.107
2019-06-27 12:43:33,352:INFO: Evaluate
2019-06-27 12:43:34,669:INFO: - Evaluate metrics: recall_at_100: 0.200 ; loss: 1.072
2019-06-27 12:43:34,712:INFO: Epoch 9/20
2019-06-27 12:43:34,712:INFO: Train
2019-06-27 12:43:36,716:INFO: - Train metrics: recall_at_100: 0.169 ; loss: 1.108
2019-06-27 12:43:36,717:INFO: Evaluate
2019-06-27 12:43:38,108:INFO: - Evaluate metrics: recall_at_100: 0.194 ; loss: 1.103
2019-06-27 12:43:38,145:INFO: Epoch 10/20
2019-06-27 12:43:38,145:INFO: Train
2019-06-27 12:43:39,945:INFO: - Train metrics: recall_at_100: 0.202 ; loss: 1.097
2019-06-27 12:43:39,946:INFO: Evaluate
2019-06-27 12:43:41,330:INFO: - Evaluate metrics: recall_at_100: 0.190 ; loss: 1.075
2019-06-27 12:43:41,374:INFO: Epoch 11/20
2019-06-27 12:43:41,374:INFO: Train
2019-06-27 12:43:43,243:INFO: - Train metrics: recall_at_100: 0.186 ; loss: 1.073
2019-06-27 12:43:43,243:INFO: Evaluate
2019-06-27 12:43:44,624:INFO: - Evaluate metrics: recall_at_100: 0.188 ; loss: 1.087
2019-06-27 12:43:44,662:INFO: Epoch 12/20
2019-06-27 12:43:44,662:INFO: Train
2019-06-27 12:43:46,573:INFO: - Train metrics: recall_at_100: 0.173 ; loss: 1.077
2019-06-27 12:43:46,573:INFO: Evaluate
2019-06-27 12:43:47,928:INFO: - Evaluate metrics: recall_at_100: 0.180 ; loss: 1.097
2019-06-27 12:43:47,965:INFO: Epoch 13/20
2019-06-27 12:43:47,966:INFO: Train
2019-06-27 12:43:49,950:INFO: - Train metrics: recall_at_100: 0.184 ; loss: 1.066
2019-06-27 12:43:49,951:INFO: Evaluate
2019-06-27 12:43:51,303:INFO: - Evaluate metrics: recall_at_100: 0.189 ; loss: 1.087
2019-06-27 12:43:51,336:INFO: Epoch 14/20
2019-06-27 12:43:51,337:INFO: Train
2019-06-27 12:43:53,202:INFO: - Train metrics: recall_at_100: 0.180 ; loss: 1.074
2019-06-27 12:43:53,202:INFO: Evaluate
2019-06-27 12:43:54,559:INFO: - Evaluate metrics: recall_at_100: 0.197 ; loss: 1.093
2019-06-27 12:43:54,602:INFO: Epoch 15/20
2019-06-27 12:43:54,602:INFO: Train
2019-06-27 12:43:56,671:INFO: - Train metrics: recall_at_100: 0.176 ; loss: 1.072
2019-06-27 12:43:56,672:INFO: Evaluate
2019-06-27 12:43:58,030:INFO: - Evaluate metrics: recall_at_100: 0.197 ; loss: 1.080
2019-06-27 12:43:58,061:INFO: Epoch 16/20
2019-06-27 12:43:58,061:INFO: Train
2019-06-27 12:43:59,874:INFO: - Train metrics: recall_at_100: 0.183 ; loss: 1.074
2019-06-27 12:43:59,875:INFO: Evaluate
2019-06-27 12:44:01,231:INFO: - Evaluate metrics: recall_at_100: 0.195 ; loss: 1.084
2019-06-27 12:44:01,272:INFO: Epoch 17/20
2019-06-27 12:44:01,272:INFO: Train
2019-06-27 12:44:03,189:INFO: - Train metrics: recall_at_100: 0.172 ; loss: 1.073
2019-06-27 12:44:03,190:INFO: Evaluate
2019-06-27 12:44:04,583:INFO: - Evaluate metrics: recall_at_100: 0.214 ; loss: 1.074
2019-06-27 12:44:04,583:INFO: - Found new best recall_at_100
2019-06-27 12:44:04,693:INFO: Epoch 18/20
2019-06-27 12:44:04,693:INFO: Train
2019-06-27 12:44:06,610:INFO: - Train metrics: recall_at_100: 0.175 ; loss: 1.094
2019-06-27 12:44:06,610:INFO: Evaluate
2019-06-27 12:44:08,026:INFO: - Evaluate metrics: recall_at_100: 0.196 ; loss: 1.080
2019-06-27 12:44:08,057:INFO: Epoch 19/20
2019-06-27 12:44:08,057:INFO: Train
2019-06-27 12:44:10,135:INFO: - Train metrics: recall_at_100: 0.179 ; loss: 1.069
2019-06-27 12:44:10,136:INFO: Evaluate
2019-06-27 12:44:11,506:INFO: - Evaluate metrics: recall_at_100: 0.222 ; loss: 1.060
2019-06-27 12:44:11,507:INFO: - Found new best recall_at_100
2019-06-27 12:44:11,612:INFO: Epoch 20/20
2019-06-27 12:44:11,612:INFO: Train
2019-06-27 12:44:13,446:INFO: - Train metrics: recall_at_100: 0.149 ; loss: 1.077
2019-06-27 12:44:13,446:INFO: Evaluate
2019-06-27 12:44:14,837:INFO: - Evaluate metrics: recall_at_100: 0.197 ; loss: 1.071
2019-06-27 12:44:30,373:INFO: Training model for test 6
2019-06-27 12:44:32,356:INFO: Starting training for 20 epoch(s)
2019-06-27 12:44:32,356:INFO: Epoch 1/20
2019-06-27 12:44:32,356:INFO: Train
2019-06-27 12:44:34,233:INFO: - Train metrics: recall_at_100: 0.170 ; loss: 1.453
2019-06-27 12:44:34,234:INFO: Evaluate
2019-06-27 12:44:35,390:INFO: - Evaluate metrics: recall_at_100: 0.131 ; loss: 1.162
2019-06-27 12:44:35,391:INFO: - Found new best recall_at_100
2019-06-27 12:44:35,669:INFO: Epoch 2/20
2019-06-27 12:44:35,669:INFO: Train
2019-06-27 12:44:37,529:INFO: - Train metrics: recall_at_100: 0.191 ; loss: 1.165
2019-06-27 12:44:37,529:INFO: Evaluate
2019-06-27 12:44:38,878:INFO: - Evaluate metrics: recall_at_100: 0.147 ; loss: 1.173
2019-06-27 12:44:38,878:INFO: - Found new best recall_at_100
2019-06-27 12:44:38,998:INFO: Epoch 3/20
2019-06-27 12:44:38,999:INFO: Train
2019-06-27 12:44:40,876:INFO: - Train metrics: recall_at_100: 0.226 ; loss: 1.109
2019-06-27 12:44:40,877:INFO: Evaluate
2019-06-27 12:44:42,183:INFO: - Evaluate metrics: recall_at_100: 0.150 ; loss: 1.100
2019-06-27 12:44:42,183:INFO: - Found new best recall_at_100
2019-06-27 12:44:42,333:INFO: Epoch 4/20
2019-06-27 12:44:42,333:INFO: Train
2019-06-27 12:44:44,239:INFO: - Train metrics: recall_at_100: 0.225 ; loss: 1.088
2019-06-27 12:44:44,240:INFO: Evaluate
2019-06-27 12:44:45,611:INFO: - Evaluate metrics: recall_at_100: 0.191 ; loss: 1.060
2019-06-27 12:44:45,611:INFO: - Found new best recall_at_100
2019-06-27 12:44:45,741:INFO: Epoch 5/20
2019-06-27 12:44:45,741:INFO: Train
2019-06-27 12:44:47,417:INFO: - Train metrics: recall_at_100: 0.198 ; loss: 1.080
2019-06-27 12:44:47,417:INFO: Evaluate
2019-06-27 12:44:48,833:INFO: - Evaluate metrics: recall_at_100: 0.166 ; loss: 1.083
2019-06-27 12:44:48,868:INFO: Epoch 6/20
2019-06-27 12:44:48,868:INFO: Train
2019-06-27 12:44:50,780:INFO: - Train metrics: recall_at_100: 0.172 ; loss: 1.089
2019-06-27 12:44:50,781:INFO: Evaluate
2019-06-27 12:44:52,131:INFO: - Evaluate metrics: recall_at_100: 0.195 ; loss: 1.103
2019-06-27 12:44:52,132:INFO: - Found new best recall_at_100
2019-06-27 12:44:52,249:INFO: Epoch 7/20
2019-06-27 12:44:52,249:INFO: Train
2019-06-27 12:44:53,862:INFO: - Train metrics: recall_at_100: 0.195 ; loss: 1.087
2019-06-27 12:44:53,862:INFO: Evaluate
2019-06-27 12:44:55,179:INFO: - Evaluate metrics: recall_at_100: 0.148 ; loss: 1.099
2019-06-27 12:44:55,211:INFO: Epoch 8/20
2019-06-27 12:44:55,211:INFO: Train
2019-06-27 12:44:56,975:INFO: - Train metrics: recall_at_100: 0.173 ; loss: 1.079
2019-06-27 12:44:56,975:INFO: Evaluate
2019-06-27 12:44:58,283:INFO: - Evaluate metrics: recall_at_100: 0.180 ; loss: 1.084
2019-06-27 12:44:58,315:INFO: Epoch 9/20
2019-06-27 12:44:58,315:INFO: Train
2019-06-27 12:45:00,218:INFO: - Train metrics: recall_at_100: 0.173 ; loss: 1.086
2019-06-27 12:45:00,218:INFO: Evaluate
2019-06-27 12:45:01,572:INFO: - Evaluate metrics: recall_at_100: 0.163 ; loss: 1.090
2019-06-27 12:45:01,611:INFO: Epoch 10/20
2019-06-27 12:45:01,611:INFO: Train
2019-06-27 12:45:03,229:INFO: - Train metrics: recall_at_100: 0.197 ; loss: 1.079
2019-06-27 12:45:03,230:INFO: Evaluate
2019-06-27 12:45:04,397:INFO: - Evaluate metrics: recall_at_100: 0.149 ; loss: 1.090
2019-06-27 12:45:04,431:INFO: Epoch 11/20
2019-06-27 12:45:04,431:INFO: Train
2019-06-27 12:45:06,143:INFO: - Train metrics: recall_at_100: 0.194 ; loss: 1.090
2019-06-27 12:45:06,143:INFO: Evaluate
2019-06-27 12:45:07,379:INFO: - Evaluate metrics: recall_at_100: 0.130 ; loss: 1.139
2019-06-27 12:45:07,409:INFO: Epoch 12/20
2019-06-27 12:45:07,409:INFO: Train
2019-06-27 12:45:09,102:INFO: - Train metrics: recall_at_100: 0.182 ; loss: 1.093
2019-06-27 12:45:09,103:INFO: Evaluate
2019-06-27 12:45:10,340:INFO: - Evaluate metrics: recall_at_100: 0.183 ; loss: 1.098
2019-06-27 12:45:10,365:INFO: Epoch 13/20
2019-06-27 12:45:10,365:INFO: Train
2019-06-27 12:45:11,940:INFO: - Train metrics: recall_at_100: 0.157 ; loss: 1.085
2019-06-27 12:45:11,940:INFO: Evaluate
2019-06-27 12:45:13,046:INFO: - Evaluate metrics: recall_at_100: 0.176 ; loss: 1.097
2019-06-27 12:45:13,088:INFO: Epoch 14/20
2019-06-27 12:45:13,088:INFO: Train
2019-06-27 12:45:14,667:INFO: - Train metrics: recall_at_100: 0.184 ; loss: 1.095
2019-06-27 12:45:14,668:INFO: Evaluate
2019-06-27 12:45:15,948:INFO: - Evaluate metrics: recall_at_100: 0.167 ; loss: 1.083
2019-06-27 12:45:16,008:INFO: Epoch 15/20
2019-06-27 12:45:16,008:INFO: Train
2019-06-27 12:45:17,520:INFO: - Train metrics: recall_at_100: 0.210 ; loss: 1.091
2019-06-27 12:45:17,520:INFO: Evaluate
2019-06-27 12:45:18,591:INFO: - Evaluate metrics: recall_at_100: 0.170 ; loss: 1.118
2019-06-27 12:45:18,633:INFO: Epoch 16/20
2019-06-27 12:45:18,633:INFO: Train
2019-06-27 12:45:20,268:INFO: - Train metrics: recall_at_100: 0.174 ; loss: 1.102
2019-06-27 12:45:20,268:INFO: Evaluate
2019-06-27 12:45:21,472:INFO: - Evaluate metrics: recall_at_100: 0.172 ; loss: 1.128
2019-06-27 12:45:21,510:INFO: Epoch 17/20
2019-06-27 12:45:21,510:INFO: Train
2019-06-27 12:45:23,288:INFO: - Train metrics: recall_at_100: 0.193 ; loss: 1.093
2019-06-27 12:45:23,289:INFO: Evaluate
2019-06-27 12:45:24,608:INFO: - Evaluate metrics: recall_at_100: 0.158 ; loss: 1.082
2019-06-27 12:45:24,640:INFO: Epoch 18/20
2019-06-27 12:45:24,640:INFO: Train
2019-06-27 12:45:26,661:INFO: - Train metrics: recall_at_100: 0.166 ; loss: 1.089
2019-06-27 12:45:26,661:INFO: Evaluate
2019-06-27 12:45:27,964:INFO: - Evaluate metrics: recall_at_100: 0.166 ; loss: 1.110
2019-06-27 12:45:27,999:INFO: Epoch 19/20
2019-06-27 12:45:27,999:INFO: Train
2019-06-27 12:45:29,825:INFO: - Train metrics: recall_at_100: 0.200 ; loss: 1.101
2019-06-27 12:45:29,826:INFO: Evaluate
2019-06-27 12:45:31,063:INFO: - Evaluate metrics: recall_at_100: 0.138 ; loss: 1.092
2019-06-27 12:45:31,096:INFO: Epoch 20/20
2019-06-27 12:45:31,097:INFO: Train
2019-06-27 12:45:32,737:INFO: - Train metrics: recall_at_100: 0.145 ; loss: 1.100
2019-06-27 12:45:32,737:INFO: Evaluate
2019-06-27 12:45:34,096:INFO: - Evaluate metrics: recall_at_100: 0.144 ; loss: 1.080
2019-06-27 12:45:49,070:INFO: Training model for test 0
2019-06-27 12:45:51,123:INFO: Starting training for 20 epoch(s)
2019-06-27 12:45:51,123:INFO: Epoch 1/20
2019-06-27 12:45:51,124:INFO: Train
2019-06-27 12:45:53,080:INFO: - Train metrics: recall_at_100: 0.159 ; loss: 1.383
2019-06-27 12:45:53,080:INFO: Evaluate
2019-06-27 12:45:54,534:INFO: - Evaluate metrics: recall_at_100: 0.186 ; loss: 1.275
2019-06-27 12:45:54,534:INFO: - Found new best recall_at_100
2019-06-27 12:45:54,639:INFO: Epoch 2/20
2019-06-27 12:45:54,639:INFO: Train
2019-06-27 12:45:56,919:INFO: - Train metrics: recall_at_100: 0.145 ; loss: 1.206
2019-06-27 12:45:56,920:INFO: Evaluate
2019-06-27 12:45:58,151:INFO: - Evaluate metrics: recall_at_100: 0.187 ; loss: 1.085
2019-06-27 12:45:58,151:INFO: - Found new best recall_at_100
2019-06-27 12:45:58,258:INFO: Epoch 3/20
2019-06-27 12:45:58,258:INFO: Train
2019-06-27 12:46:00,285:INFO: - Train metrics: recall_at_100: 0.186 ; loss: 1.133
2019-06-27 12:46:00,285:INFO: Evaluate
2019-06-27 12:46:01,746:INFO: - Evaluate metrics: recall_at_100: 0.193 ; loss: 1.160
2019-06-27 12:46:01,747:INFO: - Found new best recall_at_100
2019-06-27 12:46:01,853:INFO: Epoch 4/20
2019-06-27 12:46:01,854:INFO: Train
2019-06-27 12:46:03,651:INFO: - Train metrics: recall_at_100: 0.189 ; loss: 1.122
2019-06-27 12:46:03,651:INFO: Evaluate
2019-06-27 12:46:05,211:INFO: - Evaluate metrics: recall_at_100: 0.189 ; loss: 1.075
2019-06-27 12:46:05,241:INFO: Epoch 5/20
2019-06-27 12:46:05,241:INFO: Train
2019-06-27 12:46:07,020:INFO: - Train metrics: recall_at_100: 0.177 ; loss: 1.097
2019-06-27 12:46:07,021:INFO: Evaluate
2019-06-27 12:46:08,536:INFO: - Evaluate metrics: recall_at_100: 0.203 ; loss: 1.091
2019-06-27 12:46:08,537:INFO: - Found new best recall_at_100
2019-06-27 12:46:08,668:INFO: Epoch 6/20
2019-06-27 12:46:08,669:INFO: Train
2019-06-27 12:46:10,452:INFO: - Train metrics: recall_at_100: 0.168 ; loss: 1.096
2019-06-27 12:46:10,452:INFO: Evaluate
2019-06-27 12:46:11,866:INFO: - Evaluate metrics: recall_at_100: 0.173 ; loss: 1.090
2019-06-27 12:46:11,901:INFO: Epoch 7/20
2019-06-27 12:46:11,901:INFO: Train
2019-06-27 12:46:13,873:INFO: - Train metrics: recall_at_100: 0.153 ; loss: 1.082
2019-06-27 12:46:13,873:INFO: Evaluate
2019-06-27 12:46:15,124:INFO: - Evaluate metrics: recall_at_100: 0.209 ; loss: 1.060
2019-06-27 12:46:15,125:INFO: - Found new best recall_at_100
2019-06-27 12:46:15,255:INFO: Epoch 8/20
2019-06-27 12:46:15,255:INFO: Train
2019-06-27 12:46:16,949:INFO: - Train metrics: recall_at_100: 0.176 ; loss: 1.076
2019-06-27 12:46:16,950:INFO: Evaluate
2019-06-27 12:46:18,270:INFO: - Evaluate metrics: recall_at_100: 0.192 ; loss: 1.072
2019-06-27 12:46:18,309:INFO: Epoch 9/20
2019-06-27 12:46:18,309:INFO: Train
2019-06-27 12:46:19,961:INFO: - Train metrics: recall_at_100: 0.181 ; loss: 1.087
2019-06-27 12:46:19,961:INFO: Evaluate
2019-06-27 12:46:21,289:INFO: - Evaluate metrics: recall_at_100: 0.171 ; loss: 1.092
2019-06-27 12:46:21,334:INFO: Epoch 10/20
2019-06-27 12:46:21,334:INFO: Train
2019-06-27 12:46:23,138:INFO: - Train metrics: recall_at_100: 0.196 ; loss: 1.086
2019-06-27 12:46:23,138:INFO: Evaluate
2019-06-27 12:46:24,476:INFO: - Evaluate metrics: recall_at_100: 0.226 ; loss: 1.074
2019-06-27 12:46:24,477:INFO: - Found new best recall_at_100
2019-06-27 12:46:24,570:INFO: Epoch 11/20
2019-06-27 12:46:24,570:INFO: Train
2019-06-27 12:46:26,277:INFO: - Train metrics: recall_at_100: 0.158 ; loss: 1.084
2019-06-27 12:46:26,278:INFO: Evaluate
2019-06-27 12:46:27,665:INFO: - Evaluate metrics: recall_at_100: 0.212 ; loss: 1.082
2019-06-27 12:46:27,707:INFO: Epoch 12/20
2019-06-27 12:46:27,707:INFO: Train
2019-06-27 12:46:29,361:INFO: - Train metrics: recall_at_100: 0.182 ; loss: 1.082
2019-06-27 12:46:29,361:INFO: Evaluate
2019-06-27 12:46:30,790:INFO: - Evaluate metrics: recall_at_100: 0.159 ; loss: 1.086
2019-06-27 12:46:30,842:INFO: Epoch 13/20
2019-06-27 12:46:30,842:INFO: Train
2019-06-27 12:46:32,767:INFO: - Train metrics: recall_at_100: 0.155 ; loss: 1.074
2019-06-27 12:46:32,768:INFO: Evaluate
2019-06-27 12:46:34,207:INFO: - Evaluate metrics: recall_at_100: 0.188 ; loss: 1.068
2019-06-27 12:46:34,248:INFO: Epoch 14/20
2019-06-27 12:46:34,248:INFO: Train
2019-06-27 12:46:36,065:INFO: - Train metrics: recall_at_100: 0.193 ; loss: 1.089
2019-06-27 12:46:36,065:INFO: Evaluate
2019-06-27 12:46:37,481:INFO: - Evaluate metrics: recall_at_100: 0.159 ; loss: 1.091
2019-06-27 12:46:37,526:INFO: Epoch 15/20
2019-06-27 12:46:37,526:INFO: Train
2019-06-27 12:46:39,398:INFO: - Train metrics: recall_at_100: 0.201 ; loss: 1.084
2019-06-27 12:46:39,398:INFO: Evaluate
2019-06-27 12:46:40,847:INFO: - Evaluate metrics: recall_at_100: 0.205 ; loss: 1.074
2019-06-27 12:46:40,877:INFO: Epoch 16/20
2019-06-27 12:46:40,878:INFO: Train
2019-06-27 12:46:42,663:INFO: - Train metrics: recall_at_100: 0.195 ; loss: 1.085
2019-06-27 12:46:42,664:INFO: Evaluate
2019-06-27 12:46:44,089:INFO: - Evaluate metrics: recall_at_100: 0.205 ; loss: 1.130
2019-06-27 12:46:44,127:INFO: Epoch 17/20
2019-06-27 12:46:44,127:INFO: Train
2019-06-27 12:46:46,084:INFO: - Train metrics: recall_at_100: 0.157 ; loss: 1.111
2019-06-27 12:46:46,085:INFO: Evaluate
2019-06-27 12:46:47,545:INFO: - Evaluate metrics: recall_at_100: 0.200 ; loss: 1.081
2019-06-27 12:46:47,586:INFO: Epoch 18/20
2019-06-27 12:46:47,586:INFO: Train
2019-06-27 12:46:49,402:INFO: - Train metrics: recall_at_100: 0.182 ; loss: 1.088
2019-06-27 12:46:49,403:INFO: Evaluate
2019-06-27 12:46:50,831:INFO: - Evaluate metrics: recall_at_100: 0.184 ; loss: 1.108
2019-06-27 12:46:50,919:INFO: Epoch 19/20
2019-06-27 12:46:50,919:INFO: Train
2019-06-27 12:46:52,675:INFO: - Train metrics: recall_at_100: 0.200 ; loss: 1.112
2019-06-27 12:46:52,675:INFO: Evaluate
2019-06-27 12:46:54,141:INFO: - Evaluate metrics: recall_at_100: 0.201 ; loss: 1.140
2019-06-27 12:46:54,183:INFO: Epoch 20/20
2019-06-27 12:46:54,183:INFO: Train
2019-06-27 12:46:55,887:INFO: - Train metrics: recall_at_100: 0.195 ; loss: 1.121
2019-06-27 12:46:55,888:INFO: Evaluate
2019-06-27 12:46:57,296:INFO: - Evaluate metrics: recall_at_100: 0.204 ; loss: 1.142
2019-06-27 12:47:12,751:INFO: Running Experiment...
