2019-08-30 10:35:18,054:INFO: Disease Protein Prediction in the PPI Network
2019-08-30 10:35:18,054:INFO: Sabri Eyuboglu  -- SNAP Group
2019-08-30 10:35:18,054:INFO: ======================================
2019-08-30 10:35:18,054:INFO: Loading PPI Network...
2019-08-30 10:35:33,817:INFO: Loading Disease Associations...
2019-08-30 10:38:07,535:INFO: Disease Protein Prediction in the PPI Network
2019-08-30 10:38:07,535:INFO: Sabri Eyuboglu  -- SNAP Group
2019-08-30 10:38:07,535:INFO: ======================================
2019-08-30 10:38:07,535:INFO: Loading PPI Network...
2019-08-30 10:38:25,236:INFO: Loading Disease Associations...
2019-08-30 10:39:58,972:INFO: Disease Protein Prediction in the PPI Network
2019-08-30 10:39:58,972:INFO: Sabri Eyuboglu  -- SNAP Group
2019-08-30 10:39:58,972:INFO: ======================================
2019-08-30 10:39:58,972:INFO: Loading PPI Network...
2019-08-30 10:40:15,357:INFO: Loading Disease Associations...
2019-08-30 10:50:27,115:INFO: Disease Protein Prediction in the PPI Network
2019-08-30 10:50:27,115:INFO: Sabri Eyuboglu  -- SNAP Group
2019-08-30 10:50:27,115:INFO: ======================================
2019-08-30 10:50:27,115:INFO: Loading PPI Network...
2019-08-30 10:50:42,392:INFO: Loading Disease Associations...
2019-08-30 10:50:45,771:INFO: Running Experiment...
2019-08-30 10:55:51,375:INFO: Disease Protein Prediction in the PPI Network
2019-08-30 10:55:51,376:INFO: Sabri Eyuboglu  -- SNAP Group
2019-08-30 10:55:51,376:INFO: ======================================
2019-08-30 10:55:51,376:INFO: Loading PPI Network...
2019-08-30 10:56:09,757:INFO: Loading Disease Associations...
2019-08-30 10:56:14,344:INFO: Running Experiment...
2019-08-30 11:15:30,005:INFO: Disease Protein Prediction in the PPI Network
2019-08-30 11:15:30,007:INFO: Sabri Eyuboglu  -- SNAP Group
2019-08-30 11:15:30,007:INFO: ======================================
2019-08-30 11:15:30,007:INFO: Loading PPI Network...
2019-08-30 11:15:33,498:INFO: Loading Disease Associations...
2019-08-30 11:15:35,141:INFO: Running Experiment...
2019-08-30 11:16:12,169:INFO: Disease Protein Prediction in the PPI Network
2019-08-30 11:16:12,169:INFO: Sabri Eyuboglu  -- SNAP Group
2019-08-30 11:16:12,169:INFO: ======================================
2019-08-30 11:16:12,169:INFO: Loading PPI Network...
2019-08-30 11:16:15,220:INFO: Loading Disease Associations...
2019-08-30 11:16:15,960:INFO: Running Experiment...
2019-08-30 11:18:51,232:INFO: Disease Protein Prediction in the PPI Network
2019-08-30 11:18:51,232:INFO: Sabri Eyuboglu  -- SNAP Group
2019-08-30 11:18:51,232:INFO: ======================================
2019-08-30 11:18:51,232:INFO: Loading PPI Network...
2019-08-30 11:18:53,545:INFO: Loading Disease Associations...
2019-08-30 11:18:53,890:INFO: Running Experiment...
2019-08-30 11:19:32,381:INFO: Disease Protein Prediction in the PPI Network
2019-08-30 11:19:32,381:INFO: Sabri Eyuboglu  -- SNAP Group
2019-08-30 11:19:32,381:INFO: ======================================
2019-08-30 11:19:32,381:INFO: Loading PPI Network...
2019-08-30 11:19:34,690:INFO: Loading Disease Associations...
2019-08-30 11:19:34,921:INFO: Running Experiment...
2019-08-30 11:21:30,264:INFO: Disease Protein Prediction in the PPI Network
2019-08-30 11:21:30,264:INFO: Sabri Eyuboglu  -- SNAP Group
2019-08-30 11:21:30,264:INFO: ======================================
2019-08-30 11:21:30,264:INFO: Loading PPI Network...
2019-08-30 11:21:31,656:INFO: Loading Disease Associations...
2019-08-30 11:21:32,019:INFO: Running Experiment...
2019-08-30 11:22:03,042:INFO: Disease Protein Prediction in the PPI Network
2019-08-30 11:22:03,042:INFO: Sabri Eyuboglu  -- SNAP Group
2019-08-30 11:22:03,043:INFO: ======================================
2019-08-30 11:22:03,043:INFO: Loading PPI Network...
2019-08-30 11:22:04,498:INFO: Loading Disease Associations...
2019-08-30 11:22:04,858:INFO: Running Experiment...
