2019-06-13 12:33:40,143:INFO: Loading Disease Associations...
2019-06-13 12:33:40,205:INFO: Loading Results...
2019-06-13 12:33:46,838:INFO: Loading Disease Associations...
2019-06-13 12:33:46,900:INFO: Loading Results...
2019-06-13 12:33:46,958:INFO: Recall Curve
2019-06-13 12:33:46,958:INFO: Sabri Eyuboglu  -- SNAP Group
2019-06-13 12:33:46,959:INFO: ======================================
2019-06-13 12:42:58,945:INFO: Loading Disease Associations...
2019-06-13 12:42:59,008:INFO: Loading Results...
2019-06-13 12:42:59,055:INFO: Recall Comparison
2019-06-13 12:42:59,055:INFO: Sabri Eyuboglu  -- SNAP Group
2019-06-13 12:42:59,056:INFO: ======================================
2019-06-13 12:43:21,569:INFO: Loading Disease Associations...
2019-06-13 12:43:21,629:INFO: Loading Results...
2019-06-13 12:43:21,672:INFO: Recall Comparison
2019-06-13 12:43:21,672:INFO: Sabri Eyuboglu  -- SNAP Group
2019-06-13 12:43:21,673:INFO: ======================================
2019-06-13 12:43:27,193:INFO: Loading Disease Associations...
2019-06-13 12:43:27,318:INFO: Loading Results...
2019-06-13 12:43:27,360:INFO: Recall Comparison
2019-06-13 12:43:27,361:INFO: Sabri Eyuboglu  -- SNAP Group
2019-06-13 12:43:27,362:INFO: ======================================
2019-06-13 12:46:06,363:INFO: Loading Disease Associations...
2019-06-13 12:46:06,489:INFO: Loading Results...
2019-06-13 12:46:06,533:INFO: Recall Comparison
2019-06-13 12:46:06,533:INFO: Sabri Eyuboglu  -- SNAP Group
2019-06-13 12:46:06,534:INFO: ======================================
2019-06-13 12:46:19,981:INFO: Loading Disease Associations...
2019-06-13 12:46:20,043:INFO: Loading Results...
2019-06-13 12:46:20,085:INFO: Recall Comparison
2019-06-13 12:46:20,086:INFO: Sabri Eyuboglu  -- SNAP Group
2019-06-13 12:46:20,087:INFO: ======================================
2019-06-13 12:46:50,554:INFO: Loading Disease Associations...
2019-06-13 12:46:50,610:INFO: Loading Results...
2019-06-13 12:46:50,643:INFO: Recall Comparison
2019-06-13 12:46:50,644:INFO: Sabri Eyuboglu  -- SNAP Group
2019-06-13 12:46:50,644:INFO: ======================================
2019-06-13 12:47:06,865:INFO: Loading Disease Associations...
2019-06-13 12:47:06,922:INFO: Loading Results...
2019-06-13 12:47:06,956:INFO: Recall Comparison
2019-06-13 12:47:06,957:INFO: Sabri Eyuboglu  -- SNAP Group
2019-06-13 12:47:06,957:INFO: ======================================
2019-06-13 12:47:15,037:INFO: Loading Disease Associations...
2019-06-13 12:47:15,093:INFO: Loading Results...
2019-06-13 12:47:15,128:INFO: Recall Comparison
2019-06-13 12:47:15,128:INFO: Sabri Eyuboglu  -- SNAP Group
2019-06-13 12:47:15,129:INFO: ======================================
