2018-10-04 13:45:42,153:INFO: Disease Protein Prediction in the PPI Network
2018-10-04 13:45:42,153:INFO: Sabri Eyuboglu  -- SNAP Group
2018-10-04 13:45:42,153:INFO: ======================================
2018-10-04 13:45:42,153:INFO: Loading PPI Network...
2018-10-04 13:45:48,566:INFO: Loading Disease Associations...
2018-10-04 13:45:48,654:INFO: Loading Feature Matrices...
2018-10-04 13:48:24,949:INFO: Disease Protein Prediction in the PPI Network
2018-10-04 13:48:24,949:INFO: Sabri Eyuboglu  -- SNAP Group
2018-10-04 13:48:24,949:INFO: ======================================
2018-10-04 13:48:24,950:INFO: Loading PPI Network...
2018-10-04 13:48:30,893:INFO: Loading Disease Associations...
2018-10-04 13:48:30,979:INFO: Loading Feature Matrices...
2018-10-04 13:49:28,880:INFO: Disease Protein Prediction in the PPI Network
2018-10-04 13:49:28,880:INFO: Sabri Eyuboglu  -- SNAP Group
2018-10-04 13:49:28,880:INFO: ======================================
2018-10-04 13:49:28,880:INFO: Loading PPI Network...
2018-10-04 13:49:34,390:INFO: Loading Disease Associations...
2018-10-04 13:49:34,472:INFO: Loading Feature Matrices...
2018-10-04 13:50:37,006:INFO: Disease Protein Prediction in the PPI Network
2018-10-04 13:50:37,006:INFO: Sabri Eyuboglu  -- SNAP Group
2018-10-04 13:50:37,007:INFO: ======================================
2018-10-04 13:50:37,007:INFO: Loading PPI Network...
2018-10-04 13:50:51,595:INFO: Disease Protein Prediction in the PPI Network
2018-10-04 13:50:51,595:INFO: Sabri Eyuboglu  -- SNAP Group
2018-10-04 13:50:51,595:INFO: ======================================
2018-10-04 13:50:51,595:INFO: Loading PPI Network...
2018-10-04 13:50:57,505:INFO: Loading Disease Associations...
2018-10-04 13:50:57,597:INFO: Loading Feature Matrices...
2018-10-04 13:50:58,095:INFO: Running Experiment...
