2018-10-04 16:46:48,573:INFO: Disease Protein Prediction in the PPI Network
2018-10-04 16:46:48,573:INFO: Sabri Eyuboglu  -- SNAP Group
2018-10-04 16:46:48,573:INFO: ======================================
2018-10-04 16:46:48,573:INFO: Loading PPI Network...
2018-10-04 16:46:52,357:INFO: Loading Disease Associations...
2018-10-04 16:46:52,447:INFO: Loading PPI Matrix...
2018-10-04 16:47:03,597:INFO: Running Experiment...
2018-10-04 16:54:15,124:INFO: Disease Protein Prediction in the PPI Network
2018-10-04 16:54:15,124:INFO: Sabri Eyuboglu  -- SNAP Group
2018-10-04 16:54:15,125:INFO: ======================================
2018-10-04 16:54:15,125:INFO: Loading PPI Network...
2018-10-04 16:54:18,858:INFO: Loading Disease Associations...
2018-10-04 16:54:18,948:INFO: Loading PPI Matrix...
2018-10-04 16:54:30,677:INFO: Running Experiment...
2018-10-04 17:01:20,916:INFO: Disease Protein Prediction in the PPI Network
2018-10-04 17:01:20,916:INFO: Sabri Eyuboglu  -- SNAP Group
2018-10-04 17:01:20,916:INFO: ======================================
2018-10-04 17:01:20,916:INFO: Loading PPI Network...
2018-10-04 17:01:24,879:INFO: Loading Disease Associations...
2018-10-04 17:01:24,994:INFO: Loading PPI Matrix...
2018-10-04 17:01:30,589:INFO: Running Experiment...
2018-10-04 17:01:59,700:INFO: Disease Protein Prediction in the PPI Network
2018-10-04 17:01:59,700:INFO: Sabri Eyuboglu  -- SNAP Group
2018-10-04 17:01:59,700:INFO: ======================================
2018-10-04 17:01:59,700:INFO: Loading PPI Network...
2018-10-04 17:02:03,380:INFO: Loading Disease Associations...
2018-10-04 17:02:03,466:INFO: Loading PPI Matrix...
2018-10-04 17:02:09,540:INFO: Running Experiment...
