2019-09-16 14:48:24,458:INFO: Disease Protein Prediction in the PPI Network
2019-09-16 14:48:24,458:INFO: Sabri Eyuboglu  -- SNAP Group
2019-09-16 14:48:24,458:INFO: ======================================
2019-09-16 14:48:24,458:INFO: Loading PPI Network: data/networks/signaling/network.txt
2019-09-16 14:48:25,172:INFO: Loading Disease Associations: data/associations/species_9606/go_function/associations.csv
2019-09-16 14:48:25,212:INFO: Building matrix 0...
2019-09-16 14:48:26,606:INFO: Building matrix 1...
2019-09-16 14:48:27,672:INFO: Building matrix 2...
2019-09-16 14:48:28,725:INFO: Building matrix 3...
2019-09-16 14:48:29,863:INFO: Running Experiment...
2019-09-16 14:54:55,157:INFO: Disease Protein Prediction in the PPI Network
2019-09-16 14:54:55,158:INFO: Sabri Eyuboglu  -- SNAP Group
2019-09-16 14:54:55,158:INFO: ======================================
2019-09-16 14:54:55,158:INFO: Loading PPI Network: data/networks/signaling/network.txt
2019-09-16 14:54:55,866:INFO: Loading Disease Associations: data/associations/species_9606/go_function/associations.csv
2019-09-16 14:54:55,906:INFO: Building matrix 0...
2019-09-16 14:54:56,826:INFO: Building matrix 1...
2019-09-16 14:54:57,703:INFO: Building matrix 2...
2019-09-16 14:54:58,482:INFO: Building matrix 3...
2019-09-16 14:54:59,260:INFO: Running Experiment...
