2019-01-25 09:47:41,024:INFO: Disease Protein Prediction
2019-01-25 09:47:41,025:INFO: Sabri Eyuboglu  -- SNAP Group
2019-01-25 09:47:41,025:INFO: ======================================
2019-01-25 09:47:41,025:INFO: Loading Disease Associations...
2019-01-25 09:47:41,183:INFO: Loading Network...
2019-01-25 09:48:46,787:INFO: Disease Protein Prediction
2019-01-25 09:48:46,787:INFO: Sabri Eyuboglu  -- SNAP Group
2019-01-25 09:48:46,788:INFO: ======================================
2019-01-25 09:48:46,788:INFO: Loading Disease Associations...
2019-01-25 09:48:46,900:INFO: Loading Network...
2019-01-25 09:50:38,636:INFO: Disease Protein Prediction
2019-01-25 09:50:38,636:INFO: Sabri Eyuboglu  -- SNAP Group
2019-01-25 09:50:38,636:INFO: ======================================
2019-01-25 09:50:38,636:INFO: Loading Disease Associations...
2019-01-25 09:50:38,748:INFO: Loading Network...
2019-01-25 09:52:03,301:INFO: Disease Protein Prediction
2019-01-25 09:52:03,301:INFO: Sabri Eyuboglu  -- SNAP Group
2019-01-25 09:52:03,301:INFO: ======================================
2019-01-25 09:52:03,302:INFO: Loading Disease Associations...
2019-01-25 09:52:03,417:INFO: Loading Network...
