2019-01-24 22:24:30,730:INFO: Disease Protein Prediction
2019-01-24 22:24:30,730:INFO: Sabri Eyuboglu  -- SNAP Group
2019-01-24 22:24:30,730:INFO: ======================================
2019-01-24 22:24:30,730:INFO: Loading Disease Associations...
2019-01-24 22:24:30,745:INFO: Loading Network...
2019-01-24 22:25:03,068:INFO: Disease Protein Prediction
2019-01-24 22:25:03,069:INFO: Sabri Eyuboglu  -- SNAP Group
2019-01-24 22:25:03,069:INFO: ======================================
2019-01-24 22:25:03,069:INFO: Loading Disease Associations...
2019-01-24 22:25:03,080:INFO: Loading Network...
2019-01-24 22:25:10,567:INFO: Loading enrichment study...
2019-01-24 22:25:51,607:INFO: Disease Protein Prediction
2019-01-24 22:25:51,607:INFO: Sabri Eyuboglu  -- SNAP Group
2019-01-24 22:25:51,607:INFO: ======================================
2019-01-24 22:25:51,607:INFO: Loading Disease Associations...
2019-01-24 22:25:51,619:INFO: Loading Network...
2019-01-24 22:25:59,144:INFO: Loading enrichment study...
2019-01-24 22:26:09,148:INFO: Loading predictions...
2019-01-24 22:26:32,749:INFO: Disease Protein Prediction
2019-01-24 22:26:32,749:INFO: Sabri Eyuboglu  -- SNAP Group
2019-01-24 22:26:32,750:INFO: ======================================
2019-01-24 22:26:32,750:INFO: Loading Disease Associations...
2019-01-24 22:26:32,762:INFO: Loading Network...
2019-01-24 22:26:40,140:INFO: Loading enrichment study...
2019-01-24 22:26:50,228:INFO: Loading predictions...
2019-01-24 22:27:13,832:INFO: Disease Protein Prediction
2019-01-24 22:27:13,832:INFO: Sabri Eyuboglu  -- SNAP Group
2019-01-24 22:27:13,832:INFO: ======================================
2019-01-24 22:27:13,832:INFO: Loading Disease Associations...
2019-01-24 22:27:13,849:INFO: Loading Network...
2019-01-24 22:27:21,356:INFO: Loading enrichment study...
2019-01-24 22:27:31,427:INFO: Loading predictions...
2019-01-24 22:28:18,102:INFO: Disease Protein Prediction
2019-01-24 22:28:18,102:INFO: Sabri Eyuboglu  -- SNAP Group
2019-01-24 22:28:18,102:INFO: ======================================
2019-01-24 22:28:18,102:INFO: Loading Disease Associations...
2019-01-24 22:28:18,113:INFO: Loading Network...
2019-01-24 22:28:25,655:INFO: Loading enrichment study...
2019-01-24 22:28:35,408:INFO: Loading predictions...
2019-01-24 22:29:33,992:INFO: Disease Protein Prediction
2019-01-24 22:29:33,993:INFO: Sabri Eyuboglu  -- SNAP Group
2019-01-24 22:29:33,993:INFO: ======================================
2019-01-24 22:29:33,993:INFO: Loading Disease Associations...
2019-01-24 22:29:34,005:INFO: Loading Network...
2019-01-24 22:29:42,087:INFO: Loading enrichment study...
2019-01-24 22:29:52,045:INFO: Loading predictions...
2019-01-24 22:40:25,359:INFO: Disease Protein Prediction
2019-01-24 22:40:25,359:INFO: Sabri Eyuboglu  -- SNAP Group
2019-01-24 22:40:25,360:INFO: ======================================
2019-01-24 22:40:25,360:INFO: Loading Disease Associations...
2019-01-24 22:40:25,443:INFO: Loading Network...
2019-01-24 22:40:39,372:INFO: Loading enrichment study...
2019-01-24 22:41:00,655:INFO: Loading predictions...
2019-01-24 22:41:43,511:INFO: Disease Protein Prediction
2019-01-24 22:41:43,511:INFO: Sabri Eyuboglu  -- SNAP Group
2019-01-24 22:41:43,511:INFO: ======================================
2019-01-24 22:41:43,511:INFO: Loading Disease Associations...
2019-01-24 22:41:43,539:INFO: Loading Network...
2019-01-24 22:41:57,000:INFO: Loading enrichment study...
2019-01-24 22:42:17,429:INFO: Loading predictions...
2019-01-24 22:42:32,715:INFO: Disease Protein Prediction
2019-01-24 22:42:32,715:INFO: Sabri Eyuboglu  -- SNAP Group
2019-01-24 22:42:32,716:INFO: ======================================
2019-01-24 22:42:32,716:INFO: Loading Disease Associations...
2019-01-24 22:42:32,824:INFO: Loading Network...
2019-01-24 22:42:46,028:INFO: Loading enrichment study...
2019-01-24 22:43:06,436:INFO: Loading predictions...
2019-01-24 22:44:18,241:INFO: Disease Protein Prediction
2019-01-24 22:44:18,241:INFO: Sabri Eyuboglu  -- SNAP Group
2019-01-24 22:44:18,241:INFO: ======================================
2019-01-24 22:44:18,241:INFO: Loading Disease Associations...
2019-01-24 22:44:18,352:INFO: Loading Network...
2019-01-24 22:44:31,702:INFO: Loading enrichment study...
2019-01-24 22:44:51,498:INFO: Loading predictions...
2019-01-24 22:45:56,635:INFO: Disease Protein Prediction
2019-01-24 22:45:56,635:INFO: Sabri Eyuboglu  -- SNAP Group
2019-01-24 22:45:56,635:INFO: ======================================
2019-01-24 22:45:56,636:INFO: Loading Disease Associations...
2019-01-24 22:45:56,746:INFO: Loading Network...
2019-01-24 22:46:09,723:INFO: Loading enrichment study...
2019-01-24 22:46:29,397:INFO: Loading predictions...
2019-01-24 22:48:48,855:INFO: Disease Protein Prediction
2019-01-24 22:48:48,855:INFO: Sabri Eyuboglu  -- SNAP Group
2019-01-24 22:48:48,855:INFO: ======================================
2019-01-24 22:48:48,856:INFO: Loading Disease Associations...
2019-01-24 22:48:48,954:INFO: Loading Network...
2019-01-24 22:49:03,549:INFO: Loading enrichment study...
2019-01-24 22:49:23,244:INFO: Loading predictions...
2019-01-24 22:52:37,066:INFO: Disease Protein Prediction
2019-01-24 22:52:37,066:INFO: Sabri Eyuboglu  -- SNAP Group
2019-01-24 22:52:37,066:INFO: ======================================
2019-01-24 22:52:37,066:INFO: Loading Disease Associations...
2019-01-24 22:52:37,163:INFO: Loading Network...
2019-01-24 22:52:50,568:INFO: Loading enrichment study...
2019-01-24 22:53:10,528:INFO: Loading predictions...
2019-01-25 09:27:37,838:INFO: Disease Protein Prediction
2019-01-25 09:27:37,839:INFO: Sabri Eyuboglu  -- SNAP Group
2019-01-25 09:27:37,839:INFO: ======================================
2019-01-25 09:27:37,839:INFO: Loading Disease Associations...
2019-01-25 09:27:37,950:INFO: Loading Network...
2019-01-25 09:27:50,791:INFO: Loading enrichment study...
2019-01-25 09:28:11,118:INFO: Loading predictions...
2019-01-25 09:29:36,914:INFO: Disease Protein Prediction
2019-01-25 09:29:36,915:INFO: Sabri Eyuboglu  -- SNAP Group
2019-01-25 09:29:36,915:INFO: ======================================
2019-01-25 09:29:36,915:INFO: Loading Disease Associations...
2019-01-25 09:29:37,028:INFO: Loading Network...
2019-01-25 09:29:49,978:INFO: Loading enrichment study...
2019-01-25 09:30:10,487:INFO: Loading predictions...
