2019-04-02 18:35:40,569:INFO: Disease Protein Prediction in the PPI Network
2019-04-02 18:35:40,569:INFO: Sabri Eyuboglu  -- SNAP Group
2019-04-02 18:35:40,569:INFO: ======================================
2019-04-02 18:35:40,569:INFO: Loading PPI Network...
2019-04-02 18:35:48,565:INFO: Loading Disease Associations...
2019-04-02 18:36:25,927:INFO: Disease Protein Prediction in the PPI Network
2019-04-02 18:36:25,927:INFO: Sabri Eyuboglu  -- SNAP Group
2019-04-02 18:36:25,927:INFO: ======================================
2019-04-02 18:36:25,927:INFO: Loading PPI Network...
2019-04-02 18:36:36,649:INFO: Loading Disease Associations...
2019-04-02 18:36:59,838:INFO: Disease Protein Prediction in the PPI Network
2019-04-02 18:36:59,838:INFO: Sabri Eyuboglu  -- SNAP Group
2019-04-02 18:36:59,838:INFO: ======================================
2019-04-02 18:36:59,838:INFO: Loading PPI Network...
2019-04-02 18:37:07,180:INFO: Loading Disease Associations...
2019-04-02 18:37:23,677:INFO: Disease Protein Prediction in the PPI Network
2019-04-02 18:37:23,677:INFO: Sabri Eyuboglu  -- SNAP Group
2019-04-02 18:37:23,677:INFO: ======================================
2019-04-02 18:37:23,677:INFO: Loading PPI Network...
2019-04-02 18:37:30,442:INFO: Loading Disease Associations...
2019-04-02 18:37:30,494:INFO: Running Experiment...
2019-04-02 18:38:22,324:INFO: Disease Protein Prediction in the PPI Network
2019-04-02 18:38:22,325:INFO: Sabri Eyuboglu  -- SNAP Group
2019-04-02 18:38:22,325:INFO: ======================================
2019-04-02 18:38:22,325:INFO: Loading PPI Network...
2019-04-02 18:38:30,200:INFO: Loading Disease Associations...
2019-04-02 18:38:30,258:INFO: Running Experiment...
2019-04-02 18:39:04,867:INFO: Disease Protein Prediction in the PPI Network
2019-04-02 18:39:04,868:INFO: Sabri Eyuboglu  -- SNAP Group
2019-04-02 18:39:04,868:INFO: ======================================
2019-04-02 18:39:04,868:INFO: Loading PPI Network...
2019-04-02 18:39:12,278:INFO: Loading Disease Associations...
2019-04-02 18:39:12,333:INFO: Running Experiment...
2019-04-02 18:40:12,069:INFO: Disease Protein Prediction in the PPI Network
2019-04-02 18:40:12,069:INFO: Sabri Eyuboglu  -- SNAP Group
2019-04-02 18:40:12,069:INFO: ======================================
2019-04-02 18:40:12,069:INFO: Loading PPI Network...
2019-04-02 18:40:19,707:INFO: Loading Disease Associations...
2019-04-02 18:40:19,761:INFO: Running Experiment...
2019-04-02 18:42:43,675:INFO: Disease Protein Prediction in the PPI Network
2019-04-02 18:42:43,675:INFO: Sabri Eyuboglu  -- SNAP Group
2019-04-02 18:42:43,675:INFO: ======================================
2019-04-02 18:42:43,675:INFO: Loading PPI Network...
2019-04-02 18:42:50,839:INFO: Loading Disease Associations...
2019-04-02 18:42:50,891:INFO: Running Experiment...
2019-04-02 18:43:07,872:INFO: Disease Protein Prediction in the PPI Network
2019-04-02 18:43:07,872:INFO: Sabri Eyuboglu  -- SNAP Group
2019-04-02 18:43:07,872:INFO: ======================================
2019-04-02 18:43:07,872:INFO: Loading PPI Network...
2019-04-02 18:43:14,933:INFO: Loading Disease Associations...
2019-04-02 18:43:14,984:INFO: Running Experiment...
2019-04-02 18:43:47,290:INFO: Disease Protein Prediction in the PPI Network
2019-04-02 18:43:47,290:INFO: Sabri Eyuboglu  -- SNAP Group
2019-04-02 18:43:47,290:INFO: ======================================
2019-04-02 18:43:47,290:INFO: Loading PPI Network...
2019-04-02 18:43:54,637:INFO: Loading Disease Associations...
2019-04-02 18:43:54,688:INFO: Running Experiment...
2019-04-02 18:44:38,733:INFO: Disease Protein Prediction in the PPI Network
2019-04-02 18:44:38,733:INFO: Sabri Eyuboglu  -- SNAP Group
2019-04-02 18:44:38,733:INFO: ======================================
2019-04-02 18:44:38,733:INFO: Loading PPI Network...
2019-04-02 18:44:45,877:INFO: Loading Disease Associations...
2019-04-02 18:44:45,927:INFO: Running Experiment...
2019-04-02 18:45:23,929:INFO: Disease Protein Prediction in the PPI Network
2019-04-02 18:45:23,929:INFO: Sabri Eyuboglu  -- SNAP Group
2019-04-02 18:45:23,929:INFO: ======================================
2019-04-02 18:45:23,929:INFO: Loading PPI Network...
2019-04-02 18:45:31,632:INFO: Loading Disease Associations...
2019-04-02 18:45:31,685:INFO: Running Experiment...
2019-04-02 18:46:24,826:INFO: Disease Protein Prediction in the PPI Network
2019-04-02 18:46:24,826:INFO: Sabri Eyuboglu  -- SNAP Group
2019-04-02 18:46:24,826:INFO: ======================================
2019-04-02 18:46:24,826:INFO: Loading PPI Network...
2019-04-02 18:46:31,999:INFO: Loading Disease Associations...
2019-04-02 18:46:32,050:INFO: Running Experiment...
2019-04-02 18:47:39,495:INFO: Disease Protein Prediction in the PPI Network
2019-04-02 18:47:39,495:INFO: Sabri Eyuboglu  -- SNAP Group
2019-04-02 18:47:39,495:INFO: ======================================
2019-04-02 18:47:39,495:INFO: Loading PPI Network...
2019-04-02 18:47:46,894:INFO: Loading Disease Associations...
2019-04-02 18:47:46,947:INFO: Running Experiment...
2019-04-02 18:48:33,461:INFO: Disease Protein Prediction in the PPI Network
2019-04-02 18:48:33,462:INFO: Sabri Eyuboglu  -- SNAP Group
2019-04-02 18:48:33,462:INFO: ======================================
2019-04-02 18:48:33,462:INFO: Loading PPI Network...
2019-04-02 18:48:40,184:INFO: Loading Disease Associations...
2019-04-02 18:48:40,236:INFO: Running Experiment...
2019-04-02 18:50:50,949:INFO: Disease Protein Prediction in the PPI Network
2019-04-02 18:50:50,949:INFO: Sabri Eyuboglu  -- SNAP Group
2019-04-02 18:50:50,949:INFO: ======================================
2019-04-02 18:50:50,950:INFO: Loading PPI Network...
2019-04-02 18:50:58,303:INFO: Loading Disease Associations...
2019-04-02 18:50:58,372:INFO: Running Experiment...
2019-04-02 18:51:33,820:INFO: Disease Protein Prediction in the PPI Network
2019-04-02 18:51:33,820:INFO: Sabri Eyuboglu  -- SNAP Group
2019-04-02 18:51:33,820:INFO: ======================================
2019-04-02 18:51:33,820:INFO: Loading PPI Network...
2019-04-02 18:51:41,044:INFO: Loading Disease Associations...
2019-04-02 18:51:41,097:INFO: Running Experiment...
2019-04-02 18:51:47,883:INFO: Starting training for 150 epoch(s)
2019-04-02 18:53:26,862:INFO: Disease Protein Prediction in the PPI Network
2019-04-02 18:53:26,862:INFO: Sabri Eyuboglu  -- SNAP Group
2019-04-02 18:53:26,862:INFO: ======================================
2019-04-02 18:53:26,862:INFO: Loading PPI Network...
2019-04-02 18:53:33,795:INFO: Loading Disease Associations...
2019-04-02 18:53:33,846:INFO: Running Experiment...
2019-04-02 18:53:39,030:INFO: Starting training for 150 epoch(s)
2019-04-02 18:54:32,430:INFO: Disease Protein Prediction in the PPI Network
2019-04-02 18:54:32,430:INFO: Sabri Eyuboglu  -- SNAP Group
2019-04-02 18:54:32,430:INFO: ======================================
2019-04-02 18:54:32,430:INFO: Loading PPI Network...
2019-04-02 18:54:39,145:INFO: Loading Disease Associations...
2019-04-02 18:54:39,199:INFO: Running Experiment...
2019-04-02 18:54:44,366:INFO: Starting training for 150 epoch(s)
2019-04-02 18:54:44,367:INFO: Epoch 1 of 150
2019-04-02 18:54:44,367:INFO: - Current learning rate: 0.0001
2019-04-02 18:54:44,367:INFO: Training
2019-04-02 18:55:01,341:INFO: Disease Protein Prediction in the PPI Network
2019-04-02 18:55:01,342:INFO: Sabri Eyuboglu  -- SNAP Group
2019-04-02 18:55:01,342:INFO: ======================================
2019-04-02 18:55:01,342:INFO: Loading PPI Network...
2019-04-02 18:55:08,407:INFO: Loading Disease Associations...
2019-04-02 18:55:08,458:INFO: Running Experiment...
2019-04-02 18:55:36,183:INFO: Disease Protein Prediction in the PPI Network
2019-04-02 18:55:36,184:INFO: Sabri Eyuboglu  -- SNAP Group
2019-04-02 18:55:36,184:INFO: ======================================
2019-04-02 18:55:36,184:INFO: Loading PPI Network...
2019-04-02 18:55:42,918:INFO: Loading Disease Associations...
2019-04-02 18:55:42,970:INFO: Running Experiment...
2019-04-02 18:55:48,106:INFO: Starting training for 150 epoch(s)
2019-04-02 18:55:48,106:INFO: Epoch 1 of 150
2019-04-02 18:55:48,106:INFO: - Current learning rate: 0.0001
2019-04-02 18:55:48,106:INFO: Training
2019-04-02 18:56:48,870:INFO: Disease Protein Prediction in the PPI Network
2019-04-02 18:56:48,870:INFO: Sabri Eyuboglu  -- SNAP Group
2019-04-02 18:56:48,870:INFO: ======================================
2019-04-02 18:56:48,871:INFO: Loading PPI Network...
2019-04-02 18:56:56,311:INFO: Loading Disease Associations...
2019-04-02 18:56:56,362:INFO: Running Experiment...
2019-04-02 18:57:01,740:INFO: Starting training for 150 epoch(s)
2019-04-02 18:57:01,740:INFO: Epoch 1 of 150
2019-04-02 18:57:01,740:INFO: - Current learning rate: 0.0001
2019-04-02 18:57:01,740:INFO: Training
2019-04-02 18:58:31,784:INFO: Disease Protein Prediction in the PPI Network
2019-04-02 18:58:31,784:INFO: Sabri Eyuboglu  -- SNAP Group
2019-04-02 18:58:31,784:INFO: ======================================
2019-04-02 18:58:31,784:INFO: Loading PPI Network...
2019-04-02 18:58:38,701:INFO: Loading Disease Associations...
2019-04-02 18:58:38,771:INFO: Running Experiment...
2019-04-02 18:58:44,698:INFO: Starting training for 150 epoch(s)
2019-04-02 18:58:44,699:INFO: Epoch 1 of 150
2019-04-02 18:58:44,699:INFO: - Current learning rate: 0.0001
2019-04-02 18:58:44,699:INFO: Training
2019-04-02 19:01:23,741:INFO: Disease Protein Prediction in the PPI Network
2019-04-02 19:01:23,741:INFO: Sabri Eyuboglu  -- SNAP Group
2019-04-02 19:01:23,741:INFO: ======================================
2019-04-02 19:01:23,741:INFO: Loading PPI Network...
2019-04-02 19:01:30,857:INFO: Loading Disease Associations...
2019-04-02 19:01:30,911:INFO: Running Experiment...
2019-04-02 19:01:37,328:INFO: Starting training for 150 epoch(s)
2019-04-02 19:01:37,328:INFO: Epoch 1 of 150
2019-04-02 19:01:37,328:INFO: - Current learning rate: 0.0001
2019-04-02 19:01:37,328:INFO: Training
2019-04-02 19:07:30,440:INFO: Disease Protein Prediction in the PPI Network
2019-04-02 19:07:30,440:INFO: Sabri Eyuboglu  -- SNAP Group
2019-04-02 19:07:30,440:INFO: ======================================
2019-04-02 19:07:30,440:INFO: Loading PPI Network...
2019-04-02 19:07:37,473:INFO: Loading Disease Associations...
2019-04-02 19:07:37,529:INFO: Running Experiment...
2019-04-02 19:07:43,358:INFO: Starting training for 150 epoch(s)
2019-04-02 19:07:43,359:INFO: Epoch 1 of 150
2019-04-02 19:07:43,359:INFO: - Current learning rate: 0.0001
2019-04-02 19:07:43,359:INFO: Training
2019-04-02 19:09:30,997:INFO: Disease Protein Prediction in the PPI Network
2019-04-02 19:09:30,997:INFO: Sabri Eyuboglu  -- SNAP Group
2019-04-02 19:09:30,997:INFO: ======================================
2019-04-02 19:09:30,997:INFO: Loading PPI Network...
2019-04-02 19:09:38,193:INFO: Loading Disease Associations...
2019-04-02 19:09:38,248:INFO: Running Experiment...
2019-04-02 19:09:44,876:INFO: Starting training for 150 epoch(s)
2019-04-02 19:09:44,878:INFO: Epoch 1 of 150
2019-04-02 19:09:44,879:INFO: - Current learning rate: 0.0001
2019-04-02 19:09:44,881:INFO: Training
