2019-08-09 13:27:02,363:INFO: Metric Significance of Diseases in the PPI Network
2019-08-09 13:27:02,364:INFO: Sabri Eyuboglu  -- SNAP Group
2019-08-09 13:27:02,364:INFO: ======================================
2019-08-09 13:27:02,364:INFO: Loading Disease Associations...
2019-08-09 13:27:02,404:INFO: Loading Network...
2019-08-09 13:27:09,061:INFO: Loading PPI Matrices...
2019-08-09 13:27:11,756:INFO: Building Degree Buckets...
2019-08-09 13:27:11,835:INFO: Running Experiment...
2019-08-09 13:45:00,468:INFO: Metric Significance of Diseases in the PPI Network
2019-08-09 13:45:00,468:INFO: Sabri Eyuboglu  -- SNAP Group
2019-08-09 13:45:00,468:INFO: ======================================
2019-08-09 13:45:00,469:INFO: Loading Disease Associations...
2019-08-09 13:45:09,493:INFO: Metric Significance of Diseases in the PPI Network
2019-08-09 13:45:09,493:INFO: Sabri Eyuboglu  -- SNAP Group
2019-08-09 13:45:09,493:INFO: ======================================
2019-08-09 13:45:09,493:INFO: Loading Disease Associations...
2019-08-09 13:45:19,494:INFO: Metric Significance of Diseases in the PPI Network
2019-08-09 13:45:19,494:INFO: Sabri Eyuboglu  -- SNAP Group
2019-08-09 13:45:19,494:INFO: ======================================
2019-08-09 13:45:19,494:INFO: Loading Disease Associations...
2019-08-09 13:45:29,339:INFO: Metric Significance of Diseases in the PPI Network
2019-08-09 13:45:29,339:INFO: Sabri Eyuboglu  -- SNAP Group
2019-08-09 13:45:29,339:INFO: ======================================
2019-08-09 13:45:29,339:INFO: Loading Disease Associations...
2019-08-09 13:45:42,400:INFO: Metric Significance of Diseases in the PPI Network
2019-08-09 13:45:42,400:INFO: Sabri Eyuboglu  -- SNAP Group
2019-08-09 13:45:42,400:INFO: ======================================
2019-08-09 13:45:42,400:INFO: Loading Disease Associations...
2019-08-15 18:20:44,292:INFO: Metric Significance of Diseases in the PPI Network
2019-08-15 18:20:44,292:INFO: Sabri Eyuboglu  -- SNAP Group
2019-08-15 18:20:44,293:INFO: ======================================
2019-08-15 18:20:44,293:INFO: Loading Disease Associations...
