2019-01-27 19:29:28,910:INFO: Metric Significance of Diseases in the PPI Network
2019-01-27 19:29:28,910:INFO: Sabri Eyuboglu  -- SNAP Group
2019-01-27 19:29:28,910:INFO: ======================================
2019-01-27 19:29:28,911:INFO: Loading Disease Associations...
2019-01-27 19:29:28,971:INFO: Loading Network...
2019-01-27 19:29:36,860:INFO: Loading PPI Matrices...
2019-01-27 19:29:41,190:INFO: Building Degree Buckets...
2019-01-27 19:29:41,255:INFO: Running Experiment...
2019-01-27 19:35:14,347:INFO: Metric Significance of Diseases in the PPI Network
2019-01-27 19:35:14,347:INFO: Sabri Eyuboglu  -- SNAP Group
2019-01-27 19:35:14,347:INFO: ======================================
2019-01-27 19:35:14,347:INFO: Loading Disease Associations...
2019-01-27 19:37:00,717:INFO: Metric Significance of Diseases in the PPI Network
2019-01-27 19:37:00,717:INFO: Sabri Eyuboglu  -- SNAP Group
2019-01-27 19:37:00,717:INFO: ======================================
2019-01-27 19:37:00,718:INFO: Loading Disease Associations...
2019-01-27 19:39:34,441:INFO: Metric Significance of Diseases in the PPI Network
2019-01-27 19:39:34,441:INFO: Sabri Eyuboglu  -- SNAP Group
2019-01-27 19:39:34,441:INFO: ======================================
2019-01-27 19:39:34,441:INFO: Loading Disease Associations...
2019-01-27 19:39:58,595:INFO: Metric Significance of Diseases in the PPI Network
2019-01-27 19:39:58,595:INFO: Sabri Eyuboglu  -- SNAP Group
2019-01-27 19:39:58,595:INFO: ======================================
2019-01-27 19:39:58,595:INFO: Loading Disease Associations...
2019-01-27 19:40:36,571:INFO: Metric Significance of Diseases in the PPI Network
2019-01-27 19:40:36,571:INFO: Sabri Eyuboglu  -- SNAP Group
2019-01-27 19:40:36,571:INFO: ======================================
2019-01-27 19:40:36,572:INFO: Loading Disease Associations...
2019-01-27 19:41:26,149:INFO: Metric Significance of Diseases in the PPI Network
2019-01-27 19:41:26,149:INFO: Sabri Eyuboglu  -- SNAP Group
2019-01-27 19:41:26,149:INFO: ======================================
2019-01-27 19:41:26,149:INFO: Loading Disease Associations...
2019-01-27 19:42:09,221:INFO: Metric Significance of Diseases in the PPI Network
2019-01-27 19:42:09,221:INFO: Sabri Eyuboglu  -- SNAP Group
2019-01-27 19:42:09,221:INFO: ======================================
2019-01-27 19:42:09,221:INFO: Loading Disease Associations...
2019-01-27 19:42:58,490:INFO: Metric Significance of Diseases in the PPI Network
2019-01-27 19:42:58,490:INFO: Sabri Eyuboglu  -- SNAP Group
2019-01-27 19:42:58,490:INFO: ======================================
2019-01-27 19:42:58,490:INFO: Loading Disease Associations...
2019-01-27 19:43:21,079:INFO: Metric Significance of Diseases in the PPI Network
2019-01-27 19:43:21,079:INFO: Sabri Eyuboglu  -- SNAP Group
2019-01-27 19:43:21,079:INFO: ======================================
2019-01-27 19:43:21,080:INFO: Loading Disease Associations...
2019-01-27 19:46:12,804:INFO: Metric Significance of Diseases in the PPI Network
2019-01-27 19:46:12,804:INFO: Sabri Eyuboglu  -- SNAP Group
2019-01-27 19:46:12,804:INFO: ======================================
2019-01-27 19:46:12,804:INFO: Loading Disease Associations...
2019-01-27 19:46:46,522:INFO: Metric Significance of Diseases in the PPI Network
2019-01-27 19:46:46,522:INFO: Sabri Eyuboglu  -- SNAP Group
2019-01-27 19:46:46,522:INFO: ======================================
2019-01-27 19:46:46,522:INFO: Loading Disease Associations...
2019-01-27 19:50:08,381:INFO: Metric Significance of Diseases in the PPI Network
2019-01-27 19:50:08,381:INFO: Sabri Eyuboglu  -- SNAP Group
2019-01-27 19:50:08,381:INFO: ======================================
2019-01-27 19:50:08,382:INFO: Loading Disease Associations...
2019-01-27 19:50:29,669:INFO: Metric Significance of Diseases in the PPI Network
2019-01-27 19:50:29,669:INFO: Sabri Eyuboglu  -- SNAP Group
2019-01-27 19:50:29,669:INFO: ======================================
2019-01-27 19:50:29,669:INFO: Loading Disease Associations...
2019-01-27 19:50:41,371:INFO: Metric Significance of Diseases in the PPI Network
2019-01-27 19:50:41,371:INFO: Sabri Eyuboglu  -- SNAP Group
2019-01-27 19:50:41,371:INFO: ======================================
2019-01-27 19:50:41,371:INFO: Loading Disease Associations...
2019-01-27 19:51:00,409:INFO: Metric Significance of Diseases in the PPI Network
2019-01-27 19:51:00,409:INFO: Sabri Eyuboglu  -- SNAP Group
2019-01-27 19:51:00,409:INFO: ======================================
2019-01-27 19:51:00,409:INFO: Loading Disease Associations...
2019-01-27 19:52:47,843:INFO: Metric Significance of Diseases in the PPI Network
2019-01-27 19:52:47,843:INFO: Sabri Eyuboglu  -- SNAP Group
2019-01-27 19:52:47,843:INFO: ======================================
2019-01-27 19:52:47,843:INFO: Loading Disease Associations...
2019-01-27 19:56:34,280:INFO: Metric Significance of Diseases in the PPI Network
2019-01-27 19:56:34,280:INFO: Sabri Eyuboglu  -- SNAP Group
2019-01-27 19:56:34,280:INFO: ======================================
2019-01-27 19:56:34,280:INFO: Loading Disease Associations...
2019-01-27 19:57:42,540:INFO: Metric Significance of Diseases in the PPI Network
2019-01-27 19:57:42,540:INFO: Sabri Eyuboglu  -- SNAP Group
2019-01-27 19:57:42,540:INFO: ======================================
2019-01-27 19:57:42,540:INFO: Loading Disease Associations...
2019-01-27 19:59:23,555:INFO: Metric Significance of Diseases in the PPI Network
2019-01-27 19:59:23,556:INFO: Sabri Eyuboglu  -- SNAP Group
2019-01-27 19:59:23,556:INFO: ======================================
2019-01-27 19:59:23,556:INFO: Loading Disease Associations...
2019-01-27 19:59:40,670:INFO: Metric Significance of Diseases in the PPI Network
2019-01-27 19:59:40,670:INFO: Sabri Eyuboglu  -- SNAP Group
2019-01-27 19:59:40,670:INFO: ======================================
2019-01-27 19:59:40,670:INFO: Loading Disease Associations...
2019-01-27 20:00:38,447:INFO: Metric Significance of Diseases in the PPI Network
2019-01-27 20:00:38,448:INFO: Sabri Eyuboglu  -- SNAP Group
2019-01-27 20:00:38,448:INFO: ======================================
2019-01-27 20:00:38,448:INFO: Loading Disease Associations...
2019-01-27 20:01:18,548:INFO: Metric Significance of Diseases in the PPI Network
2019-01-27 20:01:18,548:INFO: Sabri Eyuboglu  -- SNAP Group
2019-01-27 20:01:18,548:INFO: ======================================
2019-01-27 20:01:18,548:INFO: Loading Disease Associations...
2019-01-27 20:41:47,883:INFO: Metric Significance of Diseases in the PPI Network
2019-01-27 20:41:47,883:INFO: Sabri Eyuboglu  -- SNAP Group
2019-01-27 20:41:47,883:INFO: ======================================
2019-01-27 20:41:47,883:INFO: Loading Disease Associations...
