2019-08-30 12:21:28,743:INFO: Disease Protein Prediction in the PPI Network
2019-08-30 12:21:28,743:INFO: Sabri Eyuboglu  -- SNAP Group
2019-08-30 12:21:28,744:INFO: ======================================
2019-08-30 12:21:28,744:INFO: Loading PPI Network...
2019-08-30 12:21:32,281:INFO: Loading Disease Associations...
2019-08-30 12:21:32,747:INFO: Running Experiment...
2019-08-30 12:21:47,982:INFO: Disease Protein Prediction in the PPI Network
2019-08-30 12:21:47,982:INFO: Sabri Eyuboglu  -- SNAP Group
2019-08-30 12:21:47,983:INFO: ======================================
2019-08-30 12:21:47,983:INFO: Loading PPI Network...
2019-08-30 12:21:51,150:INFO: Loading Disease Associations...
2019-08-30 12:21:51,708:INFO: Running Experiment...
2019-08-30 12:22:55,603:INFO: Disease Protein Prediction in the PPI Network
2019-08-30 12:22:55,603:INFO: Sabri Eyuboglu  -- SNAP Group
2019-08-30 12:22:55,603:INFO: ======================================
2019-08-30 12:22:55,603:INFO: Loading PPI Network...
2019-08-30 12:22:59,155:INFO: Loading Disease Associations...
2019-08-30 12:22:59,607:INFO: Running Experiment...
2019-08-30 12:24:04,305:INFO: Disease Protein Prediction in the PPI Network
2019-08-30 12:24:04,306:INFO: Sabri Eyuboglu  -- SNAP Group
2019-08-30 12:24:04,306:INFO: ======================================
2019-08-30 12:24:04,306:INFO: Loading PPI Network...
2019-08-30 12:24:07,538:INFO: Loading Disease Associations...
2019-08-30 12:24:07,903:INFO: Running Experiment...
2019-08-30 12:24:28,621:INFO: Disease Protein Prediction in the PPI Network
2019-08-30 12:24:28,622:INFO: Sabri Eyuboglu  -- SNAP Group
2019-08-30 12:24:28,622:INFO: ======================================
2019-08-30 12:24:28,622:INFO: Loading PPI Network...
2019-08-30 12:24:30,082:INFO: Loading Disease Associations...
2019-08-30 12:24:30,768:INFO: Running Experiment...
2019-08-30 12:26:52,648:INFO: Disease Protein Prediction in the PPI Network
2019-08-30 12:26:52,649:INFO: Sabri Eyuboglu  -- SNAP Group
2019-08-30 12:26:52,649:INFO: ======================================
2019-08-30 12:26:52,649:INFO: Loading PPI Network...
2019-08-30 12:26:54,146:INFO: Loading Disease Associations...
2019-08-30 12:26:54,508:INFO: Running Experiment...
2019-08-30 12:27:10,441:INFO: Disease Protein Prediction in the PPI Network
2019-08-30 12:27:10,442:INFO: Sabri Eyuboglu  -- SNAP Group
2019-08-30 12:27:10,442:INFO: ======================================
2019-08-30 12:27:10,442:INFO: Loading PPI Network...
2019-08-30 12:27:26,440:INFO: Loading Disease Associations...
2019-08-30 12:27:27,472:INFO: Running Experiment...
2019-08-30 12:44:16,401:INFO: Disease Protein Prediction in the PPI Network
2019-08-30 12:44:16,402:INFO: Sabri Eyuboglu  -- SNAP Group
2019-08-30 12:44:16,402:INFO: ======================================
2019-08-30 12:44:16,402:INFO: Loading PPI Network...
2019-08-30 12:44:31,967:INFO: Loading Disease Associations...
2019-08-30 12:44:33,160:INFO: Running Experiment...
