2019-08-30 12:17:10,630:INFO: Disease Protein Prediction in the PPI Network
2019-08-30 12:17:10,630:INFO: Sabri Eyuboglu  -- SNAP Group
2019-08-30 12:17:10,630:INFO: ======================================
2019-08-30 12:17:10,630:INFO: Loading PPI Network...
2019-08-30 12:17:13,760:INFO: Loading Disease Associations...
2019-08-30 12:17:13,783:INFO: Running Experiment...
2019-08-30 12:17:27,996:INFO: Disease Protein Prediction in the PPI Network
2019-08-30 12:17:27,997:INFO: Sabri Eyuboglu  -- SNAP Group
2019-08-30 12:17:27,997:INFO: ======================================
2019-08-30 12:17:27,997:INFO: Loading PPI Network...
2019-08-30 12:17:30,986:INFO: Loading Disease Associations...
2019-08-30 12:17:31,126:INFO: Running Experiment...
2019-08-30 12:18:06,450:INFO: Disease Protein Prediction in the PPI Network
2019-08-30 12:18:06,451:INFO: Sabri Eyuboglu  -- SNAP Group
2019-08-30 12:18:06,451:INFO: ======================================
2019-08-30 12:18:06,451:INFO: Loading PPI Network...
2019-08-30 12:18:09,717:INFO: Loading Disease Associations...
2019-08-30 12:18:09,842:INFO: Running Experiment...
2019-08-30 12:18:33,992:INFO: Disease Protein Prediction in the PPI Network
2019-08-30 12:18:33,993:INFO: Sabri Eyuboglu  -- SNAP Group
2019-08-30 12:18:33,993:INFO: ======================================
2019-08-30 12:18:33,993:INFO: Loading PPI Network...
2019-08-30 12:18:37,082:INFO: Loading Disease Associations...
2019-08-30 12:18:37,212:INFO: Running Experiment...
2019-08-30 12:18:46,784:INFO: Disease Protein Prediction in the PPI Network
2019-08-30 12:18:46,784:INFO: Sabri Eyuboglu  -- SNAP Group
2019-08-30 12:18:46,784:INFO: ======================================
2019-08-30 12:18:46,784:INFO: Loading PPI Network...
2019-08-30 12:18:48,547:INFO: Loading Disease Associations...
2019-08-30 12:18:48,874:INFO: Running Experiment...
2019-08-30 12:19:23,680:INFO: Disease Protein Prediction in the PPI Network
2019-08-30 12:19:23,680:INFO: Sabri Eyuboglu  -- SNAP Group
2019-08-30 12:19:23,680:INFO: ======================================
2019-08-30 12:19:23,680:INFO: Loading PPI Network...
2019-08-30 12:19:25,161:INFO: Loading Disease Associations...
2019-08-30 12:19:25,253:INFO: Running Experiment...
2019-08-30 12:19:31,456:INFO: Disease Protein Prediction in the PPI Network
2019-08-30 12:19:31,457:INFO: Sabri Eyuboglu  -- SNAP Group
2019-08-30 12:19:31,457:INFO: ======================================
2019-08-30 12:19:31,457:INFO: Loading PPI Network...
2019-08-30 12:19:47,071:INFO: Loading Disease Associations...
2019-08-30 12:19:47,222:INFO: Running Experiment...
2019-08-30 12:28:15,488:INFO: Disease Protein Prediction in the PPI Network
2019-08-30 12:28:15,489:INFO: Sabri Eyuboglu  -- SNAP Group
2019-08-30 12:28:15,489:INFO: ======================================
2019-08-30 12:28:15,489:INFO: Loading PPI Network...
2019-08-30 12:28:32,172:INFO: Loading Disease Associations...
2019-08-30 12:28:32,583:INFO: Running Experiment...
2019-08-30 12:30:41,054:INFO: Disease Protein Prediction in the PPI Network
2019-08-30 12:30:41,054:INFO: Sabri Eyuboglu  -- SNAP Group
2019-08-30 12:30:41,054:INFO: ======================================
2019-08-30 12:30:41,054:INFO: Loading PPI Network...
2019-08-30 12:30:57,306:INFO: Loading Disease Associations...
