2019-01-21 14:43:28,198:INFO: Disease Protein Prediction in the PPI Network
2019-01-21 14:43:28,198:INFO: Sabri Eyuboglu  -- SNAP Group
2019-01-21 14:43:28,198:INFO: ======================================
2019-01-21 14:43:28,198:INFO: Loading PPI Network...
2019-01-21 14:43:37,074:INFO: Loading Disease Associations...
2019-01-21 14:43:57,303:INFO: Disease Protein Prediction in the PPI Network
2019-01-21 14:43:57,303:INFO: Sabri Eyuboglu  -- SNAP Group
2019-01-21 14:43:57,303:INFO: ======================================
2019-01-21 14:43:57,303:INFO: Loading PPI Network...
2019-01-21 14:44:04,543:INFO: Loading Disease Associations...
2019-01-21 14:44:58,697:INFO: Disease Protein Prediction in the PPI Network
2019-01-21 14:44:58,697:INFO: Sabri Eyuboglu  -- SNAP Group
2019-01-21 14:44:58,697:INFO: ======================================
2019-01-21 14:44:58,697:INFO: Loading PPI Network...
2019-01-21 14:45:06,282:INFO: Loading Disease Associations...
2019-01-21 14:45:16,996:INFO: Disease Protein Prediction in the PPI Network
2019-01-21 14:45:16,996:INFO: Sabri Eyuboglu  -- SNAP Group
2019-01-21 14:45:16,996:INFO: ======================================
2019-01-21 14:45:16,996:INFO: Loading PPI Network...
2019-01-21 14:45:23,617:INFO: Loading Disease Associations...
2019-01-21 14:45:23,739:INFO: Running Experiment...
2019-01-21 14:47:22,654:INFO: Disease Protein Prediction in the PPI Network
2019-01-21 14:47:22,654:INFO: Sabri Eyuboglu  -- SNAP Group
2019-01-21 14:47:22,654:INFO: ======================================
2019-01-21 14:47:22,654:INFO: Loading PPI Network...
2019-01-21 14:47:29,455:INFO: Loading Disease Associations...
2019-01-21 14:47:29,601:INFO: Running Experiment...
2019-01-21 14:47:45,246:INFO: Disease Protein Prediction in the PPI Network
2019-01-21 14:47:45,246:INFO: Sabri Eyuboglu  -- SNAP Group
2019-01-21 14:47:45,246:INFO: ======================================
2019-01-21 14:47:45,246:INFO: Loading PPI Network...
2019-01-21 14:47:52,471:INFO: Loading Disease Associations...
2019-01-21 14:47:52,601:INFO: Running Experiment...
2019-01-21 14:52:15,440:INFO: Disease Protein Prediction in the PPI Network
2019-01-21 14:52:15,440:INFO: Sabri Eyuboglu  -- SNAP Group
2019-01-21 14:52:15,440:INFO: ======================================
2019-01-21 14:52:15,440:INFO: Loading PPI Network...
2019-01-21 14:52:22,357:INFO: Loading Disease Associations...
2019-01-21 14:52:22,483:INFO: Running Experiment...
2019-01-21 14:53:44,880:INFO: Disease Protein Prediction in the PPI Network
2019-01-21 14:53:44,880:INFO: Sabri Eyuboglu  -- SNAP Group
2019-01-21 14:53:44,880:INFO: ======================================
2019-01-21 14:53:44,880:INFO: Loading PPI Network...
2019-01-21 14:53:52,252:INFO: Loading Disease Associations...
2019-01-21 14:53:52,373:INFO: Running Experiment...
2019-01-21 14:54:31,762:INFO: Disease Protein Prediction in the PPI Network
2019-01-21 14:54:31,763:INFO: Sabri Eyuboglu  -- SNAP Group
2019-01-21 14:54:31,763:INFO: ======================================
2019-01-21 14:54:31,763:INFO: Loading PPI Network...
2019-01-21 14:54:39,060:INFO: Loading Disease Associations...
2019-01-21 14:54:39,178:INFO: Running Experiment...
2019-01-21 14:56:13,396:INFO: Disease Protein Prediction in the PPI Network
2019-01-21 14:56:13,396:INFO: Sabri Eyuboglu  -- SNAP Group
2019-01-21 14:56:13,396:INFO: ======================================
2019-01-21 14:56:13,397:INFO: Loading PPI Network...
2019-01-21 14:56:20,518:INFO: Loading Disease Associations...
2019-01-21 14:56:20,676:INFO: Running Experiment...
2019-01-21 14:57:00,018:INFO: Disease Protein Prediction in the PPI Network
2019-01-21 14:57:00,018:INFO: Sabri Eyuboglu  -- SNAP Group
2019-01-21 14:57:00,018:INFO: ======================================
2019-01-21 14:57:00,018:INFO: Loading PPI Network...
2019-01-21 14:57:07,446:INFO: Loading Disease Associations...
2019-01-21 14:57:07,572:INFO: Running Experiment...
2019-01-21 14:57:30,505:INFO: Disease Protein Prediction in the PPI Network
2019-01-21 14:57:30,505:INFO: Sabri Eyuboglu  -- SNAP Group
2019-01-21 14:57:30,505:INFO: ======================================
2019-01-21 14:57:30,505:INFO: Loading PPI Network...
2019-01-21 14:57:37,904:INFO: Loading Disease Associations...
2019-01-21 14:57:38,030:INFO: Running Experiment...
2019-01-21 14:58:20,927:INFO: Disease Protein Prediction in the PPI Network
2019-01-21 14:58:20,927:INFO: Sabri Eyuboglu  -- SNAP Group
2019-01-21 14:58:20,927:INFO: ======================================
2019-01-21 14:58:20,927:INFO: Loading PPI Network...
2019-01-21 14:58:28,365:INFO: Loading Disease Associations...
2019-01-21 14:58:28,492:INFO: Running Experiment...
2019-01-21 14:58:47,566:INFO: Disease Protein Prediction in the PPI Network
2019-01-21 14:58:47,566:INFO: Sabri Eyuboglu  -- SNAP Group
2019-01-21 14:58:47,566:INFO: ======================================
2019-01-21 14:58:47,566:INFO: Loading PPI Network...
2019-01-21 14:58:54,943:INFO: Loading Disease Associations...
2019-01-21 14:58:55,071:INFO: Running Experiment...
2019-01-21 15:00:54,092:INFO: Disease Protein Prediction in the PPI Network
2019-01-21 15:00:54,092:INFO: Sabri Eyuboglu  -- SNAP Group
2019-01-21 15:00:54,093:INFO: ======================================
2019-01-21 15:00:54,093:INFO: Loading PPI Network...
2019-01-21 15:01:01,821:INFO: Loading Disease Associations...
2019-01-21 15:01:01,953:INFO: Running Experiment...
2019-01-21 15:03:03,219:INFO: Disease Protein Prediction in the PPI Network
2019-01-21 15:03:03,219:INFO: Sabri Eyuboglu  -- SNAP Group
2019-01-21 15:03:03,219:INFO: ======================================
2019-01-21 15:03:03,219:INFO: Loading PPI Network...
2019-01-21 15:03:11,475:INFO: Loading Disease Associations...
2019-01-21 15:03:11,600:INFO: Running Experiment...
2019-01-21 15:05:42,345:INFO: Disease Protein Prediction in the PPI Network
2019-01-21 15:05:42,345:INFO: Sabri Eyuboglu  -- SNAP Group
2019-01-21 15:05:42,345:INFO: ======================================
2019-01-21 15:05:42,345:INFO: Loading PPI Network...
2019-01-21 15:05:49,296:INFO: Loading Disease Associations...
2019-01-21 15:05:49,423:INFO: Running Experiment...
2019-01-21 15:09:40,124:INFO: Disease Protein Prediction in the PPI Network
2019-01-21 15:09:40,125:INFO: Sabri Eyuboglu  -- SNAP Group
2019-01-21 15:09:40,125:INFO: ======================================
2019-01-21 15:09:40,125:INFO: Loading PPI Network...
2019-01-21 15:09:52,180:INFO: Loading Disease Associations...
2019-01-21 15:09:52,380:INFO: Running Experiment...
2019-01-21 15:15:43,856:INFO: Disease Protein Prediction in the PPI Network
2019-01-21 15:15:43,856:INFO: Sabri Eyuboglu  -- SNAP Group
2019-01-21 15:15:43,856:INFO: ======================================
2019-01-21 15:15:43,856:INFO: Loading PPI Network...
2019-01-21 15:15:50,922:INFO: Loading Disease Associations...
2019-01-21 15:15:51,053:INFO: Running Experiment...
2019-01-21 15:46:26,552:INFO: Disease Protein Prediction in the PPI Network
2019-01-21 15:46:26,552:INFO: Sabri Eyuboglu  -- SNAP Group
2019-01-21 15:46:26,552:INFO: ======================================
2019-01-21 15:46:26,552:INFO: Loading PPI Network...
2019-01-21 15:46:36,650:INFO: Loading Disease Associations...
2019-01-21 15:46:36,868:INFO: Running Experiment...
