2019-07-21 17:05:37,159:INFO: Disease Protein Prediction in the PPI Network
2019-07-21 17:05:37,159:INFO: Sabri Eyuboglu  -- SNAP Group
2019-07-21 17:05:37,160:INFO: ======================================
2019-07-21 17:05:37,160:INFO: Loading PPI Network...
2019-07-21 17:06:14,624:INFO: Disease Protein Prediction in the PPI Network
2019-07-21 17:06:14,624:INFO: Sabri Eyuboglu  -- SNAP Group
2019-07-21 17:06:14,624:INFO: ======================================
2019-07-21 17:06:14,624:INFO: Loading PPI Network...
2019-07-21 17:07:01,109:INFO: Disease Protein Prediction in the PPI Network
2019-07-21 17:07:01,109:INFO: Sabri Eyuboglu  -- SNAP Group
2019-07-21 17:07:01,109:INFO: ======================================
2019-07-21 17:07:01,109:INFO: Loading PPI Network...
2019-07-21 17:07:16,637:INFO: Loading Disease Associations...
2019-07-21 17:07:17,622:INFO: Running Experiment...
2019-07-21 17:09:15,689:INFO: Disease Protein Prediction in the PPI Network
2019-07-21 17:09:15,689:INFO: Sabri Eyuboglu  -- SNAP Group
2019-07-21 17:09:15,689:INFO: ======================================
2019-07-21 17:09:15,689:INFO: Loading PPI Network...
2019-07-21 17:09:49,762:INFO: Disease Protein Prediction in the PPI Network
2019-07-21 17:09:49,762:INFO: Sabri Eyuboglu  -- SNAP Group
2019-07-21 17:09:49,763:INFO: ======================================
2019-07-21 17:09:49,763:INFO: Loading PPI Network...
2019-07-21 17:11:49,615:INFO: Disease Protein Prediction in the PPI Network
2019-07-21 17:11:49,615:INFO: Sabri Eyuboglu  -- SNAP Group
2019-07-21 17:11:49,615:INFO: ======================================
2019-07-21 17:11:49,615:INFO: Loading PPI Network...
2019-07-21 17:12:43,050:INFO: Disease Protein Prediction in the PPI Network
2019-07-21 17:12:43,050:INFO: Sabri Eyuboglu  -- SNAP Group
2019-07-21 17:12:43,050:INFO: ======================================
2019-07-21 17:12:43,050:INFO: Loading PPI Network...
2019-07-21 17:25:05,478:INFO: Disease Protein Prediction in the PPI Network
2019-07-21 17:25:05,479:INFO: Sabri Eyuboglu  -- SNAP Group
2019-07-21 17:25:05,479:INFO: ======================================
2019-07-21 17:25:05,479:INFO: Loading PPI Network...
2019-07-21 17:25:47,362:INFO: Disease Protein Prediction in the PPI Network
2019-07-21 17:25:47,362:INFO: Sabri Eyuboglu  -- SNAP Group
2019-07-21 17:25:47,362:INFO: ======================================
2019-07-21 17:25:47,362:INFO: Loading PPI Network...
2019-07-21 17:26:43,636:INFO: Disease Protein Prediction in the PPI Network
2019-07-21 17:26:43,636:INFO: Sabri Eyuboglu  -- SNAP Group
2019-07-21 17:26:43,636:INFO: ======================================
2019-07-21 17:26:43,636:INFO: Loading PPI Network...
2019-07-21 17:28:20,118:INFO: Disease Protein Prediction in the PPI Network
2019-07-21 17:28:20,118:INFO: Sabri Eyuboglu  -- SNAP Group
2019-07-21 17:28:20,118:INFO: ======================================
2019-07-21 17:28:20,118:INFO: Loading PPI Network...
2019-07-21 17:28:59,439:INFO: Disease Protein Prediction in the PPI Network
2019-07-21 17:28:59,439:INFO: Sabri Eyuboglu  -- SNAP Group
2019-07-21 17:28:59,439:INFO: ======================================
2019-07-21 17:28:59,439:INFO: Loading PPI Network...
2019-07-21 17:29:16,676:INFO: Disease Protein Prediction in the PPI Network
2019-07-21 17:29:16,677:INFO: Sabri Eyuboglu  -- SNAP Group
2019-07-21 17:29:16,677:INFO: ======================================
2019-07-21 17:29:16,677:INFO: Loading PPI Network...
2019-07-21 17:30:31,483:INFO: Disease Protein Prediction in the PPI Network
2019-07-21 17:30:31,483:INFO: Sabri Eyuboglu  -- SNAP Group
2019-07-21 17:30:31,483:INFO: ======================================
2019-07-21 17:30:31,484:INFO: Loading PPI Network...
2019-07-21 17:31:45,564:INFO: Disease Protein Prediction in the PPI Network
2019-07-21 17:31:45,564:INFO: Sabri Eyuboglu  -- SNAP Group
2019-07-21 17:31:45,564:INFO: ======================================
2019-07-21 17:31:45,564:INFO: Loading PPI Network...
2019-07-21 17:32:06,128:INFO: Disease Protein Prediction in the PPI Network
2019-07-21 17:32:06,128:INFO: Sabri Eyuboglu  -- SNAP Group
2019-07-21 17:32:06,128:INFO: ======================================
2019-07-21 17:32:06,128:INFO: Loading PPI Network...
2019-07-21 17:32:36,201:INFO: Disease Protein Prediction in the PPI Network
2019-07-21 17:32:36,201:INFO: Sabri Eyuboglu  -- SNAP Group
2019-07-21 17:32:36,201:INFO: ======================================
2019-07-21 17:32:36,201:INFO: Loading PPI Network...
2019-07-21 17:33:59,260:INFO: Disease Protein Prediction in the PPI Network
2019-07-21 17:33:59,260:INFO: Sabri Eyuboglu  -- SNAP Group
2019-07-21 17:33:59,260:INFO: ======================================
2019-07-21 17:33:59,260:INFO: Loading PPI Network...
2019-07-21 17:43:23,708:INFO: Disease Protein Prediction in the PPI Network
2019-07-21 17:43:23,708:INFO: Sabri Eyuboglu  -- SNAP Group
2019-07-21 17:43:23,708:INFO: ======================================
2019-07-21 17:43:23,708:INFO: Loading PPI Network...
2019-07-21 17:44:27,560:INFO: Disease Protein Prediction in the PPI Network
2019-07-21 17:44:27,560:INFO: Sabri Eyuboglu  -- SNAP Group
2019-07-21 17:44:27,560:INFO: ======================================
2019-07-21 17:44:27,560:INFO: Loading PPI Network...
2019-07-21 17:44:55,923:INFO: Disease Protein Prediction in the PPI Network
2019-07-21 17:44:55,923:INFO: Sabri Eyuboglu  -- SNAP Group
2019-07-21 17:44:55,923:INFO: ======================================
2019-07-21 17:44:55,923:INFO: Loading PPI Network...
