2019-08-01 14:32:07,418:INFO: Disease Protein Prediction in the PPI Network
2019-08-01 14:32:07,418:INFO: Sabri Eyuboglu  -- SNAP Group
2019-08-01 14:32:07,418:INFO: ======================================
2019-08-01 14:32:07,418:INFO: Loading PPI Network...
2019-08-01 14:32:25,862:INFO: Loading Disease Associations...
2019-08-01 14:32:25,867:INFO: Training Models...
2019-08-01 14:32:25,867:INFO: Training model for test 0
2019-08-01 14:33:55,422:INFO: Disease Protein Prediction in the PPI Network
2019-08-01 14:33:55,422:INFO: Sabri Eyuboglu  -- SNAP Group
2019-08-01 14:33:55,422:INFO: ======================================
2019-08-01 14:33:55,422:INFO: Loading PPI Network...
2019-08-01 14:34:12,353:INFO: Loading Disease Associations...
2019-08-01 14:34:12,366:INFO: Running Experiment...
2019-08-01 14:34:57,369:INFO: Disease Protein Prediction in the PPI Network
2019-08-01 14:34:57,370:INFO: Sabri Eyuboglu  -- SNAP Group
2019-08-01 14:34:57,370:INFO: ======================================
2019-08-01 14:34:57,370:INFO: Loading PPI Network...
2019-08-01 14:35:21,619:INFO: Loading Disease Associations...
2019-08-01 14:35:21,635:INFO: Running Experiment...
2019-08-01 14:36:29,148:INFO: Disease Protein Prediction in the PPI Network
2019-08-01 14:36:29,183:INFO: Sabri Eyuboglu  -- SNAP Group
2019-08-01 14:36:29,184:INFO: ======================================
2019-08-01 14:36:29,184:INFO: Loading PPI Network...
2019-08-01 14:36:46,766:INFO: Loading Disease Associations...
2019-08-01 14:36:46,778:INFO: Running Experiment...
2019-08-01 14:38:37,964:INFO: Disease Protein Prediction in the PPI Network
2019-08-01 14:38:37,964:INFO: Sabri Eyuboglu  -- SNAP Group
2019-08-01 14:38:37,964:INFO: ======================================
2019-08-01 14:38:37,964:INFO: Loading PPI Network...
2019-08-01 14:38:54,044:INFO: Loading Disease Associations...
2019-08-01 14:38:54,055:INFO: Running Experiment...
2019-08-01 14:40:08,250:INFO: Disease Protein Prediction in the PPI Network
2019-08-01 14:40:08,250:INFO: Sabri Eyuboglu  -- SNAP Group
2019-08-01 14:40:08,250:INFO: ======================================
2019-08-01 14:40:08,250:INFO: Loading PPI Network...
2019-08-01 14:40:23,741:INFO: Loading Disease Associations...
2019-08-01 14:40:23,752:INFO: Running Experiment...
2019-08-01 14:42:08,123:INFO: Disease Protein Prediction in the PPI Network
2019-08-01 14:42:08,123:INFO: Sabri Eyuboglu  -- SNAP Group
2019-08-01 14:42:08,123:INFO: ======================================
2019-08-01 14:42:08,123:INFO: Loading PPI Network...
2019-08-01 14:42:30,974:INFO: Loading Disease Associations...
2019-08-01 14:42:30,985:INFO: Running Experiment...
2019-08-01 14:43:16,759:INFO: Disease Protein Prediction in the PPI Network
2019-08-01 14:43:16,759:INFO: Sabri Eyuboglu  -- SNAP Group
2019-08-01 14:43:16,759:INFO: ======================================
2019-08-01 14:43:16,759:INFO: Loading PPI Network...
2019-08-01 14:43:33,207:INFO: Loading Disease Associations...
2019-08-01 14:43:33,217:INFO: Running Experiment...
2019-08-01 14:44:18,875:INFO: Disease Protein Prediction in the PPI Network
2019-08-01 14:44:18,875:INFO: Sabri Eyuboglu  -- SNAP Group
2019-08-01 14:44:18,875:INFO: ======================================
2019-08-01 14:44:18,875:INFO: Loading PPI Network...
2019-08-01 14:44:35,131:INFO: Loading Disease Associations...
2019-08-01 14:44:35,141:INFO: Running Experiment...
2019-08-01 14:48:37,612:INFO: Disease Protein Prediction in the PPI Network
2019-08-01 14:48:37,612:INFO: Sabri Eyuboglu  -- SNAP Group
2019-08-01 14:48:37,613:INFO: ======================================
2019-08-01 14:48:37,613:INFO: Loading PPI Network...
2019-08-01 14:48:51,031:INFO: Loading Disease Associations...
2019-08-01 14:48:51,051:INFO: Running Experiment...
