2019-07-20 14:00:23,899:INFO: Loading Disease Associations...
2019-07-20 14:00:23,982:INFO: Recall Curve
2019-07-20 14:00:23,982:INFO: Sabri Eyuboglu  -- SNAP Group
2019-07-20 14:00:23,982:INFO: ======================================
2019-07-20 14:01:19,157:INFO: Loading Disease Associations...
2019-07-20 14:01:19,239:INFO: Recall Curve
2019-07-20 14:01:19,239:INFO: Sabri Eyuboglu  -- SNAP Group
2019-07-20 14:01:19,239:INFO: ======================================
2019-07-20 14:15:54,307:INFO: Loading Disease Associations...
2019-07-20 14:15:54,368:INFO: Recall Curve
2019-07-20 14:15:54,368:INFO: Sabri Eyuboglu  -- SNAP Group
2019-07-20 14:15:54,368:INFO: ======================================
2019-07-20 14:16:24,140:INFO: Loading Disease Associations...
2019-07-20 14:16:24,217:INFO: Recall Curve
2019-07-20 14:16:24,217:INFO: Sabri Eyuboglu  -- SNAP Group
2019-07-20 14:16:24,217:INFO: ======================================
2019-07-20 14:16:35,449:INFO: Loading Disease Associations...
2019-07-20 14:16:35,513:INFO: Recall Curve
2019-07-20 14:16:35,513:INFO: Sabri Eyuboglu  -- SNAP Group
2019-07-20 14:16:35,513:INFO: ======================================
2019-07-20 14:16:46,005:INFO: Loading Disease Associations...
2019-07-20 14:16:46,060:INFO: Recall Curve
2019-07-20 14:16:46,060:INFO: Sabri Eyuboglu  -- SNAP Group
2019-07-20 14:16:46,060:INFO: ======================================
2019-07-20 14:28:03,358:INFO: Loading Disease Associations...
2019-07-20 14:28:03,415:INFO: Recall Curve
2019-07-20 14:28:03,415:INFO: Sabri Eyuboglu  -- SNAP Group
2019-07-20 14:28:03,416:INFO: ======================================
2019-07-20 14:28:41,729:INFO: Loading Disease Associations...
2019-07-20 14:28:41,791:INFO: Recall Curve
2019-07-20 14:28:41,791:INFO: Sabri Eyuboglu  -- SNAP Group
2019-07-20 14:28:41,791:INFO: ======================================
2019-07-20 14:29:17,544:INFO: Loading Disease Associations...
2019-07-20 14:29:17,599:INFO: Recall Curve
2019-07-20 14:29:17,599:INFO: Sabri Eyuboglu  -- SNAP Group
2019-07-20 14:29:17,599:INFO: ======================================
2019-07-20 14:29:43,938:INFO: Loading Disease Associations...
2019-07-20 14:29:43,999:INFO: Recall Curve
2019-07-20 14:29:43,999:INFO: Sabri Eyuboglu  -- SNAP Group
2019-07-20 14:29:43,999:INFO: ======================================
2019-07-20 14:30:03,010:INFO: Loading Disease Associations...
2019-07-20 14:30:03,074:INFO: Recall Curve
2019-07-20 14:30:03,074:INFO: Sabri Eyuboglu  -- SNAP Group
2019-07-20 14:30:03,074:INFO: ======================================
2019-07-20 14:30:23,036:INFO: Loading Disease Associations...
2019-07-20 14:30:23,092:INFO: Recall Curve
2019-07-20 14:30:23,092:INFO: Sabri Eyuboglu  -- SNAP Group
2019-07-20 14:30:23,092:INFO: ======================================
2019-07-20 14:30:25,215:INFO: recall-at-10: 0.057967647435855175
2019-07-20 14:30:25,215:INFO: recall-at-25: 0.09762978962525476
2019-07-20 14:32:06,260:INFO: Loading Disease Associations...
2019-07-20 14:32:06,321:INFO: Recall Curve
2019-07-20 14:32:06,322:INFO: Sabri Eyuboglu  -- SNAP Group
2019-07-20 14:32:06,322:INFO: ======================================
2019-07-20 14:32:08,436:INFO: recall-at-10: 0.057967647435855175
2019-07-20 14:32:08,436:INFO: recall-at-25: 0.09762978962525476
2019-07-20 14:39:08,166:INFO: Loading Disease Associations...
2019-07-20 14:39:08,242:INFO: Recall Curve
2019-07-20 14:39:08,242:INFO: Sabri Eyuboglu  -- SNAP Group
2019-07-20 14:39:08,243:INFO: ======================================
2019-07-20 14:40:22,069:INFO: Loading Disease Associations...
2019-07-20 14:40:22,144:INFO: Recall Curve
2019-07-20 14:40:22,144:INFO: Sabri Eyuboglu  -- SNAP Group
2019-07-20 14:40:22,144:INFO: ======================================
2019-07-20 14:40:27,099:INFO: recall-at-10: 0.057967647435855175
2019-07-20 14:40:27,099:INFO: recall-at-25: 0.09762978962525476
2019-07-20 14:40:27,309:INFO: recall-at-10: 0.05383757929657226
2019-07-20 14:40:27,310:INFO: recall-at-25: 0.08727089557224503
2019-07-20 14:40:32,035:INFO: recall-at-10: 0.034823753567914444
2019-07-20 14:40:32,035:INFO: recall-at-25: 0.0620914203097105
2019-07-20 14:40:32,252:INFO: recall-at-10: 0.010042953799187177
2019-07-20 14:40:32,252:INFO: recall-at-25: 0.026223395207713714
2019-07-20 14:40:32,508:INFO: recall-at-10: 0.04057024318005985
2019-07-20 14:40:32,508:INFO: recall-at-25: 0.0588433606480889
2019-07-20 14:40:59,162:INFO: Loading Disease Associations...
2019-07-20 14:40:59,228:INFO: Recall Curve
2019-07-20 14:40:59,228:INFO: Sabri Eyuboglu  -- SNAP Group
2019-07-20 14:40:59,229:INFO: ======================================
2019-07-20 14:41:04,189:INFO: recall-at-10: 0.057967647435855175
2019-07-20 14:41:04,189:INFO: recall-at-25: 0.09762978962525476
2019-07-20 14:41:04,407:INFO: recall-at-10: 0.05383757929657226
2019-07-20 14:41:04,407:INFO: recall-at-25: 0.08727089557224503
2019-07-20 14:41:09,064:INFO: recall-at-10: 0.034823753567914444
2019-07-20 14:41:09,065:INFO: recall-at-25: 0.0620914203097105
2019-07-20 14:41:09,281:INFO: recall-at-10: 0.010042953799187177
2019-07-20 14:41:09,281:INFO: recall-at-25: 0.026223395207713714
2019-07-20 14:41:09,528:INFO: recall-at-10: 0.04057024318005985
2019-07-20 14:41:09,528:INFO: recall-at-25: 0.0588433606480889
2019-07-20 14:41:09,791:INFO: recall-at-10: 0.03344617343283655
2019-07-20 14:41:09,791:INFO: recall-at-25: 0.05566941891862815
2019-07-20 14:41:14,575:INFO: recall-at-10: 0.02085048494213546
2019-07-20 14:41:14,575:INFO: recall-at-25: 0.037647896329889526
2019-07-20 14:41:27,591:INFO: Loading Disease Associations...
2019-07-20 14:41:27,668:INFO: Recall Curve
2019-07-20 14:41:27,668:INFO: Sabri Eyuboglu  -- SNAP Group
2019-07-20 14:41:27,668:INFO: ======================================
2019-07-20 14:41:30,358:INFO: recall-at-10: 0.057967647435855175
2019-07-20 14:41:30,358:INFO: recall-at-25: 0.09762978962525476
2019-07-20 14:41:30,568:INFO: recall-at-10: 0.05383757929657226
2019-07-20 14:41:30,568:INFO: recall-at-25: 0.08727089557224503
2019-07-20 14:41:33,034:INFO: recall-at-10: 0.034823753567914444
2019-07-20 14:41:33,034:INFO: recall-at-25: 0.0620914203097105
2019-07-20 14:41:33,249:INFO: recall-at-10: 0.010042953799187177
2019-07-20 14:41:33,249:INFO: recall-at-25: 0.026223395207713714
2019-07-20 14:41:33,480:INFO: recall-at-10: 0.04057024318005985
2019-07-20 14:41:33,480:INFO: recall-at-25: 0.0588433606480889
2019-07-20 14:41:33,731:INFO: recall-at-10: 0.03344617343283655
2019-07-20 14:41:33,732:INFO: recall-at-25: 0.05566941891862815
2019-07-20 14:41:36,409:INFO: recall-at-10: 0.02085048494213546
2019-07-20 14:41:36,409:INFO: recall-at-25: 0.037647896329889526
2019-07-20 14:43:07,250:INFO: Loading Disease Associations...
2019-07-20 14:43:07,318:INFO: Recall Curve
2019-07-20 14:43:07,318:INFO: Sabri Eyuboglu  -- SNAP Group
2019-07-20 14:43:07,318:INFO: ======================================
2019-07-20 14:43:07,318:INFO: LCI
2019-07-20 14:43:10,120:INFO: recall-at-10: 0.057967647435855175
2019-07-20 14:43:10,120:INFO: recall-at-25: 0.09762978962525476
2019-07-20 14:43:10,120:INFO: Random Walk
2019-07-20 14:43:12,585:INFO: recall-at-10: 0.034823753567914444
2019-07-20 14:43:12,585:INFO: recall-at-25: 0.0620914203097105
2019-07-20 14:43:12,585:INFO: Direct Neighbor
2019-07-20 14:43:12,797:INFO: recall-at-10: 0.010042953799187177
2019-07-20 14:43:12,797:INFO: recall-at-25: 0.026223395207713714
2019-07-20 14:43:12,814:INFO: DIAMOnD
2019-07-20 14:43:13,040:INFO: recall-at-10: 0.04057024318005985
2019-07-20 14:43:13,040:INFO: recall-at-25: 0.0588433606480889
2019-07-20 14:43:13,059:INFO: 1-Layer GCN
2019-07-20 14:43:13,294:INFO: recall-at-10: 0.03344617343283655
2019-07-20 14:43:13,294:INFO: recall-at-25: 0.05566941891862815
2019-07-20 14:43:13,313:INFO: Node2Vec
2019-07-20 14:43:15,978:INFO: recall-at-10: 0.02085048494213546
2019-07-20 14:43:15,978:INFO: recall-at-25: 0.037647896329889526
2019-07-20 14:45:23,606:INFO: Loading Disease Associations...
2019-07-20 14:45:23,669:INFO: Recall Curve
2019-07-20 14:45:23,669:INFO: Sabri Eyuboglu  -- SNAP Group
2019-07-20 14:45:23,669:INFO: ======================================
2019-07-20 14:45:23,670:INFO: LCI
2019-07-20 14:45:26,435:INFO: recall-at-10: 0.057967647435855175
2019-07-20 14:45:26,436:INFO: recall-at-25: 0.09762978962525476
2019-07-20 14:45:26,436:INFO: Random Walk
2019-07-20 14:45:28,985:INFO: recall-at-10: 0.034823753567914444
2019-07-20 14:45:28,985:INFO: recall-at-25: 0.0620914203097105
2019-07-20 14:45:28,985:INFO: Direct Neighbor
2019-07-20 14:45:29,209:INFO: recall-at-10: 0.010042953799187177
2019-07-20 14:45:29,209:INFO: recall-at-25: 0.026223395207713714
2019-07-20 14:45:29,225:INFO: DIAMOnD
2019-07-20 14:45:29,452:INFO: recall-at-10: 0.04057024318005985
2019-07-20 14:45:29,452:INFO: recall-at-25: 0.0588433606480889
2019-07-20 14:45:29,468:INFO: 1-Layer GCN
2019-07-20 14:45:29,711:INFO: recall-at-10: 0.03344617343283655
2019-07-20 14:45:29,711:INFO: recall-at-25: 0.05566941891862815
2019-07-20 14:45:29,728:INFO: Node2Vec
2019-07-20 14:45:32,451:INFO: recall-at-10: 0.02085048494213546
2019-07-20 14:45:32,451:INFO: recall-at-25: 0.037647896329889526
2019-07-20 14:46:06,033:INFO: Loading Disease Associations...
2019-07-20 14:46:06,094:INFO: Recall Curve
2019-07-20 14:46:06,095:INFO: Sabri Eyuboglu  -- SNAP Group
2019-07-20 14:46:06,095:INFO: ======================================
2019-07-20 14:46:06,095:INFO: LCI
2019-07-20 14:46:12,725:INFO: recall-at-10: 0.057967647435855175
2019-07-20 14:46:12,725:INFO: recall-at-25: 0.09762978962525476
2019-07-20 14:46:12,725:INFO: Random Walk
2019-07-20 14:46:19,361:INFO: recall-at-10: 0.034823753567914444
2019-07-20 14:46:19,361:INFO: recall-at-25: 0.0620914203097105
2019-07-20 14:46:19,361:INFO: Direct Neighbor
2019-07-20 14:46:19,576:INFO: recall-at-10: 0.010042953799187177
2019-07-20 14:46:19,576:INFO: recall-at-25: 0.026223395207713714
2019-07-20 14:46:19,617:INFO: DIAMOnD
2019-07-20 14:46:19,830:INFO: recall-at-10: 0.04057024318005985
2019-07-20 14:46:19,830:INFO: recall-at-25: 0.0588433606480889
2019-07-20 14:46:19,870:INFO: 1-Layer GCN
2019-07-20 14:46:20,109:INFO: recall-at-10: 0.03344617343283655
2019-07-20 14:46:20,109:INFO: recall-at-25: 0.05566941891862815
2019-07-20 14:46:20,152:INFO: Node2Vec
2019-07-20 14:46:26,867:INFO: recall-at-10: 0.02085048494213546
2019-07-20 14:46:26,867:INFO: recall-at-25: 0.037647896329889526
