2019-07-20 12:07:36,609:INFO: Disease Protein Prediction in the PPI Network
2019-07-20 12:07:36,609:INFO: Sabri Eyuboglu  -- SNAP Group
2019-07-20 12:07:36,610:INFO: ======================================
2019-07-20 12:07:36,610:INFO: Loading PPI Network...
2019-07-20 12:07:44,926:INFO: Loading Disease Associations...
2019-07-20 12:08:36,209:INFO: Disease Protein Prediction in the PPI Network
2019-07-20 12:08:36,209:INFO: Sabri Eyuboglu  -- SNAP Group
2019-07-20 12:08:36,209:INFO: ======================================
2019-07-20 12:08:36,209:INFO: Loading PPI Network...
2019-07-20 12:08:43,825:INFO: Loading Disease Associations...
2019-07-20 12:09:28,240:INFO: Disease Protein Prediction in the PPI Network
2019-07-20 12:09:28,240:INFO: Sabri Eyuboglu  -- SNAP Group
2019-07-20 12:09:28,240:INFO: ======================================
2019-07-20 12:09:28,240:INFO: Loading PPI Network...
2019-07-20 12:09:35,225:INFO: Loading Disease Associations...
2019-07-20 12:09:35,938:INFO: Running Experiment...
2019-07-20 12:09:48,523:INFO: Disease Protein Prediction in the PPI Network
2019-07-20 12:09:48,523:INFO: Sabri Eyuboglu  -- SNAP Group
2019-07-20 12:09:48,523:INFO: ======================================
2019-07-20 12:09:48,523:INFO: Loading PPI Network...
2019-07-20 12:09:55,442:INFO: Loading Disease Associations...
2019-07-20 12:09:56,154:INFO: Running Experiment...
2019-07-20 12:10:15,639:INFO: Disease Protein Prediction in the PPI Network
2019-07-20 12:10:15,639:INFO: Sabri Eyuboglu  -- SNAP Group
2019-07-20 12:10:15,639:INFO: ======================================
2019-07-20 12:10:15,639:INFO: Loading PPI Network...
2019-07-20 12:10:22,787:INFO: Loading Disease Associations...
2019-07-20 12:10:23,506:INFO: Running Experiment...
2019-07-20 12:11:48,709:INFO: Disease Protein Prediction in the PPI Network
2019-07-20 12:11:48,709:INFO: Sabri Eyuboglu  -- SNAP Group
2019-07-20 12:11:48,709:INFO: ======================================
2019-07-20 12:11:48,710:INFO: Loading PPI Network...
2019-07-20 12:11:55,638:INFO: Loading Disease Associations...
2019-07-20 12:11:56,334:INFO: Running Experiment...
2019-07-20 12:12:30,658:INFO: Disease Protein Prediction in the PPI Network
2019-07-20 12:12:30,659:INFO: Sabri Eyuboglu  -- SNAP Group
2019-07-20 12:12:30,659:INFO: ======================================
2019-07-20 12:12:30,659:INFO: Loading PPI Network...
2019-07-20 12:12:37,601:INFO: Loading Disease Associations...
2019-07-20 12:12:38,295:INFO: Running Experiment...
2019-07-20 12:12:56,115:INFO: Disease Protein Prediction in the PPI Network
2019-07-20 12:12:56,115:INFO: Sabri Eyuboglu  -- SNAP Group
2019-07-20 12:12:56,115:INFO: ======================================
2019-07-20 12:12:56,115:INFO: Loading PPI Network...
2019-07-20 12:13:03,348:INFO: Loading Disease Associations...
2019-07-20 12:13:04,071:INFO: Running Experiment...
