2019-07-16 12:45:34,041:INFO: Loading Disease Associations...
2019-07-16 12:45:34,101:INFO: Recall Curve
2019-07-16 12:45:34,101:INFO: Sabri Eyuboglu  -- SNAP Group
2019-07-16 12:45:34,101:INFO: ======================================
2019-07-16 12:47:03,070:INFO: Loading Disease Associations...
2019-07-16 12:47:03,132:INFO: Loading Results...
2019-07-16 12:47:03,180:INFO: Recall Comparison
2019-07-16 12:47:03,180:INFO: Sabri Eyuboglu  -- SNAP Group
2019-07-16 12:47:03,180:INFO: ======================================
2019-07-16 12:47:36,134:INFO: Loading Disease Associations...
2019-07-16 12:47:36,191:INFO: Loading Results...
2019-07-16 12:47:36,227:INFO: Recall Comparison
2019-07-16 12:47:36,228:INFO: Sabri Eyuboglu  -- SNAP Group
2019-07-16 12:47:36,228:INFO: ======================================
2019-07-16 12:48:22,327:INFO: Loading Disease Associations...
2019-07-16 12:48:22,384:INFO: Loading Results...
2019-07-16 12:48:22,420:INFO: Recall Comparison
2019-07-16 12:48:22,421:INFO: Sabri Eyuboglu  -- SNAP Group
2019-07-16 12:48:22,421:INFO: ======================================
2019-07-16 12:48:29,744:INFO: Loading Disease Associations...
2019-07-16 12:48:29,801:INFO: Loading Results...
2019-07-16 12:48:29,838:INFO: Recall Comparison
2019-07-16 12:48:29,838:INFO: Sabri Eyuboglu  -- SNAP Group
2019-07-16 12:48:29,838:INFO: ======================================
2019-07-16 12:49:38,469:INFO: Loading Disease Associations...
2019-07-16 12:49:38,533:INFO: Loading Results...
2019-07-16 12:49:38,573:INFO: Recall Comparison
2019-07-16 12:49:38,573:INFO: Sabri Eyuboglu  -- SNAP Group
2019-07-16 12:49:38,573:INFO: ======================================
2019-07-16 12:50:07,562:INFO: Loading Disease Associations...
2019-07-16 12:50:07,630:INFO: Loading Results...
2019-07-16 12:50:07,673:INFO: Recall Comparison
2019-07-16 12:50:07,673:INFO: Sabri Eyuboglu  -- SNAP Group
2019-07-16 12:50:07,673:INFO: ======================================
2019-07-16 12:53:13,194:INFO: Loading Disease Associations...
2019-07-16 12:53:13,249:INFO: Loading Results...
2019-07-16 12:53:13,284:INFO: Recall Comparison
2019-07-16 12:53:13,285:INFO: Sabri Eyuboglu  -- SNAP Group
2019-07-16 12:53:13,285:INFO: ======================================
2019-07-16 12:54:11,499:INFO: Loading Disease Associations...
2019-07-16 12:54:11,566:INFO: Loading Results...
2019-07-16 12:54:11,606:INFO: Recall Comparison
2019-07-16 12:54:11,606:INFO: Sabri Eyuboglu  -- SNAP Group
2019-07-16 12:54:11,606:INFO: ======================================
2019-07-16 12:55:18,900:INFO: Loading Disease Associations...
2019-07-16 12:55:18,958:INFO: Loading Results...
2019-07-16 12:55:19,001:INFO: Recall Comparison
2019-07-16 12:55:19,001:INFO: Sabri Eyuboglu  -- SNAP Group
2019-07-16 12:55:19,001:INFO: ======================================
2019-07-16 13:13:18,022:INFO: Loading Disease Associations...
2019-07-16 13:13:18,081:INFO: Loading Results...
2019-07-16 13:13:18,139:INFO: Recall Comparison
2019-07-16 13:13:18,139:INFO: Sabri Eyuboglu  -- SNAP Group
2019-07-16 13:13:18,139:INFO: ======================================
2019-07-16 13:14:03,508:INFO: Loading Disease Associations...
2019-07-16 13:14:03,563:INFO: Loading Results...
2019-07-16 13:14:03,615:INFO: Recall Comparison
2019-07-16 13:14:03,615:INFO: Sabri Eyuboglu  -- SNAP Group
2019-07-16 13:14:03,615:INFO: ======================================
2019-07-16 13:14:12,637:INFO: Loading Disease Associations...
2019-07-16 13:14:12,707:INFO: Loading Results...
2019-07-16 13:14:12,771:INFO: Recall Comparison
2019-07-16 13:14:12,771:INFO: Sabri Eyuboglu  -- SNAP Group
2019-07-16 13:14:12,771:INFO: ======================================
2019-07-16 13:16:06,998:INFO: Loading Disease Associations...
2019-07-16 13:16:07,046:INFO: Loading Results...
2019-07-16 13:16:07,101:INFO: Recall Comparison
2019-07-16 13:16:07,101:INFO: Sabri Eyuboglu  -- SNAP Group
2019-07-16 13:16:07,101:INFO: ======================================
2019-07-16 13:16:37,003:INFO: Loading Disease Associations...
2019-07-16 13:16:37,050:INFO: Loading Results...
2019-07-16 13:16:37,103:INFO: Recall Comparison
2019-07-16 13:16:37,103:INFO: Sabri Eyuboglu  -- SNAP Group
2019-07-16 13:16:37,103:INFO: ======================================
2019-07-16 13:30:26,635:INFO: Loading Disease Associations...
2019-07-16 13:30:26,687:INFO: Loading Results...
2019-07-16 13:30:26,738:INFO: Recall Comparison
2019-07-16 13:30:26,738:INFO: Sabri Eyuboglu  -- SNAP Group
2019-07-16 13:30:26,738:INFO: ======================================
2019-07-16 13:30:49,645:INFO: Loading Disease Associations...
2019-07-16 13:30:49,695:INFO: Loading Results...
2019-07-16 13:30:49,746:INFO: Recall Comparison
2019-07-16 13:30:49,746:INFO: Sabri Eyuboglu  -- SNAP Group
2019-07-16 13:30:49,746:INFO: ======================================
2019-07-16 13:31:11,405:INFO: Loading Disease Associations...
2019-07-16 13:31:11,458:INFO: Loading Results...
2019-07-16 13:31:11,509:INFO: Recall Comparison
2019-07-16 13:31:11,509:INFO: Sabri Eyuboglu  -- SNAP Group
2019-07-16 13:31:11,509:INFO: ======================================
