2019-01-08 13:42:39,863:INFO: Metric Significance of Diseases in the PPI Network
2019-01-08 13:42:39,864:INFO: Sabri Eyuboglu  -- SNAP Group
2019-01-08 13:42:39,864:INFO: ======================================
2019-01-08 13:42:39,864:INFO: Loading Disease Associations...
2019-01-08 13:43:25,483:INFO: Metric Significance of Diseases in the PPI Network
2019-01-08 13:43:25,484:INFO: Sabri Eyuboglu  -- SNAP Group
2019-01-08 13:43:25,484:INFO: ======================================
2019-01-08 13:43:25,484:INFO: Loading Disease Associations...
2019-01-08 13:43:25,576:INFO: Loading Network...
2019-01-08 13:43:35,870:INFO: Loading PPI Matrices...
2019-01-08 13:43:43,602:INFO: Building Degree Buckets...
2019-01-08 13:43:43,707:INFO: Running Experiment...
2019-01-08 13:44:33,473:INFO: Metric Significance of Diseases in the PPI Network
2019-01-08 13:44:33,473:INFO: Sabri Eyuboglu  -- SNAP Group
2019-01-08 13:44:33,473:INFO: ======================================
2019-01-08 13:44:33,473:INFO: Loading Disease Associations...
2019-01-08 13:44:33,560:INFO: Loading Network...
2019-01-08 13:44:44,234:INFO: Loading PPI Matrices...
2019-01-08 13:44:50,706:INFO: Building Degree Buckets...
2019-01-08 13:44:50,741:INFO: Running Experiment...
2019-01-08 13:45:27,340:INFO: Metric Significance of Diseases in the PPI Network
2019-01-08 13:45:27,340:INFO: Sabri Eyuboglu  -- SNAP Group
2019-01-08 13:45:27,340:INFO: ======================================
2019-01-08 13:45:27,341:INFO: Loading Disease Associations...
2019-01-08 13:45:27,429:INFO: Loading Network...
2019-01-08 13:45:37,746:INFO: Loading PPI Matrices...
2019-01-08 13:45:43,914:INFO: Building Degree Buckets...
2019-01-08 13:45:43,953:INFO: Running Experiment...
2019-01-08 13:46:49,276:INFO: Metric Significance of Diseases in the PPI Network
2019-01-08 13:46:49,277:INFO: Sabri Eyuboglu  -- SNAP Group
2019-01-08 13:46:49,277:INFO: ======================================
2019-01-08 13:46:49,277:INFO: Loading Disease Associations...
2019-01-08 13:46:49,390:INFO: Loading Network...
2019-01-08 13:46:59,682:INFO: Loading PPI Matrices...
2019-01-08 13:47:05,789:INFO: Building Degree Buckets...
2019-01-08 13:47:05,833:INFO: Running Experiment...
2019-01-08 13:48:07,684:INFO: Metric Significance of Diseases in the PPI Network
2019-01-08 13:48:07,684:INFO: Sabri Eyuboglu  -- SNAP Group
2019-01-08 13:48:07,684:INFO: ======================================
2019-01-08 13:48:07,684:INFO: Loading Disease Associations...
2019-01-08 13:48:07,774:INFO: Loading Network...
2019-01-08 13:48:18,669:INFO: Loading PPI Matrices...
2019-01-08 13:48:25,314:INFO: Building Degree Buckets...
2019-01-08 13:48:25,363:INFO: Running Experiment...
2019-01-08 13:50:57,881:INFO: Metric Significance of Diseases in the PPI Network
2019-01-08 13:50:57,882:INFO: Sabri Eyuboglu  -- SNAP Group
2019-01-08 13:50:57,882:INFO: ======================================
2019-01-08 13:50:57,882:INFO: Loading Disease Associations...
2019-01-08 13:50:57,970:INFO: Loading Network...
2019-01-08 13:51:08,225:INFO: Loading PPI Matrices...
2019-01-08 13:51:14,469:INFO: Building Degree Buckets...
2019-01-08 13:51:14,512:INFO: Running Experiment...
2019-01-08 13:51:51,566:INFO: Metric Significance of Diseases in the PPI Network
2019-01-08 13:51:51,567:INFO: Sabri Eyuboglu  -- SNAP Group
2019-01-08 13:51:51,567:INFO: ======================================
2019-01-08 13:51:51,567:INFO: Loading Disease Associations...
2019-01-08 13:51:51,654:INFO: Loading Network...
2019-01-08 13:52:02,135:INFO: Loading PPI Matrices...
2019-01-08 13:52:08,158:INFO: Building Degree Buckets...
2019-01-08 13:52:08,196:INFO: Running Experiment...
2019-01-08 13:52:27,032:INFO: Metric Significance of Diseases in the PPI Network
2019-01-08 13:52:27,032:INFO: Sabri Eyuboglu  -- SNAP Group
2019-01-08 13:52:27,032:INFO: ======================================
2019-01-08 13:52:27,032:INFO: Loading Disease Associations...
2019-01-08 13:52:27,122:INFO: Loading Network...
2019-01-08 13:52:37,651:INFO: Loading PPI Matrices...
2019-01-08 13:52:43,680:INFO: Building Degree Buckets...
2019-01-08 13:52:43,736:INFO: Running Experiment...
2019-01-08 13:53:53,981:INFO: Metric Significance of Diseases in the PPI Network
2019-01-08 13:53:53,982:INFO: Sabri Eyuboglu  -- SNAP Group
2019-01-08 13:53:53,982:INFO: ======================================
2019-01-08 13:53:53,982:INFO: Loading Disease Associations...
2019-01-08 13:53:54,071:INFO: Loading Network...
2019-01-08 13:54:03,547:INFO: Loading PPI Matrices...
2019-01-08 13:54:09,672:INFO: Building Degree Buckets...
2019-01-08 13:54:09,724:INFO: Running Experiment...
2019-01-08 13:54:39,460:INFO: Metric Significance of Diseases in the PPI Network
2019-01-08 13:54:39,460:INFO: Sabri Eyuboglu  -- SNAP Group
2019-01-08 13:54:39,460:INFO: ======================================
2019-01-08 13:54:39,460:INFO: Loading Disease Associations...
2019-01-08 13:54:39,548:INFO: Loading Network...
2019-01-08 13:54:50,966:INFO: Loading PPI Matrices...
2019-01-08 13:54:57,766:INFO: Building Degree Buckets...
2019-01-08 13:54:57,814:INFO: Running Experiment...
2019-01-08 13:56:03,620:INFO: Metric Significance of Diseases in the PPI Network
2019-01-08 13:56:03,621:INFO: Sabri Eyuboglu  -- SNAP Group
2019-01-08 13:56:03,621:INFO: ======================================
2019-01-08 13:56:03,621:INFO: Loading Disease Associations...
2019-01-08 13:56:03,710:INFO: Loading Network...
2019-01-08 13:56:14,207:INFO: Loading PPI Matrices...
2019-01-08 13:56:20,147:INFO: Building Degree Buckets...
2019-01-08 13:56:20,205:INFO: Running Experiment...
2019-01-08 13:57:11,312:INFO: Metric Significance of Diseases in the PPI Network
2019-01-08 13:57:11,312:INFO: Sabri Eyuboglu  -- SNAP Group
2019-01-08 13:57:11,312:INFO: ======================================
2019-01-08 13:57:11,312:INFO: Loading Disease Associations...
2019-01-08 13:57:11,399:INFO: Loading Network...
2019-01-08 13:57:21,637:INFO: Loading PPI Matrices...
2019-01-08 13:57:28,199:INFO: Building Degree Buckets...
2019-01-08 13:57:28,268:INFO: Running Experiment...
2019-01-08 13:58:35,451:INFO: Metric Significance of Diseases in the PPI Network
2019-01-08 13:58:35,452:INFO: Sabri Eyuboglu  -- SNAP Group
2019-01-08 13:58:35,453:INFO: ======================================
2019-01-08 13:58:35,453:INFO: Loading Disease Associations...
2019-01-08 13:58:35,540:INFO: Loading Network...
2019-01-08 13:58:46,097:INFO: Loading PPI Matrices...
2019-01-08 13:58:52,106:INFO: Building Degree Buckets...
2019-01-08 13:58:52,149:INFO: Running Experiment...
2019-01-08 13:59:11,580:INFO: Metric Significance of Diseases in the PPI Network
2019-01-08 13:59:11,580:INFO: Sabri Eyuboglu  -- SNAP Group
2019-01-08 13:59:11,580:INFO: ======================================
2019-01-08 13:59:11,581:INFO: Loading Disease Associations...
2019-01-08 13:59:11,684:INFO: Loading Network...
2019-01-08 13:59:22,320:INFO: Loading PPI Matrices...
2019-01-08 13:59:28,608:INFO: Building Degree Buckets...
2019-01-08 13:59:28,660:INFO: Running Experiment...
2019-01-08 14:03:45,644:INFO: Metric Significance of Diseases in the PPI Network
2019-01-08 14:03:45,645:INFO: Sabri Eyuboglu  -- SNAP Group
2019-01-08 14:03:45,645:INFO: ======================================
2019-01-08 14:03:45,645:INFO: Loading Disease Associations...
2019-01-08 14:03:45,740:INFO: Loading Network...
2019-01-08 14:03:55,458:INFO: Loading PPI Matrices...
2019-01-08 14:04:03,096:INFO: Building Degree Buckets...
2019-01-08 14:04:03,182:INFO: Running Experiment...
2019-01-08 14:04:18,352:INFO: Metric Significance of Diseases in the PPI Network
2019-01-08 14:04:18,353:INFO: Sabri Eyuboglu  -- SNAP Group
2019-01-08 14:04:18,353:INFO: ======================================
2019-01-08 14:04:18,353:INFO: Loading Disease Associations...
2019-01-08 14:04:18,446:INFO: Loading Network...
2019-01-08 14:04:29,060:INFO: Loading PPI Matrices...
2019-01-08 14:04:35,215:INFO: Building Degree Buckets...
2019-01-08 14:04:35,257:INFO: Running Experiment...
2019-01-08 14:20:48,265:INFO: Metric Significance of Diseases in the PPI Network
2019-01-08 14:20:48,265:INFO: Sabri Eyuboglu  -- SNAP Group
2019-01-08 14:20:48,265:INFO: ======================================
2019-01-08 14:20:48,265:INFO: Loading Disease Associations...
2019-01-08 14:21:19,356:INFO: Metric Significance of Diseases in the PPI Network
2019-01-08 14:21:19,357:INFO: Sabri Eyuboglu  -- SNAP Group
2019-01-08 14:21:19,357:INFO: ======================================
2019-01-08 14:21:19,357:INFO: Loading Disease Associations...
2019-01-08 14:21:19,445:INFO: Loading Network...
2019-01-08 14:21:30,295:INFO: Loading PPI Matrices...
2019-01-08 14:21:37,510:INFO: Building Degree Buckets...
2019-01-08 14:21:37,571:INFO: Running Experiment...
2019-01-08 14:23:57,863:INFO: Metric Significance of Diseases in the PPI Network
2019-01-08 14:23:57,864:INFO: Sabri Eyuboglu  -- SNAP Group
2019-01-08 14:23:57,864:INFO: ======================================
2019-01-08 14:23:57,864:INFO: Loading Disease Associations...
2019-01-08 14:24:12,752:INFO: Metric Significance of Diseases in the PPI Network
2019-01-08 14:24:12,753:INFO: Sabri Eyuboglu  -- SNAP Group
2019-01-08 14:24:12,753:INFO: ======================================
2019-01-08 14:24:12,753:INFO: Loading Disease Associations...
2019-01-08 14:24:12,842:INFO: Loading Network...
2019-01-08 14:24:23,325:INFO: Loading PPI Matrices...
2019-01-08 14:24:29,953:INFO: Building Degree Buckets...
2019-01-08 14:24:30,010:INFO: Running Experiment...
2019-01-08 14:26:20,224:INFO: Metric Significance of Diseases in the PPI Network
2019-01-08 14:26:20,226:INFO: Sabri Eyuboglu  -- SNAP Group
2019-01-08 14:26:20,227:INFO: ======================================
2019-01-08 14:26:20,227:INFO: Loading Disease Associations...
2019-01-08 14:26:34,415:INFO: Metric Significance of Diseases in the PPI Network
2019-01-08 14:26:34,415:INFO: Sabri Eyuboglu  -- SNAP Group
2019-01-08 14:26:34,416:INFO: ======================================
2019-01-08 14:26:34,416:INFO: Loading Disease Associations...
2019-01-08 14:26:34,508:INFO: Loading Network...
2019-01-08 14:26:46,123:INFO: Loading PPI Matrices...
2019-01-08 14:26:52,830:INFO: Building Degree Buckets...
2019-01-08 14:26:52,901:INFO: Running Experiment...
2019-01-08 14:29:59,594:INFO: Metric Significance of Diseases in the PPI Network
2019-01-08 14:29:59,594:INFO: Sabri Eyuboglu  -- SNAP Group
2019-01-08 14:29:59,594:INFO: ======================================
2019-01-08 14:29:59,594:INFO: Loading Disease Associations...
2019-01-08 14:29:59,683:INFO: Loading Network...
2019-01-08 14:30:10,029:INFO: Loading PPI Matrices...
2019-01-08 14:30:16,688:INFO: Building Degree Buckets...
2019-01-08 14:30:16,740:INFO: Running Experiment...
2019-01-08 14:34:06,493:INFO: Metric Significance of Diseases in the PPI Network
2019-01-08 14:34:06,493:INFO: Sabri Eyuboglu  -- SNAP Group
2019-01-08 14:34:06,493:INFO: ======================================
2019-01-08 14:34:06,494:INFO: Loading Disease Associations...
2019-01-08 14:34:20,918:INFO: Metric Significance of Diseases in the PPI Network
2019-01-08 14:34:20,919:INFO: Sabri Eyuboglu  -- SNAP Group
2019-01-08 14:34:20,919:INFO: ======================================
2019-01-08 14:34:20,919:INFO: Loading Disease Associations...
2019-01-08 14:34:21,011:INFO: Loading Network...
2019-01-08 14:34:32,402:INFO: Loading PPI Matrices...
2019-01-08 14:34:38,679:INFO: Building Degree Buckets...
2019-01-08 14:35:07,034:INFO: Metric Significance of Diseases in the PPI Network
2019-01-08 14:35:07,035:INFO: Sabri Eyuboglu  -- SNAP Group
2019-01-08 14:35:07,035:INFO: ======================================
2019-01-08 14:35:07,035:INFO: Loading Disease Associations...
2019-01-08 14:35:07,129:INFO: Loading Network...
2019-01-08 14:35:19,401:INFO: Loading PPI Matrices...
2019-01-08 14:35:27,843:INFO: Building Degree Buckets...
2019-01-08 14:35:27,990:INFO: Running Experiment...
2019-01-08 14:52:09,412:INFO: Metric Significance of Diseases in the PPI Network
2019-01-08 14:52:09,413:INFO: Sabri Eyuboglu  -- SNAP Group
2019-01-08 14:52:09,414:INFO: ======================================
2019-01-08 14:52:09,414:INFO: Loading Disease Associations...
2019-01-08 14:52:09,512:INFO: Loading Network...
2019-01-08 14:52:19,119:INFO: Loading PPI Matrices...
2019-01-08 14:52:26,365:INFO: Building Degree Buckets...
2019-01-08 14:52:26,513:INFO: Running Experiment...
2019-01-08 16:50:36,836:INFO: Metric Significance of Diseases in the PPI Network
2019-01-08 16:50:36,837:INFO: Sabri Eyuboglu  -- SNAP Group
2019-01-08 16:50:36,838:INFO: ======================================
2019-01-08 16:50:36,838:INFO: Loading Disease Associations...
2019-01-08 17:02:15,925:INFO: Metric Significance of Diseases in the PPI Network
2019-01-08 17:02:15,926:INFO: Sabri Eyuboglu  -- SNAP Group
2019-01-08 17:02:15,926:INFO: ======================================
2019-01-08 17:02:15,926:INFO: Loading Disease Associations...
2019-01-08 17:02:16,021:INFO: Loading Network...
2019-01-08 17:02:26,343:INFO: Loading PPI Matrices...
2019-01-08 17:02:33,526:INFO: Building Degree Buckets...
2019-01-08 17:02:33,667:INFO: Running Experiment...
2019-01-08 17:03:49,207:INFO: Metric Significance of Diseases in the PPI Network
2019-01-08 17:03:49,209:INFO: Sabri Eyuboglu  -- SNAP Group
2019-01-08 17:03:49,209:INFO: ======================================
2019-01-08 17:03:49,209:INFO: Loading Disease Associations...
2019-01-08 17:03:49,304:INFO: Loading Network...
2019-01-08 17:03:59,613:INFO: Loading PPI Matrices...
2019-01-08 17:04:06,147:INFO: Building Degree Buckets...
2019-01-08 17:04:06,255:INFO: Running Experiment...
2019-01-08 17:06:18,056:INFO: Metric Significance of Diseases in the PPI Network
2019-01-08 17:06:18,056:INFO: Sabri Eyuboglu  -- SNAP Group
2019-01-08 17:06:18,056:INFO: ======================================
2019-01-08 17:06:18,056:INFO: Loading Disease Associations...
2019-01-08 17:06:18,191:INFO: Loading Network...
2019-01-08 17:06:29,079:INFO: Loading PPI Matrices...
2019-01-08 17:06:35,739:INFO: Building Degree Buckets...
2019-01-08 17:06:35,842:INFO: Running Experiment...
2019-01-08 17:13:31,848:INFO: Metric Significance of Diseases in the PPI Network
2019-01-08 17:13:31,849:INFO: Sabri Eyuboglu  -- SNAP Group
2019-01-08 17:13:31,850:INFO: ======================================
2019-01-08 17:13:31,850:INFO: Loading Disease Associations...
2019-01-08 17:13:31,940:INFO: Loading Network...
2019-01-08 17:13:40,697:INFO: Loading PPI Matrices...
2019-01-08 17:13:47,386:INFO: Building Degree Buckets...
2019-01-08 17:13:47,598:INFO: Running Experiment...
2019-01-08 17:14:31,498:INFO: Metric Significance of Diseases in the PPI Network
2019-01-08 17:14:31,499:INFO: Sabri Eyuboglu  -- SNAP Group
2019-01-08 17:14:31,499:INFO: ======================================
2019-01-08 17:14:31,499:INFO: Loading Disease Associations...
2019-01-08 17:14:31,593:INFO: Loading Network...
2019-01-08 17:14:41,664:INFO: Loading PPI Matrices...
2019-01-08 17:14:48,863:INFO: Building Degree Buckets...
2019-01-08 17:14:48,989:INFO: Running Experiment...
2019-01-08 17:16:33,146:INFO: Metric Significance of Diseases in the PPI Network
2019-01-08 17:16:33,148:INFO: Sabri Eyuboglu  -- SNAP Group
2019-01-08 17:16:33,148:INFO: ======================================
2019-01-08 17:16:33,148:INFO: Loading Disease Associations...
2019-01-08 17:16:33,243:INFO: Loading Network...
2019-01-08 17:16:44,547:INFO: Loading PPI Matrices...
2019-01-08 17:16:51,945:INFO: Building Degree Buckets...
2019-01-08 17:16:52,259:INFO: Running Experiment...
2019-01-08 17:17:46,328:INFO: Metric Significance of Diseases in the PPI Network
2019-01-08 17:17:46,334:INFO: Sabri Eyuboglu  -- SNAP Group
2019-01-08 17:17:46,334:INFO: ======================================
2019-01-08 17:17:46,334:INFO: Loading Disease Associations...
2019-01-08 17:17:46,455:INFO: Loading Network...
2019-01-08 17:17:57,005:INFO: Loading PPI Matrices...
2019-01-08 17:18:04,119:INFO: Building Degree Buckets...
2019-01-08 17:18:04,243:INFO: Running Experiment...
2019-01-08 17:26:09,277:INFO: Metric Significance of Diseases in the PPI Network
2019-01-08 17:26:09,278:INFO: Sabri Eyuboglu  -- SNAP Group
2019-01-08 17:26:09,278:INFO: ======================================
2019-01-08 17:26:09,279:INFO: Loading Disease Associations...
2019-01-08 17:26:09,366:INFO: Loading Network...
2019-01-08 17:26:18,127:INFO: Loading PPI Matrices...
2019-01-08 17:26:25,178:INFO: Building Degree Buckets...
2019-01-08 17:26:25,369:INFO: Running Experiment...
2019-01-08 17:34:48,064:INFO: Metric Significance of Diseases in the PPI Network
2019-01-08 17:34:48,065:INFO: Sabri Eyuboglu  -- SNAP Group
2019-01-08 17:34:48,065:INFO: ======================================
2019-01-08 17:34:48,065:INFO: Loading Disease Associations...
2019-01-08 17:34:48,158:INFO: Loading Network...
2019-01-08 17:34:56,462:INFO: Loading PPI Matrices...
2019-01-08 17:35:02,913:INFO: Building Degree Buckets...
2019-01-08 17:35:03,025:INFO: Running Experiment...
2019-01-08 17:41:06,026:INFO: Metric Significance of Diseases in the PPI Network
2019-01-08 17:41:06,027:INFO: Sabri Eyuboglu  -- SNAP Group
2019-01-08 17:41:06,027:INFO: ======================================
2019-01-08 17:41:06,027:INFO: Loading Disease Associations...
2019-01-08 17:41:06,116:INFO: Loading Network...
2019-01-08 17:41:15,077:INFO: Loading PPI Matrices...
2019-01-08 17:41:22,434:INFO: Building Degree Buckets...
2019-01-08 17:41:22,595:INFO: Running Experiment...
2019-01-08 17:41:49,202:INFO: Metric Significance of Diseases in the PPI Network
2019-01-08 17:41:49,203:INFO: Sabri Eyuboglu  -- SNAP Group
2019-01-08 17:41:49,203:INFO: ======================================
2019-01-08 17:41:49,203:INFO: Loading Disease Associations...
2019-01-08 17:41:49,311:INFO: Loading Network...
2019-01-08 17:41:59,987:INFO: Loading PPI Matrices...
2019-01-08 17:42:06,700:INFO: Building Degree Buckets...
2019-01-08 17:42:06,839:INFO: Running Experiment...
2019-01-08 17:43:13,588:INFO: Metric Significance of Diseases in the PPI Network
2019-01-08 17:43:13,589:INFO: Sabri Eyuboglu  -- SNAP Group
2019-01-08 17:43:13,589:INFO: ======================================
2019-01-08 17:43:13,589:INFO: Loading Disease Associations...
2019-01-08 17:43:13,681:INFO: Loading Network...
2019-01-08 17:43:24,082:INFO: Loading PPI Matrices...
2019-01-08 17:43:30,116:INFO: Building Degree Buckets...
2019-01-08 17:43:30,259:INFO: Running Experiment...
2019-01-08 17:43:51,435:INFO: Metric Significance of Diseases in the PPI Network
2019-01-08 17:43:51,435:INFO: Sabri Eyuboglu  -- SNAP Group
2019-01-08 17:43:51,435:INFO: ======================================
2019-01-08 17:43:51,435:INFO: Loading Disease Associations...
2019-01-08 17:43:51,552:INFO: Loading Network...
2019-01-08 17:44:02,277:INFO: Loading PPI Matrices...
2019-01-08 17:44:08,807:INFO: Building Degree Buckets...
2019-01-08 17:44:08,951:INFO: Running Experiment...
2019-01-08 17:44:27,370:INFO: Metric Significance of Diseases in the PPI Network
2019-01-08 17:44:27,370:INFO: Sabri Eyuboglu  -- SNAP Group
2019-01-08 17:44:27,370:INFO: ======================================
2019-01-08 17:44:27,370:INFO: Loading Disease Associations...
2019-01-08 17:44:46,609:INFO: Metric Significance of Diseases in the PPI Network
2019-01-08 17:44:46,609:INFO: Sabri Eyuboglu  -- SNAP Group
2019-01-08 17:44:46,609:INFO: ======================================
2019-01-08 17:44:46,610:INFO: Loading Disease Associations...
2019-01-08 17:44:46,737:INFO: Loading Network...
2019-01-08 17:44:58,184:INFO: Loading PPI Matrices...
2019-01-08 17:45:05,959:INFO: Building Degree Buckets...
2019-01-08 17:45:06,102:INFO: Running Experiment...
2019-01-08 17:46:34,643:INFO: Metric Significance of Diseases in the PPI Network
2019-01-08 17:46:34,643:INFO: Sabri Eyuboglu  -- SNAP Group
2019-01-08 17:46:34,643:INFO: ======================================
2019-01-08 17:46:34,643:INFO: Loading Disease Associations...
2019-01-08 17:46:56,969:INFO: Metric Significance of Diseases in the PPI Network
2019-01-08 17:46:56,969:INFO: Sabri Eyuboglu  -- SNAP Group
2019-01-08 17:46:56,969:INFO: ======================================
2019-01-08 17:46:56,969:INFO: Loading Disease Associations...
2019-01-08 17:46:57,066:INFO: Loading Network...
2019-01-08 17:47:08,603:INFO: Loading PPI Matrices...
2019-01-08 17:47:15,133:INFO: Building Degree Buckets...
2019-01-08 17:47:15,333:INFO: Running Experiment...
2019-01-08 17:47:52,868:INFO: Metric Significance of Diseases in the PPI Network
2019-01-08 17:47:52,868:INFO: Sabri Eyuboglu  -- SNAP Group
2019-01-08 17:47:52,868:INFO: ======================================
2019-01-08 17:47:52,868:INFO: Loading Disease Associations...
2019-01-08 17:48:09,319:INFO: Metric Significance of Diseases in the PPI Network
2019-01-08 17:48:09,320:INFO: Sabri Eyuboglu  -- SNAP Group
2019-01-08 17:48:09,320:INFO: ======================================
2019-01-08 17:48:09,320:INFO: Loading Disease Associations...
2019-01-08 17:48:09,407:INFO: Loading Network...
2019-01-08 17:48:20,448:INFO: Loading PPI Matrices...
2019-01-08 17:48:27,447:INFO: Building Degree Buckets...
2019-01-08 17:48:27,578:INFO: Running Experiment...
2019-01-08 17:48:57,495:INFO: Metric Significance of Diseases in the PPI Network
2019-01-08 17:48:57,495:INFO: Sabri Eyuboglu  -- SNAP Group
2019-01-08 17:48:57,495:INFO: ======================================
2019-01-08 17:48:57,496:INFO: Loading Disease Associations...
2019-01-08 17:49:14,099:INFO: Metric Significance of Diseases in the PPI Network
2019-01-08 17:49:14,099:INFO: Sabri Eyuboglu  -- SNAP Group
2019-01-08 17:49:14,099:INFO: ======================================
2019-01-08 17:49:14,099:INFO: Loading Disease Associations...
2019-01-08 17:49:14,189:INFO: Loading Network...
2019-01-08 17:49:25,227:INFO: Loading PPI Matrices...
2019-01-08 17:49:32,029:INFO: Building Degree Buckets...
2019-01-08 17:49:32,131:INFO: Running Experiment...
2019-01-08 17:49:48,001:INFO: Metric Significance of Diseases in the PPI Network
2019-01-08 17:49:48,001:INFO: Sabri Eyuboglu  -- SNAP Group
2019-01-08 17:49:48,001:INFO: ======================================
2019-01-08 17:49:48,001:INFO: Loading Disease Associations...
2019-01-08 17:49:48,108:INFO: Loading Network...
2019-01-08 17:49:59,730:INFO: Loading PPI Matrices...
2019-01-08 17:50:07,475:INFO: Building Degree Buckets...
2019-01-08 17:50:07,549:INFO: Running Experiment...
2019-01-08 17:50:43,608:INFO: Metric Significance of Diseases in the PPI Network
2019-01-08 17:50:43,609:INFO: Sabri Eyuboglu  -- SNAP Group
2019-01-08 17:50:43,609:INFO: ======================================
2019-01-08 17:50:43,609:INFO: Loading Disease Associations...
2019-01-08 17:50:43,702:INFO: Loading Network...
2019-01-08 17:50:55,007:INFO: Loading PPI Matrices...
2019-01-08 17:51:01,358:INFO: Building Degree Buckets...
2019-01-08 17:51:01,464:INFO: Running Experiment...
2019-01-08 17:52:50,033:INFO: Metric Significance of Diseases in the PPI Network
2019-01-08 17:52:50,033:INFO: Sabri Eyuboglu  -- SNAP Group
2019-01-08 17:52:50,033:INFO: ======================================
2019-01-08 17:52:50,033:INFO: Loading Disease Associations...
2019-01-08 17:52:50,129:INFO: Loading Network...
2019-01-08 17:53:00,636:INFO: Loading PPI Matrices...
2019-01-08 17:53:08,645:INFO: Building Degree Buckets...
2019-01-08 17:53:08,798:INFO: Running Experiment...
2019-01-08 17:53:43,134:INFO: Metric Significance of Diseases in the PPI Network
2019-01-08 17:53:43,135:INFO: Sabri Eyuboglu  -- SNAP Group
2019-01-08 17:53:43,135:INFO: ======================================
2019-01-08 17:53:43,135:INFO: Loading Disease Associations...
2019-01-08 17:53:43,226:INFO: Loading Network...
2019-01-08 17:53:53,837:INFO: Loading PPI Matrices...
2019-01-08 17:54:00,369:INFO: Building Degree Buckets...
2019-01-08 17:54:01,096:INFO: Running Experiment...
2019-01-08 17:54:43,665:INFO: Metric Significance of Diseases in the PPI Network
2019-01-08 17:54:43,666:INFO: Sabri Eyuboglu  -- SNAP Group
2019-01-08 17:54:43,666:INFO: ======================================
2019-01-08 17:54:43,666:INFO: Loading Disease Associations...
2019-01-08 17:54:43,759:INFO: Loading Network...
2019-01-08 17:54:54,403:INFO: Loading PPI Matrices...
2019-01-08 17:55:00,509:INFO: Building Degree Buckets...
2019-01-08 17:55:00,626:INFO: Running Experiment...
2019-01-08 17:55:46,823:INFO: Metric Significance of Diseases in the PPI Network
2019-01-08 17:55:46,824:INFO: Sabri Eyuboglu  -- SNAP Group
2019-01-08 17:55:46,824:INFO: ======================================
2019-01-08 17:55:46,824:INFO: Loading Disease Associations...
2019-01-08 17:55:46,914:INFO: Loading Network...
2019-01-08 17:55:57,728:INFO: Loading PPI Matrices...
2019-01-08 17:56:06,607:INFO: Building Degree Buckets...
2019-01-08 17:56:06,771:INFO: Running Experiment...
2019-01-08 17:58:54,688:INFO: Metric Significance of Diseases in the PPI Network
2019-01-08 17:58:54,688:INFO: Sabri Eyuboglu  -- SNAP Group
2019-01-08 17:58:54,727:INFO: ======================================
2019-01-08 17:58:54,727:INFO: Loading Disease Associations...
2019-01-08 17:58:54,814:INFO: Loading Network...
2019-01-08 17:59:03,148:INFO: Loading PPI Matrices...
2019-01-08 17:59:09,487:INFO: Building Degree Buckets...
2019-01-08 17:59:09,599:INFO: Running Experiment...
2019-01-08 17:59:35,534:INFO: Metric Significance of Diseases in the PPI Network
2019-01-08 17:59:35,534:INFO: Sabri Eyuboglu  -- SNAP Group
2019-01-08 17:59:35,534:INFO: ======================================
2019-01-08 17:59:35,534:INFO: Loading Disease Associations...
2019-01-08 17:59:35,627:INFO: Loading Network...
2019-01-08 17:59:44,307:INFO: Loading PPI Matrices...
2019-01-08 17:59:51,023:INFO: Building Degree Buckets...
2019-01-08 17:59:51,164:INFO: Running Experiment...
2019-01-08 18:00:52,960:INFO: Metric Significance of Diseases in the PPI Network
2019-01-08 18:00:52,961:INFO: Sabri Eyuboglu  -- SNAP Group
2019-01-08 18:00:52,961:INFO: ======================================
2019-01-08 18:00:52,961:INFO: Loading Disease Associations...
2019-01-08 18:00:53,051:INFO: Loading Network...
2019-01-08 18:01:02,876:INFO: Loading PPI Matrices...
2019-01-08 18:01:10,874:INFO: Building Degree Buckets...
2019-01-08 18:01:10,964:INFO: Running Experiment...
2019-01-08 18:06:35,136:INFO: Metric Significance of Diseases in the PPI Network
2019-01-08 18:06:35,137:INFO: Sabri Eyuboglu  -- SNAP Group
2019-01-08 18:06:35,138:INFO: ======================================
2019-01-08 18:06:35,138:INFO: Loading Disease Associations...
2019-01-08 18:06:35,227:INFO: Loading Network...
2019-01-08 18:06:45,948:INFO: Loading PPI Matrices...
2019-01-08 18:06:53,674:INFO: Building Degree Buckets...
2019-01-08 18:06:53,984:INFO: Running Experiment...
2019-01-08 18:07:45,409:INFO: Metric Significance of Diseases in the PPI Network
2019-01-08 18:07:45,409:INFO: Sabri Eyuboglu  -- SNAP Group
2019-01-08 18:07:45,410:INFO: ======================================
2019-01-08 18:07:45,410:INFO: Loading Disease Associations...
2019-01-08 18:07:45,521:INFO: Loading Network...
2019-01-08 18:07:56,105:INFO: Loading PPI Matrices...
2019-01-08 18:08:02,373:INFO: Building Degree Buckets...
2019-01-08 18:08:02,486:INFO: Running Experiment...
2019-01-08 18:09:35,771:INFO: Metric Significance of Diseases in the PPI Network
2019-01-08 18:09:35,771:INFO: Sabri Eyuboglu  -- SNAP Group
2019-01-08 18:09:35,772:INFO: ======================================
2019-01-08 18:09:35,772:INFO: Loading Disease Associations...
2019-01-08 18:09:35,870:INFO: Loading Network...
2019-01-08 18:09:46,644:INFO: Loading PPI Matrices...
2019-01-08 18:09:53,049:INFO: Building Degree Buckets...
2019-01-08 18:09:53,167:INFO: Running Experiment...
2019-01-08 18:14:29,179:INFO: Metric Significance of Diseases in the PPI Network
2019-01-08 18:14:29,182:INFO: Sabri Eyuboglu  -- SNAP Group
2019-01-08 18:14:29,182:INFO: ======================================
2019-01-08 18:14:29,182:INFO: Loading Disease Associations...
2019-01-08 18:14:29,270:INFO: Loading Network...
2019-01-08 18:14:38,608:INFO: Loading PPI Matrices...
2019-01-08 18:14:45,769:INFO: Building Degree Buckets...
2019-01-08 18:14:45,910:INFO: Running Experiment...
2019-01-08 18:15:17,922:INFO: Metric Significance of Diseases in the PPI Network
2019-01-08 18:15:17,923:INFO: Sabri Eyuboglu  -- SNAP Group
2019-01-08 18:15:17,923:INFO: ======================================
2019-01-08 18:15:17,923:INFO: Loading Disease Associations...
2019-01-08 18:15:18,026:INFO: Loading Network...
2019-01-08 18:15:29,201:INFO: Loading PPI Matrices...
2019-01-08 18:15:35,622:INFO: Building Degree Buckets...
2019-01-08 18:15:35,773:INFO: Running Experiment...
2019-01-08 18:17:38,274:INFO: Metric Significance of Diseases in the PPI Network
2019-01-08 18:17:38,274:INFO: Sabri Eyuboglu  -- SNAP Group
2019-01-08 18:17:38,274:INFO: ======================================
2019-01-08 18:17:38,274:INFO: Loading Disease Associations...
2019-01-08 18:18:00,863:INFO: Metric Significance of Diseases in the PPI Network
2019-01-08 18:18:00,863:INFO: Sabri Eyuboglu  -- SNAP Group
2019-01-08 18:18:00,863:INFO: ======================================
2019-01-08 18:18:00,863:INFO: Loading Disease Associations...
2019-01-08 18:18:16,786:INFO: Metric Significance of Diseases in the PPI Network
2019-01-08 18:18:16,786:INFO: Sabri Eyuboglu  -- SNAP Group
2019-01-08 18:18:16,787:INFO: ======================================
2019-01-08 18:18:16,787:INFO: Loading Disease Associations...
2019-01-08 18:18:16,873:INFO: Loading Network...
2019-01-08 18:18:26,715:INFO: Loading PPI Matrices...
2019-01-08 18:18:32,812:INFO: Building Degree Buckets...
2019-01-08 18:18:32,945:INFO: Running Experiment...
2019-01-08 18:19:37,640:INFO: Metric Significance of Diseases in the PPI Network
2019-01-08 18:19:37,640:INFO: Sabri Eyuboglu  -- SNAP Group
2019-01-08 18:19:37,640:INFO: ======================================
2019-01-08 18:19:37,640:INFO: Loading Disease Associations...
2019-01-08 18:20:01,699:INFO: Metric Significance of Diseases in the PPI Network
2019-01-08 18:20:01,699:INFO: Sabri Eyuboglu  -- SNAP Group
2019-01-08 18:20:01,699:INFO: ======================================
2019-01-08 18:20:01,699:INFO: Loading Disease Associations...
2019-01-08 18:20:01,788:INFO: Loading Network...
2019-01-08 18:20:11,609:INFO: Loading PPI Matrices...
2019-01-08 18:20:18,312:INFO: Building Degree Buckets...
2019-01-08 18:20:18,445:INFO: Running Experiment...
2019-01-09 09:24:15,032:INFO: Metric Significance of Diseases in the PPI Network
2019-01-09 09:24:15,033:INFO: Sabri Eyuboglu  -- SNAP Group
2019-01-09 09:24:15,033:INFO: ======================================
2019-01-09 09:24:15,033:INFO: Loading Disease Associations...
2019-01-09 09:24:35,313:INFO: Metric Significance of Diseases in the PPI Network
2019-01-09 09:24:35,313:INFO: Sabri Eyuboglu  -- SNAP Group
2019-01-09 09:24:35,313:INFO: ======================================
2019-01-09 09:24:35,313:INFO: Loading Disease Associations...
2019-01-09 09:25:06,207:INFO: Metric Significance of Diseases in the PPI Network
2019-01-09 09:25:06,207:INFO: Sabri Eyuboglu  -- SNAP Group
2019-01-09 09:25:06,207:INFO: ======================================
2019-01-09 09:25:06,207:INFO: Loading Disease Associations...
2019-01-09 09:30:08,739:INFO: Metric Significance of Diseases in the PPI Network
2019-01-09 09:30:08,741:INFO: Sabri Eyuboglu  -- SNAP Group
2019-01-09 09:30:08,741:INFO: ======================================
2019-01-09 09:30:08,741:INFO: Loading Disease Associations...
2019-01-09 09:30:27,620:INFO: Metric Significance of Diseases in the PPI Network
2019-01-09 09:30:27,621:INFO: Sabri Eyuboglu  -- SNAP Group
2019-01-09 09:30:27,621:INFO: ======================================
2019-01-09 09:30:27,621:INFO: Loading Disease Associations...
2019-01-09 09:30:43,200:INFO: Metric Significance of Diseases in the PPI Network
2019-01-09 09:30:43,200:INFO: Sabri Eyuboglu  -- SNAP Group
2019-01-09 09:30:43,200:INFO: ======================================
2019-01-09 09:30:43,200:INFO: Loading Disease Associations...
2019-01-09 09:33:17,198:INFO: Metric Significance of Diseases in the PPI Network
2019-01-09 09:33:17,198:INFO: Sabri Eyuboglu  -- SNAP Group
2019-01-09 09:33:17,198:INFO: ======================================
2019-01-09 09:33:17,199:INFO: Loading Disease Associations...
2019-01-09 09:35:08,517:INFO: Metric Significance of Diseases in the PPI Network
2019-01-09 09:35:08,517:INFO: Sabri Eyuboglu  -- SNAP Group
2019-01-09 09:35:08,517:INFO: ======================================
2019-01-09 09:35:08,517:INFO: Loading Disease Associations...
2019-01-09 09:36:13,872:INFO: Metric Significance of Diseases in the PPI Network
2019-01-09 09:36:13,872:INFO: Sabri Eyuboglu  -- SNAP Group
2019-01-09 09:36:13,873:INFO: ======================================
2019-01-09 09:36:13,873:INFO: Loading Disease Associations...
2019-01-09 09:37:04,346:INFO: Metric Significance of Diseases in the PPI Network
2019-01-09 09:37:04,346:INFO: Sabri Eyuboglu  -- SNAP Group
2019-01-09 09:37:04,347:INFO: ======================================
2019-01-09 09:37:04,347:INFO: Loading Disease Associations...
2019-01-09 09:37:54,579:INFO: Metric Significance of Diseases in the PPI Network
2019-01-09 09:37:54,579:INFO: Sabri Eyuboglu  -- SNAP Group
2019-01-09 09:37:54,580:INFO: ======================================
2019-01-09 09:37:54,580:INFO: Loading Disease Associations...
2019-01-09 09:41:21,860:INFO: Metric Significance of Diseases in the PPI Network
2019-01-09 09:41:21,860:INFO: Sabri Eyuboglu  -- SNAP Group
2019-01-09 09:41:21,861:INFO: ======================================
2019-01-09 09:41:21,861:INFO: Loading Disease Associations...
2019-01-09 09:50:35,499:INFO: Metric Significance of Diseases in the PPI Network
2019-01-09 09:50:35,499:INFO: Sabri Eyuboglu  -- SNAP Group
2019-01-09 09:50:35,499:INFO: ======================================
2019-01-09 09:50:35,500:INFO: Loading Disease Associations...
2019-01-09 09:50:52,504:INFO: Metric Significance of Diseases in the PPI Network
2019-01-09 09:50:52,504:INFO: Sabri Eyuboglu  -- SNAP Group
2019-01-09 09:50:52,504:INFO: ======================================
2019-01-09 09:50:52,504:INFO: Loading Disease Associations...
2019-01-09 09:51:18,449:INFO: Metric Significance of Diseases in the PPI Network
2019-01-09 09:51:18,449:INFO: Sabri Eyuboglu  -- SNAP Group
2019-01-09 09:51:18,449:INFO: ======================================
2019-01-09 09:51:18,449:INFO: Loading Disease Associations...
2019-01-09 09:51:51,044:INFO: Metric Significance of Diseases in the PPI Network
2019-01-09 09:51:51,044:INFO: Sabri Eyuboglu  -- SNAP Group
2019-01-09 09:51:51,044:INFO: ======================================
2019-01-09 09:51:51,044:INFO: Loading Disease Associations...
2019-01-09 10:05:30,541:INFO: Metric Significance of Diseases in the PPI Network
2019-01-09 10:05:30,542:INFO: Sabri Eyuboglu  -- SNAP Group
2019-01-09 10:05:30,542:INFO: ======================================
2019-01-09 10:05:30,542:INFO: Loading Disease Associations...
2019-01-17 13:24:11,917:INFO: Metric Significance of Diseases in the PPI Network
2019-01-17 13:24:11,918:INFO: Sabri Eyuboglu  -- SNAP Group
2019-01-17 13:24:11,919:INFO: ======================================
2019-01-17 13:24:11,919:INFO: Loading Disease Associations...
