2019-07-29 18:28:33,216:INFO: Disease Protein Prediction in the PPI Network
2019-07-29 18:28:33,216:INFO: Sabri Eyuboglu  -- SNAP Group
2019-07-29 18:28:33,216:INFO: ======================================
2019-07-29 18:28:33,216:INFO: Loading PPI Network...
2019-07-29 18:28:41,740:INFO: Loading Disease Associations...
2019-07-29 18:29:28,036:INFO: Disease Protein Prediction in the PPI Network
2019-07-29 18:29:28,037:INFO: Sabri Eyuboglu  -- SNAP Group
2019-07-29 18:29:28,037:INFO: ======================================
2019-07-29 18:29:28,037:INFO: Loading PPI Network...
2019-07-29 18:29:34,817:INFO: Loading Disease Associations...
2019-07-29 18:29:35,130:INFO: Running Experiment...
2019-07-30 08:56:07,629:INFO: Disease Protein Prediction in the PPI Network
2019-07-30 08:56:07,629:INFO: Sabri Eyuboglu  -- SNAP Group
2019-07-30 08:56:07,629:INFO: ======================================
2019-07-30 08:56:07,629:INFO: Loading PPI Network...
2019-07-30 08:56:16,631:INFO: Loading Disease Associations...
2019-07-30 08:56:16,765:INFO: Running Experiment...
2019-07-30 08:56:47,245:INFO: Disease Protein Prediction in the PPI Network
2019-07-30 08:56:47,245:INFO: Sabri Eyuboglu  -- SNAP Group
2019-07-30 08:56:47,245:INFO: ======================================
2019-07-30 08:56:47,245:INFO: Loading PPI Network...
2019-07-30 08:56:53,985:INFO: Loading Disease Associations...
2019-07-30 08:56:54,088:INFO: Running Experiment...
2019-07-30 08:59:20,754:INFO: Disease Protein Prediction in the PPI Network
2019-07-30 08:59:20,754:INFO: Sabri Eyuboglu  -- SNAP Group
2019-07-30 08:59:20,755:INFO: ======================================
2019-07-30 08:59:20,755:INFO: Loading PPI Network...
2019-07-30 08:59:27,665:INFO: Loading Disease Associations...
2019-07-30 08:59:27,777:INFO: Running Experiment...
2019-07-30 09:03:49,166:INFO: Disease Protein Prediction in the PPI Network
2019-07-30 09:03:49,167:INFO: Sabri Eyuboglu  -- SNAP Group
2019-07-30 09:03:49,167:INFO: ======================================
2019-07-30 09:03:49,167:INFO: Loading PPI Network...
2019-07-30 09:03:56,293:INFO: Loading Disease Associations...
2019-07-30 09:03:56,402:INFO: Running Experiment...
2019-07-30 09:05:10,394:INFO: Disease Protein Prediction in the PPI Network
2019-07-30 09:05:10,395:INFO: Sabri Eyuboglu  -- SNAP Group
2019-07-30 09:05:10,395:INFO: ======================================
2019-07-30 09:05:10,395:INFO: Loading PPI Network...
2019-07-30 09:05:17,109:INFO: Loading Disease Associations...
2019-07-30 09:05:17,208:INFO: Running Experiment...
2019-07-30 09:06:00,386:INFO: Disease Protein Prediction in the PPI Network
2019-07-30 09:06:00,386:INFO: Sabri Eyuboglu  -- SNAP Group
2019-07-30 09:06:00,386:INFO: ======================================
2019-07-30 09:06:00,386:INFO: Loading PPI Network...
2019-07-30 09:06:07,101:INFO: Loading Disease Associations...
2019-07-30 09:06:07,203:INFO: Running Experiment...
2019-07-30 09:07:17,312:INFO: Disease Protein Prediction in the PPI Network
2019-07-30 09:07:17,312:INFO: Sabri Eyuboglu  -- SNAP Group
2019-07-30 09:07:17,312:INFO: ======================================
2019-07-30 09:07:17,312:INFO: Loading PPI Network...
2019-07-30 09:07:24,070:INFO: Loading Disease Associations...
2019-07-30 09:07:24,170:INFO: Running Experiment...
2019-07-30 09:09:00,429:INFO: Disease Protein Prediction in the PPI Network
2019-07-30 09:09:00,430:INFO: Sabri Eyuboglu  -- SNAP Group
2019-07-30 09:09:00,430:INFO: ======================================
2019-07-30 09:09:00,430:INFO: Loading PPI Network...
2019-07-30 09:09:07,209:INFO: Loading Disease Associations...
2019-07-30 09:09:07,307:INFO: Running Experiment...
2019-07-30 09:09:26,925:INFO: Disease Protein Prediction in the PPI Network
2019-07-30 09:09:26,926:INFO: Sabri Eyuboglu  -- SNAP Group
2019-07-30 09:09:26,926:INFO: ======================================
2019-07-30 09:09:26,926:INFO: Loading PPI Network...
2019-07-30 09:09:33,671:INFO: Loading Disease Associations...
2019-07-30 09:09:33,768:INFO: Running Experiment...
2019-07-30 09:09:45,472:INFO: Disease Protein Prediction in the PPI Network
2019-07-30 09:09:45,472:INFO: Sabri Eyuboglu  -- SNAP Group
2019-07-30 09:09:45,472:INFO: ======================================
2019-07-30 09:09:45,472:INFO: Loading PPI Network...
2019-07-30 09:09:52,494:INFO: Loading Disease Associations...
2019-07-30 09:09:52,595:INFO: Running Experiment...
2019-07-30 09:44:41,260:INFO: Disease Protein Prediction in the PPI Network
2019-07-30 09:44:41,261:INFO: Sabri Eyuboglu  -- SNAP Group
2019-07-30 09:44:41,261:INFO: ======================================
2019-07-30 09:44:41,261:INFO: Loading PPI Network...
2019-07-30 09:44:49,355:INFO: Loading Disease Associations...
2019-07-30 09:44:49,793:INFO: Running Experiment...
2019-07-30 15:06:00,011:INFO: Disease Protein Prediction in the PPI Network
2019-07-30 15:06:00,012:INFO: Sabri Eyuboglu  -- SNAP Group
2019-07-30 15:06:00,012:INFO: ======================================
2019-07-30 15:06:00,012:INFO: Loading PPI Network...
2019-07-30 15:06:15,268:INFO: Loading Disease Associations...
2019-07-30 15:06:39,850:INFO: Disease Protein Prediction in the PPI Network
2019-07-30 15:06:39,850:INFO: Sabri Eyuboglu  -- SNAP Group
2019-07-30 15:06:39,850:INFO: ======================================
2019-07-30 15:06:39,850:INFO: Loading PPI Network...
2019-07-30 15:06:54,105:INFO: Loading Disease Associations...
2019-07-30 15:06:54,108:INFO: Running Experiment...
