2019-07-30 12:17:59,149:INFO: Loading Disease Associations...
2019-07-30 12:17:59,210:INFO: Recall Curve
2019-07-30 12:17:59,210:INFO: Sabri Eyuboglu  -- SNAP Group
2019-07-30 12:17:59,210:INFO: ======================================
2019-07-30 12:17:59,211:INFO: Mutual Interactor
2019-07-30 12:18:50,433:INFO: Loading Disease Associations...
2019-07-30 12:19:31,184:INFO: Loading Disease Associations...
2019-07-30 12:19:31,636:INFO: Recall Curve
2019-07-30 12:19:31,636:INFO: Sabri Eyuboglu  -- SNAP Group
2019-07-30 12:19:31,636:INFO: ======================================
2019-07-30 12:19:31,637:INFO: Mutual Interactor
2019-07-30 12:19:31,638:INFO: recall-at-10: nan
2019-07-30 12:19:31,639:INFO: recall-at-25: nan
2019-07-30 12:19:31,903:INFO: Random Walk
2019-07-30 12:19:31,904:INFO: recall-at-10: nan
2019-07-30 12:19:31,904:INFO: recall-at-25: nan
2019-07-30 12:19:31,912:INFO: Direct Neighbor
2019-07-30 12:19:31,914:INFO: recall-at-10: nan
2019-07-30 12:19:31,914:INFO: recall-at-25: nan
2019-07-30 12:19:32,062:WARNING: No handles with labels found to put in legend.
2019-07-30 12:19:32,095:WARNING: posx and posy should be finite values
2019-07-30 12:19:32,095:WARNING: posx and posy should be finite values
2019-07-30 12:26:02,767:INFO: Loading Disease Associations...
2019-07-30 12:26:03,227:INFO: Recall Curve
2019-07-30 12:26:03,227:INFO: Sabri Eyuboglu  -- SNAP Group
2019-07-30 12:26:03,227:INFO: ======================================
2019-07-30 12:26:03,227:INFO: Mutual Interactor
2019-07-30 12:26:03,246:INFO: recall-at-10: 0.3196488427737757
2019-07-30 12:26:03,246:INFO: recall-at-25: 0.42553845105909477
2019-07-30 12:26:03,448:INFO: Random Walk
2019-07-30 12:26:03,470:INFO: recall-at-10: 0.12277158941625116
2019-07-30 12:26:03,470:INFO: recall-at-25: 0.19886899756429932
2019-07-30 12:26:03,488:INFO: Direct Neighbor
2019-07-30 12:26:03,508:INFO: recall-at-10: 0.11616617594759344
2019-07-30 12:26:03,508:INFO: recall-at-25: 0.17842651315134617
2019-07-30 13:38:03,709:INFO: Loading Disease Associations...
2019-07-30 13:38:04,149:INFO: Recall Curve
2019-07-30 13:38:04,150:INFO: Sabri Eyuboglu  -- SNAP Group
2019-07-30 13:38:04,150:INFO: ======================================
2019-07-30 13:38:04,150:INFO: Mutual Interactor
2019-07-30 13:38:04,169:INFO: recall-at-10: 0.3196488427737757
2019-07-30 13:38:04,170:INFO: recall-at-25: 0.42553845105909477
2019-07-30 13:38:04,422:INFO: Random Network Mutual Interactor
2019-07-30 13:38:04,446:INFO: recall-at-10: 0.00017818959372772628
2019-07-30 13:38:04,446:INFO: recall-at-25: 0.0008649619862200048
2019-07-30 13:38:04,462:INFO: Random Walk
2019-07-30 13:38:04,482:INFO: recall-at-10: 0.12277158941625116
2019-07-30 13:38:04,482:INFO: recall-at-25: 0.19886899756429932
2019-07-30 13:38:04,498:INFO: Direct Neighbor
2019-07-30 13:38:04,516:INFO: recall-at-10: 0.11616617594759344
2019-07-30 13:38:04,516:INFO: recall-at-25: 0.17842651315134617
2019-07-30 15:33:22,559:INFO: Loading Disease Associations...
2019-07-30 15:33:23,001:INFO: Recall Curve
2019-07-30 15:33:23,001:INFO: Sabri Eyuboglu  -- SNAP Group
2019-07-30 15:33:23,001:INFO: ======================================
2019-07-30 15:33:23,001:INFO: Mutual Interactor
2019-07-30 15:33:23,018:INFO: recall-at-10: 0.2699014177976572
2019-07-30 15:33:23,018:INFO: recall-at-25: 0.37210778111789655
2019-07-30 15:33:23,202:INFO: Random Walk
2019-07-30 15:33:23,218:INFO: recall-at-10: 0.09601144364984066
2019-07-30 15:33:23,218:INFO: recall-at-25: 0.16381192727628135
2019-07-30 15:33:23,234:INFO: Direct Neighbor
2019-07-30 15:33:23,247:INFO: recall-at-10: 0.08206245051918669
2019-07-30 15:33:23,247:INFO: recall-at-25: 0.13216254073599584
2019-07-30 15:37:07,469:INFO: Loading Disease Associations...
2019-07-30 15:37:07,902:INFO: Recall Curve
2019-07-30 15:37:07,902:INFO: Sabri Eyuboglu  -- SNAP Group
2019-07-30 15:37:07,903:INFO: ======================================
2019-07-30 15:37:07,903:INFO: Mutual Interactor
2019-07-30 15:37:07,920:INFO: recall-at-10: 0.2699014177976572
2019-07-30 15:37:07,920:INFO: recall-at-25: 0.37210778111789655
2019-07-30 15:37:08,098:INFO: Random Walk
2019-07-30 15:37:08,114:INFO: recall-at-10: 0.09601144364984066
2019-07-30 15:37:08,114:INFO: recall-at-25: 0.16381192727628135
2019-07-30 15:37:08,144:INFO: Direct Neighbor
2019-07-30 15:37:08,160:INFO: recall-at-10: 0.08206245051918669
2019-07-30 15:37:08,160:INFO: recall-at-25: 0.13216254073599584
2019-07-30 15:39:26,100:INFO: Loading Disease Associations...
2019-07-30 15:39:26,535:INFO: Recall Curve
2019-07-30 15:39:26,536:INFO: Sabri Eyuboglu  -- SNAP Group
2019-07-30 15:39:26,536:INFO: ======================================
2019-07-30 15:39:26,536:INFO: Mutual Interactor
2019-07-30 15:39:26,553:INFO: recall-at-10: 0.2699014177976572
2019-07-30 15:39:26,553:INFO: recall-at-25: 0.37210778111789655
2019-07-30 15:39:26,715:INFO: Random Walk
2019-07-30 15:39:26,731:INFO: recall-at-10: 0.09601144364984066
2019-07-30 15:39:26,731:INFO: recall-at-25: 0.16381192727628135
2019-07-30 15:39:26,746:INFO: Direct Neighbor
2019-07-30 15:39:26,762:INFO: recall-at-10: 0.08206245051918669
2019-07-30 15:39:26,762:INFO: recall-at-25: 0.13216254073599584
2019-07-30 15:45:34,819:INFO: Loading Disease Associations...
2019-07-30 15:45:35,270:INFO: Recall Curve
2019-07-30 15:45:35,272:INFO: Sabri Eyuboglu  -- SNAP Group
2019-07-30 15:45:35,272:INFO: ======================================
2019-07-30 15:45:35,272:INFO: Mutual Interactor
2019-07-30 15:45:35,288:INFO: recall-at-10: 0.2699014177976572
2019-07-30 15:45:35,288:INFO: recall-at-25: 0.37210778111789655
2019-07-30 15:45:35,448:INFO: Milieu
2019-07-30 15:45:35,465:INFO: recall-at-10: 0.1958895277591305
2019-07-30 15:45:35,465:INFO: recall-at-25: 0.28975743546911653
2019-07-30 15:45:35,481:INFO: Random Walk
2019-07-30 15:45:35,498:INFO: recall-at-10: 0.09601144364984066
2019-07-30 15:45:35,498:INFO: recall-at-25: 0.16381192727628135
2019-07-30 15:45:35,514:INFO: Direct Neighbor
2019-07-30 15:45:35,530:INFO: recall-at-10: 0.08206245051918669
2019-07-30 15:45:35,530:INFO: recall-at-25: 0.13216254073599584
2019-07-30 16:54:06,990:INFO: Loading Disease Associations...
2019-07-30 16:54:07,434:INFO: Recall Curve
2019-07-30 16:54:07,434:INFO: Sabri Eyuboglu  -- SNAP Group
2019-07-30 16:54:07,434:INFO: ======================================
2019-07-30 16:54:07,434:INFO: Mutual Interactor
2019-07-30 16:54:07,451:INFO: recall-at-10: 0.2699014177976572
2019-07-30 16:54:07,451:INFO: recall-at-25: 0.37210778111789655
2019-07-30 16:54:07,570:INFO: Milieu
2019-07-30 16:54:07,586:INFO: recall-at-10: 0.21060729364394862
2019-07-30 16:54:07,586:INFO: recall-at-25: 0.28338165386858577
2019-07-30 16:54:07,603:INFO: Random Walk
2019-07-30 16:54:07,619:INFO: recall-at-10: 0.09601144364984066
2019-07-30 16:54:07,619:INFO: recall-at-25: 0.16381192727628135
2019-07-30 16:54:07,640:INFO: Direct Neighbor
2019-07-30 16:54:07,656:INFO: recall-at-10: 0.08206245051918669
2019-07-30 16:54:07,656:INFO: recall-at-25: 0.13216254073599584
2019-07-30 17:45:23,336:INFO: Loading Disease Associations...
2019-07-30 17:45:23,777:INFO: Recall Curve
2019-07-30 17:45:23,777:INFO: Sabri Eyuboglu  -- SNAP Group
2019-07-30 17:45:23,777:INFO: ======================================
2019-07-30 17:45:23,777:INFO: Mutual Interactor
2019-07-30 17:45:23,795:INFO: recall-at-10: 0.2699014177976572
2019-07-30 17:45:23,796:INFO: recall-at-25: 0.37210778111789655
2019-07-30 17:45:24,020:INFO: Milieu
2019-07-30 17:45:24,037:INFO: recall-at-10: 0.23724605097606177
2019-07-30 17:45:24,037:INFO: recall-at-25: 0.3205190645635181
2019-07-30 17:45:24,054:INFO: Random Walk
2019-07-30 17:45:24,072:INFO: recall-at-10: 0.09601144364984066
2019-07-30 17:45:24,072:INFO: recall-at-25: 0.16381192727628135
2019-07-30 17:45:24,092:INFO: Direct Neighbor
2019-07-30 17:45:24,108:INFO: recall-at-10: 0.08206245051918669
2019-07-30 17:45:24,109:INFO: recall-at-25: 0.13216254073599584
2019-07-30 22:00:37,541:INFO: Loading Disease Associations...
2019-07-30 22:00:38,018:INFO: Recall Curve
2019-07-30 22:00:38,018:INFO: Sabri Eyuboglu  -- SNAP Group
2019-07-30 22:00:38,018:INFO: ======================================
2019-07-30 22:00:38,018:INFO: Mutual Interactor
2019-07-30 22:00:38,038:INFO: recall-at-10: 0.2699014177976572
2019-07-30 22:00:38,038:INFO: recall-at-25: 0.37210778111789655
2019-07-30 22:00:38,250:INFO: Milieu
2019-07-30 22:00:38,264:INFO: recall-at-10: 0.2763566323432088
2019-07-30 22:00:38,264:INFO: recall-at-25: 0.3657595449193576
2019-07-30 22:00:38,280:INFO: Random Walk
2019-07-30 22:00:38,298:INFO: recall-at-10: 0.09601144364984066
2019-07-30 22:00:38,298:INFO: recall-at-25: 0.16381192727628135
2019-07-30 22:00:38,314:INFO: Direct Neighbor
2019-07-30 22:00:38,329:INFO: recall-at-10: 0.08206245051918669
2019-07-30 22:00:38,330:INFO: recall-at-25: 0.13216254073599584
2019-08-01 19:14:08,443:INFO: Loading Disease Associations...
2019-08-01 19:14:08,911:INFO: Recall Curve
2019-08-01 19:14:08,911:INFO: Sabri Eyuboglu  -- SNAP Group
2019-08-01 19:14:08,911:INFO: ======================================
2019-08-01 19:14:08,911:INFO: Mutual Interactor
2019-08-01 19:14:08,930:INFO: recall-at-10: 0.2699014177976572
2019-08-01 19:14:08,930:INFO: recall-at-25: 0.37210778111789655
2019-08-01 19:14:09,176:INFO: Milieu
2019-08-01 19:14:09,194:INFO: recall-at-10: 0.2763566323432088
2019-08-01 19:14:09,194:INFO: recall-at-25: 0.3657595449193576
2019-08-01 19:14:09,214:INFO: Matrix Factorization
2019-08-01 19:14:09,227:INFO: recall-at-10: 0.3047742301674561
2019-08-01 19:14:09,227:INFO: recall-at-25: 0.3671700735031366
2019-08-01 19:14:09,246:INFO: Random Walk
2019-08-01 19:14:09,264:INFO: recall-at-10: 0.09601144364984066
2019-08-01 19:14:09,265:INFO: recall-at-25: 0.16381192727628135
2019-08-01 19:14:09,284:INFO: Direct Neighbor
2019-08-01 19:14:09,300:INFO: recall-at-10: 0.08206245051918669
2019-08-01 19:14:09,300:INFO: recall-at-25: 0.13216254073599584
2019-08-01 19:15:35,653:INFO: Loading Disease Associations...
2019-08-01 19:15:36,091:INFO: Recall Curve
2019-08-01 19:15:36,091:INFO: Sabri Eyuboglu  -- SNAP Group
2019-08-01 19:15:36,091:INFO: ======================================
2019-08-01 19:15:36,091:INFO: Mutual Interactor
2019-08-01 19:15:36,110:INFO: recall-at-10: 0.2699014177976572
2019-08-01 19:15:36,110:INFO: recall-at-25: 0.37210778111789655
2019-08-01 19:15:36,284:INFO: Milieu
2019-08-01 19:15:36,301:INFO: recall-at-10: 0.2763566323432088
2019-08-01 19:15:36,301:INFO: recall-at-25: 0.3657595449193576
2019-08-01 19:15:36,332:INFO: Matrix Factorization
2019-08-01 19:15:36,345:INFO: recall-at-10: 0.3047742301674561
2019-08-01 19:15:36,345:INFO: recall-at-25: 0.3671700735031366
2019-08-01 19:15:36,377:INFO: Random Walk
2019-08-01 19:15:36,395:INFO: recall-at-10: 0.09601144364984066
2019-08-01 19:15:36,395:INFO: recall-at-25: 0.16381192727628135
2019-08-01 19:15:36,427:INFO: Direct Neighbor
2019-08-01 19:15:36,443:INFO: recall-at-10: 0.08206245051918669
2019-08-01 19:15:36,443:INFO: recall-at-25: 0.13216254073599584
2019-08-01 19:18:03,412:INFO: Loading Disease Associations...
2019-08-01 19:18:03,841:INFO: Recall Curve
2019-08-01 19:18:03,842:INFO: Sabri Eyuboglu  -- SNAP Group
2019-08-01 19:18:03,842:INFO: ======================================
2019-08-01 19:18:03,842:INFO: Mutual Interactor
2019-08-01 19:18:03,858:INFO: recall-at-10: 0.2699014177976572
2019-08-01 19:18:03,858:INFO: recall-at-25: 0.37210778111789655
2019-08-01 19:18:03,979:INFO: Milieu
2019-08-01 19:18:03,994:INFO: recall-at-10: 0.2763566323432088
2019-08-01 19:18:03,994:INFO: recall-at-25: 0.3657595449193576
2019-08-01 19:18:04,010:INFO: Matrix Factorization
2019-08-01 19:18:04,023:INFO: recall-at-10: 0.3047742301674561
2019-08-01 19:18:04,023:INFO: recall-at-25: 0.3671700735031366
2019-08-01 19:18:04,041:INFO: Random Walk
2019-08-01 19:18:04,060:INFO: recall-at-10: 0.09601144364984066
2019-08-01 19:18:04,060:INFO: recall-at-25: 0.16381192727628135
2019-08-01 19:18:04,080:INFO: Direct Neighbor
2019-08-01 19:18:04,095:INFO: recall-at-10: 0.08206245051918669
2019-08-01 19:18:04,095:INFO: recall-at-25: 0.13216254073599584
2019-08-02 08:55:36,613:INFO: Loading Disease Associations...
2019-08-02 08:55:37,065:INFO: Recall Curve
2019-08-02 08:55:37,065:INFO: Sabri Eyuboglu  -- SNAP Group
2019-08-02 08:55:37,065:INFO: ======================================
2019-08-02 08:55:37,065:INFO: Milieu
2019-08-02 08:55:37,084:INFO: recall-at-10: 0.2763566323432088
2019-08-02 08:55:37,084:INFO: recall-at-25: 0.3657595449193576
2019-08-02 08:55:37,359:INFO: Matrix Factorization
2019-08-02 08:55:37,374:INFO: recall-at-10: 0.3047742301674561
2019-08-02 08:55:37,374:INFO: recall-at-25: 0.3671700735031366
2019-08-02 08:55:37,394:INFO: GCN
2019-08-02 08:55:37,417:INFO: recall-at-10: 0.24362104102694923
2019-08-02 08:55:37,417:INFO: recall-at-25: 0.3217355676245326
2019-08-02 08:55:37,437:INFO: Random Walk
2019-08-02 08:55:37,458:INFO: recall-at-10: 0.09601144364984066
2019-08-02 08:55:37,458:INFO: recall-at-25: 0.16381192727628135
2019-08-02 08:55:37,486:INFO: Direct Neighbor
2019-08-02 08:55:37,504:INFO: recall-at-10: 0.08206245051918669
2019-08-02 08:55:37,504:INFO: recall-at-25: 0.13216254073599584
2019-08-02 08:57:19,254:INFO: Loading Disease Associations...
2019-08-02 08:57:19,695:INFO: Recall Curve
2019-08-02 08:57:19,695:INFO: Sabri Eyuboglu  -- SNAP Group
2019-08-02 08:57:19,695:INFO: ======================================
2019-08-02 08:57:19,695:INFO: Milieu
2019-08-02 08:57:19,865:INFO: Matrix Factorization
2019-08-02 08:57:19,896:INFO: GCN
2019-08-02 08:57:19,936:INFO: Random Walk
2019-08-02 08:57:19,971:INFO: Direct Neighbor
2019-08-02 08:57:46,922:INFO: Loading Disease Associations...
2019-08-02 08:57:47,364:INFO: Recall Curve
2019-08-02 08:57:47,364:INFO: Sabri Eyuboglu  -- SNAP Group
2019-08-02 08:57:47,364:INFO: ======================================
2019-08-02 08:57:47,364:INFO: Milieu
2019-08-02 08:57:47,524:INFO: Matrix Factorization
2019-08-02 08:57:47,558:INFO: GCN
2019-08-02 08:57:47,601:INFO: Random Walk
2019-08-02 08:57:47,641:INFO: Direct Neighbor
2019-08-02 08:58:28,507:INFO: Loading Disease Associations...
2019-08-02 08:58:28,953:INFO: Recall Curve
2019-08-02 08:58:28,953:INFO: Sabri Eyuboglu  -- SNAP Group
2019-08-02 08:58:28,953:INFO: ======================================
2019-08-02 08:58:28,954:INFO: Milieu
2019-08-02 08:58:29,144:INFO: Matrix Factorization
2019-08-02 08:58:29,182:INFO: GCN
2019-08-02 08:58:29,228:INFO: Random Walk
2019-08-02 08:58:29,269:INFO: Direct Neighbor
2019-08-02 08:58:49,854:INFO: Loading Disease Associations...
2019-08-02 08:58:50,294:INFO: Recall Curve
2019-08-02 08:58:50,294:INFO: Sabri Eyuboglu  -- SNAP Group
2019-08-02 08:58:50,294:INFO: ======================================
2019-08-02 08:58:50,295:INFO: Milieu
2019-08-02 08:58:50,439:INFO: Matrix Factorization
2019-08-02 08:58:50,479:INFO: GCN
2019-08-02 08:58:50,523:INFO: Random Walk
2019-08-02 08:58:50,565:INFO: Direct Neighbor
2019-08-02 11:16:04,891:INFO: Loading Disease Associations...
2019-08-02 11:16:05,332:INFO: Recall Curve
2019-08-02 11:16:05,332:INFO: Sabri Eyuboglu  -- SNAP Group
2019-08-02 11:16:05,332:INFO: ======================================
2019-08-02 11:16:05,332:INFO: Milieu
2019-08-02 11:16:05,563:INFO: Matrix Factorization
2019-08-02 11:16:05,596:INFO: GCN
2019-08-02 11:16:05,640:INFO: Random Walk
2019-08-02 11:16:05,680:INFO: node2vec
2019-08-02 11:16:05,722:INFO: Direct Neighbor
