2019-07-30 16:43:08,813:INFO: Metric Significance of Diseases in the PPI Network
2019-07-30 16:43:08,813:INFO: Sabri Eyuboglu  -- SNAP Group
2019-07-30 16:43:08,813:INFO: ======================================
2019-07-30 16:43:08,813:INFO: Loading Disease Associations...
2019-07-30 16:43:08,818:INFO: Loading Network...
2019-07-30 16:43:17,118:INFO: Loading PPI Matrices...
2019-07-30 16:43:22,275:INFO: Building Degree Buckets...
2019-07-30 16:43:22,320:INFO: Running Experiment...
2019-07-30 16:43:50,950:INFO: Metric Significance of Diseases in the PPI Network
2019-07-30 16:43:50,950:INFO: Sabri Eyuboglu  -- SNAP Group
2019-07-30 16:43:50,950:INFO: ======================================
2019-07-30 16:43:50,950:INFO: Loading Disease Associations...
2019-07-30 16:43:50,955:INFO: Loading Network...
2019-07-30 16:43:58,310:INFO: Loading PPI Matrices...
2019-07-30 16:44:01,014:INFO: Building Degree Buckets...
2019-07-30 16:44:01,050:INFO: Running Experiment...
2019-07-30 16:46:14,053:INFO: Metric Significance of Diseases in the PPI Network
2019-07-30 16:46:14,053:INFO: Sabri Eyuboglu  -- SNAP Group
2019-07-30 16:46:14,053:INFO: ======================================
2019-07-30 16:46:14,053:INFO: Loading Disease Associations...
