2018-06-20 18:50:50,967:INFO: Disease Protein Prediction in the PPI Network
2018-06-20 18:50:50,967:INFO: Sabri Eyuboglu  -- SNAP Group
2018-06-20 18:50:50,968:INFO: ======================================
2018-06-20 18:50:50,968:INFO: Loading PPI Network...
2018-06-20 18:51:20,661:INFO: Disease Protein Prediction in the PPI Network
2018-06-20 18:51:20,661:INFO: Sabri Eyuboglu  -- SNAP Group
2018-06-20 18:51:20,662:INFO: ======================================
2018-06-20 18:51:20,662:INFO: Loading PPI Network...
2018-06-20 18:51:30,772:INFO: Loading Disease Associations...
2018-06-20 18:51:30,833:INFO: Running Experiment...
2018-06-20 18:56:00,958:INFO: Experiment Progress: 0.2% -- 1/519
2018-06-20 18:56:00,959:INFO: Experiment Progress: 0.4% -- 2/519
2018-06-20 18:56:00,959:INFO: Experiment Progress: 0.6% -- 3/519
2018-06-20 18:56:00,959:INFO: Experiment Progress: 0.8% -- 4/519
2018-06-20 18:56:00,959:INFO: Experiment Progress: 1.0% -- 5/519
2018-06-20 18:56:00,960:INFO: Experiment Progress: 1.2% -- 6/519
2018-06-20 18:56:00,960:INFO: Experiment Progress: 1.3% -- 7/519
2018-06-20 18:56:03,012:INFO: Experiment Progress: 1.5% -- 8/519
2018-06-20 18:56:03,012:INFO: Experiment Progress: 1.7% -- 9/519
2018-06-20 18:56:03,012:INFO: Experiment Progress: 1.9% -- 10/519
2018-06-20 18:56:03,012:INFO: Experiment Progress: 2.1% -- 11/519
2018-06-20 18:56:03,012:INFO: Experiment Progress: 2.3% -- 12/519
2018-06-20 18:56:03,012:INFO: Experiment Progress: 2.5% -- 13/519
2018-06-20 18:56:03,030:INFO: Experiment Progress: 2.7% -- 14/519
2018-06-20 18:56:03,030:INFO: Experiment Progress: 2.9% -- 15/519
2018-06-20 18:56:03,030:INFO: Experiment Progress: 3.1% -- 16/519
2018-06-20 18:56:03,030:INFO: Experiment Progress: 3.3% -- 17/519
2018-06-20 18:56:03,031:INFO: Experiment Progress: 3.5% -- 18/519
2018-06-20 18:56:03,031:INFO: Experiment Progress: 3.7% -- 19/519
2018-06-20 18:56:03,031:INFO: Experiment Progress: 3.9% -- 20/519
2018-06-20 18:56:03,031:INFO: Experiment Progress: 4.0% -- 21/519
2018-06-20 18:56:03,031:INFO: Experiment Progress: 4.2% -- 22/519
2018-06-20 18:56:03,031:INFO: Experiment Progress: 4.4% -- 23/519
2018-06-20 18:56:03,031:INFO: Experiment Progress: 4.6% -- 24/519
2018-06-20 18:56:03,032:INFO: Experiment Progress: 4.8% -- 25/519
2018-06-20 18:56:04,265:INFO: Experiment Progress: 5.0% -- 26/519
2018-06-20 18:56:04,265:INFO: Experiment Progress: 5.2% -- 27/519
2018-06-20 18:56:04,265:INFO: Experiment Progress: 5.4% -- 28/519
2018-06-20 18:56:04,804:INFO: Experiment Progress: 5.6% -- 29/519
2018-06-20 18:56:04,804:INFO: Experiment Progress: 5.8% -- 30/519
2018-06-20 18:59:37,762:INFO: Experiment Progress: 6.0% -- 31/519
2018-06-20 18:59:48,603:INFO: Experiment Progress: 6.2% -- 32/519
2018-06-20 18:59:51,352:INFO: Experiment Progress: 6.4% -- 33/519
2018-06-20 18:59:51,352:INFO: Experiment Progress: 6.6% -- 34/519
2018-06-20 18:59:54,207:INFO: Experiment Progress: 6.7% -- 35/519
2018-06-20 18:59:54,208:INFO: Experiment Progress: 6.9% -- 36/519
2018-06-20 18:59:59,569:INFO: Experiment Progress: 7.1% -- 37/519
2018-06-20 19:00:00,229:INFO: Experiment Progress: 7.3% -- 38/519
2018-06-20 19:00:00,229:INFO: Experiment Progress: 7.5% -- 39/519
2018-06-20 19:00:01,508:INFO: Experiment Progress: 7.7% -- 40/519
2018-06-20 19:00:01,509:INFO: Experiment Progress: 7.9% -- 41/519
2018-06-20 19:00:01,509:INFO: Experiment Progress: 8.1% -- 42/519
2018-06-20 19:00:01,509:INFO: Experiment Progress: 8.3% -- 43/519
2018-06-20 19:00:01,509:INFO: Experiment Progress: 8.5% -- 44/519
2018-06-20 19:00:03,029:INFO: Experiment Progress: 8.7% -- 45/519
2018-06-20 19:00:03,135:INFO: Experiment Progress: 8.9% -- 46/519
2018-06-20 19:00:03,135:INFO: Experiment Progress: 9.1% -- 47/519
2018-06-20 19:00:03,135:INFO: Experiment Progress: 9.2% -- 48/519
2018-06-20 19:00:03,135:INFO: Experiment Progress: 9.4% -- 49/519
2018-06-20 19:00:03,461:INFO: Experiment Progress: 9.6% -- 50/519
2018-06-20 19:00:04,434:INFO: Experiment Progress: 9.8% -- 51/519
2018-06-20 19:00:04,434:INFO: Experiment Progress: 10.0% -- 52/519
2018-06-20 19:00:23,337:INFO: Experiment Progress: 10.2% -- 53/519
2018-06-20 19:00:27,876:INFO: Experiment Progress: 10.4% -- 54/519
2018-06-20 19:00:31,633:INFO: Experiment Progress: 10.6% -- 55/519
2018-06-20 19:00:32,828:INFO: Experiment Progress: 10.8% -- 56/519
2018-06-20 19:00:34,015:INFO: Experiment Progress: 11.0% -- 57/519
2018-06-20 19:00:34,015:INFO: Experiment Progress: 11.2% -- 58/519
2018-06-20 19:00:34,015:INFO: Experiment Progress: 11.4% -- 59/519
2018-06-20 19:00:34,015:INFO: Experiment Progress: 11.6% -- 60/519
2018-06-20 19:02:25,893:INFO: Experiment Progress: 11.8% -- 61/519
2018-06-20 19:03:28,961:INFO: Experiment Progress: 11.9% -- 62/519
2018-06-20 19:03:51,748:INFO: Experiment Progress: 12.1% -- 63/519
2018-06-20 19:03:54,491:INFO: Experiment Progress: 12.3% -- 64/519
2018-06-20 19:03:55,274:INFO: Experiment Progress: 12.5% -- 65/519
2018-06-20 19:03:59,412:INFO: Experiment Progress: 12.7% -- 66/519
2018-06-20 19:03:59,412:INFO: Experiment Progress: 12.9% -- 67/519
2018-06-20 19:04:10,763:INFO: Experiment Progress: 13.1% -- 68/519
2018-06-20 19:04:12,237:INFO: Experiment Progress: 13.3% -- 69/519
2018-06-20 19:04:14,095:INFO: Experiment Progress: 13.5% -- 70/519
2018-06-20 19:04:14,096:INFO: Experiment Progress: 13.7% -- 71/519
2018-06-20 19:04:14,581:INFO: Experiment Progress: 13.9% -- 72/519
2018-06-20 19:04:14,648:INFO: Experiment Progress: 14.1% -- 73/519
2018-06-20 19:04:14,984:INFO: Experiment Progress: 14.3% -- 74/519
2018-06-20 19:04:14,985:INFO: Experiment Progress: 14.5% -- 75/519
2018-06-20 19:04:16,209:INFO: Experiment Progress: 14.6% -- 76/519
2018-06-20 19:04:16,209:INFO: Experiment Progress: 14.8% -- 77/519
2018-06-20 19:04:16,210:INFO: Experiment Progress: 15.0% -- 78/519
2018-06-20 19:04:16,210:INFO: Experiment Progress: 15.2% -- 79/519
2018-06-20 19:04:16,210:INFO: Experiment Progress: 15.4% -- 80/519
2018-06-20 19:04:16,293:INFO: Experiment Progress: 15.6% -- 81/519
2018-06-20 19:04:18,645:INFO: Experiment Progress: 15.8% -- 82/519
2018-06-20 19:04:34,933:INFO: Experiment Progress: 16.0% -- 83/519
2018-06-20 19:04:57,652:INFO: Experiment Progress: 16.2% -- 84/519
2018-06-20 19:04:57,653:INFO: Experiment Progress: 16.4% -- 85/519
2018-06-20 19:04:57,653:INFO: Experiment Progress: 16.6% -- 86/519
2018-06-20 19:04:58,553:INFO: Experiment Progress: 16.8% -- 87/519
2018-06-20 19:05:00,035:INFO: Experiment Progress: 17.0% -- 88/519
2018-06-20 19:05:00,035:INFO: Experiment Progress: 17.1% -- 89/519
2018-06-20 19:05:00,058:INFO: Experiment Progress: 17.3% -- 90/519
2018-06-20 19:05:05,933:INFO: Experiment Progress: 17.5% -- 91/519
2018-06-20 19:06:34,149:INFO: Experiment Progress: 17.7% -- 92/519
2018-06-20 19:07:43,953:INFO: Experiment Progress: 17.9% -- 93/519
2018-06-20 19:07:43,953:INFO: Experiment Progress: 18.1% -- 94/519
2018-06-20 19:08:04,742:INFO: Experiment Progress: 18.3% -- 95/519
2018-06-20 19:08:04,742:INFO: Experiment Progress: 18.5% -- 96/519
2018-06-20 19:08:04,742:INFO: Experiment Progress: 18.7% -- 97/519
2018-06-20 19:08:07,039:INFO: Experiment Progress: 18.9% -- 98/519
2018-06-20 19:08:34,027:INFO: Experiment Progress: 19.1% -- 99/519
2018-06-20 19:08:34,028:INFO: Experiment Progress: 19.3% -- 100/519
2018-06-20 19:08:34,028:INFO: Experiment Progress: 19.5% -- 101/519
2018-06-20 19:08:34,028:INFO: Experiment Progress: 19.7% -- 102/519
2018-06-20 19:08:34,028:INFO: Experiment Progress: 19.8% -- 103/519
2018-06-20 19:08:34,028:INFO: Experiment Progress: 20.0% -- 104/519
2018-06-20 19:08:34,028:INFO: Experiment Progress: 20.2% -- 105/519
2018-06-20 19:08:34,029:INFO: Experiment Progress: 20.4% -- 106/519
2018-06-20 19:08:34,029:INFO: Experiment Progress: 20.6% -- 107/519
2018-06-20 19:08:34,029:INFO: Experiment Progress: 20.8% -- 108/519
2018-06-20 19:08:34,029:INFO: Experiment Progress: 21.0% -- 109/519
2018-06-20 19:08:34,029:INFO: Experiment Progress: 21.2% -- 110/519
2018-06-20 19:08:34,029:INFO: Experiment Progress: 21.4% -- 111/519
2018-06-20 19:08:34,029:INFO: Experiment Progress: 21.6% -- 112/519
2018-06-20 19:08:34,029:INFO: Experiment Progress: 21.8% -- 113/519
2018-06-20 19:09:02,814:INFO: Experiment Progress: 22.0% -- 114/519
2018-06-20 19:09:04,206:INFO: Experiment Progress: 22.2% -- 115/519
2018-06-20 19:09:08,413:INFO: Experiment Progress: 22.4% -- 116/519
2018-06-20 19:09:33,191:INFO: Experiment Progress: 22.5% -- 117/519
2018-06-20 19:09:33,192:INFO: Experiment Progress: 22.7% -- 118/519
2018-06-20 19:09:33,192:INFO: Experiment Progress: 22.9% -- 119/519
2018-06-20 19:09:33,192:INFO: Experiment Progress: 23.1% -- 120/519
2018-06-20 19:09:33,193:INFO: Experiment Progress: 23.3% -- 121/519
2018-06-20 19:10:41,093:INFO: Experiment Progress: 23.5% -- 122/519
2018-06-20 19:11:25,145:INFO: Experiment Progress: 23.7% -- 123/519
2018-06-20 19:11:29,878:INFO: Experiment Progress: 23.9% -- 124/519
2018-06-20 19:11:59,164:INFO: Experiment Progress: 24.1% -- 125/519
2018-06-20 19:12:10,033:INFO: Experiment Progress: 24.3% -- 126/519
2018-06-20 19:12:10,232:INFO: Experiment Progress: 24.5% -- 127/519
2018-06-20 19:12:16,957:INFO: Experiment Progress: 24.7% -- 128/519
2018-06-20 19:12:16,957:INFO: Experiment Progress: 24.9% -- 129/519
2018-06-20 19:12:34,093:INFO: Experiment Progress: 25.0% -- 130/519
2018-06-20 19:12:37,920:INFO: Experiment Progress: 25.2% -- 131/519
2018-06-20 19:12:38,314:INFO: Experiment Progress: 25.4% -- 132/519
2018-06-20 19:12:38,314:INFO: Experiment Progress: 25.6% -- 133/519
2018-06-20 19:12:39,490:INFO: Experiment Progress: 25.8% -- 134/519
2018-06-20 19:12:42,005:INFO: Experiment Progress: 26.0% -- 135/519
2018-06-20 19:12:42,005:INFO: Experiment Progress: 26.2% -- 136/519
2018-06-20 19:12:42,005:INFO: Experiment Progress: 26.4% -- 137/519
2018-06-20 19:12:42,005:INFO: Experiment Progress: 26.6% -- 138/519
2018-06-20 19:12:42,202:INFO: Experiment Progress: 26.8% -- 139/519
2018-06-20 19:12:42,202:INFO: Experiment Progress: 27.0% -- 140/519
2018-06-20 19:12:42,202:INFO: Experiment Progress: 27.2% -- 141/519
2018-06-20 19:12:43,646:INFO: Experiment Progress: 27.4% -- 142/519
2018-06-20 19:12:58,715:INFO: Experiment Progress: 27.6% -- 143/519
2018-06-20 19:13:27,440:INFO: Experiment Progress: 27.7% -- 144/519
2018-06-20 19:13:28,259:INFO: Experiment Progress: 27.9% -- 145/519
2018-06-20 19:13:28,261:INFO: Experiment Progress: 28.1% -- 146/519
2018-06-20 19:13:30,561:INFO: Experiment Progress: 28.3% -- 147/519
2018-06-20 19:13:37,000:INFO: Experiment Progress: 28.5% -- 148/519
2018-06-20 19:13:49,745:INFO: Experiment Progress: 28.7% -- 149/519
2018-06-20 19:13:50,870:INFO: Experiment Progress: 28.9% -- 150/519
2018-06-20 19:14:02,768:INFO: Experiment Progress: 29.1% -- 151/519
2018-06-20 19:14:50,020:INFO: Experiment Progress: 29.3% -- 152/519
2018-06-20 19:15:38,092:INFO: Experiment Progress: 29.5% -- 153/519
2018-06-20 19:15:38,093:INFO: Experiment Progress: 29.7% -- 154/519
2018-06-20 19:16:13,560:INFO: Experiment Progress: 29.9% -- 155/519
2018-06-20 19:16:17,443:INFO: Experiment Progress: 30.1% -- 156/519
2018-06-20 19:16:17,443:INFO: Experiment Progress: 30.3% -- 157/519
2018-06-20 19:16:23,582:INFO: Experiment Progress: 30.4% -- 158/519
2018-06-20 19:16:29,185:INFO: Experiment Progress: 30.6% -- 159/519
2018-06-20 19:16:46,662:INFO: Experiment Progress: 30.8% -- 160/519
2018-06-20 19:16:50,608:INFO: Experiment Progress: 31.0% -- 161/519
2018-06-20 19:16:50,609:INFO: Experiment Progress: 31.2% -- 162/519
2018-06-20 19:16:51,919:INFO: Experiment Progress: 31.4% -- 163/519
2018-06-20 19:16:51,919:INFO: Experiment Progress: 31.6% -- 164/519
2018-06-20 19:16:53,485:INFO: Experiment Progress: 31.8% -- 165/519
2018-06-20 19:16:53,923:INFO: Experiment Progress: 32.0% -- 166/519
2018-06-20 19:16:54,942:INFO: Experiment Progress: 32.2% -- 167/519
2018-06-20 19:16:54,942:INFO: Experiment Progress: 32.4% -- 168/519
2018-06-20 19:16:54,942:INFO: Experiment Progress: 32.6% -- 169/519
2018-06-20 19:16:56,239:INFO: Experiment Progress: 32.8% -- 170/519
2018-06-20 19:16:56,239:INFO: Experiment Progress: 32.9% -- 171/519
2018-06-20 19:16:56,240:INFO: Experiment Progress: 33.1% -- 172/519
2018-06-20 19:17:22,073:INFO: Experiment Progress: 33.3% -- 173/519
2018-06-20 19:17:35,745:INFO: Experiment Progress: 33.5% -- 174/519
2018-06-20 19:17:51,233:INFO: Experiment Progress: 33.7% -- 175/519
2018-06-20 19:17:51,233:INFO: Experiment Progress: 33.9% -- 176/519
2018-06-20 19:17:53,906:INFO: Experiment Progress: 34.1% -- 177/519
2018-06-20 19:17:53,907:INFO: Experiment Progress: 34.3% -- 178/519
2018-06-20 19:17:53,907:INFO: Experiment Progress: 34.5% -- 179/519
2018-06-20 19:18:12,805:INFO: Experiment Progress: 34.7% -- 180/519
2018-06-20 19:18:31,189:INFO: Experiment Progress: 34.9% -- 181/519
2018-06-20 19:19:00,796:INFO: Experiment Progress: 35.1% -- 182/519
2018-06-20 19:19:22,409:INFO: Experiment Progress: 35.3% -- 183/519
2018-06-20 19:19:51,011:INFO: Experiment Progress: 35.5% -- 184/519
2018-06-20 19:20:28,985:INFO: Experiment Progress: 35.6% -- 185/519
2018-06-20 19:20:28,986:INFO: Experiment Progress: 35.8% -- 186/519
2018-06-20 19:20:28,986:INFO: Experiment Progress: 36.0% -- 187/519
2018-06-20 19:20:32,387:INFO: Experiment Progress: 36.2% -- 188/519
2018-06-20 19:20:41,186:INFO: Experiment Progress: 36.4% -- 189/519
2018-06-20 19:20:58,914:INFO: Experiment Progress: 36.6% -- 190/519
2018-06-20 19:20:59,623:INFO: Experiment Progress: 36.8% -- 191/519
2018-06-20 19:21:01,842:INFO: Experiment Progress: 37.0% -- 192/519
2018-06-20 19:21:03,654:INFO: Experiment Progress: 37.2% -- 193/519
2018-06-20 19:21:04,487:INFO: Experiment Progress: 37.4% -- 194/519
2018-06-20 19:21:05,319:INFO: Experiment Progress: 37.6% -- 195/519
2018-06-20 19:21:05,874:INFO: Experiment Progress: 37.8% -- 196/519
2018-06-20 19:21:06,322:INFO: Experiment Progress: 38.0% -- 197/519
2018-06-20 19:21:06,322:INFO: Experiment Progress: 38.2% -- 198/519
2018-06-20 19:21:08,049:INFO: Experiment Progress: 38.3% -- 199/519
2018-06-20 19:21:08,694:INFO: Experiment Progress: 38.5% -- 200/519
2018-06-20 19:21:08,694:INFO: Experiment Progress: 38.7% -- 201/519
2018-06-20 19:21:10,015:INFO: Experiment Progress: 38.9% -- 202/519
2018-06-20 19:21:43,633:INFO: Experiment Progress: 39.1% -- 203/519
2018-06-20 19:21:46,255:INFO: Experiment Progress: 39.3% -- 204/519
2018-06-20 19:21:49,140:INFO: Experiment Progress: 39.5% -- 205/519
2018-06-20 19:21:55,974:INFO: Experiment Progress: 39.7% -- 206/519
2018-06-20 19:22:14,492:INFO: Experiment Progress: 39.9% -- 207/519
2018-06-20 19:22:14,492:INFO: Experiment Progress: 40.1% -- 208/519
2018-06-20 19:22:15,993:INFO: Experiment Progress: 40.3% -- 209/519
2018-06-20 19:22:30,918:INFO: Experiment Progress: 40.5% -- 210/519
2018-06-20 19:23:04,268:INFO: Experiment Progress: 40.7% -- 211/519
2018-06-20 19:23:11,613:INFO: Experiment Progress: 40.8% -- 212/519
2018-06-20 19:23:31,370:INFO: Experiment Progress: 41.0% -- 213/519
2018-06-20 19:24:03,799:INFO: Experiment Progress: 41.2% -- 214/519
2018-06-20 19:24:29,080:INFO: Experiment Progress: 41.4% -- 215/519
2018-06-20 19:24:30,024:INFO: Experiment Progress: 41.6% -- 216/519
2018-06-20 19:24:44,615:INFO: Experiment Progress: 41.8% -- 217/519
2018-06-20 19:24:44,616:INFO: Experiment Progress: 42.0% -- 218/519
2018-06-20 19:24:53,130:INFO: Experiment Progress: 42.2% -- 219/519
2018-06-20 19:24:53,130:INFO: Experiment Progress: 42.4% -- 220/519
2018-06-20 19:25:08,512:INFO: Experiment Progress: 42.6% -- 221/519
2018-06-20 19:25:14,924:INFO: Experiment Progress: 42.8% -- 222/519
2018-06-20 19:25:14,924:INFO: Experiment Progress: 43.0% -- 223/519
2018-06-20 19:25:17,539:INFO: Experiment Progress: 43.2% -- 224/519
2018-06-20 19:25:17,540:INFO: Experiment Progress: 43.4% -- 225/519
2018-06-20 19:25:17,647:INFO: Experiment Progress: 43.5% -- 226/519
2018-06-20 19:25:18,062:INFO: Experiment Progress: 43.7% -- 227/519
2018-06-20 19:25:18,395:INFO: Experiment Progress: 43.9% -- 228/519
2018-06-20 19:25:19,908:INFO: Experiment Progress: 44.1% -- 229/519
2018-06-20 19:25:21,135:INFO: Experiment Progress: 44.3% -- 230/519
2018-06-20 19:25:21,584:INFO: Experiment Progress: 44.5% -- 231/519
2018-06-20 19:25:24,069:INFO: Experiment Progress: 44.7% -- 232/519
2018-06-20 19:26:01,410:INFO: Experiment Progress: 44.9% -- 233/519
2018-06-20 19:26:08,738:INFO: Experiment Progress: 45.1% -- 234/519
2018-06-20 19:26:08,738:INFO: Experiment Progress: 45.3% -- 235/519
2018-06-20 19:26:15,537:INFO: Experiment Progress: 45.5% -- 236/519
2018-06-20 19:26:39,597:INFO: Experiment Progress: 45.7% -- 237/519
2018-06-20 19:26:39,597:INFO: Experiment Progress: 45.9% -- 238/519
2018-06-20 19:26:40,527:INFO: Experiment Progress: 46.1% -- 239/519
2018-06-20 19:26:45,354:INFO: Experiment Progress: 46.2% -- 240/519
2018-06-20 19:27:38,443:INFO: Experiment Progress: 46.4% -- 241/519
2018-06-20 19:27:38,444:INFO: Experiment Progress: 46.6% -- 242/519
2018-06-20 19:27:40,815:INFO: Experiment Progress: 46.8% -- 243/519
2018-06-20 19:28:16,655:INFO: Experiment Progress: 47.0% -- 244/519
2018-06-20 19:28:32,634:INFO: Experiment Progress: 47.2% -- 245/519
2018-06-20 19:28:37,294:INFO: Experiment Progress: 47.4% -- 246/519
2018-06-20 19:28:37,294:INFO: Experiment Progress: 47.6% -- 247/519
2018-06-20 19:28:49,677:INFO: Experiment Progress: 47.8% -- 248/519
2018-06-20 19:28:59,603:INFO: Experiment Progress: 48.0% -- 249/519
2018-06-20 19:29:01,381:INFO: Experiment Progress: 48.2% -- 250/519
2018-06-20 19:29:04,740:INFO: Experiment Progress: 48.4% -- 251/519
2018-06-20 19:29:15,717:INFO: Experiment Progress: 48.6% -- 252/519
2018-06-20 19:29:26,406:INFO: Experiment Progress: 48.7% -- 253/519
2018-06-20 19:29:26,406:INFO: Experiment Progress: 48.9% -- 254/519
2018-06-20 19:29:30,856:INFO: Experiment Progress: 49.1% -- 255/519
2018-06-20 19:29:30,856:INFO: Experiment Progress: 49.3% -- 256/519
2018-06-20 19:29:30,856:INFO: Experiment Progress: 49.5% -- 257/519
2018-06-20 19:29:30,856:INFO: Experiment Progress: 49.7% -- 258/519
2018-06-20 19:29:30,856:INFO: Experiment Progress: 49.9% -- 259/519
2018-06-20 19:29:30,857:INFO: Experiment Progress: 50.1% -- 260/519
2018-06-20 19:29:33,759:INFO: Experiment Progress: 50.3% -- 261/519
2018-06-20 19:29:36,090:INFO: Experiment Progress: 50.5% -- 262/519
2018-06-20 19:30:16,672:INFO: Experiment Progress: 50.7% -- 263/519
2018-06-20 19:30:16,672:INFO: Experiment Progress: 50.9% -- 264/519
2018-06-20 19:30:16,672:INFO: Experiment Progress: 51.1% -- 265/519
2018-06-20 19:30:33,035:INFO: Experiment Progress: 51.3% -- 266/519
2018-06-20 19:30:33,035:INFO: Experiment Progress: 51.4% -- 267/519
2018-06-20 19:30:59,270:INFO: Experiment Progress: 51.6% -- 268/519
2018-06-20 19:31:05,336:INFO: Experiment Progress: 51.8% -- 269/519
2018-06-20 19:31:05,994:INFO: Experiment Progress: 52.0% -- 270/519
2018-06-20 19:31:31,734:INFO: Experiment Progress: 52.2% -- 271/519
2018-06-20 19:31:37,310:INFO: Experiment Progress: 52.4% -- 272/519
2018-06-20 19:32:08,680:INFO: Experiment Progress: 52.6% -- 273/519
2018-06-20 19:32:08,681:INFO: Experiment Progress: 52.8% -- 274/519
2018-06-20 19:32:13,150:INFO: Experiment Progress: 53.0% -- 275/519
2018-06-20 19:32:29,043:INFO: Experiment Progress: 53.2% -- 276/519
2018-06-20 19:32:29,044:INFO: Experiment Progress: 53.4% -- 277/519
2018-06-20 19:32:44,425:INFO: Experiment Progress: 53.6% -- 278/519
2018-06-20 19:32:44,425:INFO: Experiment Progress: 53.8% -- 279/519
2018-06-20 19:32:44,425:INFO: Experiment Progress: 53.9% -- 280/519
2018-06-20 19:32:56,953:INFO: Experiment Progress: 54.1% -- 281/519
2018-06-20 19:33:16,303:INFO: Experiment Progress: 54.3% -- 282/519
2018-06-20 19:33:16,303:INFO: Experiment Progress: 54.5% -- 283/519
2018-06-20 19:33:16,303:INFO: Experiment Progress: 54.7% -- 284/519
2018-06-20 19:33:22,655:INFO: Experiment Progress: 54.9% -- 285/519
2018-06-20 19:33:40,163:INFO: Experiment Progress: 55.1% -- 286/519
2018-06-20 19:33:40,164:INFO: Experiment Progress: 55.3% -- 287/519
2018-06-20 19:33:55,763:INFO: Experiment Progress: 55.5% -- 288/519
2018-06-20 19:33:55,763:INFO: Experiment Progress: 55.7% -- 289/519
2018-06-20 19:33:55,763:INFO: Experiment Progress: 55.9% -- 290/519
2018-06-20 19:33:55,764:INFO: Experiment Progress: 56.1% -- 291/519
2018-06-20 19:33:55,764:INFO: Experiment Progress: 56.3% -- 292/519
2018-06-20 19:34:06,155:INFO: Experiment Progress: 56.5% -- 293/519
2018-06-20 19:34:13,797:INFO: Experiment Progress: 56.6% -- 294/519
2018-06-20 19:34:30,453:INFO: Experiment Progress: 56.8% -- 295/519
2018-06-20 19:34:36,126:INFO: Experiment Progress: 57.0% -- 296/519
2018-06-20 19:34:49,533:INFO: Experiment Progress: 57.2% -- 297/519
2018-06-20 19:35:15,864:INFO: Experiment Progress: 57.4% -- 298/519
2018-06-20 19:35:26,037:INFO: Experiment Progress: 57.6% -- 299/519
2018-06-20 19:35:27,112:INFO: Experiment Progress: 57.8% -- 300/519
2018-06-20 19:35:42,731:INFO: Experiment Progress: 58.0% -- 301/519
2018-06-20 19:35:42,732:INFO: Experiment Progress: 58.2% -- 302/519
2018-06-20 19:35:44,981:INFO: Experiment Progress: 58.4% -- 303/519
2018-06-20 19:35:48,905:INFO: Experiment Progress: 58.6% -- 304/519
2018-06-20 19:35:58,842:INFO: Experiment Progress: 58.8% -- 305/519
2018-06-20 19:36:39,774:INFO: Experiment Progress: 59.0% -- 306/519
2018-06-20 19:36:44,303:INFO: Experiment Progress: 59.2% -- 307/519
2018-06-20 19:36:44,304:INFO: Experiment Progress: 59.3% -- 308/519
2018-06-20 19:36:44,304:INFO: Experiment Progress: 59.5% -- 309/519
2018-06-20 19:36:50,123:INFO: Experiment Progress: 59.7% -- 310/519
2018-06-20 19:36:51,769:INFO: Experiment Progress: 59.9% -- 311/519
2018-06-20 19:37:03,263:INFO: Experiment Progress: 60.1% -- 312/519
2018-06-20 19:37:05,150:INFO: Experiment Progress: 60.3% -- 313/519
2018-06-20 19:37:32,998:INFO: Experiment Progress: 60.5% -- 314/519
2018-06-20 19:37:32,998:INFO: Experiment Progress: 60.7% -- 315/519
2018-06-20 19:37:32,999:INFO: Experiment Progress: 60.9% -- 316/519
2018-06-20 19:37:51,009:INFO: Experiment Progress: 61.1% -- 317/519
2018-06-20 19:37:52,601:INFO: Experiment Progress: 61.3% -- 318/519
2018-06-20 19:37:52,820:INFO: Experiment Progress: 61.5% -- 319/519
2018-06-20 19:37:59,081:INFO: Experiment Progress: 61.7% -- 320/519
2018-06-20 19:38:03,709:INFO: Experiment Progress: 61.8% -- 321/519
2018-06-20 19:38:24,060:INFO: Experiment Progress: 62.0% -- 322/519
2018-06-20 19:38:28,569:INFO: Experiment Progress: 62.2% -- 323/519
2018-06-20 19:38:33,004:INFO: Experiment Progress: 62.4% -- 324/519
2018-06-20 19:38:43,657:INFO: Experiment Progress: 62.6% -- 325/519
2018-06-20 19:38:57,859:INFO: Experiment Progress: 62.8% -- 326/519
2018-06-20 19:39:03,958:INFO: Experiment Progress: 63.0% -- 327/519
2018-06-20 19:39:04,829:INFO: Experiment Progress: 63.2% -- 328/519
2018-06-20 19:39:47,907:INFO: Experiment Progress: 63.4% -- 329/519
2018-06-20 19:39:50,482:INFO: Experiment Progress: 63.6% -- 330/519
2018-06-20 19:39:50,483:INFO: Experiment Progress: 63.8% -- 331/519
2018-06-20 19:39:52,755:INFO: Experiment Progress: 64.0% -- 332/519
2018-06-20 19:39:56,198:INFO: Experiment Progress: 64.2% -- 333/519
2018-06-20 19:40:00,007:INFO: Experiment Progress: 64.4% -- 334/519
2018-06-20 19:40:06,738:INFO: Experiment Progress: 64.5% -- 335/519
2018-06-20 19:40:46,062:INFO: Experiment Progress: 64.7% -- 336/519
2018-06-20 19:41:14,215:INFO: Experiment Progress: 64.9% -- 337/519
2018-06-20 19:41:14,215:INFO: Experiment Progress: 65.1% -- 338/519
2018-06-20 19:41:15,790:INFO: Experiment Progress: 65.3% -- 339/519
2018-06-20 19:41:15,790:INFO: Experiment Progress: 65.5% -- 340/519
2018-06-20 19:41:15,791:INFO: Experiment Progress: 65.7% -- 341/519
2018-06-20 19:41:15,791:INFO: Experiment Progress: 65.9% -- 342/519
2018-06-20 19:41:15,791:INFO: Experiment Progress: 66.1% -- 343/519
2018-06-20 19:41:42,652:INFO: Experiment Progress: 66.3% -- 344/519
2018-06-20 19:41:42,672:INFO: Experiment Progress: 66.5% -- 345/519
2018-06-20 19:41:42,672:INFO: Experiment Progress: 66.7% -- 346/519
2018-06-20 19:42:02,442:INFO: Experiment Progress: 66.9% -- 347/519
2018-06-20 19:42:05,857:INFO: Experiment Progress: 67.1% -- 348/519
2018-06-20 19:42:05,858:INFO: Experiment Progress: 67.2% -- 349/519
2018-06-20 19:42:12,287:INFO: Experiment Progress: 67.4% -- 350/519
2018-06-20 19:42:17,252:INFO: Experiment Progress: 67.6% -- 351/519
2018-06-20 19:42:50,277:INFO: Experiment Progress: 67.8% -- 352/519
2018-06-20 19:42:50,277:INFO: Experiment Progress: 68.0% -- 353/519
2018-06-20 19:42:58,079:INFO: Experiment Progress: 68.2% -- 354/519
2018-06-20 19:42:58,084:INFO: Experiment Progress: 68.4% -- 355/519
2018-06-20 19:43:23,110:INFO: Experiment Progress: 68.6% -- 356/519
2018-06-20 19:43:25,808:INFO: Experiment Progress: 68.8% -- 357/519
2018-06-20 19:43:26,134:INFO: Experiment Progress: 69.0% -- 358/519
2018-06-20 19:44:04,794:INFO: Experiment Progress: 69.2% -- 359/519
2018-06-20 19:44:04,795:INFO: Experiment Progress: 69.4% -- 360/519
2018-06-20 19:44:13,755:INFO: Experiment Progress: 69.6% -- 361/519
2018-06-20 19:44:13,760:INFO: Experiment Progress: 69.7% -- 362/519
2018-06-20 19:44:13,760:INFO: Experiment Progress: 69.9% -- 363/519
2018-06-20 19:44:13,761:INFO: Experiment Progress: 70.1% -- 364/519
2018-06-20 19:44:15,425:INFO: Experiment Progress: 70.3% -- 365/519
2018-06-20 19:44:32,717:INFO: Experiment Progress: 70.5% -- 366/519
2018-06-20 19:45:07,106:INFO: Experiment Progress: 70.7% -- 367/519
2018-06-20 19:45:07,114:INFO: Experiment Progress: 70.9% -- 368/519
2018-06-20 19:45:07,114:INFO: Experiment Progress: 71.1% -- 369/519
2018-06-20 19:45:45,082:INFO: Experiment Progress: 71.3% -- 370/519
2018-06-20 19:45:45,083:INFO: Experiment Progress: 71.5% -- 371/519
2018-06-20 19:45:45,084:INFO: Experiment Progress: 71.7% -- 372/519
2018-06-20 19:45:46,810:INFO: Experiment Progress: 71.9% -- 373/519
2018-06-20 19:45:46,811:INFO: Experiment Progress: 72.1% -- 374/519
2018-06-20 19:45:52,317:INFO: Experiment Progress: 72.3% -- 375/519
2018-06-20 19:45:56,166:INFO: Experiment Progress: 72.4% -- 376/519
2018-06-20 19:46:13,579:INFO: Experiment Progress: 72.6% -- 377/519
2018-06-20 19:46:16,681:INFO: Experiment Progress: 72.8% -- 378/519
2018-06-20 19:46:16,682:INFO: Experiment Progress: 73.0% -- 379/519
2018-06-20 19:46:25,466:INFO: Experiment Progress: 73.2% -- 380/519
2018-06-20 19:46:29,076:INFO: Experiment Progress: 73.4% -- 381/519
2018-06-20 19:47:07,124:INFO: Experiment Progress: 73.6% -- 382/519
2018-06-20 19:47:07,306:INFO: Experiment Progress: 73.8% -- 383/519
2018-06-20 19:47:10,702:INFO: Experiment Progress: 74.0% -- 384/519
2018-06-20 19:47:19,481:INFO: Experiment Progress: 74.2% -- 385/519
2018-06-20 19:47:44,974:INFO: Experiment Progress: 74.4% -- 386/519
2018-06-20 19:47:47,355:INFO: Experiment Progress: 74.6% -- 387/519
2018-06-20 19:47:47,356:INFO: Experiment Progress: 74.8% -- 388/519
2018-06-20 19:48:06,690:INFO: Experiment Progress: 75.0% -- 389/519
2018-06-20 19:48:10,644:INFO: Experiment Progress: 75.1% -- 390/519
2018-06-20 19:48:18,453:INFO: Experiment Progress: 75.3% -- 391/519
2018-06-20 19:48:18,729:INFO: Experiment Progress: 75.5% -- 392/519
2018-06-20 19:48:22,944:INFO: Experiment Progress: 75.7% -- 393/519
2018-06-20 19:48:32,301:INFO: Experiment Progress: 75.9% -- 394/519
2018-06-20 19:48:32,301:INFO: Experiment Progress: 76.1% -- 395/519
2018-06-20 19:48:44,503:INFO: Experiment Progress: 76.3% -- 396/519
2018-06-20 19:49:08,715:INFO: Experiment Progress: 76.5% -- 397/519
2018-06-20 19:49:12,573:INFO: Experiment Progress: 76.7% -- 398/519
2018-06-20 19:49:12,573:INFO: Experiment Progress: 76.9% -- 399/519
2018-06-20 19:49:20,049:INFO: Experiment Progress: 77.1% -- 400/519
2018-06-20 19:49:36,365:INFO: Experiment Progress: 77.3% -- 401/519
2018-06-20 19:49:50,393:INFO: Experiment Progress: 77.5% -- 402/519
2018-06-20 19:50:15,977:INFO: Experiment Progress: 77.6% -- 403/519
2018-06-20 19:50:15,977:INFO: Experiment Progress: 77.8% -- 404/519
2018-06-20 19:50:15,977:INFO: Experiment Progress: 78.0% -- 405/519
2018-06-20 19:50:15,978:INFO: Experiment Progress: 78.2% -- 406/519
2018-06-20 19:50:15,978:INFO: Experiment Progress: 78.4% -- 407/519
2018-06-20 19:50:24,653:INFO: Experiment Progress: 78.6% -- 408/519
2018-06-20 19:50:28,055:INFO: Experiment Progress: 78.8% -- 409/519
2018-06-20 19:50:38,016:INFO: Experiment Progress: 79.0% -- 410/519
2018-06-20 19:50:42,721:INFO: Experiment Progress: 79.2% -- 411/519
2018-06-20 19:51:18,829:INFO: Experiment Progress: 79.4% -- 412/519
2018-06-20 19:51:21,554:INFO: Experiment Progress: 79.6% -- 413/519
2018-06-20 19:51:23,130:INFO: Experiment Progress: 79.8% -- 414/519
2018-06-20 19:51:39,695:INFO: Experiment Progress: 80.0% -- 415/519
2018-06-20 19:52:06,971:INFO: Experiment Progress: 80.2% -- 416/519
2018-06-20 19:52:07,757:INFO: Experiment Progress: 80.3% -- 417/519
2018-06-20 19:52:08,513:INFO: Experiment Progress: 80.5% -- 418/519
2018-06-20 19:52:16,473:INFO: Experiment Progress: 80.7% -- 419/519
2018-06-20 19:52:18,272:INFO: Experiment Progress: 80.9% -- 420/519
2018-06-20 19:52:39,175:INFO: Experiment Progress: 81.1% -- 421/519
2018-06-20 19:52:39,175:INFO: Experiment Progress: 81.3% -- 422/519
2018-06-20 19:52:39,175:INFO: Experiment Progress: 81.5% -- 423/519
2018-06-20 19:52:39,176:INFO: Experiment Progress: 81.7% -- 424/519
2018-06-20 19:52:46,726:INFO: Experiment Progress: 81.9% -- 425/519
2018-06-20 19:52:56,938:INFO: Experiment Progress: 82.1% -- 426/519
2018-06-20 19:53:17,546:INFO: Experiment Progress: 82.3% -- 427/519
2018-06-20 19:53:17,868:INFO: Experiment Progress: 82.5% -- 428/519
2018-06-20 19:53:20,691:INFO: Experiment Progress: 82.7% -- 429/519
2018-06-20 19:53:32,391:INFO: Experiment Progress: 82.9% -- 430/519
2018-06-20 19:53:47,382:INFO: Experiment Progress: 83.0% -- 431/519
2018-06-20 19:54:20,884:INFO: Experiment Progress: 83.2% -- 432/519
2018-06-20 19:54:20,905:INFO: Experiment Progress: 83.4% -- 433/519
2018-06-20 19:54:20,905:INFO: Experiment Progress: 83.6% -- 434/519
2018-06-20 19:54:20,906:INFO: Experiment Progress: 83.8% -- 435/519
2018-06-20 19:54:21,555:INFO: Experiment Progress: 84.0% -- 436/519
2018-06-20 19:54:50,239:INFO: Experiment Progress: 84.2% -- 437/519
2018-06-20 19:54:50,239:INFO: Experiment Progress: 84.4% -- 438/519
2018-06-20 19:54:50,239:INFO: Experiment Progress: 84.6% -- 439/519
2018-06-20 19:54:51,200:INFO: Experiment Progress: 84.8% -- 440/519
2018-06-20 19:54:55,535:INFO: Experiment Progress: 85.0% -- 441/519
2018-06-20 19:55:46,057:INFO: Experiment Progress: 85.2% -- 442/519
2018-06-20 19:55:46,057:INFO: Experiment Progress: 85.4% -- 443/519
2018-06-20 19:55:46,057:INFO: Experiment Progress: 85.5% -- 444/519
2018-06-20 19:55:56,859:INFO: Experiment Progress: 85.7% -- 445/519
2018-06-20 19:56:30,088:INFO: Experiment Progress: 85.9% -- 446/519
2018-06-20 19:56:30,089:INFO: Experiment Progress: 86.1% -- 447/519
2018-06-20 19:56:33,153:INFO: Experiment Progress: 86.3% -- 448/519
2018-06-20 19:56:33,153:INFO: Experiment Progress: 86.5% -- 449/519
2018-06-20 19:56:33,153:INFO: Experiment Progress: 86.7% -- 450/519
2018-06-20 19:56:39,864:INFO: Experiment Progress: 86.9% -- 451/519
2018-06-20 19:56:43,514:INFO: Experiment Progress: 87.1% -- 452/519
2018-06-20 19:56:46,204:INFO: Experiment Progress: 87.3% -- 453/519
2018-06-20 19:57:01,885:INFO: Experiment Progress: 87.5% -- 454/519
2018-06-20 19:57:04,186:INFO: Experiment Progress: 87.7% -- 455/519
2018-06-20 19:57:09,158:INFO: Experiment Progress: 87.9% -- 456/519
2018-06-20 19:57:25,816:INFO: Experiment Progress: 88.1% -- 457/519
2018-06-20 19:57:25,816:INFO: Experiment Progress: 88.2% -- 458/519
2018-06-20 19:57:28,199:INFO: Experiment Progress: 88.4% -- 459/519
2018-06-20 19:57:45,824:INFO: Experiment Progress: 88.6% -- 460/519
2018-06-20 19:57:58,339:INFO: Experiment Progress: 88.8% -- 461/519
2018-06-20 19:58:22,987:INFO: Experiment Progress: 89.0% -- 462/519
2018-06-20 19:58:25,289:INFO: Experiment Progress: 89.2% -- 463/519
2018-06-20 19:58:29,564:INFO: Experiment Progress: 89.4% -- 464/519
2018-06-20 19:58:52,565:INFO: Experiment Progress: 89.6% -- 465/519
2018-06-20 19:58:52,565:INFO: Experiment Progress: 89.8% -- 466/519
2018-06-20 19:58:52,565:INFO: Experiment Progress: 90.0% -- 467/519
2018-06-20 19:58:52,565:INFO: Experiment Progress: 90.2% -- 468/519
2018-06-20 19:59:21,461:INFO: Experiment Progress: 90.4% -- 469/519
2018-06-20 19:59:21,461:INFO: Experiment Progress: 90.6% -- 470/519
2018-06-20 19:59:21,461:INFO: Experiment Progress: 90.8% -- 471/519
2018-06-20 19:59:47,033:INFO: Experiment Progress: 90.9% -- 472/519
2018-06-20 19:59:51,692:INFO: Experiment Progress: 91.1% -- 473/519
2018-06-20 20:00:13,068:INFO: Experiment Progress: 91.3% -- 474/519
2018-06-20 20:00:13,068:INFO: Experiment Progress: 91.5% -- 475/519
2018-06-20 20:00:34,526:INFO: Experiment Progress: 91.7% -- 476/519
2018-06-20 20:00:36,148:INFO: Experiment Progress: 91.9% -- 477/519
2018-06-20 20:00:47,232:INFO: Experiment Progress: 92.1% -- 478/519
2018-06-20 20:00:48,764:INFO: Experiment Progress: 92.3% -- 479/519
2018-06-20 20:00:54,674:INFO: Experiment Progress: 92.5% -- 480/519
2018-06-20 20:00:54,674:INFO: Experiment Progress: 92.7% -- 481/519
2018-06-20 20:00:54,674:INFO: Experiment Progress: 92.9% -- 482/519
2018-06-20 20:00:57,310:INFO: Experiment Progress: 93.1% -- 483/519
2018-06-20 20:01:23,868:INFO: Experiment Progress: 93.3% -- 484/519
2018-06-20 20:01:23,869:INFO: Experiment Progress: 93.4% -- 485/519
2018-06-20 20:01:23,869:INFO: Experiment Progress: 93.6% -- 486/519
2018-06-20 20:01:31,611:INFO: Experiment Progress: 93.8% -- 487/519
2018-06-20 20:01:33,662:INFO: Experiment Progress: 94.0% -- 488/519
2018-06-20 20:01:35,121:INFO: Experiment Progress: 94.2% -- 489/519
2018-06-20 20:01:58,710:INFO: Experiment Progress: 94.4% -- 490/519
2018-06-20 20:02:09,359:INFO: Experiment Progress: 94.6% -- 491/519
2018-06-20 20:02:38,203:INFO: Experiment Progress: 94.8% -- 492/519
2018-06-20 20:02:38,204:INFO: Experiment Progress: 95.0% -- 493/519
2018-06-20 20:02:41,548:INFO: Experiment Progress: 95.2% -- 494/519
2018-06-20 20:02:46,713:INFO: Experiment Progress: 95.4% -- 495/519
2018-06-20 20:02:55,358:INFO: Experiment Progress: 95.6% -- 496/519
2018-06-20 20:03:01,190:INFO: Experiment Progress: 95.8% -- 497/519
2018-06-20 20:03:22,151:INFO: Experiment Progress: 96.0% -- 498/519
2018-06-20 20:03:22,151:INFO: Experiment Progress: 96.1% -- 499/519
2018-06-20 20:03:22,151:INFO: Experiment Progress: 96.3% -- 500/519
2018-06-20 20:03:47,554:INFO: Experiment Progress: 96.5% -- 501/519
2018-06-20 20:03:56,873:INFO: Experiment Progress: 96.7% -- 502/519
2018-06-20 20:03:58,684:INFO: Experiment Progress: 96.9% -- 503/519
2018-06-20 20:04:06,574:INFO: Experiment Progress: 97.1% -- 504/519
2018-06-20 20:04:37,451:INFO: Experiment Progress: 97.3% -- 505/519
2018-06-20 20:04:40,509:INFO: Experiment Progress: 97.5% -- 506/519
2018-06-20 20:04:42,762:INFO: Experiment Progress: 97.7% -- 507/519
2018-06-20 20:05:10,656:INFO: Experiment Progress: 97.9% -- 508/519
2018-06-20 20:05:10,656:INFO: Experiment Progress: 98.1% -- 509/519
2018-06-20 20:05:10,657:INFO: Experiment Progress: 98.3% -- 510/519
2018-06-20 20:05:10,657:INFO: Experiment Progress: 98.5% -- 511/519
2018-06-20 20:05:10,657:INFO: Experiment Progress: 98.7% -- 512/519
2018-06-20 20:05:10,657:INFO: Experiment Progress: 98.8% -- 513/519
2018-06-20 20:05:29,747:INFO: Experiment Progress: 99.0% -- 514/519
2018-06-20 20:05:33,766:INFO: Experiment Progress: 99.2% -- 515/519
2018-06-20 20:05:33,942:INFO: Experiment Progress: 99.4% -- 516/519
2018-06-20 20:05:34,170:INFO: Experiment Progress: 99.6% -- 517/519
2018-06-20 20:05:35,977:INFO: Experiment Progress: 99.8% -- 518/519
2018-06-20 20:05:41,311:INFO: Experiment Progress: 100.0% -- 519/519
2018-06-21 17:40:03,582:INFO: Disease Protein Prediction in the PPI Network
2018-06-21 17:40:03,582:INFO: Sabri Eyuboglu  -- SNAP Group
2018-06-21 17:40:03,582:INFO: ======================================
2018-06-21 17:40:03,582:INFO: Loading PPI Network...
2018-06-21 17:40:18,766:INFO: Loading Disease Associations...
2018-06-21 17:40:19,137:INFO: Running Experiment...
2018-06-21 17:50:19,977:INFO: Disease Protein Prediction in the PPI Network
2018-06-21 17:50:19,977:INFO: Sabri Eyuboglu  -- SNAP Group
2018-06-21 17:50:19,978:INFO: ======================================
2018-06-21 17:50:19,978:INFO: Loading PPI Network...
2018-06-21 17:50:35,340:INFO: Loading Disease Associations...
2018-06-21 17:50:35,710:INFO: Running Experiment...
2018-06-21 18:06:51,031:INFO: Disease Protein Prediction in the PPI Network
2018-06-21 18:06:51,031:INFO: Sabri Eyuboglu  -- SNAP Group
2018-06-21 18:06:51,031:INFO: ======================================
2018-06-21 18:06:51,031:INFO: Loading PPI Network...
2018-06-21 18:07:06,200:INFO: Loading Disease Associations...
2018-06-21 18:07:06,570:INFO: Running Experiment...
