2019-01-21 17:27:10,171:INFO: Disease Protein Prediction
2019-01-21 17:27:10,172:INFO: Sabri Eyuboglu  -- SNAP Group
2019-01-21 17:27:10,172:INFO: ======================================
2019-01-21 17:27:10,172:INFO: Loading Disease Associations...
2019-01-21 17:27:48,164:INFO: Disease Protein Prediction
2019-01-21 17:27:48,165:INFO: Sabri Eyuboglu  -- SNAP Group
2019-01-21 17:27:48,165:INFO: ======================================
2019-01-21 17:27:48,165:INFO: Loading Disease Associations...
2019-01-21 17:27:48,271:INFO: Loading Network...
2019-01-21 17:29:30,555:INFO: Disease Protein Prediction
2019-01-21 17:29:30,556:INFO: Sabri Eyuboglu  -- SNAP Group
2019-01-21 17:29:30,556:INFO: ======================================
2019-01-21 17:29:30,556:INFO: Loading Disease Associations...
2019-01-21 17:29:30,633:INFO: Loading Network...
2019-01-21 17:30:08,185:INFO: Disease Protein Prediction
2019-01-21 17:30:08,185:INFO: Sabri Eyuboglu  -- SNAP Group
2019-01-21 17:30:08,185:INFO: ======================================
2019-01-21 17:30:08,185:INFO: Loading Disease Associations...
2019-01-21 17:30:08,275:INFO: Loading Network...
2019-01-21 17:30:59,201:INFO: Disease Protein Prediction
2019-01-21 17:30:59,201:INFO: Sabri Eyuboglu  -- SNAP Group
2019-01-21 17:30:59,201:INFO: ======================================
2019-01-21 17:30:59,201:INFO: Loading Disease Associations...
2019-01-21 17:30:59,272:INFO: Loading Network...
2019-01-21 17:32:03,197:INFO: Disease Protein Prediction
2019-01-21 17:32:03,197:INFO: Sabri Eyuboglu  -- SNAP Group
2019-01-21 17:32:03,197:INFO: ======================================
2019-01-21 17:32:03,198:INFO: Loading Disease Associations...
2019-01-21 17:32:03,320:INFO: Loading Network...
2019-01-21 17:32:11,209:INFO: Loading Models...
2019-01-21 17:35:02,992:INFO: Disease Protein Prediction
2019-01-21 17:35:02,992:INFO: Sabri Eyuboglu  -- SNAP Group
2019-01-21 17:35:02,992:INFO: ======================================
2019-01-21 17:35:02,992:INFO: Loading Disease Associations...
2019-01-21 17:35:03,077:INFO: Loading Network...
2019-01-21 17:35:11,338:INFO: Loading Models...
2019-01-21 18:30:33,612:INFO: Disease Protein Prediction
2019-01-21 18:30:33,613:INFO: Sabri Eyuboglu  -- SNAP Group
2019-01-21 18:30:33,613:INFO: ======================================
2019-01-21 18:30:33,613:INFO: Loading Disease Associations...
2019-01-21 18:30:33,705:INFO: Loading Network...
2019-01-21 18:30:41,811:INFO: Loading Models...
2019-01-21 19:46:17,841:INFO: Disease Protein Prediction
2019-01-21 19:46:17,841:INFO: Sabri Eyuboglu  -- SNAP Group
2019-01-21 19:46:17,841:INFO: ======================================
2019-01-21 19:46:17,841:INFO: Loading Disease Associations...
2019-01-21 19:46:17,933:INFO: Loading Network...
2019-01-21 19:46:27,074:INFO: Loading Models...
2019-01-22 11:18:20,510:INFO: Disease Protein Prediction
2019-01-22 11:18:20,510:INFO: Sabri Eyuboglu  -- SNAP Group
2019-01-22 11:18:20,510:INFO: ======================================
2019-01-22 11:18:20,510:INFO: Loading Disease Associations...
2019-01-22 11:18:20,584:INFO: Loading Network...
2019-01-22 11:18:27,749:INFO: Training Models...
2019-01-22 11:18:27,751:INFO: Training model for test 9
2019-01-22 11:43:06,949:INFO: Disease Protein Prediction
2019-01-22 11:43:06,949:INFO: Sabri Eyuboglu  -- SNAP Group
2019-01-22 11:43:06,950:INFO: ======================================
2019-01-22 11:43:06,950:INFO: Loading Disease Associations...
2019-01-22 11:43:07,026:INFO: Loading Network...
2019-01-22 11:43:14,249:INFO: Training Models...
2019-01-22 11:43:14,263:INFO: Training model for test 6
2019-01-22 11:43:37,218:INFO: Disease Protein Prediction
2019-01-22 11:43:37,218:INFO: Sabri Eyuboglu  -- SNAP Group
2019-01-22 11:43:37,218:INFO: ======================================
2019-01-22 11:43:37,218:INFO: Loading Disease Associations...
2019-01-22 11:43:37,291:INFO: Loading Network...
2019-01-22 11:43:45,617:INFO: Disease Protein Prediction
2019-01-22 11:43:45,617:INFO: Sabri Eyuboglu  -- SNAP Group
2019-01-22 11:43:45,617:INFO: ======================================
2019-01-22 11:43:45,617:INFO: Loading Disease Associations...
2019-01-22 11:43:45,691:INFO: Loading Network...
2019-01-22 11:43:53,066:INFO: Loading Params...
2019-01-22 11:43:53,084:INFO: Loading Models...
2019-01-22 11:44:18,506:INFO: Disease Protein Prediction
2019-01-22 11:44:18,506:INFO: Sabri Eyuboglu  -- SNAP Group
2019-01-22 11:44:18,506:INFO: ======================================
2019-01-22 11:44:18,506:INFO: Loading Disease Associations...
2019-01-22 11:44:18,591:INFO: Loading Network...
2019-01-22 11:44:26,266:INFO: Loading Params...
2019-01-22 11:44:26,267:INFO: Loading Models...
