2019-04-04 11:07:10,378:INFO: Disease Protein Prediction in the PPI Network
2019-04-04 11:07:10,378:INFO: Sabri Eyuboglu  -- SNAP Group
2019-04-04 11:07:10,378:INFO: ======================================
2019-04-04 11:07:10,378:INFO: Loading PPI Network...
2019-04-04 11:07:23,253:INFO: Loading Disease Associations...
2019-04-04 11:07:23,277:INFO: Running Experiment...
2019-04-04 11:10:13,311:INFO: Disease Protein Prediction in the PPI Network
2019-04-04 11:10:13,311:INFO: Sabri Eyuboglu  -- SNAP Group
2019-04-04 11:10:13,311:INFO: ======================================
2019-04-04 11:10:13,311:INFO: Loading PPI Network...
2019-04-04 11:10:20,905:INFO: Loading Disease Associations...
2019-04-04 11:10:20,920:INFO: Running Experiment...
2019-04-04 11:10:48,259:INFO: Disease Protein Prediction in the PPI Network
2019-04-04 11:10:48,259:INFO: Sabri Eyuboglu  -- SNAP Group
2019-04-04 11:10:48,259:INFO: ======================================
2019-04-04 11:10:48,259:INFO: Loading PPI Network...
2019-04-04 11:10:55,131:INFO: Loading Disease Associations...
2019-04-04 11:10:55,141:INFO: Running Experiment...
2019-04-04 11:12:02,219:INFO: Disease Protein Prediction in the PPI Network
2019-04-04 11:12:02,219:INFO: Sabri Eyuboglu  -- SNAP Group
2019-04-04 11:12:02,219:INFO: ======================================
2019-04-04 11:12:02,219:INFO: Loading PPI Network...
2019-04-04 11:12:10,429:INFO: Disease Protein Prediction in the PPI Network
2019-04-04 11:12:10,429:INFO: Sabri Eyuboglu  -- SNAP Group
2019-04-04 11:12:10,429:INFO: ======================================
2019-04-04 11:12:10,429:INFO: Loading PPI Network...
2019-04-04 11:12:17,590:INFO: Loading Disease Associations...
2019-04-04 11:12:17,605:INFO: Running Experiment...
2019-04-04 11:12:23,868:INFO: Starting training for 6 epoch(s)
2019-04-04 11:12:23,868:INFO: Epoch 1 of 6
2019-04-04 11:12:23,868:INFO: - Current learning rate: 0.01
2019-04-04 11:12:23,868:INFO: Training
2019-04-04 11:12:48,136:INFO: Disease Protein Prediction in the PPI Network
2019-04-04 11:12:48,136:INFO: Sabri Eyuboglu  -- SNAP Group
2019-04-04 11:12:48,136:INFO: ======================================
2019-04-04 11:12:48,136:INFO: Loading PPI Network...
2019-04-04 11:12:55,183:INFO: Loading Disease Associations...
2019-04-04 11:12:55,195:INFO: Running Experiment...
2019-04-04 11:13:00,944:INFO: Starting training for 6 epoch(s)
2019-04-04 11:13:00,945:INFO: Epoch 1 of 6
2019-04-04 11:13:00,945:INFO: - Current learning rate: 0.01
2019-04-04 11:13:00,945:INFO: Training
2019-04-04 11:14:08,622:INFO: Disease Protein Prediction in the PPI Network
2019-04-04 11:14:08,622:INFO: Sabri Eyuboglu  -- SNAP Group
2019-04-04 11:14:08,622:INFO: ======================================
2019-04-04 11:14:08,622:INFO: Loading PPI Network...
2019-04-04 11:14:15,341:INFO: Loading Disease Associations...
2019-04-04 11:14:15,352:INFO: Running Experiment...
2019-04-04 11:14:21,410:INFO: Starting training for 6 epoch(s)
2019-04-04 11:14:21,410:INFO: Epoch 1 of 6
2019-04-04 11:14:21,410:INFO: - Current learning rate: 0.01
2019-04-04 11:14:21,410:INFO: Training
2019-04-04 11:14:40,703:INFO: Disease Protein Prediction in the PPI Network
2019-04-04 11:14:40,703:INFO: Sabri Eyuboglu  -- SNAP Group
2019-04-04 11:14:40,703:INFO: ======================================
2019-04-04 11:14:40,704:INFO: Loading PPI Network...
2019-04-04 11:14:48,322:INFO: Loading Disease Associations...
2019-04-04 11:14:48,333:INFO: Running Experiment...
2019-04-04 11:14:54,849:INFO: Starting training for 6 epoch(s)
2019-04-04 11:14:54,849:INFO: Epoch 1 of 6
2019-04-04 11:14:54,849:INFO: - Current learning rate: 0.01
2019-04-04 11:14:54,849:INFO: Training
2019-04-04 11:15:35,683:INFO: Disease Protein Prediction in the PPI Network
2019-04-04 11:15:35,683:INFO: Sabri Eyuboglu  -- SNAP Group
2019-04-04 11:15:35,683:INFO: ======================================
2019-04-04 11:15:35,683:INFO: Loading PPI Network...
2019-04-04 11:15:43,134:INFO: Loading Disease Associations...
2019-04-04 11:15:43,149:INFO: Running Experiment...
2019-04-04 11:15:50,400:INFO: Starting training for 6 epoch(s)
2019-04-04 11:15:50,401:INFO: Epoch 1 of 6
2019-04-04 11:15:50,401:INFO: - Current learning rate: 0.01
2019-04-04 11:15:50,401:INFO: Training
2019-04-04 11:17:09,145:INFO: Disease Protein Prediction in the PPI Network
2019-04-04 11:17:09,145:INFO: Sabri Eyuboglu  -- SNAP Group
2019-04-04 11:17:09,145:INFO: ======================================
2019-04-04 11:17:09,145:INFO: Loading PPI Network...
2019-04-04 11:17:16,163:INFO: Loading Disease Associations...
2019-04-04 11:17:16,176:INFO: Running Experiment...
2019-04-04 11:17:23,103:INFO: Starting training for 6 epoch(s)
2019-04-04 11:17:23,103:INFO: Epoch 1 of 6
2019-04-04 11:17:23,103:INFO: - Current learning rate: 0.01
2019-04-04 11:17:23,103:INFO: Training
2019-04-04 11:19:05,903:INFO: Disease Protein Prediction in the PPI Network
2019-04-04 11:19:05,903:INFO: Sabri Eyuboglu  -- SNAP Group
2019-04-04 11:19:05,903:INFO: ======================================
2019-04-04 11:19:05,903:INFO: Loading PPI Network...
2019-04-04 11:19:13,157:INFO: Loading Disease Associations...
2019-04-04 11:19:13,174:INFO: Running Experiment...
2019-04-04 11:19:19,039:INFO: Starting training for 6 epoch(s)
2019-04-04 11:19:19,039:INFO: Epoch 1 of 6
2019-04-04 11:19:19,039:INFO: - Current learning rate: 0.01
2019-04-04 11:19:19,039:INFO: Training
2019-04-04 11:20:25,314:INFO: Disease Protein Prediction in the PPI Network
2019-04-04 11:20:25,314:INFO: Sabri Eyuboglu  -- SNAP Group
2019-04-04 11:20:25,314:INFO: ======================================
2019-04-04 11:20:25,314:INFO: Loading PPI Network...
2019-04-04 11:20:32,287:INFO: Loading Disease Associations...
2019-04-04 11:20:32,299:INFO: Running Experiment...
2019-04-04 11:20:38,242:INFO: Starting training for 6 epoch(s)
2019-04-04 11:20:38,242:INFO: Epoch 1 of 6
2019-04-04 11:20:38,243:INFO: - Current learning rate: 0.01
2019-04-04 11:20:38,243:INFO: Training
2019-04-04 11:21:16,743:INFO: Disease Protein Prediction in the PPI Network
2019-04-04 11:21:16,743:INFO: Sabri Eyuboglu  -- SNAP Group
2019-04-04 11:21:16,743:INFO: ======================================
2019-04-04 11:21:16,743:INFO: Loading PPI Network...
2019-04-04 11:21:23,695:INFO: Loading Disease Associations...
2019-04-04 11:21:23,707:INFO: Running Experiment...
2019-04-04 11:21:29,166:INFO: Starting training for 6 epoch(s)
2019-04-04 11:21:29,166:INFO: Epoch 1 of 6
2019-04-04 11:21:29,166:INFO: - Current learning rate: 0.01
2019-04-04 11:21:29,166:INFO: Training
2019-04-04 11:22:13,601:INFO: Disease Protein Prediction in the PPI Network
2019-04-04 11:22:13,601:INFO: Sabri Eyuboglu  -- SNAP Group
2019-04-04 11:22:13,602:INFO: ======================================
2019-04-04 11:22:13,602:INFO: Loading PPI Network...
2019-04-04 11:22:20,924:INFO: Loading Disease Associations...
2019-04-04 11:22:20,938:INFO: Running Experiment...
2019-04-04 11:22:28,082:INFO: Starting training for 6 epoch(s)
2019-04-04 11:22:28,082:INFO: Epoch 1 of 6
2019-04-04 11:22:28,082:INFO: - Current learning rate: 0.01
2019-04-04 11:22:28,082:INFO: Training
2019-04-04 11:25:12,921:INFO: Disease Protein Prediction in the PPI Network
2019-04-04 11:25:12,921:INFO: Sabri Eyuboglu  -- SNAP Group
2019-04-04 11:25:12,921:INFO: ======================================
2019-04-04 11:25:12,921:INFO: Loading PPI Network...
2019-04-04 11:25:20,037:INFO: Loading Disease Associations...
2019-04-04 11:25:20,050:INFO: Running Experiment...
2019-04-04 11:25:26,694:INFO: Starting training for 6 epoch(s)
2019-04-04 11:25:26,694:INFO: Epoch 1 of 6
2019-04-04 11:25:26,694:INFO: - Current learning rate: 0.01
2019-04-04 11:25:26,694:INFO: Training
2019-04-04 11:25:36,111:INFO: Disease Protein Prediction in the PPI Network
2019-04-04 11:25:36,111:INFO: Sabri Eyuboglu  -- SNAP Group
2019-04-04 11:25:36,111:INFO: ======================================
2019-04-04 11:25:36,111:INFO: Loading PPI Network...
2019-04-04 11:25:43,313:INFO: Loading Disease Associations...
2019-04-04 11:25:43,328:INFO: Running Experiment...
2019-04-04 11:25:49,817:INFO: Starting training for 6 epoch(s)
2019-04-04 11:25:49,817:INFO: Epoch 1 of 6
2019-04-04 11:25:49,818:INFO: - Current learning rate: 0.01
2019-04-04 11:25:49,818:INFO: Training
2019-04-04 11:26:40,781:INFO: Disease Protein Prediction in the PPI Network
2019-04-04 11:26:40,781:INFO: Sabri Eyuboglu  -- SNAP Group
2019-04-04 11:26:40,781:INFO: ======================================
2019-04-04 11:26:40,781:INFO: Loading PPI Network...
2019-04-04 11:26:47,893:INFO: Loading Disease Associations...
2019-04-04 11:26:47,908:INFO: Running Experiment...
2019-04-04 11:26:55,590:INFO: Starting training for 6 epoch(s)
2019-04-04 11:26:55,591:INFO: Epoch 1 of 6
2019-04-04 11:26:55,591:INFO: - Current learning rate: 0.01
2019-04-04 11:26:55,591:INFO: Training
2019-04-04 11:27:35,400:INFO: Disease Protein Prediction in the PPI Network
2019-04-04 11:27:35,400:INFO: Sabri Eyuboglu  -- SNAP Group
2019-04-04 11:27:35,400:INFO: ======================================
2019-04-04 11:27:35,400:INFO: Loading PPI Network...
2019-04-04 11:27:42,400:INFO: Loading Disease Associations...
2019-04-04 11:27:42,412:INFO: Running Experiment...
2019-04-04 11:27:49,074:INFO: Starting training for 6 epoch(s)
2019-04-04 11:27:49,074:INFO: Epoch 1 of 6
2019-04-04 11:27:49,074:INFO: - Current learning rate: 0.01
2019-04-04 11:27:49,074:INFO: Training
2019-04-04 11:28:18,311:INFO: Disease Protein Prediction in the PPI Network
2019-04-04 11:28:18,311:INFO: Sabri Eyuboglu  -- SNAP Group
2019-04-04 11:28:18,311:INFO: ======================================
2019-04-04 11:28:18,311:INFO: Loading PPI Network...
2019-04-04 11:28:25,618:INFO: Loading Disease Associations...
2019-04-04 11:28:25,629:INFO: Running Experiment...
2019-04-04 11:28:31,974:INFO: Starting training for 6 epoch(s)
2019-04-04 11:28:31,974:INFO: Epoch 1 of 6
2019-04-04 11:28:31,974:INFO: - Current learning rate: 0.01
2019-04-04 11:28:31,974:INFO: Training
2019-04-04 11:29:21,351:INFO: Disease Protein Prediction in the PPI Network
2019-04-04 11:29:21,351:INFO: Sabri Eyuboglu  -- SNAP Group
2019-04-04 11:29:21,351:INFO: ======================================
2019-04-04 11:29:21,351:INFO: Loading PPI Network...
2019-04-04 11:29:28,190:INFO: Loading Disease Associations...
2019-04-04 11:29:28,203:INFO: Running Experiment...
2019-04-04 11:29:34,784:INFO: Starting training for 6 epoch(s)
2019-04-04 11:29:34,784:INFO: Epoch 1 of 6
2019-04-04 11:29:34,784:INFO: - Current learning rate: 0.01
2019-04-04 11:29:34,784:INFO: Training
2019-04-04 11:33:29,788:INFO: Disease Protein Prediction in the PPI Network
2019-04-04 11:33:29,788:INFO: Sabri Eyuboglu  -- SNAP Group
2019-04-04 11:33:29,788:INFO: ======================================
2019-04-04 11:33:29,788:INFO: Loading PPI Network...
2019-04-04 11:33:36,873:INFO: Loading Disease Associations...
2019-04-04 11:33:36,890:INFO: Running Experiment...
2019-04-04 11:33:43,240:INFO: Starting training for 6 epoch(s)
2019-04-04 11:33:43,240:INFO: Epoch 1 of 6
2019-04-04 11:33:43,241:INFO: - Current learning rate: 0.01
2019-04-04 11:33:43,241:INFO: Training
2019-04-04 11:36:32,999:INFO: Disease Protein Prediction in the PPI Network
2019-04-04 11:36:32,999:INFO: Sabri Eyuboglu  -- SNAP Group
2019-04-04 11:36:32,999:INFO: ======================================
2019-04-04 11:36:32,999:INFO: Loading PPI Network...
2019-04-04 11:36:40,685:INFO: Loading Disease Associations...
2019-04-04 11:36:40,698:INFO: Running Experiment...
2019-04-04 11:36:48,390:INFO: Starting training for 6 epoch(s)
2019-04-04 11:36:48,391:INFO: Epoch 1 of 6
2019-04-04 11:36:48,391:INFO: - Current learning rate: 0.01
2019-04-04 11:36:48,391:INFO: Training
2019-04-04 11:37:03,034:INFO: Validation
2019-04-04 11:37:09,299:INFO: Train Metrics: defaultdict(<class 'int'>, {'loss': 0.6933544278144836, 'recall_at_100': 0.0})
2019-04-04 11:37:09,299:INFO: Valid Metrics: defaultdict(<class 'int'>, {'recall_at_100': 0.0})
2019-04-04 11:37:09,299:INFO: Epoch 2 of 6
2019-04-04 11:37:09,299:INFO: - Current learning rate: 0.01
2019-04-04 11:37:09,300:INFO: Training
